[0.023s] Invoking command in '/Users/milenavilcinskaite/Downloads/ros2_burger_final_form_ws/build/turtlebot3_manipulation_gazebo': CMAKE_PREFIX_PATH=${CMAKE_PREFIX_PATH}:/Users/milenavilcinskaite/Downloads/ros2_burger_final_form_ws/install/irob_assignment_5:/Users/milenavilcinskaite/Downloads/ros2_burger_final_form_ws/install/irob_assignment_1 CONDA_PROMPT_MODIFIER=(ros_env4) SHLVL=2 _=/usr/bin/env __CF_USER_TEXT_ENCODING=0x1F5:0x0:0x2 /Users/milenavilcinskaite/micromamba/envs/ros_env4/bin/cmake /Users/milenavilcinskaite/Downloads/ros2_burger_final_form_ws/src/turtlebot3_simulations/turtlebot3_manipulation_gazebo -DCMAKE_INSTALL_PREFIX=/Users/milenavilcinskaite/Downloads/ros2_burger_final_form_ws/install/turtlebot3_manipulation_gazebo
[0.201s] CMake Deprecation Warning at CMakeLists.txt:4 (cmake_minimum_required):
[0.202s]   Compatibility with CMake < 3.10 will be removed from a future version of
[0.202s]   CMake.
[0.202s] 
[0.202s]   Update the VERSION argument <min> value.  Or, use the <min>...<max> syntax
[0.202s]   to tell CMake that the project requires at least <min> but has been updated
[0.202s]   to work with policies introduced by <max> or earlier.
[0.202s] 
[0.202s] 
[0.202s] -- The C compiler identification is Clang 19.1.7
[0.344s] -- The CXX compiler identification is Clang 19.1.7
[0.373s] -- Detecting C compiler ABI info
[0.548s] -- Detecting C compiler ABI info - done
[0.553s] -- Check for working C compiler: /Users/milenavilcinskaite/micromamba/envs/ros_env4/bin/arm64-apple-darwin20.0.0-clang - skipped
[0.554s] -- Detecting C compile features
[0.554s] -- Detecting C compile features - done
[0.559s] -- Detecting CXX compiler ABI info
[0.742s] -- Detecting CXX compiler ABI info - done
[0.748s] -- Check for working CXX compiler: /Users/milenavilcinskaite/micromamba/envs/ros_env4/bin/arm64-apple-darwin20.0.0-clang++ - skipped
[0.749s] -- Detecting CXX compile features
[0.749s] -- Detecting CXX compile features - done
[0.783s] -- Found ament_cmake: 1.3.13 (/Users/milenavilcinskaite/micromamba/envs/ros_env4/share/ament_cmake/cmake)
[0.935s] -- Found Python3: /Users/milenavilcinskaite/micromamba/envs/ros_env4/bin/python3 (found version "3.12.13") found components: Interpreter
[1.385s] -- Configuring done (1.4s)
[1.397s] -- Generating done (0.0s)
[1.400s] -- Build files have been written to: /Users/milenavilcinskaite/Downloads/ros2_burger_final_form_ws/build/turtlebot3_manipulation_gazebo
[1.403s] Invoked command in '/Users/milenavilcinskaite/Downloads/ros2_burger_final_form_ws/build/turtlebot3_manipulation_gazebo' returned '0': CMAKE_PREFIX_PATH=${CMAKE_PREFIX_PATH}:/Users/milenavilcinskaite/Downloads/ros2_burger_final_form_ws/install/irob_assignment_5:/Users/milenavilcinskaite/Downloads/ros2_burger_final_form_ws/install/irob_assignment_1 CONDA_PROMPT_MODIFIER=(ros_env4) SHLVL=2 _=/usr/bin/env __CF_USER_TEXT_ENCODING=0x1F5:0x0:0x2 /Users/milenavilcinskaite/micromamba/envs/ros_env4/bin/cmake /Users/milenavilcinskaite/Downloads/ros2_burger_final_form_ws/src/turtlebot3_simulations/turtlebot3_manipulation_gazebo -DCMAKE_INSTALL_PREFIX=/Users/milenavilcinskaite/Downloads/ros2_burger_final_form_ws/install/turtlebot3_manipulation_gazebo
[1.406s] Invoking command in '/Users/milenavilcinskaite/Downloads/ros2_burger_final_form_ws/build/turtlebot3_manipulation_gazebo': CMAKE_PREFIX_PATH=${CMAKE_PREFIX_PATH}:/Users/milenavilcinskaite/Downloads/ros2_burger_final_form_ws/install/irob_assignment_5:/Users/milenavilcinskaite/Downloads/ros2_burger_final_form_ws/install/irob_assignment_1 CONDA_PROMPT_MODIFIER=(ros_env4) SHLVL=2 _=/usr/bin/env __CF_USER_TEXT_ENCODING=0x1F5:0x0:0x2 /Users/milenavilcinskaite/micromamba/envs/ros_env4/bin/cmake --build /Users/milenavilcinskaite/Downloads/ros2_burger_final_form_ws/build/turtlebot3_manipulation_gazebo -- -j10 -l10
[1.454s] Invoked command in '/Users/milenavilcinskaite/Downloads/ros2_burger_final_form_ws/build/turtlebot3_manipulation_gazebo' returned '0': CMAKE_PREFIX_PATH=${CMAKE_PREFIX_PATH}:/Users/milenavilcinskaite/Downloads/ros2_burger_final_form_ws/install/irob_assignment_5:/Users/milenavilcinskaite/Downloads/ros2_burger_final_form_ws/install/irob_assignment_1 CONDA_PROMPT_MODIFIER=(ros_env4) SHLVL=2 _=/usr/bin/env __CF_USER_TEXT_ENCODING=0x1F5:0x0:0x2 /Users/milenavilcinskaite/micromamba/envs/ros_env4/bin/cmake --build /Users/milenavilcinskaite/Downloads/ros2_burger_final_form_ws/build/turtlebot3_manipulation_gazebo -- -j10 -l10
[1.471s] Invoking command in '/Users/milenavilcinskaite/Downloads/ros2_burger_final_form_ws/build/turtlebot3_manipulation_gazebo': CMAKE_PREFIX_PATH=${CMAKE_PREFIX_PATH}:/Users/milenavilcinskaite/Downloads/ros2_burger_final_form_ws/install/irob_assignment_5:/Users/milenavilcinskaite/Downloads/ros2_burger_final_form_ws/install/irob_assignment_1 CONDA_PROMPT_MODIFIER=(ros_env4) SHLVL=2 _=/usr/bin/env __CF_USER_TEXT_ENCODING=0x1F5:0x0:0x2 /Users/milenavilcinskaite/micromamba/envs/ros_env4/bin/cmake --install /Users/milenavilcinskaite/Downloads/ros2_burger_final_form_ws/build/turtlebot3_manipulation_gazebo
[1.481s] -- Install configuration: ""
[1.482s] -- Installing: /Users/milenavilcinskaite/Downloads/ros2_burger_final_form_ws/install/turtlebot3_manipulation_gazebo/share/turtlebot3_manipulation_gazebo/config
[1.482s] -- Installing: /Users/milenavilcinskaite/Downloads/ros2_burger_final_form_ws/install/turtlebot3_manipulation_gazebo/share/turtlebot3_manipulation_gazebo/config/hardware_controller_manager.yaml
[1.482s] -- Installing: /Users/milenavilcinskaite/Downloads/ros2_burger_final_form_ws/install/turtlebot3_manipulation_gazebo/share/turtlebot3_manipulation_gazebo/config/gazebo_controller_manager.yaml
[1.482s] -- Installing: /Users/milenavilcinskaite/Downloads/ros2_burger_final_form_ws/install/turtlebot3_manipulation_gazebo/share/turtlebot3_manipulation_gazebo/gazebo
[1.482s] -- Installing: /Users/milenavilcinskaite/Downloads/ros2_burger_final_form_ws/install/turtlebot3_manipulation_gazebo/share/turtlebot3_manipulation_gazebo/gazebo/turtlebot3_waffle_pi.gazebo.xacro
[1.483s] -- Installing: /Users/milenavilcinskaite/Downloads/ros2_burger_final_form_ws/install/turtlebot3_manipulation_gazebo/share/turtlebot3_manipulation_gazebo/gazebo/open_manipulator_x.gazebo.xacro
[1.483s] -- Installing: /Users/milenavilcinskaite/Downloads/ros2_burger_final_form_ws/install/turtlebot3_manipulation_gazebo/share/turtlebot3_manipulation_gazebo/gazebo/materials.xacro
[1.483s] -- Installing: /Users/milenavilcinskaite/Downloads/ros2_burger_final_form_ws/install/turtlebot3_manipulation_gazebo/share/turtlebot3_manipulation_gazebo/launch
[1.483s] -- Installing: /Users/milenavilcinskaite/Downloads/ros2_burger_final_form_ws/install/turtlebot3_manipulation_gazebo/share/turtlebot3_manipulation_gazebo/launch/base.launch.py
[1.483s] -- Installing: /Users/milenavilcinskaite/Downloads/ros2_burger_final_form_ws/install/turtlebot3_manipulation_gazebo/share/turtlebot3_manipulation_gazebo/launch/fake.launch.py
[1.484s] -- Installing: /Users/milenavilcinskaite/Downloads/ros2_burger_final_form_ws/install/turtlebot3_manipulation_gazebo/share/turtlebot3_manipulation_gazebo/launch/turtlebot3_home_service_challenge.launch.py
[1.484s] -- Installing: /Users/milenavilcinskaite/Downloads/ros2_burger_final_form_ws/install/turtlebot3_manipulation_gazebo/share/turtlebot3_manipulation_gazebo/launch/gazebo.launch.py
[1.484s] -- Installing: /Users/milenavilcinskaite/Downloads/ros2_burger_final_form_ws/install/turtlebot3_manipulation_gazebo/share/turtlebot3_manipulation_gazebo/ros2_control
[1.484s] -- Installing: /Users/milenavilcinskaite/Downloads/ros2_burger_final_form_ws/install/turtlebot3_manipulation_gazebo/share/turtlebot3_manipulation_gazebo/ros2_control/turtlebot3_manipulation_system.ros2_control.xacro
[1.484s] -- Installing: /Users/milenavilcinskaite/Downloads/ros2_burger_final_form_ws/install/turtlebot3_manipulation_gazebo/share/turtlebot3_manipulation_gazebo/rviz
[1.484s] -- Installing: /Users/milenavilcinskaite/Downloads/ros2_burger_final_form_ws/install/turtlebot3_manipulation_gazebo/share/turtlebot3_manipulation_gazebo/rviz/turtlebot3_manipulation.rviz
[1.485s] -- Installing: /Users/milenavilcinskaite/Downloads/ros2_burger_final_form_ws/install/turtlebot3_manipulation_gazebo/share/turtlebot3_manipulation_gazebo/urdf
[1.485s] -- Installing: /Users/milenavilcinskaite/Downloads/ros2_burger_final_form_ws/install/turtlebot3_manipulation_gazebo/share/turtlebot3_manipulation_gazebo/urdf/open_manipulator_x.urdf.xacro
[1.485s] -- Installing: /Users/milenavilcinskaite/Downloads/ros2_burger_final_form_ws/install/turtlebot3_manipulation_gazebo/share/turtlebot3_manipulation_gazebo/urdf/turtlebot3_manipulation.urdf.xacro
[1.485s] -- Installing: /Users/milenavilcinskaite/Downloads/ros2_burger_final_form_ws/install/turtlebot3_manipulation_gazebo/share/turtlebot3_manipulation_gazebo/urdf/turtlebot3_waffle_pi.urdf.xacro
[1.485s] -- Installing: /Users/milenavilcinskaite/Downloads/ros2_burger_final_form_ws/install/turtlebot3_manipulation_gazebo/share/turtlebot3_manipulation_gazebo/worlds
[1.485s] -- Installing: /Users/milenavilcinskaite/Downloads/ros2_burger_final_form_ws/install/turtlebot3_manipulation_gazebo/share/turtlebot3_manipulation_gazebo/worlds/turtlebot3_home_service_challenge.world
[1.486s] -- Installing: /Users/milenavilcinskaite/Downloads/ros2_burger_final_form_ws/install/turtlebot3_manipulation_gazebo/share/turtlebot3_manipulation_gazebo/models
[1.486s] -- Installing: /Users/milenavilcinskaite/Downloads/ros2_burger_final_form_ws/install/turtlebot3_manipulation_gazebo/share/turtlebot3_manipulation_gazebo/models/turtlebot3_home_service_challenge
[1.486s] -- Installing: /Users/milenavilcinskaite/Downloads/ros2_burger_final_form_ws/install/turtlebot3_manipulation_gazebo/share/turtlebot3_manipulation_gazebo/models/turtlebot3_home_service_challenge/marker9
[1.486s] -- Installing: /Users/milenavilcinskaite/Downloads/ros2_burger_final_form_ws/install/turtlebot3_manipulation_gazebo/share/turtlebot3_manipulation_gazebo/models/turtlebot3_home_service_challenge/marker9/materials
[1.486s] -- Installing: /Users/milenavilcinskaite/Downloads/ros2_burger_final_form_ws/install/turtlebot3_manipulation_gazebo/share/turtlebot3_manipulation_gazebo/models/turtlebot3_home_service_challenge/marker9/materials/textures
[1.486s] -- Installing: /Users/milenavilcinskaite/Downloads/ros2_burger_final_form_ws/install/turtlebot3_manipulation_gazebo/share/turtlebot3_manipulation_gazebo/models/turtlebot3_home_service_challenge/marker9/materials/textures/Marker9.png
[1.487s] -- Installing: /Users/milenavilcinskaite/Downloads/ros2_burger_final_form_ws/install/turtlebot3_manipulation_gazebo/share/turtlebot3_manipulation_gazebo/models/turtlebot3_home_service_challenge/marker9/model.sdf
[1.487s] -- Installing: /Users/milenavilcinskaite/Downloads/ros2_burger_final_form_ws/install/turtlebot3_manipulation_gazebo/share/turtlebot3_manipulation_gazebo/models/turtlebot3_home_service_challenge/marker9/meshes
[1.487s] -- Installing: /Users/milenavilcinskaite/Downloads/ros2_burger_final_form_ws/install/turtlebot3_manipulation_gazebo/share/turtlebot3_manipulation_gazebo/models/turtlebot3_home_service_challenge/marker9/meshes/Marker9.dae
[1.487s] -- Installing: /Users/milenavilcinskaite/Downloads/ros2_burger_final_form_ws/install/turtlebot3_manipulation_gazebo/share/turtlebot3_manipulation_gazebo/models/turtlebot3_home_service_challenge/marker9/model.config
[1.487s] -- Installing: /Users/milenavilcinskaite/Downloads/ros2_burger_final_form_ws/install/turtlebot3_manipulation_gazebo/share/turtlebot3_manipulation_gazebo/models/turtlebot3_home_service_challenge/marker9/model-1_4.sdf
[1.488s] -- Installing: /Users/milenavilcinskaite/Downloads/ros2_burger_final_form_ws/install/turtlebot3_manipulation_gazebo/share/turtlebot3_manipulation_gazebo/models/turtlebot3_home_service_challenge/marker9/model-1_5.sdf
[1.488s] -- Installing: /Users/milenavilcinskaite/Downloads/ros2_burger_final_form_ws/install/turtlebot3_manipulation_gazebo/share/turtlebot3_manipulation_gazebo/models/turtlebot3_home_service_challenge/marker7
[1.488s] -- Installing: /Users/milenavilcinskaite/Downloads/ros2_burger_final_form_ws/install/turtlebot3_manipulation_gazebo/share/turtlebot3_manipulation_gazebo/models/turtlebot3_home_service_challenge/marker7/materials
[1.489s] -- Installing: /Users/milenavilcinskaite/Downloads/ros2_burger_final_form_ws/install/turtlebot3_manipulation_gazebo/share/turtlebot3_manipulation_gazebo/models/turtlebot3_home_service_challenge/marker7/materials/textures
[1.489s] -- Installing: /Users/milenavilcinskaite/Downloads/ros2_burger_final_form_ws/install/turtlebot3_manipulation_gazebo/share/turtlebot3_manipulation_gazebo/models/turtlebot3_home_service_challenge/marker7/materials/textures/Marker7.png
[1.489s] -- Installing: /Users/milenavilcinskaite/Downloads/ros2_burger_final_form_ws/install/turtlebot3_manipulation_gazebo/share/turtlebot3_manipulation_gazebo/models/turtlebot3_home_service_challenge/marker7/model.sdf
[1.489s] -- Installing: /Users/milenavilcinskaite/Downloads/ros2_burger_final_form_ws/install/turtlebot3_manipulation_gazebo/share/turtlebot3_manipulation_gazebo/models/turtlebot3_home_service_challenge/marker7/meshes
[1.489s] -- Installing: /Users/milenavilcinskaite/Downloads/ros2_burger_final_form_ws/install/turtlebot3_manipulation_gazebo/share/turtlebot3_manipulation_gazebo/models/turtlebot3_home_service_challenge/marker7/meshes/Marker7.dae
[1.489s] -- Installing: /Users/milenavilcinskaite/Downloads/ros2_burger_final_form_ws/install/turtlebot3_manipulation_gazebo/share/turtlebot3_manipulation_gazebo/models/turtlebot3_home_service_challenge/marker7/model.config
[1.490s] -- Installing: /Users/milenavilcinskaite/Downloads/ros2_burger_final_form_ws/install/turtlebot3_manipulation_gazebo/share/turtlebot3_manipulation_gazebo/models/turtlebot3_home_service_challenge/marker7/model-1_4.sdf
[1.490s] -- Installing: /Users/milenavilcinskaite/Downloads/ros2_burger_final_form_ws/install/turtlebot3_manipulation_gazebo/share/turtlebot3_manipulation_gazebo/models/turtlebot3_home_service_challenge/marker7/model-1_5.sdf
[1.490s] -- Installing: /Users/milenavilcinskaite/Downloads/ros2_burger_final_form_ws/install/turtlebot3_manipulation_gazebo/share/turtlebot3_manipulation_gazebo/models/turtlebot3_home_service_challenge/marker0
[1.490s] -- Installing: /Users/milenavilcinskaite/Downloads/ros2_burger_final_form_ws/install/turtlebot3_manipulation_gazebo/share/turtlebot3_manipulation_gazebo/models/turtlebot3_home_service_challenge/marker0/materials
[1.490s] -- Installing: /Users/milenavilcinskaite/Downloads/ros2_burger_final_form_ws/install/turtlebot3_manipulation_gazebo/share/turtlebot3_manipulation_gazebo/models/turtlebot3_home_service_challenge/marker0/materials/textures
[1.490s] -- Installing: /Users/milenavilcinskaite/Downloads/ros2_burger_final_form_ws/install/turtlebot3_manipulation_gazebo/share/turtlebot3_manipulation_gazebo/models/turtlebot3_home_service_challenge/marker0/materials/textures/Marker0.png
[1.490s] -- Installing: /Users/milenavilcinskaite/Downloads/ros2_burger_final_form_ws/install/turtlebot3_manipulation_gazebo/share/turtlebot3_manipulation_gazebo/models/turtlebot3_home_service_challenge/marker0/model.sdf
[1.491s] -- Installing: /Users/milenavilcinskaite/Downloads/ros2_burger_final_form_ws/install/turtlebot3_manipulation_gazebo/share/turtlebot3_manipulation_gazebo/models/turtlebot3_home_service_challenge/marker0/meshes
[1.491s] -- Installing: /Users/milenavilcinskaite/Downloads/ros2_burger_final_form_ws/install/turtlebot3_manipulation_gazebo/share/turtlebot3_manipulation_gazebo/models/turtlebot3_home_service_challenge/marker0/meshes/Marker0.dae
[1.491s] -- Installing: /Users/milenavilcinskaite/Downloads/ros2_burger_final_form_ws/install/turtlebot3_manipulation_gazebo/share/turtlebot3_manipulation_gazebo/models/turtlebot3_home_service_challenge/marker0/model.config
[1.491s] -- Installing: /Users/milenavilcinskaite/Downloads/ros2_burger_final_form_ws/install/turtlebot3_manipulation_gazebo/share/turtlebot3_manipulation_gazebo/models/turtlebot3_home_service_challenge/marker0/model-1_4.sdf
[1.491s] -- Installing: /Users/milenavilcinskaite/Downloads/ros2_burger_final_form_ws/install/turtlebot3_manipulation_gazebo/share/turtlebot3_manipulation_gazebo/models/turtlebot3_home_service_challenge/marker0/model-1_5.sdf
[1.492s] -- Installing: /Users/milenavilcinskaite/Downloads/ros2_burger_final_form_ws/install/turtlebot3_manipulation_gazebo/share/turtlebot3_manipulation_gazebo/models/turtlebot3_home_service_challenge/marker1
[1.492s] -- Installing: /Users/milenavilcinskaite/Downloads/ros2_burger_final_form_ws/install/turtlebot3_manipulation_gazebo/share/turtlebot3_manipulation_gazebo/models/turtlebot3_home_service_challenge/marker1/materials
[1.492s] -- Installing: /Users/milenavilcinskaite/Downloads/ros2_burger_final_form_ws/install/turtlebot3_manipulation_gazebo/share/turtlebot3_manipulation_gazebo/models/turtlebot3_home_service_challenge/marker1/materials/textures
[1.492s] -- Installing: /Users/milenavilcinskaite/Downloads/ros2_burger_final_form_ws/install/turtlebot3_manipulation_gazebo/share/turtlebot3_manipulation_gazebo/models/turtlebot3_home_service_challenge/marker1/materials/textures/Marker1.png
[1.492s] -- Installing: /Users/milenavilcinskaite/Downloads/ros2_burger_final_form_ws/install/turtlebot3_manipulation_gazebo/share/turtlebot3_manipulation_gazebo/models/turtlebot3_home_service_challenge/marker1/model.sdf
[1.492s] -- Installing: /Users/milenavilcinskaite/Downloads/ros2_burger_final_form_ws/install/turtlebot3_manipulation_gazebo/share/turtlebot3_manipulation_gazebo/models/turtlebot3_home_service_challenge/marker1/meshes
[1.493s] -- Installing: /Users/milenavilcinskaite/Downloads/ros2_burger_final_form_ws/install/turtlebot3_manipulation_gazebo/share/turtlebot3_manipulation_gazebo/models/turtlebot3_home_service_challenge/marker1/meshes/Marker1.dae
[1.493s] -- Installing: /Users/milenavilcinskaite/Downloads/ros2_burger_final_form_ws/install/turtlebot3_manipulation_gazebo/share/turtlebot3_manipulation_gazebo/models/turtlebot3_home_service_challenge/marker1/model.config
[1.493s] -- Installing: /Users/milenavilcinskaite/Downloads/ros2_burger_final_form_ws/install/turtlebot3_manipulation_gazebo/share/turtlebot3_manipulation_gazebo/models/turtlebot3_home_service_challenge/marker1/model-1_4.sdf
[1.493s] -- Installing: /Users/milenavilcinskaite/Downloads/ros2_burger_final_form_ws/install/turtlebot3_manipulation_gazebo/share/turtlebot3_manipulation_gazebo/models/turtlebot3_home_service_challenge/marker1/model-1_5.sdf
[1.494s] -- Installing: /Users/milenavilcinskaite/Downloads/ros2_burger_final_form_ws/install/turtlebot3_manipulation_gazebo/share/turtlebot3_manipulation_gazebo/models/turtlebot3_home_service_challenge/marker6
[1.494s] -- Installing: /Users/milenavilcinskaite/Downloads/ros2_burger_final_form_ws/install/turtlebot3_manipulation_gazebo/share/turtlebot3_manipulation_gazebo/models/turtlebot3_home_service_challenge/marker6/materials
[1.494s] -- Installing: /Users/milenavilcinskaite/Downloads/ros2_burger_final_form_ws/install/turtlebot3_manipulation_gazebo/share/turtlebot3_manipulation_gazebo/models/turtlebot3_home_service_challenge/marker6/materials/textures
[1.494s] -- Installing: /Users/milenavilcinskaite/Downloads/ros2_burger_final_form_ws/install/turtlebot3_manipulation_gazebo/share/turtlebot3_manipulation_gazebo/models/turtlebot3_home_service_challenge/marker6/materials/textures/Marker6.png
[1.494s] -- Installing: /Users/milenavilcinskaite/Downloads/ros2_burger_final_form_ws/install/turtlebot3_manipulation_gazebo/share/turtlebot3_manipulation_gazebo/models/turtlebot3_home_service_challenge/marker6/model.sdf
[1.494s] -- Installing: /Users/milenavilcinskaite/Downloads/ros2_burger_final_form_ws/install/turtlebot3_manipulation_gazebo/share/turtlebot3_manipulation_gazebo/models/turtlebot3_home_service_challenge/marker6/meshes
[1.495s] -- Installing: /Users/milenavilcinskaite/Downloads/ros2_burger_final_form_ws/install/turtlebot3_manipulation_gazebo/share/turtlebot3_manipulation_gazebo/models/turtlebot3_home_service_challenge/marker6/meshes/Marker6.dae
[1.495s] -- Installing: /Users/milenavilcinskaite/Downloads/ros2_burger_final_form_ws/install/turtlebot3_manipulation_gazebo/share/turtlebot3_manipulation_gazebo/models/turtlebot3_home_service_challenge/marker6/model.config
[1.495s] -- Installing: /Users/milenavilcinskaite/Downloads/ros2_burger_final_form_ws/install/turtlebot3_manipulation_gazebo/share/turtlebot3_manipulation_gazebo/models/turtlebot3_home_service_challenge/marker6/model-1_4.sdf
[1.495s] -- Installing: /Users/milenavilcinskaite/Downloads/ros2_burger_final_form_ws/install/turtlebot3_manipulation_gazebo/share/turtlebot3_manipulation_gazebo/models/turtlebot3_home_service_challenge/marker6/model-1_5.sdf
[1.496s] -- Installing: /Users/milenavilcinskaite/Downloads/ros2_burger_final_form_ws/install/turtlebot3_manipulation_gazebo/share/turtlebot3_manipulation_gazebo/models/turtlebot3_home_service_challenge/marker8
[1.496s] -- Installing: /Users/milenavilcinskaite/Downloads/ros2_burger_final_form_ws/install/turtlebot3_manipulation_gazebo/share/turtlebot3_manipulation_gazebo/models/turtlebot3_home_service_challenge/marker8/materials
[1.496s] -- Installing: /Users/milenavilcinskaite/Downloads/ros2_burger_final_form_ws/install/turtlebot3_manipulation_gazebo/share/turtlebot3_manipulation_gazebo/models/turtlebot3_home_service_challenge/marker8/materials/textures
[1.496s] -- Installing: /Users/milenavilcinskaite/Downloads/ros2_burger_final_form_ws/install/turtlebot3_manipulation_gazebo/share/turtlebot3_manipulation_gazebo/models/turtlebot3_home_service_challenge/marker8/materials/textures/Marker8.png
[1.497s] -- Installing: /Users/milenavilcinskaite/Downloads/ros2_burger_final_form_ws/install/turtlebot3_manipulation_gazebo/share/turtlebot3_manipulation_gazebo/models/turtlebot3_home_service_challenge/marker8/model.sdf
[1.497s] -- Installing: /Users/milenavilcinskaite/Downloads/ros2_burger_final_form_ws/install/turtlebot3_manipulation_gazebo/share/turtlebot3_manipulation_gazebo/models/turtlebot3_home_service_challenge/marker8/meshes
[1.497s] -- Installing: /Users/milenavilcinskaite/Downloads/ros2_burger_final_form_ws/install/turtlebot3_manipulation_gazebo/share/turtlebot3_manipulation_gazebo/models/turtlebot3_home_service_challenge/marker8/meshes/Marker8.dae
[1.497s] -- Installing: /Users/milenavilcinskaite/Downloads/ros2_burger_final_form_ws/install/turtlebot3_manipulation_gazebo/share/turtlebot3_manipulation_gazebo/models/turtlebot3_home_service_challenge/marker8/model.config
[1.498s] -- Installing: /Users/milenavilcinskaite/Downloads/ros2_burger_final_form_ws/install/turtlebot3_manipulation_gazebo/share/turtlebot3_manipulation_gazebo/models/turtlebot3_home_service_challenge/marker8/model-1_4.sdf
[1.498s] -- Installing: /Users/milenavilcinskaite/Downloads/ros2_burger_final_form_ws/install/turtlebot3_manipulation_gazebo/share/turtlebot3_manipulation_gazebo/models/turtlebot3_home_service_challenge/marker8/model-1_5.sdf
[1.498s] -- Installing: /Users/milenavilcinskaite/Downloads/ros2_burger_final_form_ws/install/turtlebot3_manipulation_gazebo/share/turtlebot3_manipulation_gazebo/models/turtlebot3_home_service_challenge/marker3
[1.498s] -- Installing: /Users/milenavilcinskaite/Downloads/ros2_burger_final_form_ws/install/turtlebot3_manipulation_gazebo/share/turtlebot3_manipulation_gazebo/models/turtlebot3_home_service_challenge/marker3/materials
[1.498s] -- Installing: /Users/milenavilcinskaite/Downloads/ros2_burger_final_form_ws/install/turtlebot3_manipulation_gazebo/share/turtlebot3_manipulation_gazebo/models/turtlebot3_home_service_challenge/marker3/materials/textures
[1.499s] -- Installing: /Users/milenavilcinskaite/Downloads/ros2_burger_final_form_ws/install/turtlebot3_manipulation_gazebo/share/turtlebot3_manipulation_gazebo/models/turtlebot3_home_service_challenge/marker3/materials/textures/Marker3.png
[1.499s] -- Installing: /Users/milenavilcinskaite/Downloads/ros2_burger_final_form_ws/install/turtlebot3_manipulation_gazebo/share/turtlebot3_manipulation_gazebo/models/turtlebot3_home_service_challenge/marker3/model.sdf
[1.499s] -- Installing: /Users/milenavilcinskaite/Downloads/ros2_burger_final_form_ws/install/turtlebot3_manipulation_gazebo/share/turtlebot3_manipulation_gazebo/models/turtlebot3_home_service_challenge/marker3/meshes
[1.499s] -- Installing: /Users/milenavilcinskaite/Downloads/ros2_burger_final_form_ws/install/turtlebot3_manipulation_gazebo/share/turtlebot3_manipulation_gazebo/models/turtlebot3_home_service_challenge/marker3/meshes/Marker3.dae
[1.499s] -- Installing: /Users/milenavilcinskaite/Downloads/ros2_burger_final_form_ws/install/turtlebot3_manipulation_gazebo/share/turtlebot3_manipulation_gazebo/models/turtlebot3_home_service_challenge/marker3/model.config
[1.500s] -- Installing: /Users/milenavilcinskaite/Downloads/ros2_burger_final_form_ws/install/turtlebot3_manipulation_gazebo/share/turtlebot3_manipulation_gazebo/models/turtlebot3_home_service_challenge/marker3/model-1_4.sdf
[1.500s] -- Installing: /Users/milenavilcinskaite/Downloads/ros2_burger_final_form_ws/install/turtlebot3_manipulation_gazebo/share/turtlebot3_manipulation_gazebo/models/turtlebot3_home_service_challenge/marker3/model-1_5.sdf
[1.500s] -- Installing: /Users/milenavilcinskaite/Downloads/ros2_burger_final_form_ws/install/turtlebot3_manipulation_gazebo/share/turtlebot3_manipulation_gazebo/models/turtlebot3_home_service_challenge/marker4
[1.501s] -- Installing: /Users/milenavilcinskaite/Downloads/ros2_burger_final_form_ws/install/turtlebot3_manipulation_gazebo/share/turtlebot3_manipulation_gazebo/models/turtlebot3_home_service_challenge/marker4/materials
[1.501s] -- Installing: /Users/milenavilcinskaite/Downloads/ros2_burger_final_form_ws/install/turtlebot3_manipulation_gazebo/share/turtlebot3_manipulation_gazebo/models/turtlebot3_home_service_challenge/marker4/materials/textures
[1.501s] -- Installing: /Users/milenavilcinskaite/Downloads/ros2_burger_final_form_ws/install/turtlebot3_manipulation_gazebo/share/turtlebot3_manipulation_gazebo/models/turtlebot3_home_service_challenge/marker4/materials/textures/Marker4.png
[1.501s] -- Installing: /Users/milenavilcinskaite/Downloads/ros2_burger_final_form_ws/install/turtlebot3_manipulation_gazebo/share/turtlebot3_manipulation_gazebo/models/turtlebot3_home_service_challenge/marker4/model.sdf
[1.501s] -- Installing: /Users/milenavilcinskaite/Downloads/ros2_burger_final_form_ws/install/turtlebot3_manipulation_gazebo/share/turtlebot3_manipulation_gazebo/models/turtlebot3_home_service_challenge/marker4/meshes
[1.502s] -- Installing: /Users/milenavilcinskaite/Downloads/ros2_burger_final_form_ws/install/turtlebot3_manipulation_gazebo/share/turtlebot3_manipulation_gazebo/models/turtlebot3_home_service_challenge/marker4/meshes/Marker4.dae
[1.502s] -- Installing: /Users/milenavilcinskaite/Downloads/ros2_burger_final_form_ws/install/turtlebot3_manipulation_gazebo/share/turtlebot3_manipulation_gazebo/models/turtlebot3_home_service_challenge/marker4/model.config
[1.502s] -- Installing: /Users/milenavilcinskaite/Downloads/ros2_burger_final_form_ws/install/turtlebot3_manipulation_gazebo/share/turtlebot3_manipulation_gazebo/models/turtlebot3_home_service_challenge/marker4/model-1_4.sdf
[1.502s] -- Installing: /Users/milenavilcinskaite/Downloads/ros2_burger_final_form_ws/install/turtlebot3_manipulation_gazebo/share/turtlebot3_manipulation_gazebo/models/turtlebot3_home_service_challenge/marker4/model-1_5.sdf
[1.503s] -- Installing: /Users/milenavilcinskaite/Downloads/ros2_burger_final_form_ws/install/turtlebot3_manipulation_gazebo/share/turtlebot3_manipulation_gazebo/models/turtlebot3_home_service_challenge/marker5
[1.503s] -- Installing: /Users/milenavilcinskaite/Downloads/ros2_burger_final_form_ws/install/turtlebot3_manipulation_gazebo/share/turtlebot3_manipulation_gazebo/models/turtlebot3_home_service_challenge/marker5/materials
[1.503s] -- Installing: /Users/milenavilcinskaite/Downloads/ros2_burger_final_form_ws/install/turtlebot3_manipulation_gazebo/share/turtlebot3_manipulation_gazebo/models/turtlebot3_home_service_challenge/marker5/materials/textures
[1.503s] -- Installing: /Users/milenavilcinskaite/Downloads/ros2_burger_final_form_ws/install/turtlebot3_manipulation_gazebo/share/turtlebot3_manipulation_gazebo/models/turtlebot3_home_service_challenge/marker5/materials/textures/Marker5.png
[1.503s] -- Installing: /Users/milenavilcinskaite/Downloads/ros2_burger_final_form_ws/install/turtlebot3_manipulation_gazebo/share/turtlebot3_manipulation_gazebo/models/turtlebot3_home_service_challenge/marker5/model.sdf
[1.504s] -- Installing: /Users/milenavilcinskaite/Downloads/ros2_burger_final_form_ws/install/turtlebot3_manipulation_gazebo/share/turtlebot3_manipulation_gazebo/models/turtlebot3_home_service_challenge/marker5/meshes
[1.504s] -- Installing: /Users/milenavilcinskaite/Downloads/ros2_burger_final_form_ws/install/turtlebot3_manipulation_gazebo/share/turtlebot3_manipulation_gazebo/models/turtlebot3_home_service_challenge/marker5/meshes/Marker5.dae
[1.504s] -- Installing: /Users/milenavilcinskaite/Downloads/ros2_burger_final_form_ws/install/turtlebot3_manipulation_gazebo/share/turtlebot3_manipulation_gazebo/models/turtlebot3_home_service_challenge/marker5/model.config
[1.504s] -- Installing: /Users/milenavilcinskaite/Downloads/ros2_burger_final_form_ws/install/turtlebot3_manipulation_gazebo/share/turtlebot3_manipulation_gazebo/models/turtlebot3_home_service_challenge/marker5/model-1_4.sdf
[1.504s] -- Installing: /Users/milenavilcinskaite/Downloads/ros2_burger_final_form_ws/install/turtlebot3_manipulation_gazebo/share/turtlebot3_manipulation_gazebo/models/turtlebot3_home_service_challenge/marker5/model-1_5.sdf
[1.505s] -- Installing: /Users/milenavilcinskaite/Downloads/ros2_burger_final_form_ws/install/turtlebot3_manipulation_gazebo/share/turtlebot3_manipulation_gazebo/models/turtlebot3_home_service_challenge/marker2
[1.505s] -- Installing: /Users/milenavilcinskaite/Downloads/ros2_burger_final_form_ws/install/turtlebot3_manipulation_gazebo/share/turtlebot3_manipulation_gazebo/models/turtlebot3_home_service_challenge/marker2/materials
[1.505s] -- Installing: /Users/milenavilcinskaite/Downloads/ros2_burger_final_form_ws/install/turtlebot3_manipulation_gazebo/share/turtlebot3_manipulation_gazebo/models/turtlebot3_home_service_challenge/marker2/materials/textures
[1.505s] -- Installing: /Users/milenavilcinskaite/Downloads/ros2_burger_final_form_ws/install/turtlebot3_manipulation_gazebo/share/turtlebot3_manipulation_gazebo/models/turtlebot3_home_service_challenge/marker2/materials/textures/Marker2.png
[1.505s] -- Installing: /Users/milenavilcinskaite/Downloads/ros2_burger_final_form_ws/install/turtlebot3_manipulation_gazebo/share/turtlebot3_manipulation_gazebo/models/turtlebot3_home_service_challenge/marker2/model.sdf
[1.505s] -- Installing: /Users/milenavilcinskaite/Downloads/ros2_burger_final_form_ws/install/turtlebot3_manipulation_gazebo/share/turtlebot3_manipulation_gazebo/models/turtlebot3_home_service_challenge/marker2/meshes
[1.505s] -- Installing: /Users/milenavilcinskaite/Downloads/ros2_burger_final_form_ws/install/turtlebot3_manipulation_gazebo/share/turtlebot3_manipulation_gazebo/models/turtlebot3_home_service_challenge/marker2/meshes/Marker2.dae
[1.506s] -- Installing: /Users/milenavilcinskaite/Downloads/ros2_burger_final_form_ws/install/turtlebot3_manipulation_gazebo/share/turtlebot3_manipulation_gazebo/models/turtlebot3_home_service_challenge/marker2/model.config
[1.506s] -- Installing: /Users/milenavilcinskaite/Downloads/ros2_burger_final_form_ws/install/turtlebot3_manipulation_gazebo/share/turtlebot3_manipulation_gazebo/models/turtlebot3_home_service_challenge/marker2/model-1_4.sdf
[1.506s] -- Installing: /Users/milenavilcinskaite/Downloads/ros2_burger_final_form_ws/install/turtlebot3_manipulation_gazebo/share/turtlebot3_manipulation_gazebo/models/turtlebot3_home_service_challenge/marker2/model-1_5.sdf
[1.506s] -- Installing: /Users/milenavilcinskaite/Downloads/ros2_burger_final_form_ws/install/turtlebot3_manipulation_gazebo/share/turtlebot3_manipulation_gazebo/meshes
[1.506s] -- Installing: /Users/milenavilcinskaite/Downloads/ros2_burger_final_form_ws/install/turtlebot3_manipulation_gazebo/share/turtlebot3_manipulation_gazebo/meshes/open_manipulator_x
[1.506s] -- Installing: /Users/milenavilcinskaite/Downloads/ros2_burger_final_form_ws/install/turtlebot3_manipulation_gazebo/share/turtlebot3_manipulation_gazebo/meshes/open_manipulator_x/gripper_left_palm.stl
[1.507s] -- Installing: /Users/milenavilcinskaite/Downloads/ros2_burger_final_form_ws/install/turtlebot3_manipulation_gazebo/share/turtlebot3_manipulation_gazebo/meshes/open_manipulator_x/gripper_right_palm.stl
[1.507s] -- Installing: /Users/milenavilcinskaite/Downloads/ros2_burger_final_form_ws/install/turtlebot3_manipulation_gazebo/share/turtlebot3_manipulation_gazebo/meshes/open_manipulator_x/link3.stl
[1.507s] -- Installing: /Users/milenavilcinskaite/Downloads/ros2_burger_final_form_ws/install/turtlebot3_manipulation_gazebo/share/turtlebot3_manipulation_gazebo/meshes/open_manipulator_x/link2.stl
[1.507s] -- Installing: /Users/milenavilcinskaite/Downloads/ros2_burger_final_form_ws/install/turtlebot3_manipulation_gazebo/share/turtlebot3_manipulation_gazebo/meshes/open_manipulator_x/link1.stl
[1.507s] -- Installing: /Users/milenavilcinskaite/Downloads/ros2_burger_final_form_ws/install/turtlebot3_manipulation_gazebo/share/turtlebot3_manipulation_gazebo/meshes/open_manipulator_x/link5.stl
[1.508s] -- Installing: /Users/milenavilcinskaite/Downloads/ros2_burger_final_form_ws/install/turtlebot3_manipulation_gazebo/share/turtlebot3_manipulation_gazebo/meshes/open_manipulator_x/link4.stl
[1.508s] -- Installing: /Users/milenavilcinskaite/Downloads/ros2_burger_final_form_ws/install/turtlebot3_manipulation_gazebo/share/turtlebot3_manipulation_gazebo/meshes/turtlebot3_waffle_pi
[1.508s] -- Installing: /Users/milenavilcinskaite/Downloads/ros2_burger_final_form_ws/install/turtlebot3_manipulation_gazebo/share/turtlebot3_manipulation_gazebo/meshes/turtlebot3_waffle_pi/right_tire.stl
[1.508s] -- Installing: /Users/milenavilcinskaite/Downloads/ros2_burger_final_form_ws/install/turtlebot3_manipulation_gazebo/share/turtlebot3_manipulation_gazebo/meshes/turtlebot3_waffle_pi/left_tire.stl
[1.509s] -- Installing: /Users/milenavilcinskaite/Downloads/ros2_burger_final_form_ws/install/turtlebot3_manipulation_gazebo/share/turtlebot3_manipulation_gazebo/meshes/turtlebot3_waffle_pi/ladar.stl
[1.509s] -- Installing: /Users/milenavilcinskaite/Downloads/ros2_burger_final_form_ws/install/turtlebot3_manipulation_gazebo/share/turtlebot3_manipulation_gazebo/meshes/turtlebot3_waffle_pi/base.stl
[1.509s] -- Installing: /Users/milenavilcinskaite/Downloads/ros2_burger_final_form_ws/install/turtlebot3_manipulation_gazebo/share/ament_index/resource_index/package_run_dependencies/turtlebot3_manipulation_gazebo
[1.510s] -- Installing: /Users/milenavilcinskaite/Downloads/ros2_burger_final_form_ws/install/turtlebot3_manipulation_gazebo/share/ament_index/resource_index/parent_prefix_path/turtlebot3_manipulation_gazebo
[1.510s] -- Installing: /Users/milenavilcinskaite/Downloads/ros2_burger_final_form_ws/install/turtlebot3_manipulation_gazebo/share/turtlebot3_manipulation_gazebo/environment/ament_prefix_path.sh
[1.510s] -- Installing: /Users/milenavilcinskaite/Downloads/ros2_burger_final_form_ws/install/turtlebot3_manipulation_gazebo/share/turtlebot3_manipulation_gazebo/environment/ament_prefix_path.dsv
[1.510s] -- Installing: /Users/milenavilcinskaite/Downloads/ros2_burger_final_form_ws/install/turtlebot3_manipulation_gazebo/share/turtlebot3_manipulation_gazebo/environment/path.sh
[1.510s] -- Installing: /Users/milenavilcinskaite/Downloads/ros2_burger_final_form_ws/install/turtlebot3_manipulation_gazebo/share/turtlebot3_manipulation_gazebo/environment/path.dsv
[1.511s] -- Installing: /Users/milenavilcinskaite/Downloads/ros2_burger_final_form_ws/install/turtlebot3_manipulation_gazebo/share/turtlebot3_manipulation_gazebo/local_setup.bash
[1.511s] -- Installing: /Users/milenavilcinskaite/Downloads/ros2_burger_final_form_ws/install/turtlebot3_manipulation_gazebo/share/turtlebot3_manipulation_gazebo/local_setup.sh
[1.511s] -- Installing: /Users/milenavilcinskaite/Downloads/ros2_burger_final_form_ws/install/turtlebot3_manipulation_gazebo/share/turtlebot3_manipulation_gazebo/local_setup.zsh
[1.511s] -- Installing: /Users/milenavilcinskaite/Downloads/ros2_burger_final_form_ws/install/turtlebot3_manipulation_gazebo/share/turtlebot3_manipulation_gazebo/local_setup.dsv
[1.512s] -- Installing: /Users/milenavilcinskaite/Downloads/ros2_burger_final_form_ws/install/turtlebot3_manipulation_gazebo/share/turtlebot3_manipulation_gazebo/package.dsv
[1.512s] -- Installing: /Users/milenavilcinskaite/Downloads/ros2_burger_final_form_ws/install/turtlebot3_manipulation_gazebo/share/ament_index/resource_index/packages/turtlebot3_manipulation_gazebo
[1.512s] -- Installing: /Users/milenavilcinskaite/Downloads/ros2_burger_final_form_ws/install/turtlebot3_manipulation_gazebo/share/turtlebot3_manipulation_gazebo/cmake/turtlebot3_manipulation_gazeboConfig.cmake
[1.512s] -- Installing: /Users/milenavilcinskaite/Downloads/ros2_burger_final_form_ws/install/turtlebot3_manipulation_gazebo/share/turtlebot3_manipulation_gazebo/cmake/turtlebot3_manipulation_gazeboConfig-version.cmake
[1.513s] -- Installing: /Users/milenavilcinskaite/Downloads/ros2_burger_final_form_ws/install/turtlebot3_manipulation_gazebo/share/turtlebot3_manipulation_gazebo/package.xml
[1.514s] Invoked command in '/Users/milenavilcinskaite/Downloads/ros2_burger_final_form_ws/build/turtlebot3_manipulation_gazebo' returned '0': CMAKE_PREFIX_PATH=${CMAKE_PREFIX_PATH}:/Users/milenavilcinskaite/Downloads/ros2_burger_final_form_ws/install/irob_assignment_5:/Users/milenavilcinskaite/Downloads/ros2_burger_final_form_ws/install/irob_assignment_1 CONDA_PROMPT_MODIFIER=(ros_env4) SHLVL=2 _=/usr/bin/env __CF_USER_TEXT_ENCODING=0x1F5:0x0:0x2 /Users/milenavilcinskaite/micromamba/envs/ros_env4/bin/cmake --install /Users/milenavilcinskaite/Downloads/ros2_burger_final_form_ws/build/turtlebot3_manipulation_gazebo
