-- The C compiler identification is Clang 19.1.7
-- The CXX compiler identification is Clang 19.1.7
-- Detecting C compiler ABI info
-- Detecting C compiler ABI info - done
-- Check for working C compiler: /Users/milenavilcinskaite/micromamba/envs/ros_env4/bin/arm64-apple-darwin20.0.0-clang - skipped
-- Detecting C compile features
-- Detecting C compile features - done
-- Detecting CXX compiler ABI info
-- Detecting CXX compiler ABI info - done
-- Check for working CXX compiler: /Users/milenavilcinskaite/micromamba/envs/ros_env4/bin/arm64-apple-darwin20.0.0-clang++ - skipped
-- Detecting CXX compile features
-- Detecting CXX compile features - done
-- Found ament_cmake: 1.3.13 (/Users/milenavilcinskaite/micromamba/envs/ros_env4/share/ament_cmake/cmake)
-- Found Python3: /Users/milenavilcinskaite/micromamba/envs/ros_env4/bin/python3 (found version "3.12.13") found components: Interpreter
-- Found geometry_msgs: 4.9.1 (/Users/milenavilcinskaite/micromamba/envs/ros_env4/share/geometry_msgs/cmake)
-- Found rosidl_generator_c: 3.1.8 (/Users/milenavilcinskaite/micromamba/envs/ros_env4/share/rosidl_generator_c/cmake)
-- Found rosidl_adapter: 3.1.8 (/Users/milenavilcinskaite/micromamba/envs/ros_env4/share/rosidl_adapter/cmake)
-- Found rosidl_generator_cpp: 3.1.8 (/Users/milenavilcinskaite/micromamba/envs/ros_env4/share/rosidl_generator_cpp/cmake)
-- Using all available rosidl_typesupport_c: rosidl_typesupport_fastrtps_c;rosidl_typesupport_introspection_c
-- Using all available rosidl_typesupport_cpp: rosidl_typesupport_fastrtps_cpp;rosidl_typesupport_introspection_cpp
-- Found nav_msgs: 4.9.1 (/Users/milenavilcinskaite/micromamba/envs/ros_env4/share/nav_msgs/cmake)
-- Found rclcpp: 16.0.18 (/Users/milenavilcinskaite/micromamba/envs/ros_env4/share/rclcpp/cmake)
-- Checking for module 'yaml-0.1'
--   Found yaml-0.1, version 0.2.5
-- Found rmw_implementation_cmake: 6.1.2 (/Users/milenavilcinskaite/micromamba/envs/ros_env4/share/rmw_implementation_cmake/cmake)
-- Found rmw_cyclonedds_cpp: 1.3.4 (/Users/milenavilcinskaite/micromamba/envs/ros_env4/share/rmw_cyclonedds_cpp/cmake)
-- Using RMW implementation 'rmw_cyclonedds_cpp' as default
-- Performing Test CMAKE_HAVE_LIBC_PTHREAD
-- Performing Test CMAKE_HAVE_LIBC_PTHREAD - Success
-- Found Threads: TRUE
-- Found sensor_msgs: 4.9.1 (/Users/milenavilcinskaite/micromamba/envs/ros_env4/share/sensor_msgs/cmake)
-- Found tf2: 0.25.19 (/Users/milenavilcinskaite/micromamba/envs/ros_env4/share/tf2/cmake)
-- Found tf2_msgs: 0.25.19 (/Users/milenavilcinskaite/micromamba/envs/ros_env4/share/tf2_msgs/cmake)
-- Found turtlebot3_msgs: 2.4.0 (/Users/milenavilcinskaite/micromamba/envs/ros_env4/share/turtlebot3_msgs/cmake)
-- Configuring done (3.2s)
-- Generating done (0.0s)
-- Build files have been written to: /Users/milenavilcinskaite/Downloads/ros2_burger_final_form_ws/build/turtlebot3_fake_node
[ 50%] Building CXX object CMakeFiles/turtlebot3_fake_node.dir/src/turtlebot3_fake_node.cpp.o
[100%] Linking CXX executable turtlebot3_fake_node
[100%] Built target turtlebot3_fake_node
-- Install configuration: ""
-- Installing: /Users/milenavilcinskaite/Downloads/ros2_burger_final_form_ws/install/turtlebot3_fake_node/lib/turtlebot3_fake_node/turtlebot3_fake_node
-- Installing: /Users/milenavilcinskaite/Downloads/ros2_burger_final_form_ws/install/turtlebot3_fake_node/share/turtlebot3_fake_node/launch
-- Installing: /Users/milenavilcinskaite/Downloads/ros2_burger_final_form_ws/install/turtlebot3_fake_node/share/turtlebot3_fake_node/launch/turtlebot3_fake_node.launch.py
-- Installing: /Users/milenavilcinskaite/Downloads/ros2_burger_final_form_ws/install/turtlebot3_fake_node/share/turtlebot3_fake_node/launch/rviz2.launch.py
-- Installing: /Users/milenavilcinskaite/Downloads/ros2_burger_final_form_ws/install/turtlebot3_fake_node/share/turtlebot3_fake_node/param
-- Installing: /Users/milenavilcinskaite/Downloads/ros2_burger_final_form_ws/install/turtlebot3_fake_node/share/turtlebot3_fake_node/param/waffle_pi.yaml
-- Installing: /Users/milenavilcinskaite/Downloads/ros2_burger_final_form_ws/install/turtlebot3_fake_node/share/turtlebot3_fake_node/param/waffle.yaml
-- Installing: /Users/milenavilcinskaite/Downloads/ros2_burger_final_form_ws/install/turtlebot3_fake_node/share/turtlebot3_fake_node/param/burger.yaml
-- Installing: /Users/milenavilcinskaite/Downloads/ros2_burger_final_form_ws/install/turtlebot3_fake_node/include/
-- Installing: /Users/milenavilcinskaite/Downloads/ros2_burger_final_form_ws/install/turtlebot3_fake_node/include//turtlebot3_fake_node
-- Installing: /Users/milenavilcinskaite/Downloads/ros2_burger_final_form_ws/install/turtlebot3_fake_node/include//turtlebot3_fake_node/turtlebot3_fake_node.hpp
-- Installing: /Users/milenavilcinskaite/Downloads/ros2_burger_final_form_ws/install/turtlebot3_fake_node/share/ament_index/resource_index/package_run_dependencies/turtlebot3_fake_node
-- Installing: /Users/milenavilcinskaite/Downloads/ros2_burger_final_form_ws/install/turtlebot3_fake_node/share/ament_index/resource_index/parent_prefix_path/turtlebot3_fake_node
-- Installing: /Users/milenavilcinskaite/Downloads/ros2_burger_final_form_ws/install/turtlebot3_fake_node/share/turtlebot3_fake_node/environment/ament_prefix_path.sh
-- Installing: /Users/milenavilcinskaite/Downloads/ros2_burger_final_form_ws/install/turtlebot3_fake_node/share/turtlebot3_fake_node/environment/ament_prefix_path.dsv
-- Installing: /Users/milenavilcinskaite/Downloads/ros2_burger_final_form_ws/install/turtlebot3_fake_node/share/turtlebot3_fake_node/environment/path.sh
-- Installing: /Users/milenavilcinskaite/Downloads/ros2_burger_final_form_ws/install/turtlebot3_fake_node/share/turtlebot3_fake_node/environment/path.dsv
-- Installing: /Users/milenavilcinskaite/Downloads/ros2_burger_final_form_ws/install/turtlebot3_fake_node/share/turtlebot3_fake_node/local_setup.bash
-- Installing: /Users/milenavilcinskaite/Downloads/ros2_burger_final_form_ws/install/turtlebot3_fake_node/share/turtlebot3_fake_node/local_setup.sh
-- Installing: /Users/milenavilcinskaite/Downloads/ros2_burger_final_form_ws/install/turtlebot3_fake_node/share/turtlebot3_fake_node/local_setup.zsh
-- Installing: /Users/milenavilcinskaite/Downloads/ros2_burger_final_form_ws/install/turtlebot3_fake_node/share/turtlebot3_fake_node/local_setup.dsv
-- Installing: /Users/milenavilcinskaite/Downloads/ros2_burger_final_form_ws/install/turtlebot3_fake_node/share/turtlebot3_fake_node/package.dsv
-- Installing: /Users/milenavilcinskaite/Downloads/ros2_burger_final_form_ws/install/turtlebot3_fake_node/share/ament_index/resource_index/packages/turtlebot3_fake_node
-- Installing: /Users/milenavilcinskaite/Downloads/ros2_burger_final_form_ws/install/turtlebot3_fake_node/share/turtlebot3_fake_node/cmake/ament_cmake_export_include_directories-extras.cmake
-- Installing: /Users/milenavilcinskaite/Downloads/ros2_burger_final_form_ws/install/turtlebot3_fake_node/share/turtlebot3_fake_node/cmake/ament_cmake_export_dependencies-extras.cmake
-- Installing: /Users/milenavilcinskaite/Downloads/ros2_burger_final_form_ws/install/turtlebot3_fake_node/share/turtlebot3_fake_node/cmake/turtlebot3_fake_nodeConfig.cmake
-- Installing: /Users/milenavilcinskaite/Downloads/ros2_burger_final_form_ws/install/turtlebot3_fake_node/share/turtlebot3_fake_node/cmake/turtlebot3_fake_nodeConfig-version.cmake
-- Installing: /Users/milenavilcinskaite/Downloads/ros2_burger_final_form_ws/install/turtlebot3_fake_node/share/turtlebot3_fake_node/package.xml
