CMake Deprecation Warning at CMakeLists.txt:4 (cmake_minimum_required):
  Compatibility with CMake < 3.10 will be removed from a future version of
  CMake.

  Update the VERSION argument <min> value.  Or, use the <min>...<max> syntax
  to tell CMake that the project requires at least <min> but has been updated
  to work with policies introduced by <max> or earlier.


-- The C compiler identification is Clang 19.1.7
-- The CXX compiler identification is Clang 19.1.7
-- Detecting C compiler ABI info
-- Detecting C compiler ABI info - done
-- Check for working C compiler: /Users/milenavilcinskaite/micromamba/envs/ros_env4/bin/arm64-apple-darwin20.0.0-clang - skipped
-- Detecting C compile features
-- Detecting C compile features - done
-- Detecting CXX compiler ABI info
-- Detecting CXX compiler ABI info - done
-- Check for working CXX compiler: /Users/milenavilcinskaite/micromamba/envs/ros_env4/bin/arm64-apple-darwin20.0.0-clang++ - skipped
-- Detecting CXX compile features
-- Detecting CXX compile features - done
-- Found ament_cmake: 1.3.13 (/Users/milenavilcinskaite/micromamba/envs/ros_env4/share/ament_cmake/cmake)
-- Found Python3: /Users/milenavilcinskaite/micromamba/envs/ros_env4/bin/python3 (found version "3.12.13") found components: Interpreter
-- Found geometry_msgs: 4.9.1 (/Users/milenavilcinskaite/micromamba/envs/ros_env4/share/geometry_msgs/cmake)
-- Found rosidl_generator_c: 3.1.8 (/Users/milenavilcinskaite/micromamba/envs/ros_env4/share/rosidl_generator_c/cmake)
-- Found rosidl_adapter: 3.1.8 (/Users/milenavilcinskaite/micromamba/envs/ros_env4/share/rosidl_adapter/cmake)
-- Found rosidl_generator_cpp: 3.1.8 (/Users/milenavilcinskaite/micromamba/envs/ros_env4/share/rosidl_generator_cpp/cmake)
-- Using all available rosidl_typesupport_c: rosidl_typesupport_fastrtps_c;rosidl_typesupport_introspection_c
-- Using all available rosidl_typesupport_cpp: rosidl_typesupport_fastrtps_cpp;rosidl_typesupport_introspection_cpp
-- Found nav_msgs: 4.9.1 (/Users/milenavilcinskaite/micromamba/envs/ros_env4/share/nav_msgs/cmake)
-- Found rclcpp: 16.0.18 (/Users/milenavilcinskaite/micromamba/envs/ros_env4/share/rclcpp/cmake)
-- Checking for module 'yaml-0.1'
--   Found yaml-0.1, version 0.2.5
-- Found rmw_implementation_cmake: 6.1.2 (/Users/milenavilcinskaite/micromamba/envs/ros_env4/share/rmw_implementation_cmake/cmake)
-- Found rmw_cyclonedds_cpp: 1.3.4 (/Users/milenavilcinskaite/micromamba/envs/ros_env4/share/rmw_cyclonedds_cpp/cmake)
-- Using RMW implementation 'rmw_cyclonedds_cpp' as default
-- Performing Test CMAKE_HAVE_LIBC_PTHREAD
-- Performing Test CMAKE_HAVE_LIBC_PTHREAD - Success
-- Found Threads: TRUE
-- Found sensor_msgs: 4.9.1 (/Users/milenavilcinskaite/micromamba/envs/ros_env4/share/sensor_msgs/cmake)
-- Found tf2: 0.25.19 (/Users/milenavilcinskaite/micromamba/envs/ros_env4/share/tf2/cmake)
-- Found tf2_msgs: 0.25.19 (/Users/milenavilcinskaite/micromamba/envs/ros_env4/share/tf2_msgs/cmake)
-- Found turtlebot3_msgs: 2.4.0 (/Users/milenavilcinskaite/micromamba/envs/ros_env4/share/turtlebot3_msgs/cmake)
-- Configuring done (3.2s)
-- Generating done (0.0s)
-- Build files have been written to: /Users/milenavilcinskaite/Downloads/ros2_burger_final_form_ws/build/turtlebot3_fake_node
[ 50%] Building CXX object CMakeFiles/turtlebot3_fake_node.dir/src/turtlebot3_fake_node.cpp.o
In file included from /Users/milenavilcinskaite/Downloads/ros2_burger_final_form_ws/src/turtlebot3_simulations/turtlebot3_fake_node/src/turtlebot3_fake_node.cpp:17:
In file included from /Users/milenavilcinskaite/Downloads/ros2_burger_final_form_ws/src/turtlebot3_simulations/turtlebot3_fake_node/include/turtlebot3_fake_node/turtlebot3_fake_node.hpp:23:
In file included from /Users/milenavilcinskaite/micromamba/envs/ros_env4/include/rclcpp/rclcpp/rclcpp.hpp:155:
In file included from /Users/milenavilcinskaite/micromamba/envs/ros_env4/include/rclcpp/rclcpp/executors.hpp:21:
In file included from /Users/milenavilcinskaite/micromamba/envs/ros_env4/include/rclcpp/rclcpp/executors/multi_threaded_executor.hpp:25:
In file included from /Users/milenavilcinskaite/micromamba/envs/ros_env4/include/rclcpp/rclcpp/executor.hpp:37:
In file included from /Users/milenavilcinskaite/micromamba/envs/ros_env4/include/rclcpp/rclcpp/executor_options.hpp:20:
In file included from /Users/milenavilcinskaite/micromamba/envs/ros_env4/include/rclcpp/rclcpp/memory_strategies.hpp:18:
In file included from /Users/milenavilcinskaite/micromamba/envs/ros_env4/include/rclcpp/rclcpp/memory_strategy.hpp:25:
In file included from /Users/milenavilcinskaite/micromamba/envs/ros_env4/include/rclcpp/rclcpp/any_executable.hpp:20:
In file included from /Users/milenavilcinskaite/micromamba/envs/ros_env4/include/rclcpp/rclcpp/callback_group.hpp:29:
In file included from /Users/milenavilcinskaite/micromamba/envs/ros_env4/include/rclcpp/rclcpp/subscription_base.hpp:32:
/Users/milenavilcinskaite/micromamba/envs/ros_env4/include/rclcpp/rclcpp/any_subscription_callback.hpp:391:7: warning: 'set_deprecated<geometry_msgs::msg::Twist_<std::allocator<void>>>' is deprecated: use 'void(std::shared_ptr<const MessageT>)' instead [-Wdeprecated-declarations]
  391 |       set_deprecated(static_cast<typename scbth::callback_type>(callback));
      |       ^
/Users/milenavilcinskaite/micromamba/envs/ros_env4/include/rclcpp/rclcpp/subscription_factory.hpp:94:29: note: in instantiation of function template specialization 'rclcpp::AnySubscriptionCallback<geometry_msgs::msg::Twist_<std::allocator<void>>>::set<std::__bind<void (Turtlebot3Fake::*)(std::shared_ptr<geometry_msgs::msg::Twist_<std::allocator<void>>>), Turtlebot3Fake *, const std::placeholders::__ph<1> &>>' requested here
   94 |   any_subscription_callback.set(std::forward<CallbackT>(callback));
      |                             ^
/Users/milenavilcinskaite/micromamba/envs/ros_env4/include/rclcpp/rclcpp/create_subscription.hpp:122:26: note: in instantiation of function template specialization 'rclcpp::create_subscription_factory<geometry_msgs::msg::Twist_<std::allocator<void>>, std::__bind<void (Turtlebot3Fake::*)(std::shared_ptr<geometry_msgs::msg::Twist_<std::allocator<void>>>), Turtlebot3Fake *, const std::placeholders::__ph<1> &>, std::allocator<void>, rclcpp::Subscription<geometry_msgs::msg::Twist_<std::allocator<void>>>, rclcpp::message_memory_strategy::MessageMemoryStrategy<geometry_msgs::msg::Twist_<std::allocator<void>>>, geometry_msgs::msg::Twist_<std::allocator<void>>>' requested here
  122 |   auto factory = rclcpp::create_subscription_factory<MessageT>(
      |                          ^
/Users/milenavilcinskaite/micromamba/envs/ros_env4/include/rclcpp/rclcpp/create_subscription.hpp:190:26: note: in instantiation of function template specialization 'rclcpp::detail::create_subscription<geometry_msgs::msg::Twist_<std::allocator<void>>, std::__bind<void (Turtlebot3Fake::*)(std::shared_ptr<geometry_msgs::msg::Twist_<std::allocator<void>>>), Turtlebot3Fake *, const std::placeholders::__ph<1> &>, std::allocator<void>, rclcpp::Subscription<geometry_msgs::msg::Twist_<std::allocator<void>>>, rclcpp::message_memory_strategy::MessageMemoryStrategy<geometry_msgs::msg::Twist_<std::allocator<void>>>, rclcpp::Node, rclcpp::Node, geometry_msgs::msg::Twist_<std::allocator<void>>>' requested here
  190 |   return rclcpp::detail::create_subscription<
      |                          ^
/Users/milenavilcinskaite/micromamba/envs/ros_env4/include/rclcpp/rclcpp/node_impl.hpp:99:18: note: in instantiation of function template specialization 'rclcpp::create_subscription<geometry_msgs::msg::Twist_<std::allocator<void>>, std::__bind<void (Turtlebot3Fake::*)(std::shared_ptr<geometry_msgs::msg::Twist_<std::allocator<void>>>), Turtlebot3Fake *, const std::placeholders::__ph<1> &>, std::allocator<void>, rclcpp::Subscription<geometry_msgs::msg::Twist_<std::allocator<void>>>, rclcpp::message_memory_strategy::MessageMemoryStrategy<geometry_msgs::msg::Twist_<std::allocator<void>>>, rclcpp::Node>' requested here
   99 |   return rclcpp::create_subscription<MessageT>(
      |                  ^
/Users/milenavilcinskaite/Downloads/ros2_burger_final_form_ws/src/turtlebot3_simulations/turtlebot3_fake_node/src/turtlebot3_fake_node.cpp:48:24: note: in instantiation of function template specialization 'rclcpp::Node::create_subscription<geometry_msgs::msg::Twist_<std::allocator<void>>, std::__bind<void (Turtlebot3Fake::*)(std::shared_ptr<geometry_msgs::msg::Twist_<std::allocator<void>>>), Turtlebot3Fake *, const std::placeholders::__ph<1> &>, std::allocator<void>, rclcpp::Subscription<geometry_msgs::msg::Twist_<std::allocator<void>>>, rclcpp::message_memory_strategy::MessageMemoryStrategy<geometry_msgs::msg::Twist_<std::allocator<void>>>>' requested here
   48 |   cmd_vel_sub_ = this->create_subscription<geometry_msgs::msg::Twist>(
      |                        ^
/Users/milenavilcinskaite/micromamba/envs/ros_env4/include/rclcpp/rclcpp/any_subscription_callback.hpp:405:5: note: 'set_deprecated<geometry_msgs::msg::Twist_<std::allocator<void>>>' has been explicitly marked deprecated here
  405 |   [[deprecated("use 'void(std::shared_ptr<const MessageT>)' instead")]]
      |     ^
1 warning generated.
[100%] Linking CXX executable turtlebot3_fake_node
[100%] Built target turtlebot3_fake_node
-- Install configuration: ""
-- Installing: /Users/milenavilcinskaite/Downloads/ros2_burger_final_form_ws/install/turtlebot3_fake_node/lib/turtlebot3_fake_node/turtlebot3_fake_node
-- Installing: /Users/milenavilcinskaite/Downloads/ros2_burger_final_form_ws/install/turtlebot3_fake_node/share/turtlebot3_fake_node/launch
-- Installing: /Users/milenavilcinskaite/Downloads/ros2_burger_final_form_ws/install/turtlebot3_fake_node/share/turtlebot3_fake_node/launch/turtlebot3_fake_node.launch.py
-- Installing: /Users/milenavilcinskaite/Downloads/ros2_burger_final_form_ws/install/turtlebot3_fake_node/share/turtlebot3_fake_node/launch/rviz2.launch.py
-- Installing: /Users/milenavilcinskaite/Downloads/ros2_burger_final_form_ws/install/turtlebot3_fake_node/share/turtlebot3_fake_node/param
-- Installing: /Users/milenavilcinskaite/Downloads/ros2_burger_final_form_ws/install/turtlebot3_fake_node/share/turtlebot3_fake_node/param/waffle_pi.yaml
-- Installing: /Users/milenavilcinskaite/Downloads/ros2_burger_final_form_ws/install/turtlebot3_fake_node/share/turtlebot3_fake_node/param/waffle.yaml
-- Installing: /Users/milenavilcinskaite/Downloads/ros2_burger_final_form_ws/install/turtlebot3_fake_node/share/turtlebot3_fake_node/param/burger.yaml
-- Installing: /Users/milenavilcinskaite/Downloads/ros2_burger_final_form_ws/install/turtlebot3_fake_node/include/
-- Installing: /Users/milenavilcinskaite/Downloads/ros2_burger_final_form_ws/install/turtlebot3_fake_node/include//turtlebot3_fake_node
-- Installing: /Users/milenavilcinskaite/Downloads/ros2_burger_final_form_ws/install/turtlebot3_fake_node/include//turtlebot3_fake_node/turtlebot3_fake_node.hpp
-- Installing: /Users/milenavilcinskaite/Downloads/ros2_burger_final_form_ws/install/turtlebot3_fake_node/share/ament_index/resource_index/package_run_dependencies/turtlebot3_fake_node
-- Installing: /Users/milenavilcinskaite/Downloads/ros2_burger_final_form_ws/install/turtlebot3_fake_node/share/ament_index/resource_index/parent_prefix_path/turtlebot3_fake_node
-- Installing: /Users/milenavilcinskaite/Downloads/ros2_burger_final_form_ws/install/turtlebot3_fake_node/share/turtlebot3_fake_node/environment/ament_prefix_path.sh
-- Installing: /Users/milenavilcinskaite/Downloads/ros2_burger_final_form_ws/install/turtlebot3_fake_node/share/turtlebot3_fake_node/environment/ament_prefix_path.dsv
-- Installing: /Users/milenavilcinskaite/Downloads/ros2_burger_final_form_ws/install/turtlebot3_fake_node/share/turtlebot3_fake_node/environment/path.sh
-- Installing: /Users/milenavilcinskaite/Downloads/ros2_burger_final_form_ws/install/turtlebot3_fake_node/share/turtlebot3_fake_node/environment/path.dsv
-- Installing: /Users/milenavilcinskaite/Downloads/ros2_burger_final_form_ws/install/turtlebot3_fake_node/share/turtlebot3_fake_node/local_setup.bash
-- Installing: /Users/milenavilcinskaite/Downloads/ros2_burger_final_form_ws/install/turtlebot3_fake_node/share/turtlebot3_fake_node/local_setup.sh
-- Installing: /Users/milenavilcinskaite/Downloads/ros2_burger_final_form_ws/install/turtlebot3_fake_node/share/turtlebot3_fake_node/local_setup.zsh
-- Installing: /Users/milenavilcinskaite/Downloads/ros2_burger_final_form_ws/install/turtlebot3_fake_node/share/turtlebot3_fake_node/local_setup.dsv
-- Installing: /Users/milenavilcinskaite/Downloads/ros2_burger_final_form_ws/install/turtlebot3_fake_node/share/turtlebot3_fake_node/package.dsv
-- Installing: /Users/milenavilcinskaite/Downloads/ros2_burger_final_form_ws/install/turtlebot3_fake_node/share/ament_index/resource_index/packages/turtlebot3_fake_node
-- Installing: /Users/milenavilcinskaite/Downloads/ros2_burger_final_form_ws/install/turtlebot3_fake_node/share/turtlebot3_fake_node/cmake/ament_cmake_export_include_directories-extras.cmake
-- Installing: /Users/milenavilcinskaite/Downloads/ros2_burger_final_form_ws/install/turtlebot3_fake_node/share/turtlebot3_fake_node/cmake/ament_cmake_export_dependencies-extras.cmake
-- Installing: /Users/milenavilcinskaite/Downloads/ros2_burger_final_form_ws/install/turtlebot3_fake_node/share/turtlebot3_fake_node/cmake/turtlebot3_fake_nodeConfig.cmake
-- Installing: /Users/milenavilcinskaite/Downloads/ros2_burger_final_form_ws/install/turtlebot3_fake_node/share/turtlebot3_fake_node/cmake/turtlebot3_fake_nodeConfig-version.cmake
-- Installing: /Users/milenavilcinskaite/Downloads/ros2_burger_final_form_ws/install/turtlebot3_fake_node/share/turtlebot3_fake_node/package.xml
