/Users/milenavilcinskaite/Downloads/ros2_burger_final_form_ws/install/irob_assignment_1/lib/python3.12/site-packages/irob_assignment_1/__init__.py
/Users/milenavilcinskaite/Downloads/ros2_burger_final_form_ws/install/irob_assignment_1/lib/python3.12/site-packages/irob_assignment_1/explorer.py
/Users/milenavilcinskaite/Downloads/ros2_burger_final_form_ws/install/irob_assignment_1/lib/python3.12/site-packages/irob_assignment_1/__pycache__/__init__.cpython-312.pyc
/Users/milenavilcinskaite/Downloads/ros2_burger_final_form_ws/install/irob_assignment_1/lib/python3.12/site-packages/irob_assignment_1/__pycache__/explorer.cpython-312.pyc
/Users/milenavilcinskaite/Downloads/ros2_burger_final_form_ws/install/irob_assignment_1/share/ament_index/resource_index/packages/irob_assignment_1
/Users/milenavilcinskaite/Downloads/ros2_burger_final_form_ws/install/irob_assignment_1/share/irob_assignment_1/package.xml
/Users/milenavilcinskaite/Downloads/ros2_burger_final_form_ws/install/irob_assignment_1/share/irob_assignment_1/launch/start_navigation.launch.py
/Users/milenavilcinskaite/Downloads/ros2_burger_final_form_ws/install/irob_assignment_1/share/irob_assignment_1/launch/simulator.launch.py
/Users/milenavilcinskaite/Downloads/ros2_burger_final_form_ws/install/irob_assignment_1/share/irob_assignment_1/launch/slam.launch.py
/Users/milenavilcinskaite/Downloads/ros2_burger_final_form_ws/install/irob_assignment_1/share/irob_assignment_1/launch/start.launch.py
/Users/milenavilcinskaite/Downloads/ros2_burger_final_form_ws/install/irob_assignment_1/share/irob_assignment_1/config/navigation.yaml
/Users/milenavilcinskaite/Downloads/ros2_burger_final_form_ws/install/irob_assignment_1/share/irob_assignment_1/config/slam_params.yaml
/Users/milenavilcinskaite/Downloads/ros2_burger_final_form_ws/install/irob_assignment_1/share/irob_assignment_1/rviz/view.rviz
/Users/milenavilcinskaite/Downloads/ros2_burger_final_form_ws/install/irob_assignment_1/lib/python3.12/site-packages/irob_assignment_1-1.0.0-py3.12.egg-info/PKG-INFO
/Users/milenavilcinskaite/Downloads/ros2_burger_final_form_ws/install/irob_assignment_1/lib/python3.12/site-packages/irob_assignment_1-1.0.0-py3.12.egg-info/zip-safe
/Users/milenavilcinskaite/Downloads/ros2_burger_final_form_ws/install/irob_assignment_1/lib/python3.12/site-packages/irob_assignment_1-1.0.0-py3.12.egg-info/SOURCES.txt
/Users/milenavilcinskaite/Downloads/ros2_burger_final_form_ws/install/irob_assignment_1/lib/python3.12/site-packages/irob_assignment_1-1.0.0-py3.12.egg-info/entry_points.txt
/Users/milenavilcinskaite/Downloads/ros2_burger_final_form_ws/install/irob_assignment_1/lib/python3.12/site-packages/irob_assignment_1-1.0.0-py3.12.egg-info/requires.txt
/Users/milenavilcinskaite/Downloads/ros2_burger_final_form_ws/install/irob_assignment_1/lib/python3.12/site-packages/irob_assignment_1-1.0.0-py3.12.egg-info/top_level.txt
/Users/milenavilcinskaite/Downloads/ros2_burger_final_form_ws/install/irob_assignment_1/lib/python3.12/site-packages/irob_assignment_1-1.0.0-py3.12.egg-info/dependency_links.txt
/Users/milenavilcinskaite/Downloads/ros2_burger_final_form_ws/install/irob_assignment_1/lib/irob_assignment_1/explorer
