CMake Deprecation Warning at CMakeLists.txt:1 (cmake_minimum_required):
  Compatibility with CMake < 3.10 will be removed from a future version of
  CMake.

  Update the VERSION argument <min> value.  Or, use the <min>...<max> syntax
  to tell CMake that the project requires at least <min> but has been updated
  to work with policies introduced by <max> or earlier.


-- The C compiler identification is Clang 19.1.7
-- The CXX compiler identification is Clang 19.1.7
-- Detecting C compiler ABI info
-- Detecting C compiler ABI info - done
-- Check for working C compiler: /Users/milenavilcinskaite/micromamba/envs/ros_env4/bin/arm64-apple-darwin20.0.0-clang - skipped
-- Detecting C compile features
-- Detecting C compile features - done
-- Detecting CXX compiler ABI info
-- Detecting CXX compiler ABI info - done
-- Check for working CXX compiler: /Users/milenavilcinskaite/micromamba/envs/ros_env4/bin/arm64-apple-darwin20.0.0-clang++ - skipped
-- Detecting CXX compile features
-- Detecting CXX compile features - done
-- Found ament_cmake: 1.3.13 (/Users/milenavilcinskaite/micromamba/envs/ros_env4/share/ament_cmake/cmake)
-- Found Python3: /Users/milenavilcinskaite/micromamba/envs/ros_env4/bin/python (found version "3.12.13") found components: Interpreter
-- Found rosidl_default_generators: 1.2.0 (/Users/milenavilcinskaite/micromamba/envs/ros_env4/share/rosidl_default_generators/cmake)
-- Using all available rosidl_typesupport_c: rosidl_typesupport_fastrtps_c;rosidl_typesupport_introspection_c
-- Found rosidl_adapter: 3.1.8 (/Users/milenavilcinskaite/micromamba/envs/ros_env4/share/rosidl_adapter/cmake)
-- Using all available rosidl_typesupport_cpp: rosidl_typesupport_fastrtps_cpp;rosidl_typesupport_introspection_cpp
-- Found ament_cmake_ros: 0.10.0 (/Users/milenavilcinskaite/micromamba/envs/ros_env4/share/ament_cmake_ros/cmake)
-- Using all available rosidl_typesupport_c: rosidl_typesupport_fastrtps_c;rosidl_typesupport_introspection_c
-- Using all available rosidl_typesupport_cpp: rosidl_typesupport_fastrtps_cpp;rosidl_typesupport_introspection_cpp
-- Found python_cmake_module: 0.10.0 (/Users/milenavilcinskaite/micromamba/envs/ros_env4/share/python_cmake_module/cmake)
CMake Warning (dev) at /Users/milenavilcinskaite/micromamba/envs/ros_env4/share/python_cmake_module/cmake/Modules/FindPythonExtra.cmake:52 (find_package):
  Policy CMP0148 is not set: The FindPythonInterp and FindPythonLibs modules
  are removed.  Run "cmake --help-policy CMP0148" for policy details.  Use
  the cmake_policy command to set the policy and suppress this warning.

Call Stack (most recent call first):
  /Users/milenavilcinskaite/micromamba/envs/ros_env4/share/rosidl_generator_py/cmake/rosidl_generator_py_generate_interfaces.cmake:33 (find_package)
  /Users/milenavilcinskaite/micromamba/envs/ros_env4/share/ament_cmake_core/cmake/core/ament_execute_extensions.cmake:48 (include)
  /Users/milenavilcinskaite/micromamba/envs/ros_env4/share/rosidl_cmake/cmake/rosidl_generate_interfaces.cmake:286 (ament_execute_extensions)
  CMakeLists.txt:25 (rosidl_generate_interfaces)
This warning is for project developers.  Use -Wno-dev to suppress it.

-- Found PythonInterp: /Users/milenavilcinskaite/micromamba/envs/ros_env4/bin/python (found suitable version "3.12.13", minimum required is "3.6")
-- Using PythonExtra_INCLUDE_DIRS: /Users/milenavilcinskaite/micromamba/envs/ros_env4/include/python3.12;/Users/milenavilcinskaite/micromamba/envs/ros_env4/include/python3.12
-- Using PythonExtra_LIBRARIES: /Users/milenavilcinskaite/micromamba/envs/ros_env4/lib/libpython3.12.dylib
-- Found PythonExtra: .so
-- Found Python: /Users/milenavilcinskaite/micromamba/envs/ros_env4/bin/python (found version "3.12.13") found components: Interpreter Development NumPy Development.Module Development.Embed
-- Found ament_lint_auto: 0.12.15 (/Users/milenavilcinskaite/micromamba/envs/ros_env4/share/ament_lint_auto/cmake)
-- Added test 'copyright' to check source files copyright and LICENSE
-- Added test 'lint_cmake' to check CMake code style
-- Added test 'xmllint' to check XML markup files
-- Configuring done (3.3s)
-- Generating done (0.1s)
-- Build files have been written to: /Users/milenavilcinskaite/Downloads/ros2_burger_final_form_ws/build/irob_interfaces
[  1%] Generating C code for ROS interfaces
[  3%] Generating C++ code for ROS interfaces
[  5%] Generating Rust code for ROS interfaces
[  5%] Built target ament_cmake_python_copy_irob_interfaces
[  5%] Built target irob_interfaces__rs
running egg_info
creating irob_interfaces.egg-info
writing irob_interfaces.egg-info/PKG-INFO
writing dependency_links to irob_interfaces.egg-info/dependency_links.txt
writing top-level names to irob_interfaces.egg-info/top_level.txt
writing manifest file 'irob_interfaces.egg-info/SOURCES.txt'
reading manifest file 'irob_interfaces.egg-info/SOURCES.txt'
writing manifest file 'irob_interfaces.egg-info/SOURCES.txt'
[  5%] Built target ament_cmake_python_build_irob_interfaces_egg
[  5%] Built target irob_interfaces__cpp
[ 12%] Building C object CMakeFiles/irob_interfaces__rosidl_generator_c.dir/rosidl_generator_c/irob_interfaces/srv/detail/activate__functions.c.o
[ 12%] Building C object CMakeFiles/irob_interfaces__rosidl_generator_c.dir/rosidl_generator_c/irob_interfaces/srv/detail/deactivate__functions.c.o
[ 12%] Building C object CMakeFiles/irob_interfaces__rosidl_generator_c.dir/rosidl_generator_c/irob_interfaces/srv/detail/at_goal__functions.c.o
[ 12%] Building C object CMakeFiles/irob_interfaces__rosidl_generator_c.dir/rosidl_generator_c/irob_interfaces/srv/detail/get_goal__functions.c.o
[ 17%] Generating C++ type support for eProsima Fast-RTPS
[ 17%] Generating C++ type support dispatch for ROS interfaces
[ 17%] Generating C++ introspection for ROS interfaces
[ 19%] Linking C shared library libirob_interfaces__rosidl_generator_c.dylib
[ 19%] Built target irob_interfaces__rosidl_generator_c
[ 25%] Generating C type support dispatch for ROS interfaces
[ 25%] Generating C type support for eProsima Fast-RTPS
[ 25%] Generating C introspection for ROS interfaces
[ 26%] Building CXX object CMakeFiles/irob_interfaces__rosidl_typesupport_cpp.dir/rosidl_typesupport_cpp/irob_interfaces/srv/activate__type_support.cpp.o
[ 30%] Building CXX object CMakeFiles/irob_interfaces__rosidl_typesupport_cpp.dir/rosidl_typesupport_cpp/irob_interfaces/srv/get_goal__type_support.cpp.o
[ 30%] Building CXX object CMakeFiles/irob_interfaces__rosidl_typesupport_cpp.dir/rosidl_typesupport_cpp/irob_interfaces/srv/at_goal__type_support.cpp.o
[ 32%] Building CXX object CMakeFiles/irob_interfaces__rosidl_typesupport_cpp.dir/rosidl_typesupport_cpp/irob_interfaces/srv/deactivate__type_support.cpp.o
[ 33%] Building CXX object CMakeFiles/irob_interfaces__rosidl_typesupport_introspection_cpp.dir/rosidl_typesupport_introspection_cpp/irob_interfaces/srv/detail/activate__type_support.cpp.o
[ 35%] Building CXX object CMakeFiles/irob_interfaces__rosidl_typesupport_introspection_cpp.dir/rosidl_typesupport_introspection_cpp/irob_interfaces/srv/detail/get_goal__type_support.cpp.o
[ 37%] Building CXX object CMakeFiles/irob_interfaces__rosidl_typesupport_fastrtps_cpp.dir/rosidl_typesupport_fastrtps_cpp/irob_interfaces/srv/detail/dds_fastrtps/get_goal__type_support.cpp.o
[ 39%] Building CXX object CMakeFiles/irob_interfaces__rosidl_typesupport_c.dir/rosidl_typesupport_c/irob_interfaces/srv/get_goal__type_support.cpp.o
[ 41%] Building CXX object CMakeFiles/irob_interfaces__rosidl_typesupport_c.dir/rosidl_typesupport_c/irob_interfaces/srv/activate__type_support.cpp.o
[ 42%] Building CXX object CMakeFiles/irob_interfaces__rosidl_typesupport_fastrtps_c.dir/rosidl_typesupport_fastrtps_c/irob_interfaces/srv/detail/get_goal__type_support_c.cpp.o
[ 44%] Building C object CMakeFiles/irob_interfaces__rosidl_typesupport_introspection_c.dir/rosidl_typesupport_introspection_c/irob_interfaces/srv/detail/get_goal__type_support.c.o
[ 46%] Building CXX object CMakeFiles/irob_interfaces__rosidl_typesupport_c.dir/rosidl_typesupport_c/irob_interfaces/srv/deactivate__type_support.cpp.o
[ 48%] Building CXX object CMakeFiles/irob_interfaces__rosidl_typesupport_c.dir/rosidl_typesupport_c/irob_interfaces/srv/at_goal__type_support.cpp.o
[ 50%] Building C object CMakeFiles/irob_interfaces__rosidl_typesupport_introspection_c.dir/rosidl_typesupport_introspection_c/irob_interfaces/srv/detail/activate__type_support.c.o
[ 51%] Building C object CMakeFiles/irob_interfaces__rosidl_typesupport_introspection_c.dir/rosidl_typesupport_introspection_c/irob_interfaces/srv/detail/deactivate__type_support.c.o
[ 53%] Linking CXX shared library libirob_interfaces__rosidl_typesupport_c.dylib
[ 55%] Building CXX object CMakeFiles/irob_interfaces__rosidl_typesupport_fastrtps_c.dir/rosidl_typesupport_fastrtps_c/irob_interfaces/srv/detail/activate__type_support_c.cpp.o
[ 57%] Building CXX object CMakeFiles/irob_interfaces__rosidl_typesupport_fastrtps_c.dir/rosidl_typesupport_fastrtps_c/irob_interfaces/srv/detail/at_goal__type_support_c.cpp.o
[ 58%] Building CXX object CMakeFiles/irob_interfaces__rosidl_typesupport_fastrtps_c.dir/rosidl_typesupport_fastrtps_c/irob_interfaces/srv/detail/deactivate__type_support_c.cpp.o
[ 60%] Linking CXX shared library libirob_interfaces__rosidl_typesupport_cpp.dylib
[ 64%] Building CXX object CMakeFiles/irob_interfaces__rosidl_typesupport_introspection_cpp.dir/rosidl_typesupport_introspection_cpp/irob_interfaces/srv/detail/at_goal__type_support.cpp.o
[ 64%] Building CXX object CMakeFiles/irob_interfaces__rosidl_typesupport_introspection_cpp.dir/rosidl_typesupport_introspection_cpp/irob_interfaces/srv/detail/deactivate__type_support.cpp.o
[ 66%] Building C object CMakeFiles/irob_interfaces__rosidl_typesupport_introspection_c.dir/rosidl_typesupport_introspection_c/irob_interfaces/srv/detail/at_goal__type_support.c.o
[ 66%] Built target irob_interfaces__rosidl_typesupport_c
[ 67%] Building CXX object CMakeFiles/irob_interfaces__rosidl_typesupport_fastrtps_cpp.dir/rosidl_typesupport_fastrtps_cpp/irob_interfaces/srv/detail/dds_fastrtps/activate__type_support.cpp.o
[ 69%] Linking C shared library libirob_interfaces__rosidl_typesupport_introspection_c.dylib
[ 69%] Built target irob_interfaces__rosidl_typesupport_cpp
[ 71%] Building CXX object CMakeFiles/irob_interfaces__rosidl_typesupport_fastrtps_cpp.dir/rosidl_typesupport_fastrtps_cpp/irob_interfaces/srv/detail/dds_fastrtps/deactivate__type_support.cpp.o
[ 71%] Built target irob_interfaces__rosidl_typesupport_introspection_c
[ 73%] Building CXX object CMakeFiles/irob_interfaces__rosidl_typesupport_fastrtps_cpp.dir/rosidl_typesupport_fastrtps_cpp/irob_interfaces/srv/detail/dds_fastrtps/at_goal__type_support.cpp.o
[ 75%] Linking CXX shared library libirob_interfaces__rosidl_typesupport_introspection_cpp.dylib
[ 76%] Linking CXX shared library libirob_interfaces__rosidl_typesupport_fastrtps_c.dylib
[ 76%] Built target irob_interfaces__rosidl_typesupport_introspection_cpp
[ 76%] Built target irob_interfaces__rosidl_typesupport_fastrtps_c
[ 78%] Linking CXX shared library libirob_interfaces__rosidl_typesupport_fastrtps_cpp.dylib
[ 78%] Built target irob_interfaces__rosidl_typesupport_fastrtps_cpp
[ 78%] Built target irob_interfaces
[ 80%] Generating Python code for ROS interfaces
[ 80%] Built target irob_interfaces__py
[ 87%] Building C object CMakeFiles/irob_interfaces__rosidl_generator_py.dir/rosidl_generator_py/irob_interfaces/srv/_get_goal_s.c.o
[ 87%] Building C object CMakeFiles/irob_interfaces__rosidl_generator_py.dir/rosidl_generator_py/irob_interfaces/srv/_deactivate_s.c.o
[ 87%] Building C object CMakeFiles/irob_interfaces__rosidl_generator_py.dir/rosidl_generator_py/irob_interfaces/srv/_at_goal_s.c.o
[ 87%] Building C object CMakeFiles/irob_interfaces__rosidl_generator_py.dir/rosidl_generator_py/irob_interfaces/srv/_activate_s.c.o
[ 89%] Linking C shared library rosidl_generator_py/irob_interfaces/libirob_interfaces__rosidl_generator_py.dylib
[ 89%] Built target irob_interfaces__rosidl_generator_py
[ 94%] Building C object CMakeFiles/irob_interfaces__rosidl_typesupport_introspection_c__pyext.dir/rosidl_generator_py/irob_interfaces/_irob_interfaces_s.ep.rosidl_typesupport_introspection_c.c.o
[ 94%] Building C object CMakeFiles/irob_interfaces__rosidl_typesupport_c__pyext.dir/rosidl_generator_py/irob_interfaces/_irob_interfaces_s.ep.rosidl_typesupport_c.c.o
[ 94%] Building C object CMakeFiles/irob_interfaces__rosidl_typesupport_fastrtps_c__pyext.dir/rosidl_generator_py/irob_interfaces/_irob_interfaces_s.ep.rosidl_typesupport_fastrtps_c.c.o
[ 96%] Linking C shared module rosidl_generator_py/irob_interfaces/irob_interfaces_s__rosidl_typesupport_introspection_c.cpython-312-darwin.so
[100%] Linking C shared module rosidl_generator_py/irob_interfaces/irob_interfaces_s__rosidl_typesupport_c.cpython-312-darwin.so
[100%] Linking C shared module rosidl_generator_py/irob_interfaces/irob_interfaces_s__rosidl_typesupport_fastrtps_c.cpython-312-darwin.so
[100%] Built target irob_interfaces__rosidl_typesupport_introspection_c__pyext
[100%] Built target irob_interfaces__rosidl_typesupport_c__pyext
[100%] Built target irob_interfaces__rosidl_typesupport_fastrtps_c__pyext
-- Install configuration: ""
-- Installing: /Users/milenavilcinskaite/Downloads/ros2_burger_final_form_ws/install/irob_interfaces/share/ament_index/resource_index/rosidl_interfaces/irob_interfaces
-- Installing: /Users/milenavilcinskaite/Downloads/ros2_burger_final_form_ws/install/irob_interfaces/include/irob_interfaces/irob_interfaces
-- Installing: /Users/milenavilcinskaite/Downloads/ros2_burger_final_form_ws/install/irob_interfaces/include/irob_interfaces/irob_interfaces/msg
-- Installing: /Users/milenavilcinskaite/Downloads/ros2_burger_final_form_ws/install/irob_interfaces/include/irob_interfaces/irob_interfaces/msg/rosidl_generator_c__visibility_control.h
-- Installing: /Users/milenavilcinskaite/Downloads/ros2_burger_final_form_ws/install/irob_interfaces/include/irob_interfaces/irob_interfaces/srv
-- Installing: /Users/milenavilcinskaite/Downloads/ros2_burger_final_form_ws/install/irob_interfaces/include/irob_interfaces/irob_interfaces/srv/activate.h
-- Installing: /Users/milenavilcinskaite/Downloads/ros2_burger_final_form_ws/install/irob_interfaces/include/irob_interfaces/irob_interfaces/srv/deactivate.h
-- Installing: /Users/milenavilcinskaite/Downloads/ros2_burger_final_form_ws/install/irob_interfaces/include/irob_interfaces/irob_interfaces/srv/detail
-- Installing: /Users/milenavilcinskaite/Downloads/ros2_burger_final_form_ws/install/irob_interfaces/include/irob_interfaces/irob_interfaces/srv/detail/deactivate__functions.h
-- Installing: /Users/milenavilcinskaite/Downloads/ros2_burger_final_form_ws/install/irob_interfaces/include/irob_interfaces/irob_interfaces/srv/detail/at_goal__functions.h
-- Installing: /Users/milenavilcinskaite/Downloads/ros2_burger_final_form_ws/install/irob_interfaces/include/irob_interfaces/irob_interfaces/srv/detail/activate__struct.h
-- Installing: /Users/milenavilcinskaite/Downloads/ros2_burger_final_form_ws/install/irob_interfaces/include/irob_interfaces/irob_interfaces/srv/detail/get_goal__struct.h
-- Installing: /Users/milenavilcinskaite/Downloads/ros2_burger_final_form_ws/install/irob_interfaces/include/irob_interfaces/irob_interfaces/srv/detail/deactivate__type_support.h
-- Installing: /Users/milenavilcinskaite/Downloads/ros2_burger_final_form_ws/install/irob_interfaces/include/irob_interfaces/irob_interfaces/srv/detail/activate__functions.h
-- Installing: /Users/milenavilcinskaite/Downloads/ros2_burger_final_form_ws/install/irob_interfaces/include/irob_interfaces/irob_interfaces/srv/detail/get_goal__functions.h
-- Installing: /Users/milenavilcinskaite/Downloads/ros2_burger_final_form_ws/install/irob_interfaces/include/irob_interfaces/irob_interfaces/srv/detail/at_goal__type_support.h
-- Installing: /Users/milenavilcinskaite/Downloads/ros2_burger_final_form_ws/install/irob_interfaces/include/irob_interfaces/irob_interfaces/srv/detail/at_goal__struct.h
-- Installing: /Users/milenavilcinskaite/Downloads/ros2_burger_final_form_ws/install/irob_interfaces/include/irob_interfaces/irob_interfaces/srv/detail/at_goal__functions.c
-- Installing: /Users/milenavilcinskaite/Downloads/ros2_burger_final_form_ws/install/irob_interfaces/include/irob_interfaces/irob_interfaces/srv/detail/get_goal__type_support.h
-- Installing: /Users/milenavilcinskaite/Downloads/ros2_burger_final_form_ws/install/irob_interfaces/include/irob_interfaces/irob_interfaces/srv/detail/deactivate__functions.c
-- Installing: /Users/milenavilcinskaite/Downloads/ros2_burger_final_form_ws/install/irob_interfaces/include/irob_interfaces/irob_interfaces/srv/detail/get_goal__functions.c
-- Installing: /Users/milenavilcinskaite/Downloads/ros2_burger_final_form_ws/install/irob_interfaces/include/irob_interfaces/irob_interfaces/srv/detail/deactivate__struct.h
-- Installing: /Users/milenavilcinskaite/Downloads/ros2_burger_final_form_ws/install/irob_interfaces/include/irob_interfaces/irob_interfaces/srv/detail/activate__functions.c
-- Installing: /Users/milenavilcinskaite/Downloads/ros2_burger_final_form_ws/install/irob_interfaces/include/irob_interfaces/irob_interfaces/srv/detail/activate__type_support.h
-- Installing: /Users/milenavilcinskaite/Downloads/ros2_burger_final_form_ws/install/irob_interfaces/include/irob_interfaces/irob_interfaces/srv/at_goal.h
-- Installing: /Users/milenavilcinskaite/Downloads/ros2_burger_final_form_ws/install/irob_interfaces/include/irob_interfaces/irob_interfaces/srv/get_goal.h
-- Installing: /Users/milenavilcinskaite/Downloads/ros2_burger_final_form_ws/install/irob_interfaces/lib/libirob_interfaces__rosidl_generator_c.dylib
-- Up-to-date: /Users/milenavilcinskaite/Downloads/ros2_burger_final_form_ws/install/irob_interfaces/include/irob_interfaces/irob_interfaces
-- Up-to-date: /Users/milenavilcinskaite/Downloads/ros2_burger_final_form_ws/install/irob_interfaces/include/irob_interfaces/irob_interfaces/msg
-- Installing: /Users/milenavilcinskaite/Downloads/ros2_burger_final_form_ws/install/irob_interfaces/include/irob_interfaces/irob_interfaces/msg/rosidl_typesupport_fastrtps_c__visibility_control.h
-- Up-to-date: /Users/milenavilcinskaite/Downloads/ros2_burger_final_form_ws/install/irob_interfaces/include/irob_interfaces/irob_interfaces/srv
-- Up-to-date: /Users/milenavilcinskaite/Downloads/ros2_burger_final_form_ws/install/irob_interfaces/include/irob_interfaces/irob_interfaces/srv/detail
-- Installing: /Users/milenavilcinskaite/Downloads/ros2_burger_final_form_ws/install/irob_interfaces/include/irob_interfaces/irob_interfaces/srv/detail/get_goal__rosidl_typesupport_fastrtps_c.h
-- Installing: /Users/milenavilcinskaite/Downloads/ros2_burger_final_form_ws/install/irob_interfaces/include/irob_interfaces/irob_interfaces/srv/detail/at_goal__rosidl_typesupport_fastrtps_c.h
-- Installing: /Users/milenavilcinskaite/Downloads/ros2_burger_final_form_ws/install/irob_interfaces/include/irob_interfaces/irob_interfaces/srv/detail/activate__rosidl_typesupport_fastrtps_c.h
-- Installing: /Users/milenavilcinskaite/Downloads/ros2_burger_final_form_ws/install/irob_interfaces/include/irob_interfaces/irob_interfaces/srv/detail/deactivate__rosidl_typesupport_fastrtps_c.h
-- Installing: /Users/milenavilcinskaite/Downloads/ros2_burger_final_form_ws/install/irob_interfaces/lib/libirob_interfaces__rosidl_typesupport_fastrtps_c.dylib
/Users/milenavilcinskaite/micromamba/envs/ros_env4/bin/install_name_tool: warning: changes being made to the file will invalidate the code signature in: /Users/milenavilcinskaite/Downloads/ros2_burger_final_form_ws/install/irob_interfaces/lib/libirob_interfaces__rosidl_typesupport_fastrtps_c.dylib
[cctools-port]: generating fake signature for '/Users/milenavilcinskaite/Downloads/ros2_burger_final_form_ws/install/irob_interfaces/lib/libirob_interfaces__rosidl_typesupport_fastrtps_c.dylib'
-- Up-to-date: /Users/milenavilcinskaite/Downloads/ros2_burger_final_form_ws/install/irob_interfaces/include/irob_interfaces/irob_interfaces
-- Up-to-date: /Users/milenavilcinskaite/Downloads/ros2_burger_final_form_ws/install/irob_interfaces/include/irob_interfaces/irob_interfaces/msg
-- Installing: /Users/milenavilcinskaite/Downloads/ros2_burger_final_form_ws/install/irob_interfaces/include/irob_interfaces/irob_interfaces/msg/rosidl_typesupport_introspection_c__visibility_control.h
-- Up-to-date: /Users/milenavilcinskaite/Downloads/ros2_burger_final_form_ws/install/irob_interfaces/include/irob_interfaces/irob_interfaces/srv
-- Up-to-date: /Users/milenavilcinskaite/Downloads/ros2_burger_final_form_ws/install/irob_interfaces/include/irob_interfaces/irob_interfaces/srv/detail
-- Installing: /Users/milenavilcinskaite/Downloads/ros2_burger_final_form_ws/install/irob_interfaces/include/irob_interfaces/irob_interfaces/srv/detail/at_goal__rosidl_typesupport_introspection_c.h
-- Installing: /Users/milenavilcinskaite/Downloads/ros2_burger_final_form_ws/install/irob_interfaces/include/irob_interfaces/irob_interfaces/srv/detail/get_goal__type_support.c
-- Installing: /Users/milenavilcinskaite/Downloads/ros2_burger_final_form_ws/install/irob_interfaces/include/irob_interfaces/irob_interfaces/srv/detail/deactivate__rosidl_typesupport_introspection_c.h
-- Installing: /Users/milenavilcinskaite/Downloads/ros2_burger_final_form_ws/install/irob_interfaces/include/irob_interfaces/irob_interfaces/srv/detail/activate__rosidl_typesupport_introspection_c.h
-- Installing: /Users/milenavilcinskaite/Downloads/ros2_burger_final_form_ws/install/irob_interfaces/include/irob_interfaces/irob_interfaces/srv/detail/activate__type_support.c
-- Installing: /Users/milenavilcinskaite/Downloads/ros2_burger_final_form_ws/install/irob_interfaces/include/irob_interfaces/irob_interfaces/srv/detail/get_goal__rosidl_typesupport_introspection_c.h
-- Installing: /Users/milenavilcinskaite/Downloads/ros2_burger_final_form_ws/install/irob_interfaces/include/irob_interfaces/irob_interfaces/srv/detail/deactivate__type_support.c
-- Installing: /Users/milenavilcinskaite/Downloads/ros2_burger_final_form_ws/install/irob_interfaces/include/irob_interfaces/irob_interfaces/srv/detail/at_goal__type_support.c
-- Installing: /Users/milenavilcinskaite/Downloads/ros2_burger_final_form_ws/install/irob_interfaces/lib/libirob_interfaces__rosidl_typesupport_introspection_c.dylib
/Users/milenavilcinskaite/micromamba/envs/ros_env4/bin/install_name_tool: warning: changes being made to the file will invalidate the code signature in: /Users/milenavilcinskaite/Downloads/ros2_burger_final_form_ws/install/irob_interfaces/lib/libirob_interfaces__rosidl_typesupport_introspection_c.dylib
[cctools-port]: generating fake signature for '/Users/milenavilcinskaite/Downloads/ros2_burger_final_form_ws/install/irob_interfaces/lib/libirob_interfaces__rosidl_typesupport_introspection_c.dylib'
-- Installing: /Users/milenavilcinskaite/Downloads/ros2_burger_final_form_ws/install/irob_interfaces/lib/libirob_interfaces__rosidl_typesupport_c.dylib
/Users/milenavilcinskaite/micromamba/envs/ros_env4/bin/install_name_tool: warning: changes being made to the file will invalidate the code signature in: /Users/milenavilcinskaite/Downloads/ros2_burger_final_form_ws/install/irob_interfaces/lib/libirob_interfaces__rosidl_typesupport_c.dylib
[cctools-port]: generating fake signature for '/Users/milenavilcinskaite/Downloads/ros2_burger_final_form_ws/install/irob_interfaces/lib/libirob_interfaces__rosidl_typesupport_c.dylib'
-- Up-to-date: /Users/milenavilcinskaite/Downloads/ros2_burger_final_form_ws/install/irob_interfaces/include/irob_interfaces/irob_interfaces
-- Up-to-date: /Users/milenavilcinskaite/Downloads/ros2_burger_final_form_ws/install/irob_interfaces/include/irob_interfaces/irob_interfaces/msg
-- Installing: /Users/milenavilcinskaite/Downloads/ros2_burger_final_form_ws/install/irob_interfaces/include/irob_interfaces/irob_interfaces/msg/rosidl_generator_cpp__visibility_control.hpp
-- Up-to-date: /Users/milenavilcinskaite/Downloads/ros2_burger_final_form_ws/install/irob_interfaces/include/irob_interfaces/irob_interfaces/srv
-- Installing: /Users/milenavilcinskaite/Downloads/ros2_burger_final_form_ws/install/irob_interfaces/include/irob_interfaces/irob_interfaces/srv/get_goal.hpp
-- Installing: /Users/milenavilcinskaite/Downloads/ros2_burger_final_form_ws/install/irob_interfaces/include/irob_interfaces/irob_interfaces/srv/at_goal.hpp
-- Installing: /Users/milenavilcinskaite/Downloads/ros2_burger_final_form_ws/install/irob_interfaces/include/irob_interfaces/irob_interfaces/srv/deactivate.hpp
-- Up-to-date: /Users/milenavilcinskaite/Downloads/ros2_burger_final_form_ws/install/irob_interfaces/include/irob_interfaces/irob_interfaces/srv/detail
-- Installing: /Users/milenavilcinskaite/Downloads/ros2_burger_final_form_ws/install/irob_interfaces/include/irob_interfaces/irob_interfaces/srv/detail/activate__struct.hpp
-- Installing: /Users/milenavilcinskaite/Downloads/ros2_burger_final_form_ws/install/irob_interfaces/include/irob_interfaces/irob_interfaces/srv/detail/at_goal__struct.hpp
-- Installing: /Users/milenavilcinskaite/Downloads/ros2_burger_final_form_ws/install/irob_interfaces/include/irob_interfaces/irob_interfaces/srv/detail/get_goal__struct.hpp
-- Installing: /Users/milenavilcinskaite/Downloads/ros2_burger_final_form_ws/install/irob_interfaces/include/irob_interfaces/irob_interfaces/srv/detail/deactivate__traits.hpp
-- Installing: /Users/milenavilcinskaite/Downloads/ros2_burger_final_form_ws/install/irob_interfaces/include/irob_interfaces/irob_interfaces/srv/detail/activate__type_support.hpp
-- Installing: /Users/milenavilcinskaite/Downloads/ros2_burger_final_form_ws/install/irob_interfaces/include/irob_interfaces/irob_interfaces/srv/detail/activate__traits.hpp
-- Installing: /Users/milenavilcinskaite/Downloads/ros2_burger_final_form_ws/install/irob_interfaces/include/irob_interfaces/irob_interfaces/srv/detail/at_goal__type_support.hpp
-- Installing: /Users/milenavilcinskaite/Downloads/ros2_burger_final_form_ws/install/irob_interfaces/include/irob_interfaces/irob_interfaces/srv/detail/deactivate__type_support.hpp
-- Installing: /Users/milenavilcinskaite/Downloads/ros2_burger_final_form_ws/install/irob_interfaces/include/irob_interfaces/irob_interfaces/srv/detail/get_goal__builder.hpp
-- Installing: /Users/milenavilcinskaite/Downloads/ros2_burger_final_form_ws/install/irob_interfaces/include/irob_interfaces/irob_interfaces/srv/detail/activate__builder.hpp
-- Installing: /Users/milenavilcinskaite/Downloads/ros2_burger_final_form_ws/install/irob_interfaces/include/irob_interfaces/irob_interfaces/srv/detail/at_goal__traits.hpp
-- Installing: /Users/milenavilcinskaite/Downloads/ros2_burger_final_form_ws/install/irob_interfaces/include/irob_interfaces/irob_interfaces/srv/detail/deactivate__builder.hpp
-- Installing: /Users/milenavilcinskaite/Downloads/ros2_burger_final_form_ws/install/irob_interfaces/include/irob_interfaces/irob_interfaces/srv/detail/at_goal__builder.hpp
-- Installing: /Users/milenavilcinskaite/Downloads/ros2_burger_final_form_ws/install/irob_interfaces/include/irob_interfaces/irob_interfaces/srv/detail/get_goal__traits.hpp
-- Installing: /Users/milenavilcinskaite/Downloads/ros2_burger_final_form_ws/install/irob_interfaces/include/irob_interfaces/irob_interfaces/srv/detail/deactivate__struct.hpp
-- Installing: /Users/milenavilcinskaite/Downloads/ros2_burger_final_form_ws/install/irob_interfaces/include/irob_interfaces/irob_interfaces/srv/detail/get_goal__type_support.hpp
-- Installing: /Users/milenavilcinskaite/Downloads/ros2_burger_final_form_ws/install/irob_interfaces/include/irob_interfaces/irob_interfaces/srv/activate.hpp
-- Up-to-date: /Users/milenavilcinskaite/Downloads/ros2_burger_final_form_ws/install/irob_interfaces/include/irob_interfaces/irob_interfaces
-- Up-to-date: /Users/milenavilcinskaite/Downloads/ros2_burger_final_form_ws/install/irob_interfaces/include/irob_interfaces/irob_interfaces/msg
-- Installing: /Users/milenavilcinskaite/Downloads/ros2_burger_final_form_ws/install/irob_interfaces/include/irob_interfaces/irob_interfaces/msg/rosidl_typesupport_fastrtps_cpp__visibility_control.h
-- Up-to-date: /Users/milenavilcinskaite/Downloads/ros2_burger_final_form_ws/install/irob_interfaces/include/irob_interfaces/irob_interfaces/srv
-- Up-to-date: /Users/milenavilcinskaite/Downloads/ros2_burger_final_form_ws/install/irob_interfaces/include/irob_interfaces/irob_interfaces/srv/detail
-- Installing: /Users/milenavilcinskaite/Downloads/ros2_burger_final_form_ws/install/irob_interfaces/include/irob_interfaces/irob_interfaces/srv/detail/activate__rosidl_typesupport_fastrtps_cpp.hpp
-- Installing: /Users/milenavilcinskaite/Downloads/ros2_burger_final_form_ws/install/irob_interfaces/include/irob_interfaces/irob_interfaces/srv/detail/get_goal__rosidl_typesupport_fastrtps_cpp.hpp
-- Installing: /Users/milenavilcinskaite/Downloads/ros2_burger_final_form_ws/install/irob_interfaces/include/irob_interfaces/irob_interfaces/srv/detail/deactivate__rosidl_typesupport_fastrtps_cpp.hpp
-- Installing: /Users/milenavilcinskaite/Downloads/ros2_burger_final_form_ws/install/irob_interfaces/include/irob_interfaces/irob_interfaces/srv/detail/at_goal__rosidl_typesupport_fastrtps_cpp.hpp
-- Installing: /Users/milenavilcinskaite/Downloads/ros2_burger_final_form_ws/install/irob_interfaces/include/irob_interfaces/irob_interfaces/srv/detail/dds_fastrtps
-- Installing: /Users/milenavilcinskaite/Downloads/ros2_burger_final_form_ws/install/irob_interfaces/lib/libirob_interfaces__rosidl_typesupport_fastrtps_cpp.dylib
-- Up-to-date: /Users/milenavilcinskaite/Downloads/ros2_burger_final_form_ws/install/irob_interfaces/include/irob_interfaces/irob_interfaces
-- Up-to-date: /Users/milenavilcinskaite/Downloads/ros2_burger_final_form_ws/install/irob_interfaces/include/irob_interfaces/irob_interfaces/srv
-- Up-to-date: /Users/milenavilcinskaite/Downloads/ros2_burger_final_form_ws/install/irob_interfaces/include/irob_interfaces/irob_interfaces/srv/detail
-- Installing: /Users/milenavilcinskaite/Downloads/ros2_burger_final_form_ws/install/irob_interfaces/include/irob_interfaces/irob_interfaces/srv/detail/deactivate__rosidl_typesupport_introspection_cpp.hpp
-- Installing: /Users/milenavilcinskaite/Downloads/ros2_burger_final_form_ws/install/irob_interfaces/include/irob_interfaces/irob_interfaces/srv/detail/get_goal__type_support.cpp
-- Installing: /Users/milenavilcinskaite/Downloads/ros2_burger_final_form_ws/install/irob_interfaces/include/irob_interfaces/irob_interfaces/srv/detail/at_goal__rosidl_typesupport_introspection_cpp.hpp
-- Installing: /Users/milenavilcinskaite/Downloads/ros2_burger_final_form_ws/install/irob_interfaces/include/irob_interfaces/irob_interfaces/srv/detail/at_goal__type_support.cpp
-- Installing: /Users/milenavilcinskaite/Downloads/ros2_burger_final_form_ws/install/irob_interfaces/include/irob_interfaces/irob_interfaces/srv/detail/deactivate__type_support.cpp
-- Installing: /Users/milenavilcinskaite/Downloads/ros2_burger_final_form_ws/install/irob_interfaces/include/irob_interfaces/irob_interfaces/srv/detail/activate__rosidl_typesupport_introspection_cpp.hpp
-- Installing: /Users/milenavilcinskaite/Downloads/ros2_burger_final_form_ws/install/irob_interfaces/include/irob_interfaces/irob_interfaces/srv/detail/activate__type_support.cpp
-- Installing: /Users/milenavilcinskaite/Downloads/ros2_burger_final_form_ws/install/irob_interfaces/include/irob_interfaces/irob_interfaces/srv/detail/get_goal__rosidl_typesupport_introspection_cpp.hpp
-- Installing: /Users/milenavilcinskaite/Downloads/ros2_burger_final_form_ws/install/irob_interfaces/lib/libirob_interfaces__rosidl_typesupport_introspection_cpp.dylib
-- Installing: /Users/milenavilcinskaite/Downloads/ros2_burger_final_form_ws/install/irob_interfaces/lib/libirob_interfaces__rosidl_typesupport_cpp.dylib
-- Installing: /Users/milenavilcinskaite/Downloads/ros2_burger_final_form_ws/install/irob_interfaces/share/irob_interfaces/environment/pythonpath.sh
-- Installing: /Users/milenavilcinskaite/Downloads/ros2_burger_final_form_ws/install/irob_interfaces/share/irob_interfaces/environment/pythonpath.dsv
-- Installing: /Users/milenavilcinskaite/Downloads/ros2_burger_final_form_ws/install/irob_interfaces/lib/python3.12/site-packages/irob_interfaces-1.0.0-py3.12.egg-info
-- Installing: /Users/milenavilcinskaite/Downloads/ros2_burger_final_form_ws/install/irob_interfaces/lib/python3.12/site-packages/irob_interfaces-1.0.0-py3.12.egg-info/PKG-INFO
-- Installing: /Users/milenavilcinskaite/Downloads/ros2_burger_final_form_ws/install/irob_interfaces/lib/python3.12/site-packages/irob_interfaces-1.0.0-py3.12.egg-info/SOURCES.txt
-- Installing: /Users/milenavilcinskaite/Downloads/ros2_burger_final_form_ws/install/irob_interfaces/lib/python3.12/site-packages/irob_interfaces-1.0.0-py3.12.egg-info/top_level.txt
-- Installing: /Users/milenavilcinskaite/Downloads/ros2_burger_final_form_ws/install/irob_interfaces/lib/python3.12/site-packages/irob_interfaces-1.0.0-py3.12.egg-info/dependency_links.txt
-- Installing: /Users/milenavilcinskaite/Downloads/ros2_burger_final_form_ws/install/irob_interfaces/lib/python3.12/site-packages/irob_interfaces
-- Installing: /Users/milenavilcinskaite/Downloads/ros2_burger_final_form_ws/install/irob_interfaces/lib/python3.12/site-packages/irob_interfaces/irob_interfaces_s__rosidl_typesupport_c.cpython-312-darwin.so
-- Installing: /Users/milenavilcinskaite/Downloads/ros2_burger_final_form_ws/install/irob_interfaces/lib/python3.12/site-packages/irob_interfaces/libirob_interfaces__rosidl_generator_py.dylib
-- Installing: /Users/milenavilcinskaite/Downloads/ros2_burger_final_form_ws/install/irob_interfaces/lib/python3.12/site-packages/irob_interfaces/__init__.py
-- Installing: /Users/milenavilcinskaite/Downloads/ros2_burger_final_form_ws/install/irob_interfaces/lib/python3.12/site-packages/irob_interfaces/_irob_interfaces_s.ep.rosidl_typesupport_c.c
-- Installing: /Users/milenavilcinskaite/Downloads/ros2_burger_final_form_ws/install/irob_interfaces/lib/python3.12/site-packages/irob_interfaces/irob_interfaces_s__rosidl_typesupport_fastrtps_c.cpython-312-darwin.so
-- Installing: /Users/milenavilcinskaite/Downloads/ros2_burger_final_form_ws/install/irob_interfaces/lib/python3.12/site-packages/irob_interfaces/_irob_interfaces_s.ep.rosidl_typesupport_fastrtps_c.c
-- Installing: /Users/milenavilcinskaite/Downloads/ros2_burger_final_form_ws/install/irob_interfaces/lib/python3.12/site-packages/irob_interfaces/_irob_interfaces_s.ep.rosidl_typesupport_introspection_c.c
-- Installing: /Users/milenavilcinskaite/Downloads/ros2_burger_final_form_ws/install/irob_interfaces/lib/python3.12/site-packages/irob_interfaces/srv
-- Installing: /Users/milenavilcinskaite/Downloads/ros2_burger_final_form_ws/install/irob_interfaces/lib/python3.12/site-packages/irob_interfaces/srv/_deactivate.py
-- Installing: /Users/milenavilcinskaite/Downloads/ros2_burger_final_form_ws/install/irob_interfaces/lib/python3.12/site-packages/irob_interfaces/srv/_at_goal_s.c
-- Installing: /Users/milenavilcinskaite/Downloads/ros2_burger_final_form_ws/install/irob_interfaces/lib/python3.12/site-packages/irob_interfaces/srv/_deactivate_s.c
-- Installing: /Users/milenavilcinskaite/Downloads/ros2_burger_final_form_ws/install/irob_interfaces/lib/python3.12/site-packages/irob_interfaces/srv/_at_goal.py
-- Installing: /Users/milenavilcinskaite/Downloads/ros2_burger_final_form_ws/install/irob_interfaces/lib/python3.12/site-packages/irob_interfaces/srv/_get_goal_s.c
-- Installing: /Users/milenavilcinskaite/Downloads/ros2_burger_final_form_ws/install/irob_interfaces/lib/python3.12/site-packages/irob_interfaces/srv/__init__.py
-- Installing: /Users/milenavilcinskaite/Downloads/ros2_burger_final_form_ws/install/irob_interfaces/lib/python3.12/site-packages/irob_interfaces/srv/_get_goal.py
-- Installing: /Users/milenavilcinskaite/Downloads/ros2_burger_final_form_ws/install/irob_interfaces/lib/python3.12/site-packages/irob_interfaces/srv/_activate.py
-- Installing: /Users/milenavilcinskaite/Downloads/ros2_burger_final_form_ws/install/irob_interfaces/lib/python3.12/site-packages/irob_interfaces/srv/_activate_s.c
-- Installing: /Users/milenavilcinskaite/Downloads/ros2_burger_final_form_ws/install/irob_interfaces/lib/python3.12/site-packages/irob_interfaces/irob_interfaces_s__rosidl_typesupport_introspection_c.cpython-312-darwin.so
Listing 'lib/python3.12/site-packages/irob_interfaces'...
Can't list 'lib/python3.12/site-packages/irob_interfaces'
-- Up-to-date: /Users/milenavilcinskaite/Downloads/ros2_burger_final_form_ws/install/irob_interfaces/lib/python3.12/site-packages/irob_interfaces/irob_interfaces_s__rosidl_typesupport_fastrtps_c.cpython-312-darwin.so
/Users/milenavilcinskaite/micromamba/envs/ros_env4/bin/install_name_tool: warning: changes being made to the file will invalidate the code signature in: /Users/milenavilcinskaite/Downloads/ros2_burger_final_form_ws/install/irob_interfaces/lib/python3.12/site-packages/irob_interfaces/irob_interfaces_s__rosidl_typesupport_fastrtps_c.cpython-312-darwin.so
[cctools-port]: generating fake signature for '/Users/milenavilcinskaite/Downloads/ros2_burger_final_form_ws/install/irob_interfaces/lib/python3.12/site-packages/irob_interfaces/irob_interfaces_s__rosidl_typesupport_fastrtps_c.cpython-312-darwin.so'
-- Up-to-date: /Users/milenavilcinskaite/Downloads/ros2_burger_final_form_ws/install/irob_interfaces/lib/python3.12/site-packages/irob_interfaces/irob_interfaces_s__rosidl_typesupport_introspection_c.cpython-312-darwin.so
/Users/milenavilcinskaite/micromamba/envs/ros_env4/bin/install_name_tool: warning: changes being made to the file will invalidate the code signature in: /Users/milenavilcinskaite/Downloads/ros2_burger_final_form_ws/install/irob_interfaces/lib/python3.12/site-packages/irob_interfaces/irob_interfaces_s__rosidl_typesupport_introspection_c.cpython-312-darwin.so
[cctools-port]: generating fake signature for '/Users/milenavilcinskaite/Downloads/ros2_burger_final_form_ws/install/irob_interfaces/lib/python3.12/site-packages/irob_interfaces/irob_interfaces_s__rosidl_typesupport_introspection_c.cpython-312-darwin.so'
-- Up-to-date: /Users/milenavilcinskaite/Downloads/ros2_burger_final_form_ws/install/irob_interfaces/lib/python3.12/site-packages/irob_interfaces/irob_interfaces_s__rosidl_typesupport_c.cpython-312-darwin.so
/Users/milenavilcinskaite/micromamba/envs/ros_env4/bin/install_name_tool: warning: changes being made to the file will invalidate the code signature in: /Users/milenavilcinskaite/Downloads/ros2_burger_final_form_ws/install/irob_interfaces/lib/python3.12/site-packages/irob_interfaces/irob_interfaces_s__rosidl_typesupport_c.cpython-312-darwin.so
[cctools-port]: generating fake signature for '/Users/milenavilcinskaite/Downloads/ros2_burger_final_form_ws/install/irob_interfaces/lib/python3.12/site-packages/irob_interfaces/irob_interfaces_s__rosidl_typesupport_c.cpython-312-darwin.so'
-- Installing: /Users/milenavilcinskaite/Downloads/ros2_burger_final_form_ws/install/irob_interfaces/lib/libirob_interfaces__rosidl_generator_py.dylib
/Users/milenavilcinskaite/micromamba/envs/ros_env4/bin/install_name_tool: warning: changes being made to the file will invalidate the code signature in: /Users/milenavilcinskaite/Downloads/ros2_burger_final_form_ws/install/irob_interfaces/lib/libirob_interfaces__rosidl_generator_py.dylib
[cctools-port]: generating fake signature for '/Users/milenavilcinskaite/Downloads/ros2_burger_final_form_ws/install/irob_interfaces/lib/libirob_interfaces__rosidl_generator_py.dylib'
-- Installing: /Users/milenavilcinskaite/Downloads/ros2_burger_final_form_ws/install/irob_interfaces/share/ament_index/resource_index/rust_packages/irob_interfaces
-- Installing: /Users/milenavilcinskaite/Downloads/ros2_burger_final_form_ws/install/irob_interfaces/share/irob_interfaces/rust
-- Installing: /Users/milenavilcinskaite/Downloads/ros2_burger_final_form_ws/install/irob_interfaces/share/irob_interfaces/rust/Cargo.toml
-- Installing: /Users/milenavilcinskaite/Downloads/ros2_burger_final_form_ws/install/irob_interfaces/share/irob_interfaces/rust/build.rs
-- Installing: /Users/milenavilcinskaite/Downloads/ros2_burger_final_form_ws/install/irob_interfaces/share/irob_interfaces/rust/src
-- Installing: /Users/milenavilcinskaite/Downloads/ros2_burger_final_form_ws/install/irob_interfaces/share/irob_interfaces/rust/src/lib.rs
-- Installing: /Users/milenavilcinskaite/Downloads/ros2_burger_final_form_ws/install/irob_interfaces/share/irob_interfaces/rust/src/srv.rs
-- Installing: /Users/milenavilcinskaite/Downloads/ros2_burger_final_form_ws/install/irob_interfaces/share/irob_interfaces/rust/src/srv
-- Installing: /Users/milenavilcinskaite/Downloads/ros2_burger_final_form_ws/install/irob_interfaces/share/irob_interfaces/rust/src/srv/rmw.rs
-- Installing: /Users/milenavilcinskaite/Downloads/ros2_burger_final_form_ws/install/irob_interfaces/share/irob_interfaces/srv/GetGoal.idl
-- Installing: /Users/milenavilcinskaite/Downloads/ros2_burger_final_form_ws/install/irob_interfaces/share/irob_interfaces/srv/Activate.idl
-- Installing: /Users/milenavilcinskaite/Downloads/ros2_burger_final_form_ws/install/irob_interfaces/share/irob_interfaces/srv/Deactivate.idl
-- Installing: /Users/milenavilcinskaite/Downloads/ros2_burger_final_form_ws/install/irob_interfaces/share/irob_interfaces/srv/AtGoal.idl
-- Installing: /Users/milenavilcinskaite/Downloads/ros2_burger_final_form_ws/install/irob_interfaces/share/irob_interfaces/srv/GetGoal.srv
-- Installing: /Users/milenavilcinskaite/Downloads/ros2_burger_final_form_ws/install/irob_interfaces/share/irob_interfaces/srv/GetGoal_Request.msg
-- Installing: /Users/milenavilcinskaite/Downloads/ros2_burger_final_form_ws/install/irob_interfaces/share/irob_interfaces/srv/GetGoal_Response.msg
-- Installing: /Users/milenavilcinskaite/Downloads/ros2_burger_final_form_ws/install/irob_interfaces/share/irob_interfaces/srv/Activate.srv
-- Installing: /Users/milenavilcinskaite/Downloads/ros2_burger_final_form_ws/install/irob_interfaces/share/irob_interfaces/srv/Activate_Request.msg
-- Installing: /Users/milenavilcinskaite/Downloads/ros2_burger_final_form_ws/install/irob_interfaces/share/irob_interfaces/srv/Activate_Response.msg
-- Installing: /Users/milenavilcinskaite/Downloads/ros2_burger_final_form_ws/install/irob_interfaces/share/irob_interfaces/srv/Deactivate.srv
-- Installing: /Users/milenavilcinskaite/Downloads/ros2_burger_final_form_ws/install/irob_interfaces/share/irob_interfaces/srv/Deactivate_Request.msg
-- Installing: /Users/milenavilcinskaite/Downloads/ros2_burger_final_form_ws/install/irob_interfaces/share/irob_interfaces/srv/Deactivate_Response.msg
-- Installing: /Users/milenavilcinskaite/Downloads/ros2_burger_final_form_ws/install/irob_interfaces/share/irob_interfaces/srv/AtGoal.srv
-- Installing: /Users/milenavilcinskaite/Downloads/ros2_burger_final_form_ws/install/irob_interfaces/share/irob_interfaces/srv/AtGoal_Request.msg
-- Installing: /Users/milenavilcinskaite/Downloads/ros2_burger_final_form_ws/install/irob_interfaces/share/irob_interfaces/srv/AtGoal_Response.msg
-- Installing: /Users/milenavilcinskaite/Downloads/ros2_burger_final_form_ws/install/irob_interfaces/share/ament_index/resource_index/package_run_dependencies/irob_interfaces
-- Installing: /Users/milenavilcinskaite/Downloads/ros2_burger_final_form_ws/install/irob_interfaces/share/ament_index/resource_index/parent_prefix_path/irob_interfaces
-- Installing: /Users/milenavilcinskaite/Downloads/ros2_burger_final_form_ws/install/irob_interfaces/share/irob_interfaces/environment/ament_prefix_path.sh
-- Installing: /Users/milenavilcinskaite/Downloads/ros2_burger_final_form_ws/install/irob_interfaces/share/irob_interfaces/environment/ament_prefix_path.dsv
-- Installing: /Users/milenavilcinskaite/Downloads/ros2_burger_final_form_ws/install/irob_interfaces/share/irob_interfaces/environment/path.sh
-- Installing: /Users/milenavilcinskaite/Downloads/ros2_burger_final_form_ws/install/irob_interfaces/share/irob_interfaces/environment/path.dsv
-- Installing: /Users/milenavilcinskaite/Downloads/ros2_burger_final_form_ws/install/irob_interfaces/share/irob_interfaces/local_setup.bash
-- Installing: /Users/milenavilcinskaite/Downloads/ros2_burger_final_form_ws/install/irob_interfaces/share/irob_interfaces/local_setup.sh
-- Installing: /Users/milenavilcinskaite/Downloads/ros2_burger_final_form_ws/install/irob_interfaces/share/irob_interfaces/local_setup.zsh
-- Installing: /Users/milenavilcinskaite/Downloads/ros2_burger_final_form_ws/install/irob_interfaces/share/irob_interfaces/local_setup.dsv
-- Installing: /Users/milenavilcinskaite/Downloads/ros2_burger_final_form_ws/install/irob_interfaces/share/irob_interfaces/package.dsv
-- Installing: /Users/milenavilcinskaite/Downloads/ros2_burger_final_form_ws/install/irob_interfaces/share/ament_index/resource_index/packages/irob_interfaces
-- Installing: /Users/milenavilcinskaite/Downloads/ros2_burger_final_form_ws/install/irob_interfaces/share/irob_interfaces/cmake/export_irob_interfaces__rosidl_generator_cExport.cmake
-- Installing: /Users/milenavilcinskaite/Downloads/ros2_burger_final_form_ws/install/irob_interfaces/share/irob_interfaces/cmake/export_irob_interfaces__rosidl_generator_cExport-noconfig.cmake
-- Installing: /Users/milenavilcinskaite/Downloads/ros2_burger_final_form_ws/install/irob_interfaces/share/irob_interfaces/cmake/export_irob_interfaces__rosidl_typesupport_fastrtps_cExport.cmake
-- Installing: /Users/milenavilcinskaite/Downloads/ros2_burger_final_form_ws/install/irob_interfaces/share/irob_interfaces/cmake/export_irob_interfaces__rosidl_typesupport_fastrtps_cExport-noconfig.cmake
-- Installing: /Users/milenavilcinskaite/Downloads/ros2_burger_final_form_ws/install/irob_interfaces/share/irob_interfaces/cmake/irob_interfaces__rosidl_typesupport_introspection_cExport.cmake
-- Installing: /Users/milenavilcinskaite/Downloads/ros2_burger_final_form_ws/install/irob_interfaces/share/irob_interfaces/cmake/irob_interfaces__rosidl_typesupport_introspection_cExport-noconfig.cmake
-- Installing: /Users/milenavilcinskaite/Downloads/ros2_burger_final_form_ws/install/irob_interfaces/share/irob_interfaces/cmake/irob_interfaces__rosidl_typesupport_cExport.cmake
-- Installing: /Users/milenavilcinskaite/Downloads/ros2_burger_final_form_ws/install/irob_interfaces/share/irob_interfaces/cmake/irob_interfaces__rosidl_typesupport_cExport-noconfig.cmake
-- Installing: /Users/milenavilcinskaite/Downloads/ros2_burger_final_form_ws/install/irob_interfaces/share/irob_interfaces/cmake/export_irob_interfaces__rosidl_generator_cppExport.cmake
-- Installing: /Users/milenavilcinskaite/Downloads/ros2_burger_final_form_ws/install/irob_interfaces/share/irob_interfaces/cmake/export_irob_interfaces__rosidl_typesupport_fastrtps_cppExport.cmake
-- Installing: /Users/milenavilcinskaite/Downloads/ros2_burger_final_form_ws/install/irob_interfaces/share/irob_interfaces/cmake/export_irob_interfaces__rosidl_typesupport_fastrtps_cppExport-noconfig.cmake
-- Installing: /Users/milenavilcinskaite/Downloads/ros2_burger_final_form_ws/install/irob_interfaces/share/irob_interfaces/cmake/irob_interfaces__rosidl_typesupport_introspection_cppExport.cmake
-- Installing: /Users/milenavilcinskaite/Downloads/ros2_burger_final_form_ws/install/irob_interfaces/share/irob_interfaces/cmake/irob_interfaces__rosidl_typesupport_introspection_cppExport-noconfig.cmake
-- Installing: /Users/milenavilcinskaite/Downloads/ros2_burger_final_form_ws/install/irob_interfaces/share/irob_interfaces/cmake/irob_interfaces__rosidl_typesupport_cppExport.cmake
-- Installing: /Users/milenavilcinskaite/Downloads/ros2_burger_final_form_ws/install/irob_interfaces/share/irob_interfaces/cmake/irob_interfaces__rosidl_typesupport_cppExport-noconfig.cmake
-- Installing: /Users/milenavilcinskaite/Downloads/ros2_burger_final_form_ws/install/irob_interfaces/share/irob_interfaces/cmake/export_irob_interfaces__rosidl_generator_pyExport.cmake
-- Installing: /Users/milenavilcinskaite/Downloads/ros2_burger_final_form_ws/install/irob_interfaces/share/irob_interfaces/cmake/export_irob_interfaces__rosidl_generator_pyExport-noconfig.cmake
-- Installing: /Users/milenavilcinskaite/Downloads/ros2_burger_final_form_ws/install/irob_interfaces/share/irob_interfaces/cmake/rosidl_cmake-extras.cmake
-- Installing: /Users/milenavilcinskaite/Downloads/ros2_burger_final_form_ws/install/irob_interfaces/share/irob_interfaces/cmake/ament_cmake_export_include_directories-extras.cmake
-- Installing: /Users/milenavilcinskaite/Downloads/ros2_burger_final_form_ws/install/irob_interfaces/share/irob_interfaces/cmake/ament_cmake_export_libraries-extras.cmake
-- Installing: /Users/milenavilcinskaite/Downloads/ros2_burger_final_form_ws/install/irob_interfaces/share/irob_interfaces/cmake/ament_cmake_export_targets-extras.cmake
-- Installing: /Users/milenavilcinskaite/Downloads/ros2_burger_final_form_ws/install/irob_interfaces/share/irob_interfaces/cmake/rosidl_cmake_export_typesupport_targets-extras.cmake
-- Installing: /Users/milenavilcinskaite/Downloads/ros2_burger_final_form_ws/install/irob_interfaces/share/irob_interfaces/cmake/ament_cmake_export_dependencies-extras.cmake
-- Installing: /Users/milenavilcinskaite/Downloads/ros2_burger_final_form_ws/install/irob_interfaces/share/irob_interfaces/cmake/rosidl_cmake_export_typesupport_libraries-extras.cmake
-- Installing: /Users/milenavilcinskaite/Downloads/ros2_burger_final_form_ws/install/irob_interfaces/share/irob_interfaces/cmake/irob_interfacesConfig.cmake
-- Installing: /Users/milenavilcinskaite/Downloads/ros2_burger_final_form_ws/install/irob_interfaces/share/irob_interfaces/cmake/irob_interfacesConfig-version.cmake
-- Installing: /Users/milenavilcinskaite/Downloads/ros2_burger_final_form_ws/install/irob_interfaces/share/irob_interfaces/package.xml
