[0.016s] Invoking command in '/Users/milenavilcinskaite/Downloads/ros2_burger_final_form_ws/build/irob_interfaces': CMAKE_PREFIX_PATH=${CMAKE_PREFIX_PATH}:/Users/milenavilcinskaite/Downloads/ros2_burger_final_form_ws/install/irob_assignment_5:/Users/milenavilcinskaite/Downloads/ros2_burger_final_form_ws/install/irob_assignment_1 CONDA_PROMPT_MODIFIER=(ros_env4) SHLVL=2 _=/usr/bin/env __CF_USER_TEXT_ENCODING=0x1F5:0x0:0x2 /Users/milenavilcinskaite/micromamba/envs/ros_env4/bin/cmake /Users/milenavilcinskaite/Downloads/ros2_burger_final_form_ws/src/irob_interfaces -DPython_EXECUTABLE=/Users/milenavilcinskaite/micromamba/envs/ros_env4/bin/python -DPython3_EXECUTABLE=/Users/milenavilcinskaite/micromamba/envs/ros_env4/bin/python -DPYTHON_EXECUTABLE=/Users/milenavilcinskaite/micromamba/envs/ros_env4/bin/python -DPython_FIND_STRATEGY=LOCATION -DPython3_FIND_STRATEGY=LOCATION -DCMAKE_INSTALL_PREFIX=/Users/milenavilcinskaite/Downloads/ros2_burger_final_form_ws/install/irob_interfaces
[0.063s] CMake Deprecation Warning at CMakeLists.txt:1 (cmake_minimum_required):
[0.063s]   Compatibility with CMake < 3.10 will be removed from a future version of
[0.063s]   CMake.
[0.063s] 
[0.063s]   Update the VERSION argument <min> value.  Or, use the <min>...<max> syntax
[0.063s]   to tell CMake that the project requires at least <min> but has been updated
[0.063s]   to work with policies introduced by <max> or earlier.
[0.063s] 
[0.063s] 
[0.494s] -- The C compiler identification is Clang 19.1.7
[0.672s] -- The CXX compiler identification is Clang 19.1.7
[0.704s] -- Detecting C compiler ABI info
[0.860s] -- Detecting C compiler ABI info - done
[0.865s] -- Check for working C compiler: /Users/milenavilcinskaite/micromamba/envs/ros_env4/bin/arm64-apple-darwin20.0.0-clang - skipped
[0.866s] -- Detecting C compile features
[0.866s] -- Detecting C compile features - done
[0.873s] -- Detecting CXX compiler ABI info
[1.023s] -- Detecting CXX compiler ABI info - done
[1.028s] -- Check for working CXX compiler: /Users/milenavilcinskaite/micromamba/envs/ros_env4/bin/arm64-apple-darwin20.0.0-clang++ - skipped
[1.028s] -- Detecting CXX compile features
[1.029s] -- Detecting CXX compile features - done
[1.053s] -- Found ament_cmake: 1.3.13 (/Users/milenavilcinskaite/micromamba/envs/ros_env4/share/ament_cmake/cmake)
[1.168s] -- Found Python3: /Users/milenavilcinskaite/micromamba/envs/ros_env4/bin/python (found version "3.12.13") found components: Interpreter
[1.398s] -- Found rosidl_default_generators: 1.2.0 (/Users/milenavilcinskaite/micromamba/envs/ros_env4/share/rosidl_default_generators/cmake)
[1.412s] -- Using all available rosidl_typesupport_c: rosidl_typesupport_fastrtps_c;rosidl_typesupport_introspection_c
[1.447s] -- Found rosidl_adapter: 3.1.8 (/Users/milenavilcinskaite/micromamba/envs/ros_env4/share/rosidl_adapter/cmake)
[1.592s] -- Using all available rosidl_typesupport_cpp: rosidl_typesupport_fastrtps_cpp;rosidl_typesupport_introspection_cpp
[2.027s] -- Found ament_cmake_ros: 0.10.0 (/Users/milenavilcinskaite/micromamba/envs/ros_env4/share/ament_cmake_ros/cmake)
[2.341s] -- Using all available rosidl_typesupport_c: rosidl_typesupport_fastrtps_c;rosidl_typesupport_introspection_c
[2.722s] -- Using all available rosidl_typesupport_cpp: rosidl_typesupport_fastrtps_cpp;rosidl_typesupport_introspection_cpp
[2.736s] -- Found python_cmake_module: 0.10.0 (/Users/milenavilcinskaite/micromamba/envs/ros_env4/share/python_cmake_module/cmake)
[2.737s] CMake Warning (dev) at /Users/milenavilcinskaite/micromamba/envs/ros_env4/share/python_cmake_module/cmake/Modules/FindPythonExtra.cmake:52 (find_package):
[2.737s]   Policy CMP0148 is not set: The FindPythonInterp and FindPythonLibs modules
[2.737s]   are removed.  Run "cmake --help-policy CMP0148" for policy details.  Use
[2.737s]   the cmake_policy command to set the policy and suppress this warning.
[2.737s] 
[2.737s] Call Stack (most recent call first):
[2.737s]   /Users/milenavilcinskaite/micromamba/envs/ros_env4/share/rosidl_generator_py/cmake/rosidl_generator_py_generate_interfaces.cmake:33 (find_package)
[2.737s]   /Users/milenavilcinskaite/micromamba/envs/ros_env4/share/ament_cmake_core/cmake/core/ament_execute_extensions.cmake:48 (include)
[2.737s]   /Users/milenavilcinskaite/micromamba/envs/ros_env4/share/rosidl_cmake/cmake/rosidl_generate_interfaces.cmake:286 (ament_execute_extensions)
[2.737s]   CMakeLists.txt:25 (rosidl_generate_interfaces)
[2.737s] This warning is for project developers.  Use -Wno-dev to suppress it.
[2.737s] 
[2.748s] -- Found PythonInterp: /Users/milenavilcinskaite/micromamba/envs/ros_env4/bin/python (found suitable version "3.12.13", minimum required is "3.6")
[2.767s] -- Using PythonExtra_INCLUDE_DIRS: /Users/milenavilcinskaite/micromamba/envs/ros_env4/include/python3.12;/Users/milenavilcinskaite/micromamba/envs/ros_env4/include/python3.12
[2.796s] -- Using PythonExtra_LIBRARIES: /Users/milenavilcinskaite/micromamba/envs/ros_env4/lib/libpython3.12.dylib
[2.813s] -- Found PythonExtra: .so
[3.150s] -- Found Python: /Users/milenavilcinskaite/micromamba/envs/ros_env4/bin/python (found version "3.12.13") found components: Interpreter Development NumPy Development.Module Development.Embed
[3.277s] -- Found ament_lint_auto: 0.12.15 (/Users/milenavilcinskaite/micromamba/envs/ros_env4/share/ament_lint_auto/cmake)
[3.393s] -- Added test 'copyright' to check source files copyright and LICENSE
[3.397s] -- Added test 'lint_cmake' to check CMake code style
[3.400s] -- Added test 'xmllint' to check XML markup files
[3.404s] -- Configuring done (3.3s)
[3.469s] -- Generating done (0.1s)
[3.484s] -- Build files have been written to: /Users/milenavilcinskaite/Downloads/ros2_burger_final_form_ws/build/irob_interfaces
[3.487s] Invoked command in '/Users/milenavilcinskaite/Downloads/ros2_burger_final_form_ws/build/irob_interfaces' returned '0': CMAKE_PREFIX_PATH=${CMAKE_PREFIX_PATH}:/Users/milenavilcinskaite/Downloads/ros2_burger_final_form_ws/install/irob_assignment_5:/Users/milenavilcinskaite/Downloads/ros2_burger_final_form_ws/install/irob_assignment_1 CONDA_PROMPT_MODIFIER=(ros_env4) SHLVL=2 _=/usr/bin/env __CF_USER_TEXT_ENCODING=0x1F5:0x0:0x2 /Users/milenavilcinskaite/micromamba/envs/ros_env4/bin/cmake /Users/milenavilcinskaite/Downloads/ros2_burger_final_form_ws/src/irob_interfaces -DPython_EXECUTABLE=/Users/milenavilcinskaite/micromamba/envs/ros_env4/bin/python -DPython3_EXECUTABLE=/Users/milenavilcinskaite/micromamba/envs/ros_env4/bin/python -DPYTHON_EXECUTABLE=/Users/milenavilcinskaite/micromamba/envs/ros_env4/bin/python -DPython_FIND_STRATEGY=LOCATION -DPython3_FIND_STRATEGY=LOCATION -DCMAKE_INSTALL_PREFIX=/Users/milenavilcinskaite/Downloads/ros2_burger_final_form_ws/install/irob_interfaces
[3.488s] Invoking command in '/Users/milenavilcinskaite/Downloads/ros2_burger_final_form_ws/build/irob_interfaces': CMAKE_PREFIX_PATH=${CMAKE_PREFIX_PATH}:/Users/milenavilcinskaite/Downloads/ros2_burger_final_form_ws/install/irob_assignment_5:/Users/milenavilcinskaite/Downloads/ros2_burger_final_form_ws/install/irob_assignment_1 CONDA_PROMPT_MODIFIER=(ros_env4) SHLVL=2 _=/usr/bin/env __CF_USER_TEXT_ENCODING=0x1F5:0x0:0x2 /Users/milenavilcinskaite/micromamba/envs/ros_env4/bin/cmake --build /Users/milenavilcinskaite/Downloads/ros2_burger_final_form_ws/build/irob_interfaces -- -j10 -l10
[3.542s] [  1%] Generating C code for ROS interfaces
[3.560s] [  3%] Generating C++ code for ROS interfaces
[3.560s] [  5%] Generating Rust code for ROS interfaces
[3.570s] [  5%] Built target ament_cmake_python_copy_irob_interfaces
[3.761s] [  5%] Built target irob_interfaces__rs
[3.763s] running egg_info
[3.775s] creating irob_interfaces.egg-info
[3.775s] writing irob_interfaces.egg-info/PKG-INFO
[3.775s] writing dependency_links to irob_interfaces.egg-info/dependency_links.txt
[3.775s] writing top-level names to irob_interfaces.egg-info/top_level.txt
[3.776s] writing manifest file 'irob_interfaces.egg-info/SOURCES.txt'
[3.812s] reading manifest file 'irob_interfaces.egg-info/SOURCES.txt'
[3.812s] writing manifest file 'irob_interfaces.egg-info/SOURCES.txt'
[3.838s] [  5%] Built target ament_cmake_python_build_irob_interfaces_egg
[3.911s] [  5%] Built target irob_interfaces__cpp
[3.918s] [ 12%] Building C object CMakeFiles/irob_interfaces__rosidl_generator_c.dir/rosidl_generator_c/irob_interfaces/srv/detail/activate__functions.c.o
[3.918s] [ 12%] Building C object CMakeFiles/irob_interfaces__rosidl_generator_c.dir/rosidl_generator_c/irob_interfaces/srv/detail/deactivate__functions.c.o
[3.918s] [ 12%] Building C object CMakeFiles/irob_interfaces__rosidl_generator_c.dir/rosidl_generator_c/irob_interfaces/srv/detail/at_goal__functions.c.o
[3.918s] [ 12%] Building C object CMakeFiles/irob_interfaces__rosidl_generator_c.dir/rosidl_generator_c/irob_interfaces/srv/detail/get_goal__functions.c.o
[3.927s] [ 17%] Generating C++ type support for eProsima Fast-RTPS
[3.927s] [ 17%] Generating C++ type support dispatch for ROS interfaces
[3.927s] [ 17%] Generating C++ introspection for ROS interfaces
[4.048s] [ 19%] Linking C shared library libirob_interfaces__rosidl_generator_c.dylib
[4.115s] [ 19%] Built target irob_interfaces__rosidl_generator_c
[4.132s] [ 25%] Generating C type support dispatch for ROS interfaces
[4.132s] [ 25%] Generating C type support for eProsima Fast-RTPS
[4.132s] [ 25%] Generating C introspection for ROS interfaces
[4.171s] [ 26%] Building CXX object CMakeFiles/irob_interfaces__rosidl_typesupport_cpp.dir/rosidl_typesupport_cpp/irob_interfaces/srv/activate__type_support.cpp.o
[4.171s] [ 30%] Building CXX object CMakeFiles/irob_interfaces__rosidl_typesupport_cpp.dir/rosidl_typesupport_cpp/irob_interfaces/srv/get_goal__type_support.cpp.o
[4.171s] [ 30%] Building CXX object CMakeFiles/irob_interfaces__rosidl_typesupport_cpp.dir/rosidl_typesupport_cpp/irob_interfaces/srv/at_goal__type_support.cpp.o
[4.172s] [ 32%] Building CXX object CMakeFiles/irob_interfaces__rosidl_typesupport_cpp.dir/rosidl_typesupport_cpp/irob_interfaces/srv/deactivate__type_support.cpp.o
[4.258s] [ 33%] Building CXX object CMakeFiles/irob_interfaces__rosidl_typesupport_introspection_cpp.dir/rosidl_typesupport_introspection_cpp/irob_interfaces/srv/detail/activate__type_support.cpp.o
[4.258s] [ 35%] Building CXX object CMakeFiles/irob_interfaces__rosidl_typesupport_introspection_cpp.dir/rosidl_typesupport_introspection_cpp/irob_interfaces/srv/detail/get_goal__type_support.cpp.o
[4.269s] [ 37%] Building CXX object CMakeFiles/irob_interfaces__rosidl_typesupport_fastrtps_cpp.dir/rosidl_typesupport_fastrtps_cpp/irob_interfaces/srv/detail/dds_fastrtps/get_goal__type_support.cpp.o
[4.434s] [ 39%] Building CXX object CMakeFiles/irob_interfaces__rosidl_typesupport_c.dir/rosidl_typesupport_c/irob_interfaces/srv/get_goal__type_support.cpp.o
[4.498s] [ 41%] Building CXX object CMakeFiles/irob_interfaces__rosidl_typesupport_c.dir/rosidl_typesupport_c/irob_interfaces/srv/activate__type_support.cpp.o
[4.532s] [ 42%] Building CXX object CMakeFiles/irob_interfaces__rosidl_typesupport_fastrtps_c.dir/rosidl_typesupport_fastrtps_c/irob_interfaces/srv/detail/get_goal__type_support_c.cpp.o
[4.535s] [ 44%] Building C object CMakeFiles/irob_interfaces__rosidl_typesupport_introspection_c.dir/rosidl_typesupport_introspection_c/irob_interfaces/srv/detail/get_goal__type_support.c.o
[4.551s] [ 46%] Building CXX object CMakeFiles/irob_interfaces__rosidl_typesupport_c.dir/rosidl_typesupport_c/irob_interfaces/srv/deactivate__type_support.cpp.o
[4.613s] [ 48%] Building CXX object CMakeFiles/irob_interfaces__rosidl_typesupport_c.dir/rosidl_typesupport_c/irob_interfaces/srv/at_goal__type_support.cpp.o
[4.623s] [ 50%] Building C object CMakeFiles/irob_interfaces__rosidl_typesupport_introspection_c.dir/rosidl_typesupport_introspection_c/irob_interfaces/srv/detail/activate__type_support.c.o
[4.717s] [ 51%] Building C object CMakeFiles/irob_interfaces__rosidl_typesupport_introspection_c.dir/rosidl_typesupport_introspection_c/irob_interfaces/srv/detail/deactivate__type_support.c.o
[4.726s] [ 53%] Linking CXX shared library libirob_interfaces__rosidl_typesupport_c.dylib
[4.767s] [ 55%] Building CXX object CMakeFiles/irob_interfaces__rosidl_typesupport_fastrtps_c.dir/rosidl_typesupport_fastrtps_c/irob_interfaces/srv/detail/activate__type_support_c.cpp.o
[4.768s] [ 57%] Building CXX object CMakeFiles/irob_interfaces__rosidl_typesupport_fastrtps_c.dir/rosidl_typesupport_fastrtps_c/irob_interfaces/srv/detail/at_goal__type_support_c.cpp.o
[4.770s] [ 58%] Building CXX object CMakeFiles/irob_interfaces__rosidl_typesupport_fastrtps_c.dir/rosidl_typesupport_fastrtps_c/irob_interfaces/srv/detail/deactivate__type_support_c.cpp.o
[4.788s] [ 60%] Linking CXX shared library libirob_interfaces__rosidl_typesupport_cpp.dylib
[4.790s] [ 64%] Building CXX object CMakeFiles/irob_interfaces__rosidl_typesupport_introspection_cpp.dir/rosidl_typesupport_introspection_cpp/irob_interfaces/srv/detail/at_goal__type_support.cpp.o
[4.790s] [ 64%] Building CXX object CMakeFiles/irob_interfaces__rosidl_typesupport_introspection_cpp.dir/rosidl_typesupport_introspection_cpp/irob_interfaces/srv/detail/deactivate__type_support.cpp.o
[4.801s] [ 66%] Building C object CMakeFiles/irob_interfaces__rosidl_typesupport_introspection_c.dir/rosidl_typesupport_introspection_c/irob_interfaces/srv/detail/at_goal__type_support.c.o
[4.843s] [ 66%] Built target irob_interfaces__rosidl_typesupport_c
[4.858s] [ 67%] Building CXX object CMakeFiles/irob_interfaces__rosidl_typesupport_fastrtps_cpp.dir/rosidl_typesupport_fastrtps_cpp/irob_interfaces/srv/detail/dds_fastrtps/activate__type_support.cpp.o
[4.861s] [ 69%] Linking C shared library libirob_interfaces__rosidl_typesupport_introspection_c.dylib
[4.874s] [ 69%] Built target irob_interfaces__rosidl_typesupport_cpp
[4.890s] [ 71%] Building CXX object CMakeFiles/irob_interfaces__rosidl_typesupport_fastrtps_cpp.dir/rosidl_typesupport_fastrtps_cpp/irob_interfaces/srv/detail/dds_fastrtps/deactivate__type_support.cpp.o
[4.974s] [ 71%] Built target irob_interfaces__rosidl_typesupport_introspection_c
[4.985s] [ 73%] Building CXX object CMakeFiles/irob_interfaces__rosidl_typesupport_fastrtps_cpp.dir/rosidl_typesupport_fastrtps_cpp/irob_interfaces/srv/detail/dds_fastrtps/at_goal__type_support.cpp.o
[5.246s] [ 75%] Linking CXX shared library libirob_interfaces__rosidl_typesupport_introspection_cpp.dylib
[5.290s] [ 76%] Linking CXX shared library libirob_interfaces__rosidl_typesupport_fastrtps_c.dylib
[5.315s] [ 76%] Built target irob_interfaces__rosidl_typesupport_introspection_cpp
[5.359s] [ 76%] Built target irob_interfaces__rosidl_typesupport_fastrtps_c
[5.445s] [ 78%] Linking CXX shared library libirob_interfaces__rosidl_typesupport_fastrtps_cpp.dylib
[5.511s] [ 78%] Built target irob_interfaces__rosidl_typesupport_fastrtps_cpp
[5.538s] [ 78%] Built target irob_interfaces
[5.564s] [ 80%] Generating Python code for ROS interfaces
[6.026s] [ 80%] Built target irob_interfaces__py
[6.055s] [ 87%] Building C object CMakeFiles/irob_interfaces__rosidl_generator_py.dir/rosidl_generator_py/irob_interfaces/srv/_get_goal_s.c.o
[6.055s] [ 87%] Building C object CMakeFiles/irob_interfaces__rosidl_generator_py.dir/rosidl_generator_py/irob_interfaces/srv/_deactivate_s.c.o
[6.055s] [ 87%] Building C object CMakeFiles/irob_interfaces__rosidl_generator_py.dir/rosidl_generator_py/irob_interfaces/srv/_at_goal_s.c.o
[6.055s] [ 87%] Building C object CMakeFiles/irob_interfaces__rosidl_generator_py.dir/rosidl_generator_py/irob_interfaces/srv/_activate_s.c.o
[6.190s] [ 89%] Linking C shared library rosidl_generator_py/irob_interfaces/libirob_interfaces__rosidl_generator_py.dylib
[6.256s] [ 89%] Built target irob_interfaces__rosidl_generator_py
[6.301s] [ 94%] Building C object CMakeFiles/irob_interfaces__rosidl_typesupport_introspection_c__pyext.dir/rosidl_generator_py/irob_interfaces/_irob_interfaces_s.ep.rosidl_typesupport_introspection_c.c.o
[6.302s] [ 94%] Building C object CMakeFiles/irob_interfaces__rosidl_typesupport_c__pyext.dir/rosidl_generator_py/irob_interfaces/_irob_interfaces_s.ep.rosidl_typesupport_c.c.o
[6.302s] [ 94%] Building C object CMakeFiles/irob_interfaces__rosidl_typesupport_fastrtps_c__pyext.dir/rosidl_generator_py/irob_interfaces/_irob_interfaces_s.ep.rosidl_typesupport_fastrtps_c.c.o
[6.465s] [ 96%] Linking C shared module rosidl_generator_py/irob_interfaces/irob_interfaces_s__rosidl_typesupport_introspection_c.cpython-312-darwin.so
[6.465s] [100%] Linking C shared module rosidl_generator_py/irob_interfaces/irob_interfaces_s__rosidl_typesupport_c.cpython-312-darwin.so
[6.465s] [100%] Linking C shared module rosidl_generator_py/irob_interfaces/irob_interfaces_s__rosidl_typesupport_fastrtps_c.cpython-312-darwin.so
[6.575s] [100%] Built target irob_interfaces__rosidl_typesupport_introspection_c__pyext
[6.577s] [100%] Built target irob_interfaces__rosidl_typesupport_c__pyext
[6.577s] [100%] Built target irob_interfaces__rosidl_typesupport_fastrtps_c__pyext
[6.591s] Invoked command in '/Users/milenavilcinskaite/Downloads/ros2_burger_final_form_ws/build/irob_interfaces' returned '0': CMAKE_PREFIX_PATH=${CMAKE_PREFIX_PATH}:/Users/milenavilcinskaite/Downloads/ros2_burger_final_form_ws/install/irob_assignment_5:/Users/milenavilcinskaite/Downloads/ros2_burger_final_form_ws/install/irob_assignment_1 CONDA_PROMPT_MODIFIER=(ros_env4) SHLVL=2 _=/usr/bin/env __CF_USER_TEXT_ENCODING=0x1F5:0x0:0x2 /Users/milenavilcinskaite/micromamba/envs/ros_env4/bin/cmake --build /Users/milenavilcinskaite/Downloads/ros2_burger_final_form_ws/build/irob_interfaces -- -j10 -l10
[6.606s] Invoking command in '/Users/milenavilcinskaite/Downloads/ros2_burger_final_form_ws/build/irob_interfaces': CMAKE_PREFIX_PATH=${CMAKE_PREFIX_PATH}:/Users/milenavilcinskaite/Downloads/ros2_burger_final_form_ws/install/irob_assignment_5:/Users/milenavilcinskaite/Downloads/ros2_burger_final_form_ws/install/irob_assignment_1 CONDA_PROMPT_MODIFIER=(ros_env4) SHLVL=2 _=/usr/bin/env __CF_USER_TEXT_ENCODING=0x1F5:0x0:0x2 /Users/milenavilcinskaite/micromamba/envs/ros_env4/bin/cmake --install /Users/milenavilcinskaite/Downloads/ros2_burger_final_form_ws/build/irob_interfaces
[6.617s] -- Install configuration: ""
[6.617s] -- Installing: /Users/milenavilcinskaite/Downloads/ros2_burger_final_form_ws/install/irob_interfaces/share/ament_index/resource_index/rosidl_interfaces/irob_interfaces
[6.617s] -- Installing: /Users/milenavilcinskaite/Downloads/ros2_burger_final_form_ws/install/irob_interfaces/include/irob_interfaces/irob_interfaces
[6.617s] -- Installing: /Users/milenavilcinskaite/Downloads/ros2_burger_final_form_ws/install/irob_interfaces/include/irob_interfaces/irob_interfaces/msg
[6.618s] -- Installing: /Users/milenavilcinskaite/Downloads/ros2_burger_final_form_ws/install/irob_interfaces/include/irob_interfaces/irob_interfaces/msg/rosidl_generator_c__visibility_control.h
[6.618s] -- Installing: /Users/milenavilcinskaite/Downloads/ros2_burger_final_form_ws/install/irob_interfaces/include/irob_interfaces/irob_interfaces/srv
[6.618s] -- Installing: /Users/milenavilcinskaite/Downloads/ros2_burger_final_form_ws/install/irob_interfaces/include/irob_interfaces/irob_interfaces/srv/activate.h
[6.618s] -- Installing: /Users/milenavilcinskaite/Downloads/ros2_burger_final_form_ws/install/irob_interfaces/include/irob_interfaces/irob_interfaces/srv/deactivate.h
[6.618s] -- Installing: /Users/milenavilcinskaite/Downloads/ros2_burger_final_form_ws/install/irob_interfaces/include/irob_interfaces/irob_interfaces/srv/detail
[6.618s] -- Installing: /Users/milenavilcinskaite/Downloads/ros2_burger_final_form_ws/install/irob_interfaces/include/irob_interfaces/irob_interfaces/srv/detail/deactivate__functions.h
[6.619s] -- Installing: /Users/milenavilcinskaite/Downloads/ros2_burger_final_form_ws/install/irob_interfaces/include/irob_interfaces/irob_interfaces/srv/detail/at_goal__functions.h
[6.619s] -- Installing: /Users/milenavilcinskaite/Downloads/ros2_burger_final_form_ws/install/irob_interfaces/include/irob_interfaces/irob_interfaces/srv/detail/activate__struct.h
[6.619s] -- Installing: /Users/milenavilcinskaite/Downloads/ros2_burger_final_form_ws/install/irob_interfaces/include/irob_interfaces/irob_interfaces/srv/detail/get_goal__struct.h
[6.619s] -- Installing: /Users/milenavilcinskaite/Downloads/ros2_burger_final_form_ws/install/irob_interfaces/include/irob_interfaces/irob_interfaces/srv/detail/deactivate__type_support.h
[6.619s] -- Installing: /Users/milenavilcinskaite/Downloads/ros2_burger_final_form_ws/install/irob_interfaces/include/irob_interfaces/irob_interfaces/srv/detail/activate__functions.h
[6.619s] -- Installing: /Users/milenavilcinskaite/Downloads/ros2_burger_final_form_ws/install/irob_interfaces/include/irob_interfaces/irob_interfaces/srv/detail/get_goal__functions.h
[6.620s] -- Installing: /Users/milenavilcinskaite/Downloads/ros2_burger_final_form_ws/install/irob_interfaces/include/irob_interfaces/irob_interfaces/srv/detail/at_goal__type_support.h
[6.620s] -- Installing: /Users/milenavilcinskaite/Downloads/ros2_burger_final_form_ws/install/irob_interfaces/include/irob_interfaces/irob_interfaces/srv/detail/at_goal__struct.h
[6.620s] -- Installing: /Users/milenavilcinskaite/Downloads/ros2_burger_final_form_ws/install/irob_interfaces/include/irob_interfaces/irob_interfaces/srv/detail/at_goal__functions.c
[6.620s] -- Installing: /Users/milenavilcinskaite/Downloads/ros2_burger_final_form_ws/install/irob_interfaces/include/irob_interfaces/irob_interfaces/srv/detail/get_goal__type_support.h
[6.620s] -- Installing: /Users/milenavilcinskaite/Downloads/ros2_burger_final_form_ws/install/irob_interfaces/include/irob_interfaces/irob_interfaces/srv/detail/deactivate__functions.c
[6.620s] -- Installing: /Users/milenavilcinskaite/Downloads/ros2_burger_final_form_ws/install/irob_interfaces/include/irob_interfaces/irob_interfaces/srv/detail/get_goal__functions.c
[6.621s] -- Installing: /Users/milenavilcinskaite/Downloads/ros2_burger_final_form_ws/install/irob_interfaces/include/irob_interfaces/irob_interfaces/srv/detail/deactivate__struct.h
[6.621s] -- Installing: /Users/milenavilcinskaite/Downloads/ros2_burger_final_form_ws/install/irob_interfaces/include/irob_interfaces/irob_interfaces/srv/detail/activate__functions.c
[6.621s] -- Installing: /Users/milenavilcinskaite/Downloads/ros2_burger_final_form_ws/install/irob_interfaces/include/irob_interfaces/irob_interfaces/srv/detail/activate__type_support.h
[6.621s] -- Installing: /Users/milenavilcinskaite/Downloads/ros2_burger_final_form_ws/install/irob_interfaces/include/irob_interfaces/irob_interfaces/srv/at_goal.h
[6.621s] -- Installing: /Users/milenavilcinskaite/Downloads/ros2_burger_final_form_ws/install/irob_interfaces/include/irob_interfaces/irob_interfaces/srv/get_goal.h
[6.622s] -- Installing: /Users/milenavilcinskaite/Downloads/ros2_burger_final_form_ws/install/irob_interfaces/lib/libirob_interfaces__rosidl_generator_c.dylib
[6.622s] -- Up-to-date: /Users/milenavilcinskaite/Downloads/ros2_burger_final_form_ws/install/irob_interfaces/include/irob_interfaces/irob_interfaces
[6.622s] -- Up-to-date: /Users/milenavilcinskaite/Downloads/ros2_burger_final_form_ws/install/irob_interfaces/include/irob_interfaces/irob_interfaces/msg
[6.622s] -- Installing: /Users/milenavilcinskaite/Downloads/ros2_burger_final_form_ws/install/irob_interfaces/include/irob_interfaces/irob_interfaces/msg/rosidl_typesupport_fastrtps_c__visibility_control.h
[6.622s] -- Up-to-date: /Users/milenavilcinskaite/Downloads/ros2_burger_final_form_ws/install/irob_interfaces/include/irob_interfaces/irob_interfaces/srv
[6.622s] -- Up-to-date: /Users/milenavilcinskaite/Downloads/ros2_burger_final_form_ws/install/irob_interfaces/include/irob_interfaces/irob_interfaces/srv/detail
[6.622s] -- Installing: /Users/milenavilcinskaite/Downloads/ros2_burger_final_form_ws/install/irob_interfaces/include/irob_interfaces/irob_interfaces/srv/detail/get_goal__rosidl_typesupport_fastrtps_c.h
[6.622s] -- Installing: /Users/milenavilcinskaite/Downloads/ros2_burger_final_form_ws/install/irob_interfaces/include/irob_interfaces/irob_interfaces/srv/detail/at_goal__rosidl_typesupport_fastrtps_c.h
[6.623s] -- Installing: /Users/milenavilcinskaite/Downloads/ros2_burger_final_form_ws/install/irob_interfaces/include/irob_interfaces/irob_interfaces/srv/detail/activate__rosidl_typesupport_fastrtps_c.h
[6.623s] -- Installing: /Users/milenavilcinskaite/Downloads/ros2_burger_final_form_ws/install/irob_interfaces/include/irob_interfaces/irob_interfaces/srv/detail/deactivate__rosidl_typesupport_fastrtps_c.h
[6.623s] -- Installing: /Users/milenavilcinskaite/Downloads/ros2_burger_final_form_ws/install/irob_interfaces/lib/libirob_interfaces__rosidl_typesupport_fastrtps_c.dylib
[6.626s] /Users/milenavilcinskaite/micromamba/envs/ros_env4/bin/install_name_tool: warning: changes being made to the file will invalidate the code signature in: /Users/milenavilcinskaite/Downloads/ros2_burger_final_form_ws/install/irob_interfaces/lib/libirob_interfaces__rosidl_typesupport_fastrtps_c.dylib
[6.626s] [cctools-port]: generating fake signature for '/Users/milenavilcinskaite/Downloads/ros2_burger_final_form_ws/install/irob_interfaces/lib/libirob_interfaces__rosidl_typesupport_fastrtps_c.dylib'
[6.637s] -- Up-to-date: /Users/milenavilcinskaite/Downloads/ros2_burger_final_form_ws/install/irob_interfaces/include/irob_interfaces/irob_interfaces
[6.637s] -- Up-to-date: /Users/milenavilcinskaite/Downloads/ros2_burger_final_form_ws/install/irob_interfaces/include/irob_interfaces/irob_interfaces/msg
[6.637s] -- Installing: /Users/milenavilcinskaite/Downloads/ros2_burger_final_form_ws/install/irob_interfaces/include/irob_interfaces/irob_interfaces/msg/rosidl_typesupport_introspection_c__visibility_control.h
[6.637s] -- Up-to-date: /Users/milenavilcinskaite/Downloads/ros2_burger_final_form_ws/install/irob_interfaces/include/irob_interfaces/irob_interfaces/srv
[6.637s] -- Up-to-date: /Users/milenavilcinskaite/Downloads/ros2_burger_final_form_ws/install/irob_interfaces/include/irob_interfaces/irob_interfaces/srv/detail
[6.637s] -- Installing: /Users/milenavilcinskaite/Downloads/ros2_burger_final_form_ws/install/irob_interfaces/include/irob_interfaces/irob_interfaces/srv/detail/at_goal__rosidl_typesupport_introspection_c.h
[6.638s] -- Installing: /Users/milenavilcinskaite/Downloads/ros2_burger_final_form_ws/install/irob_interfaces/include/irob_interfaces/irob_interfaces/srv/detail/get_goal__type_support.c
[6.638s] -- Installing: /Users/milenavilcinskaite/Downloads/ros2_burger_final_form_ws/install/irob_interfaces/include/irob_interfaces/irob_interfaces/srv/detail/deactivate__rosidl_typesupport_introspection_c.h
[6.638s] -- Installing: /Users/milenavilcinskaite/Downloads/ros2_burger_final_form_ws/install/irob_interfaces/include/irob_interfaces/irob_interfaces/srv/detail/activate__rosidl_typesupport_introspection_c.h
[6.638s] -- Installing: /Users/milenavilcinskaite/Downloads/ros2_burger_final_form_ws/install/irob_interfaces/include/irob_interfaces/irob_interfaces/srv/detail/activate__type_support.c
[6.638s] -- Installing: /Users/milenavilcinskaite/Downloads/ros2_burger_final_form_ws/install/irob_interfaces/include/irob_interfaces/irob_interfaces/srv/detail/get_goal__rosidl_typesupport_introspection_c.h
[6.638s] -- Installing: /Users/milenavilcinskaite/Downloads/ros2_burger_final_form_ws/install/irob_interfaces/include/irob_interfaces/irob_interfaces/srv/detail/deactivate__type_support.c
[6.639s] -- Installing: /Users/milenavilcinskaite/Downloads/ros2_burger_final_form_ws/install/irob_interfaces/include/irob_interfaces/irob_interfaces/srv/detail/at_goal__type_support.c
[6.639s] -- Installing: /Users/milenavilcinskaite/Downloads/ros2_burger_final_form_ws/install/irob_interfaces/lib/libirob_interfaces__rosidl_typesupport_introspection_c.dylib
[6.640s] /Users/milenavilcinskaite/micromamba/envs/ros_env4/bin/install_name_tool: warning: changes being made to the file will invalidate the code signature in: /Users/milenavilcinskaite/Downloads/ros2_burger_final_form_ws/install/irob_interfaces/lib/libirob_interfaces__rosidl_typesupport_introspection_c.dylib
[6.641s] [cctools-port]: generating fake signature for '/Users/milenavilcinskaite/Downloads/ros2_burger_final_form_ws/install/irob_interfaces/lib/libirob_interfaces__rosidl_typesupport_introspection_c.dylib'
[6.648s] -- Installing: /Users/milenavilcinskaite/Downloads/ros2_burger_final_form_ws/install/irob_interfaces/lib/libirob_interfaces__rosidl_typesupport_c.dylib
[6.650s] /Users/milenavilcinskaite/micromamba/envs/ros_env4/bin/install_name_tool: warning: changes being made to the file will invalidate the code signature in: /Users/milenavilcinskaite/Downloads/ros2_burger_final_form_ws/install/irob_interfaces/lib/libirob_interfaces__rosidl_typesupport_c.dylib
[6.650s] [cctools-port]: generating fake signature for '/Users/milenavilcinskaite/Downloads/ros2_burger_final_form_ws/install/irob_interfaces/lib/libirob_interfaces__rosidl_typesupport_c.dylib'
[6.657s] -- Up-to-date: /Users/milenavilcinskaite/Downloads/ros2_burger_final_form_ws/install/irob_interfaces/include/irob_interfaces/irob_interfaces
[6.657s] -- Up-to-date: /Users/milenavilcinskaite/Downloads/ros2_burger_final_form_ws/install/irob_interfaces/include/irob_interfaces/irob_interfaces/msg
[6.657s] -- Installing: /Users/milenavilcinskaite/Downloads/ros2_burger_final_form_ws/install/irob_interfaces/include/irob_interfaces/irob_interfaces/msg/rosidl_generator_cpp__visibility_control.hpp
[6.658s] -- Up-to-date: /Users/milenavilcinskaite/Downloads/ros2_burger_final_form_ws/install/irob_interfaces/include/irob_interfaces/irob_interfaces/srv
[6.658s] -- Installing: /Users/milenavilcinskaite/Downloads/ros2_burger_final_form_ws/install/irob_interfaces/include/irob_interfaces/irob_interfaces/srv/get_goal.hpp
[6.658s] -- Installing: /Users/milenavilcinskaite/Downloads/ros2_burger_final_form_ws/install/irob_interfaces/include/irob_interfaces/irob_interfaces/srv/at_goal.hpp
[6.658s] -- Installing: /Users/milenavilcinskaite/Downloads/ros2_burger_final_form_ws/install/irob_interfaces/include/irob_interfaces/irob_interfaces/srv/deactivate.hpp
[6.658s] -- Up-to-date: /Users/milenavilcinskaite/Downloads/ros2_burger_final_form_ws/install/irob_interfaces/include/irob_interfaces/irob_interfaces/srv/detail
[6.658s] -- Installing: /Users/milenavilcinskaite/Downloads/ros2_burger_final_form_ws/install/irob_interfaces/include/irob_interfaces/irob_interfaces/srv/detail/activate__struct.hpp
[6.659s] -- Installing: /Users/milenavilcinskaite/Downloads/ros2_burger_final_form_ws/install/irob_interfaces/include/irob_interfaces/irob_interfaces/srv/detail/at_goal__struct.hpp
[6.659s] -- Installing: /Users/milenavilcinskaite/Downloads/ros2_burger_final_form_ws/install/irob_interfaces/include/irob_interfaces/irob_interfaces/srv/detail/get_goal__struct.hpp
[6.659s] -- Installing: /Users/milenavilcinskaite/Downloads/ros2_burger_final_form_ws/install/irob_interfaces/include/irob_interfaces/irob_interfaces/srv/detail/deactivate__traits.hpp
[6.659s] -- Installing: /Users/milenavilcinskaite/Downloads/ros2_burger_final_form_ws/install/irob_interfaces/include/irob_interfaces/irob_interfaces/srv/detail/activate__type_support.hpp
[6.659s] -- Installing: /Users/milenavilcinskaite/Downloads/ros2_burger_final_form_ws/install/irob_interfaces/include/irob_interfaces/irob_interfaces/srv/detail/activate__traits.hpp
[6.660s] -- Installing: /Users/milenavilcinskaite/Downloads/ros2_burger_final_form_ws/install/irob_interfaces/include/irob_interfaces/irob_interfaces/srv/detail/at_goal__type_support.hpp
[6.660s] -- Installing: /Users/milenavilcinskaite/Downloads/ros2_burger_final_form_ws/install/irob_interfaces/include/irob_interfaces/irob_interfaces/srv/detail/deactivate__type_support.hpp
[6.660s] -- Installing: /Users/milenavilcinskaite/Downloads/ros2_burger_final_form_ws/install/irob_interfaces/include/irob_interfaces/irob_interfaces/srv/detail/get_goal__builder.hpp
[6.660s] -- Installing: /Users/milenavilcinskaite/Downloads/ros2_burger_final_form_ws/install/irob_interfaces/include/irob_interfaces/irob_interfaces/srv/detail/activate__builder.hpp
[6.661s] -- Installing: /Users/milenavilcinskaite/Downloads/ros2_burger_final_form_ws/install/irob_interfaces/include/irob_interfaces/irob_interfaces/srv/detail/at_goal__traits.hpp
[6.661s] -- Installing: /Users/milenavilcinskaite/Downloads/ros2_burger_final_form_ws/install/irob_interfaces/include/irob_interfaces/irob_interfaces/srv/detail/deactivate__builder.hpp
[6.661s] -- Installing: /Users/milenavilcinskaite/Downloads/ros2_burger_final_form_ws/install/irob_interfaces/include/irob_interfaces/irob_interfaces/srv/detail/at_goal__builder.hpp
[6.661s] -- Installing: /Users/milenavilcinskaite/Downloads/ros2_burger_final_form_ws/install/irob_interfaces/include/irob_interfaces/irob_interfaces/srv/detail/get_goal__traits.hpp
[6.662s] -- Installing: /Users/milenavilcinskaite/Downloads/ros2_burger_final_form_ws/install/irob_interfaces/include/irob_interfaces/irob_interfaces/srv/detail/deactivate__struct.hpp
[6.662s] -- Installing: /Users/milenavilcinskaite/Downloads/ros2_burger_final_form_ws/install/irob_interfaces/include/irob_interfaces/irob_interfaces/srv/detail/get_goal__type_support.hpp
[6.662s] -- Installing: /Users/milenavilcinskaite/Downloads/ros2_burger_final_form_ws/install/irob_interfaces/include/irob_interfaces/irob_interfaces/srv/activate.hpp
[6.662s] -- Up-to-date: /Users/milenavilcinskaite/Downloads/ros2_burger_final_form_ws/install/irob_interfaces/include/irob_interfaces/irob_interfaces
[6.663s] -- Up-to-date: /Users/milenavilcinskaite/Downloads/ros2_burger_final_form_ws/install/irob_interfaces/include/irob_interfaces/irob_interfaces/msg
[6.663s] -- Installing: /Users/milenavilcinskaite/Downloads/ros2_burger_final_form_ws/install/irob_interfaces/include/irob_interfaces/irob_interfaces/msg/rosidl_typesupport_fastrtps_cpp__visibility_control.h
[6.663s] -- Up-to-date: /Users/milenavilcinskaite/Downloads/ros2_burger_final_form_ws/install/irob_interfaces/include/irob_interfaces/irob_interfaces/srv
[6.663s] -- Up-to-date: /Users/milenavilcinskaite/Downloads/ros2_burger_final_form_ws/install/irob_interfaces/include/irob_interfaces/irob_interfaces/srv/detail
[6.663s] -- Installing: /Users/milenavilcinskaite/Downloads/ros2_burger_final_form_ws/install/irob_interfaces/include/irob_interfaces/irob_interfaces/srv/detail/activate__rosidl_typesupport_fastrtps_cpp.hpp
[6.663s] -- Installing: /Users/milenavilcinskaite/Downloads/ros2_burger_final_form_ws/install/irob_interfaces/include/irob_interfaces/irob_interfaces/srv/detail/get_goal__rosidl_typesupport_fastrtps_cpp.hpp
[6.663s] -- Installing: /Users/milenavilcinskaite/Downloads/ros2_burger_final_form_ws/install/irob_interfaces/include/irob_interfaces/irob_interfaces/srv/detail/deactivate__rosidl_typesupport_fastrtps_cpp.hpp
[6.663s] -- Installing: /Users/milenavilcinskaite/Downloads/ros2_burger_final_form_ws/install/irob_interfaces/include/irob_interfaces/irob_interfaces/srv/detail/at_goal__rosidl_typesupport_fastrtps_cpp.hpp
[6.663s] -- Installing: /Users/milenavilcinskaite/Downloads/ros2_burger_final_form_ws/install/irob_interfaces/include/irob_interfaces/irob_interfaces/srv/detail/dds_fastrtps
[6.664s] -- Installing: /Users/milenavilcinskaite/Downloads/ros2_burger_final_form_ws/install/irob_interfaces/lib/libirob_interfaces__rosidl_typesupport_fastrtps_cpp.dylib
[6.664s] -- Up-to-date: /Users/milenavilcinskaite/Downloads/ros2_burger_final_form_ws/install/irob_interfaces/include/irob_interfaces/irob_interfaces
[6.664s] -- Up-to-date: /Users/milenavilcinskaite/Downloads/ros2_burger_final_form_ws/install/irob_interfaces/include/irob_interfaces/irob_interfaces/srv
[6.664s] -- Up-to-date: /Users/milenavilcinskaite/Downloads/ros2_burger_final_form_ws/install/irob_interfaces/include/irob_interfaces/irob_interfaces/srv/detail
[6.664s] -- Installing: /Users/milenavilcinskaite/Downloads/ros2_burger_final_form_ws/install/irob_interfaces/include/irob_interfaces/irob_interfaces/srv/detail/deactivate__rosidl_typesupport_introspection_cpp.hpp
[6.664s] -- Installing: /Users/milenavilcinskaite/Downloads/ros2_burger_final_form_ws/install/irob_interfaces/include/irob_interfaces/irob_interfaces/srv/detail/get_goal__type_support.cpp
[6.664s] -- Installing: /Users/milenavilcinskaite/Downloads/ros2_burger_final_form_ws/install/irob_interfaces/include/irob_interfaces/irob_interfaces/srv/detail/at_goal__rosidl_typesupport_introspection_cpp.hpp
[6.664s] -- Installing: /Users/milenavilcinskaite/Downloads/ros2_burger_final_form_ws/install/irob_interfaces/include/irob_interfaces/irob_interfaces/srv/detail/at_goal__type_support.cpp
[6.665s] -- Installing: /Users/milenavilcinskaite/Downloads/ros2_burger_final_form_ws/install/irob_interfaces/include/irob_interfaces/irob_interfaces/srv/detail/deactivate__type_support.cpp
[6.665s] -- Installing: /Users/milenavilcinskaite/Downloads/ros2_burger_final_form_ws/install/irob_interfaces/include/irob_interfaces/irob_interfaces/srv/detail/activate__rosidl_typesupport_introspection_cpp.hpp
[6.665s] -- Installing: /Users/milenavilcinskaite/Downloads/ros2_burger_final_form_ws/install/irob_interfaces/include/irob_interfaces/irob_interfaces/srv/detail/activate__type_support.cpp
[6.665s] -- Installing: /Users/milenavilcinskaite/Downloads/ros2_burger_final_form_ws/install/irob_interfaces/include/irob_interfaces/irob_interfaces/srv/detail/get_goal__rosidl_typesupport_introspection_cpp.hpp
[6.665s] -- Installing: /Users/milenavilcinskaite/Downloads/ros2_burger_final_form_ws/install/irob_interfaces/lib/libirob_interfaces__rosidl_typesupport_introspection_cpp.dylib
[6.665s] -- Installing: /Users/milenavilcinskaite/Downloads/ros2_burger_final_form_ws/install/irob_interfaces/lib/libirob_interfaces__rosidl_typesupport_cpp.dylib
[6.666s] -- Installing: /Users/milenavilcinskaite/Downloads/ros2_burger_final_form_ws/install/irob_interfaces/share/irob_interfaces/environment/pythonpath.sh
[6.666s] -- Installing: /Users/milenavilcinskaite/Downloads/ros2_burger_final_form_ws/install/irob_interfaces/share/irob_interfaces/environment/pythonpath.dsv
[6.666s] -- Installing: /Users/milenavilcinskaite/Downloads/ros2_burger_final_form_ws/install/irob_interfaces/lib/python3.12/site-packages/irob_interfaces-1.0.0-py3.12.egg-info
[6.666s] -- Installing: /Users/milenavilcinskaite/Downloads/ros2_burger_final_form_ws/install/irob_interfaces/lib/python3.12/site-packages/irob_interfaces-1.0.0-py3.12.egg-info/PKG-INFO
[6.666s] -- Installing: /Users/milenavilcinskaite/Downloads/ros2_burger_final_form_ws/install/irob_interfaces/lib/python3.12/site-packages/irob_interfaces-1.0.0-py3.12.egg-info/SOURCES.txt
[6.667s] -- Installing: /Users/milenavilcinskaite/Downloads/ros2_burger_final_form_ws/install/irob_interfaces/lib/python3.12/site-packages/irob_interfaces-1.0.0-py3.12.egg-info/top_level.txt
[6.667s] -- Installing: /Users/milenavilcinskaite/Downloads/ros2_burger_final_form_ws/install/irob_interfaces/lib/python3.12/site-packages/irob_interfaces-1.0.0-py3.12.egg-info/dependency_links.txt
[6.667s] -- Installing: /Users/milenavilcinskaite/Downloads/ros2_burger_final_form_ws/install/irob_interfaces/lib/python3.12/site-packages/irob_interfaces
[6.667s] -- Installing: /Users/milenavilcinskaite/Downloads/ros2_burger_final_form_ws/install/irob_interfaces/lib/python3.12/site-packages/irob_interfaces/irob_interfaces_s__rosidl_typesupport_c.cpython-312-darwin.so
[6.667s] -- Installing: /Users/milenavilcinskaite/Downloads/ros2_burger_final_form_ws/install/irob_interfaces/lib/python3.12/site-packages/irob_interfaces/libirob_interfaces__rosidl_generator_py.dylib
[6.667s] -- Installing: /Users/milenavilcinskaite/Downloads/ros2_burger_final_form_ws/install/irob_interfaces/lib/python3.12/site-packages/irob_interfaces/__init__.py
[6.668s] -- Installing: /Users/milenavilcinskaite/Downloads/ros2_burger_final_form_ws/install/irob_interfaces/lib/python3.12/site-packages/irob_interfaces/_irob_interfaces_s.ep.rosidl_typesupport_c.c
[6.668s] -- Installing: /Users/milenavilcinskaite/Downloads/ros2_burger_final_form_ws/install/irob_interfaces/lib/python3.12/site-packages/irob_interfaces/irob_interfaces_s__rosidl_typesupport_fastrtps_c.cpython-312-darwin.so
[6.668s] -- Installing: /Users/milenavilcinskaite/Downloads/ros2_burger_final_form_ws/install/irob_interfaces/lib/python3.12/site-packages/irob_interfaces/_irob_interfaces_s.ep.rosidl_typesupport_fastrtps_c.c
[6.668s] -- Installing: /Users/milenavilcinskaite/Downloads/ros2_burger_final_form_ws/install/irob_interfaces/lib/python3.12/site-packages/irob_interfaces/_irob_interfaces_s.ep.rosidl_typesupport_introspection_c.c
[6.668s] -- Installing: /Users/milenavilcinskaite/Downloads/ros2_burger_final_form_ws/install/irob_interfaces/lib/python3.12/site-packages/irob_interfaces/srv
[6.668s] -- Installing: /Users/milenavilcinskaite/Downloads/ros2_burger_final_form_ws/install/irob_interfaces/lib/python3.12/site-packages/irob_interfaces/srv/_deactivate.py
[6.669s] -- Installing: /Users/milenavilcinskaite/Downloads/ros2_burger_final_form_ws/install/irob_interfaces/lib/python3.12/site-packages/irob_interfaces/srv/_at_goal_s.c
[6.669s] -- Installing: /Users/milenavilcinskaite/Downloads/ros2_burger_final_form_ws/install/irob_interfaces/lib/python3.12/site-packages/irob_interfaces/srv/_deactivate_s.c
[6.669s] -- Installing: /Users/milenavilcinskaite/Downloads/ros2_burger_final_form_ws/install/irob_interfaces/lib/python3.12/site-packages/irob_interfaces/srv/_at_goal.py
[6.669s] -- Installing: /Users/milenavilcinskaite/Downloads/ros2_burger_final_form_ws/install/irob_interfaces/lib/python3.12/site-packages/irob_interfaces/srv/_get_goal_s.c
[6.669s] -- Installing: /Users/milenavilcinskaite/Downloads/ros2_burger_final_form_ws/install/irob_interfaces/lib/python3.12/site-packages/irob_interfaces/srv/__init__.py
[6.670s] -- Installing: /Users/milenavilcinskaite/Downloads/ros2_burger_final_form_ws/install/irob_interfaces/lib/python3.12/site-packages/irob_interfaces/srv/_get_goal.py
[6.670s] -- Installing: /Users/milenavilcinskaite/Downloads/ros2_burger_final_form_ws/install/irob_interfaces/lib/python3.12/site-packages/irob_interfaces/srv/_activate.py
[6.670s] -- Installing: /Users/milenavilcinskaite/Downloads/ros2_burger_final_form_ws/install/irob_interfaces/lib/python3.12/site-packages/irob_interfaces/srv/_activate_s.c
[6.670s] -- Installing: /Users/milenavilcinskaite/Downloads/ros2_burger_final_form_ws/install/irob_interfaces/lib/python3.12/site-packages/irob_interfaces/irob_interfaces_s__rosidl_typesupport_introspection_c.cpython-312-darwin.so
[6.696s] Listing 'lib/python3.12/site-packages/irob_interfaces'...
[6.696s] Can't list 'lib/python3.12/site-packages/irob_interfaces'
[6.698s] -- Up-to-date: /Users/milenavilcinskaite/Downloads/ros2_burger_final_form_ws/install/irob_interfaces/lib/python3.12/site-packages/irob_interfaces/irob_interfaces_s__rosidl_typesupport_fastrtps_c.cpython-312-darwin.so
[6.700s] /Users/milenavilcinskaite/micromamba/envs/ros_env4/bin/install_name_tool: warning: changes being made to the file will invalidate the code signature in: /Users/milenavilcinskaite/Downloads/ros2_burger_final_form_ws/install/irob_interfaces/lib/python3.12/site-packages/irob_interfaces/irob_interfaces_s__rosidl_typesupport_fastrtps_c.cpython-312-darwin.so
[6.701s] [cctools-port]: generating fake signature for '/Users/milenavilcinskaite/Downloads/ros2_burger_final_form_ws/install/irob_interfaces/lib/python3.12/site-packages/irob_interfaces/irob_interfaces_s__rosidl_typesupport_fastrtps_c.cpython-312-darwin.so'
[6.708s] -- Up-to-date: /Users/milenavilcinskaite/Downloads/ros2_burger_final_form_ws/install/irob_interfaces/lib/python3.12/site-packages/irob_interfaces/irob_interfaces_s__rosidl_typesupport_introspection_c.cpython-312-darwin.so
[6.710s] /Users/milenavilcinskaite/micromamba/envs/ros_env4/bin/install_name_tool: warning: changes being made to the file will invalidate the code signature in: /Users/milenavilcinskaite/Downloads/ros2_burger_final_form_ws/install/irob_interfaces/lib/python3.12/site-packages/irob_interfaces/irob_interfaces_s__rosidl_typesupport_introspection_c.cpython-312-darwin.so
[6.710s] [cctools-port]: generating fake signature for '/Users/milenavilcinskaite/Downloads/ros2_burger_final_form_ws/install/irob_interfaces/lib/python3.12/site-packages/irob_interfaces/irob_interfaces_s__rosidl_typesupport_introspection_c.cpython-312-darwin.so'
[6.717s] -- Up-to-date: /Users/milenavilcinskaite/Downloads/ros2_burger_final_form_ws/install/irob_interfaces/lib/python3.12/site-packages/irob_interfaces/irob_interfaces_s__rosidl_typesupport_c.cpython-312-darwin.so
[6.718s] /Users/milenavilcinskaite/micromamba/envs/ros_env4/bin/install_name_tool: warning: changes being made to the file will invalidate the code signature in: /Users/milenavilcinskaite/Downloads/ros2_burger_final_form_ws/install/irob_interfaces/lib/python3.12/site-packages/irob_interfaces/irob_interfaces_s__rosidl_typesupport_c.cpython-312-darwin.so
[6.719s] [cctools-port]: generating fake signature for '/Users/milenavilcinskaite/Downloads/ros2_burger_final_form_ws/install/irob_interfaces/lib/python3.12/site-packages/irob_interfaces/irob_interfaces_s__rosidl_typesupport_c.cpython-312-darwin.so'
[6.726s] -- Installing: /Users/milenavilcinskaite/Downloads/ros2_burger_final_form_ws/install/irob_interfaces/lib/libirob_interfaces__rosidl_generator_py.dylib
[6.727s] /Users/milenavilcinskaite/micromamba/envs/ros_env4/bin/install_name_tool: warning: changes being made to the file will invalidate the code signature in: /Users/milenavilcinskaite/Downloads/ros2_burger_final_form_ws/install/irob_interfaces/lib/libirob_interfaces__rosidl_generator_py.dylib
[6.728s] [cctools-port]: generating fake signature for '/Users/milenavilcinskaite/Downloads/ros2_burger_final_form_ws/install/irob_interfaces/lib/libirob_interfaces__rosidl_generator_py.dylib'
[6.735s] -- Installing: /Users/milenavilcinskaite/Downloads/ros2_burger_final_form_ws/install/irob_interfaces/share/ament_index/resource_index/rust_packages/irob_interfaces
[6.735s] -- Installing: /Users/milenavilcinskaite/Downloads/ros2_burger_final_form_ws/install/irob_interfaces/share/irob_interfaces/rust
[6.735s] -- Installing: /Users/milenavilcinskaite/Downloads/ros2_burger_final_form_ws/install/irob_interfaces/share/irob_interfaces/rust/Cargo.toml
[6.735s] -- Installing: /Users/milenavilcinskaite/Downloads/ros2_burger_final_form_ws/install/irob_interfaces/share/irob_interfaces/rust/build.rs
[6.736s] -- Installing: /Users/milenavilcinskaite/Downloads/ros2_burger_final_form_ws/install/irob_interfaces/share/irob_interfaces/rust/src
[6.736s] -- Installing: /Users/milenavilcinskaite/Downloads/ros2_burger_final_form_ws/install/irob_interfaces/share/irob_interfaces/rust/src/lib.rs
[6.736s] -- Installing: /Users/milenavilcinskaite/Downloads/ros2_burger_final_form_ws/install/irob_interfaces/share/irob_interfaces/rust/src/srv.rs
[6.736s] -- Installing: /Users/milenavilcinskaite/Downloads/ros2_burger_final_form_ws/install/irob_interfaces/share/irob_interfaces/rust/src/srv
[6.736s] -- Installing: /Users/milenavilcinskaite/Downloads/ros2_burger_final_form_ws/install/irob_interfaces/share/irob_interfaces/rust/src/srv/rmw.rs
[6.736s] -- Installing: /Users/milenavilcinskaite/Downloads/ros2_burger_final_form_ws/install/irob_interfaces/share/irob_interfaces/srv/GetGoal.idl
[6.736s] -- Installing: /Users/milenavilcinskaite/Downloads/ros2_burger_final_form_ws/install/irob_interfaces/share/irob_interfaces/srv/Activate.idl
[6.737s] -- Installing: /Users/milenavilcinskaite/Downloads/ros2_burger_final_form_ws/install/irob_interfaces/share/irob_interfaces/srv/Deactivate.idl
[6.737s] -- Installing: /Users/milenavilcinskaite/Downloads/ros2_burger_final_form_ws/install/irob_interfaces/share/irob_interfaces/srv/AtGoal.idl
[6.737s] -- Installing: /Users/milenavilcinskaite/Downloads/ros2_burger_final_form_ws/install/irob_interfaces/share/irob_interfaces/srv/GetGoal.srv
[6.737s] -- Installing: /Users/milenavilcinskaite/Downloads/ros2_burger_final_form_ws/install/irob_interfaces/share/irob_interfaces/srv/GetGoal_Request.msg
[6.738s] -- Installing: /Users/milenavilcinskaite/Downloads/ros2_burger_final_form_ws/install/irob_interfaces/share/irob_interfaces/srv/GetGoal_Response.msg
[6.738s] -- Installing: /Users/milenavilcinskaite/Downloads/ros2_burger_final_form_ws/install/irob_interfaces/share/irob_interfaces/srv/Activate.srv
[6.738s] -- Installing: /Users/milenavilcinskaite/Downloads/ros2_burger_final_form_ws/install/irob_interfaces/share/irob_interfaces/srv/Activate_Request.msg
[6.738s] -- Installing: /Users/milenavilcinskaite/Downloads/ros2_burger_final_form_ws/install/irob_interfaces/share/irob_interfaces/srv/Activate_Response.msg
[6.738s] -- Installing: /Users/milenavilcinskaite/Downloads/ros2_burger_final_form_ws/install/irob_interfaces/share/irob_interfaces/srv/Deactivate.srv
[6.739s] -- Installing: /Users/milenavilcinskaite/Downloads/ros2_burger_final_form_ws/install/irob_interfaces/share/irob_interfaces/srv/Deactivate_Request.msg
[6.739s] -- Installing: /Users/milenavilcinskaite/Downloads/ros2_burger_final_form_ws/install/irob_interfaces/share/irob_interfaces/srv/Deactivate_Response.msg
[6.739s] -- Installing: /Users/milenavilcinskaite/Downloads/ros2_burger_final_form_ws/install/irob_interfaces/share/irob_interfaces/srv/AtGoal.srv
[6.739s] -- Installing: /Users/milenavilcinskaite/Downloads/ros2_burger_final_form_ws/install/irob_interfaces/share/irob_interfaces/srv/AtGoal_Request.msg
[6.740s] -- Installing: /Users/milenavilcinskaite/Downloads/ros2_burger_final_form_ws/install/irob_interfaces/share/irob_interfaces/srv/AtGoal_Response.msg
[6.740s] -- Installing: /Users/milenavilcinskaite/Downloads/ros2_burger_final_form_ws/install/irob_interfaces/share/ament_index/resource_index/package_run_dependencies/irob_interfaces
[6.740s] -- Installing: /Users/milenavilcinskaite/Downloads/ros2_burger_final_form_ws/install/irob_interfaces/share/ament_index/resource_index/parent_prefix_path/irob_interfaces
[6.741s] -- Installing: /Users/milenavilcinskaite/Downloads/ros2_burger_final_form_ws/install/irob_interfaces/share/irob_interfaces/environment/ament_prefix_path.sh
[6.741s] -- Installing: /Users/milenavilcinskaite/Downloads/ros2_burger_final_form_ws/install/irob_interfaces/share/irob_interfaces/environment/ament_prefix_path.dsv
[6.741s] -- Installing: /Users/milenavilcinskaite/Downloads/ros2_burger_final_form_ws/install/irob_interfaces/share/irob_interfaces/environment/path.sh
[6.741s] -- Installing: /Users/milenavilcinskaite/Downloads/ros2_burger_final_form_ws/install/irob_interfaces/share/irob_interfaces/environment/path.dsv
[6.742s] -- Installing: /Users/milenavilcinskaite/Downloads/ros2_burger_final_form_ws/install/irob_interfaces/share/irob_interfaces/local_setup.bash
[6.742s] -- Installing: /Users/milenavilcinskaite/Downloads/ros2_burger_final_form_ws/install/irob_interfaces/share/irob_interfaces/local_setup.sh
[6.742s] -- Installing: /Users/milenavilcinskaite/Downloads/ros2_burger_final_form_ws/install/irob_interfaces/share/irob_interfaces/local_setup.zsh
[6.742s] -- Installing: /Users/milenavilcinskaite/Downloads/ros2_burger_final_form_ws/install/irob_interfaces/share/irob_interfaces/local_setup.dsv
[6.743s] -- Installing: /Users/milenavilcinskaite/Downloads/ros2_burger_final_form_ws/install/irob_interfaces/share/irob_interfaces/package.dsv
[6.743s] -- Installing: /Users/milenavilcinskaite/Downloads/ros2_burger_final_form_ws/install/irob_interfaces/share/ament_index/resource_index/packages/irob_interfaces
[6.743s] -- Installing: /Users/milenavilcinskaite/Downloads/ros2_burger_final_form_ws/install/irob_interfaces/share/irob_interfaces/cmake/export_irob_interfaces__rosidl_generator_cExport.cmake
[6.743s] -- Installing: /Users/milenavilcinskaite/Downloads/ros2_burger_final_form_ws/install/irob_interfaces/share/irob_interfaces/cmake/export_irob_interfaces__rosidl_generator_cExport-noconfig.cmake
[6.744s] -- Installing: /Users/milenavilcinskaite/Downloads/ros2_burger_final_form_ws/install/irob_interfaces/share/irob_interfaces/cmake/export_irob_interfaces__rosidl_typesupport_fastrtps_cExport.cmake
[6.744s] -- Installing: /Users/milenavilcinskaite/Downloads/ros2_burger_final_form_ws/install/irob_interfaces/share/irob_interfaces/cmake/export_irob_interfaces__rosidl_typesupport_fastrtps_cExport-noconfig.cmake
[6.744s] -- Installing: /Users/milenavilcinskaite/Downloads/ros2_burger_final_form_ws/install/irob_interfaces/share/irob_interfaces/cmake/irob_interfaces__rosidl_typesupport_introspection_cExport.cmake
[6.745s] -- Installing: /Users/milenavilcinskaite/Downloads/ros2_burger_final_form_ws/install/irob_interfaces/share/irob_interfaces/cmake/irob_interfaces__rosidl_typesupport_introspection_cExport-noconfig.cmake
[6.745s] -- Installing: /Users/milenavilcinskaite/Downloads/ros2_burger_final_form_ws/install/irob_interfaces/share/irob_interfaces/cmake/irob_interfaces__rosidl_typesupport_cExport.cmake
[6.745s] -- Installing: /Users/milenavilcinskaite/Downloads/ros2_burger_final_form_ws/install/irob_interfaces/share/irob_interfaces/cmake/irob_interfaces__rosidl_typesupport_cExport-noconfig.cmake
[6.745s] -- Installing: /Users/milenavilcinskaite/Downloads/ros2_burger_final_form_ws/install/irob_interfaces/share/irob_interfaces/cmake/export_irob_interfaces__rosidl_generator_cppExport.cmake
[6.746s] -- Installing: /Users/milenavilcinskaite/Downloads/ros2_burger_final_form_ws/install/irob_interfaces/share/irob_interfaces/cmake/export_irob_interfaces__rosidl_typesupport_fastrtps_cppExport.cmake
[6.746s] -- Installing: /Users/milenavilcinskaite/Downloads/ros2_burger_final_form_ws/install/irob_interfaces/share/irob_interfaces/cmake/export_irob_interfaces__rosidl_typesupport_fastrtps_cppExport-noconfig.cmake
[6.746s] -- Installing: /Users/milenavilcinskaite/Downloads/ros2_burger_final_form_ws/install/irob_interfaces/share/irob_interfaces/cmake/irob_interfaces__rosidl_typesupport_introspection_cppExport.cmake
[6.746s] -- Installing: /Users/milenavilcinskaite/Downloads/ros2_burger_final_form_ws/install/irob_interfaces/share/irob_interfaces/cmake/irob_interfaces__rosidl_typesupport_introspection_cppExport-noconfig.cmake
[6.746s] -- Installing: /Users/milenavilcinskaite/Downloads/ros2_burger_final_form_ws/install/irob_interfaces/share/irob_interfaces/cmake/irob_interfaces__rosidl_typesupport_cppExport.cmake
[6.747s] -- Installing: /Users/milenavilcinskaite/Downloads/ros2_burger_final_form_ws/install/irob_interfaces/share/irob_interfaces/cmake/irob_interfaces__rosidl_typesupport_cppExport-noconfig.cmake
[6.747s] -- Installing: /Users/milenavilcinskaite/Downloads/ros2_burger_final_form_ws/install/irob_interfaces/share/irob_interfaces/cmake/export_irob_interfaces__rosidl_generator_pyExport.cmake
[6.747s] -- Installing: /Users/milenavilcinskaite/Downloads/ros2_burger_final_form_ws/install/irob_interfaces/share/irob_interfaces/cmake/export_irob_interfaces__rosidl_generator_pyExport-noconfig.cmake
[6.747s] -- Installing: /Users/milenavilcinskaite/Downloads/ros2_burger_final_form_ws/install/irob_interfaces/share/irob_interfaces/cmake/rosidl_cmake-extras.cmake
[6.747s] -- Installing: /Users/milenavilcinskaite/Downloads/ros2_burger_final_form_ws/install/irob_interfaces/share/irob_interfaces/cmake/ament_cmake_export_include_directories-extras.cmake
[6.748s] -- Installing: /Users/milenavilcinskaite/Downloads/ros2_burger_final_form_ws/install/irob_interfaces/share/irob_interfaces/cmake/ament_cmake_export_libraries-extras.cmake
[6.748s] -- Installing: /Users/milenavilcinskaite/Downloads/ros2_burger_final_form_ws/install/irob_interfaces/share/irob_interfaces/cmake/ament_cmake_export_targets-extras.cmake
[6.748s] -- Installing: /Users/milenavilcinskaite/Downloads/ros2_burger_final_form_ws/install/irob_interfaces/share/irob_interfaces/cmake/rosidl_cmake_export_typesupport_targets-extras.cmake
[6.748s] -- Installing: /Users/milenavilcinskaite/Downloads/ros2_burger_final_form_ws/install/irob_interfaces/share/irob_interfaces/cmake/ament_cmake_export_dependencies-extras.cmake
[6.748s] -- Installing: /Users/milenavilcinskaite/Downloads/ros2_burger_final_form_ws/install/irob_interfaces/share/irob_interfaces/cmake/rosidl_cmake_export_typesupport_libraries-extras.cmake
[6.748s] -- Installing: /Users/milenavilcinskaite/Downloads/ros2_burger_final_form_ws/install/irob_interfaces/share/irob_interfaces/cmake/irob_interfacesConfig.cmake
[6.749s] -- Installing: /Users/milenavilcinskaite/Downloads/ros2_burger_final_form_ws/install/irob_interfaces/share/irob_interfaces/cmake/irob_interfacesConfig-version.cmake
[6.749s] -- Installing: /Users/milenavilcinskaite/Downloads/ros2_burger_final_form_ws/install/irob_interfaces/share/irob_interfaces/package.xml
[6.751s] Invoked command in '/Users/milenavilcinskaite/Downloads/ros2_burger_final_form_ws/build/irob_interfaces' returned '0': CMAKE_PREFIX_PATH=${CMAKE_PREFIX_PATH}:/Users/milenavilcinskaite/Downloads/ros2_burger_final_form_ws/install/irob_assignment_5:/Users/milenavilcinskaite/Downloads/ros2_burger_final_form_ws/install/irob_assignment_1 CONDA_PROMPT_MODIFIER=(ros_env4) SHLVL=2 _=/usr/bin/env __CF_USER_TEXT_ENCODING=0x1F5:0x0:0x2 /Users/milenavilcinskaite/micromamba/envs/ros_env4/bin/cmake --install /Users/milenavilcinskaite/Downloads/ros2_burger_final_form_ws/build/irob_interfaces
