[0.195s] [34mcolcon[0m [1;30mDEBUG[0m [32mCommand line arguments: ['/Users/milenavilcinskaite/micromamba/envs/ros_env4/bin/colcon', 'build', '--packages-select', 'irob_interfaces', '--cmake-args', '-DPython_EXECUTABLE=/Users/milenavilcinskaite/micromamba/envs/ros_env4/bin/python', '-DPython3_EXECUTABLE=/Users/milenavilcinskaite/micromamba/envs/ros_env4/bin/python', '-DPYTHON_EXECUTABLE=/Users/milenavilcinskaite/micromamba/envs/ros_env4/bin/python', '-DPython_FIND_STRATEGY=LOCATION', '-DPython3_FIND_STRATEGY=LOCATION'][0m
[0.196s] [34mcolcon[0m [1;30mDEBUG[0m [32mParsed command line arguments: Namespace(log_base=None, log_level=None, verb_name='build', build_base='build', install_base='install', merge_install=False, symlink_install=False, test_result_base=None, continue_on_error=False, executor='parallel', parallel_workers=10, event_handlers=None, ignore_user_meta=False, metas=['./colcon.meta'], base_paths=['.'], packages_ignore=None, packages_ignore_regex=None, paths=None, packages_up_to=None, packages_up_to_regex=None, packages_above=None, packages_above_and_dependencies=None, packages_above_depth=None, packages_select_by_dep=None, packages_skip_by_dep=None, packages_skip_up_to=None, packages_select_build_failed=False, packages_skip_build_finished=False, packages_select_test_failures=False, packages_skip_test_passed=False, packages_select=['irob_interfaces'], packages_skip=None, packages_select_regex=None, packages_skip_regex=None, packages_start=None, packages_end=None, cmake_args=['-DPython_EXECUTABLE=/Users/milenavilcinskaite/micromamba/envs/ros_env4/bin/python', '-DPython3_EXECUTABLE=/Users/milenavilcinskaite/micromamba/envs/ros_env4/bin/python', '-DPYTHON_EXECUTABLE=/Users/milenavilcinskaite/micromamba/envs/ros_env4/bin/python', '-DPython_FIND_STRATEGY=LOCATION', '-DPython3_FIND_STRATEGY=LOCATION'], cmake_target=None, cmake_target_skip_unavailable=False, cmake_clean_cache=False, cmake_clean_first=False, cmake_force_configure=False, ament_cmake_args=None, catkin_cmake_args=None, catkin_skip_building_tests=False, mixin_files=None, mixin=None, verb_parser=<colcon_mixin.mixin.mixin_argument.MixinArgumentDecorator object at 0x107527950>, verb_extension=<colcon_core.verb.build.BuildVerb object at 0x10509ef60>, main=<bound method BuildVerb.main of <colcon_core.verb.build.BuildVerb object at 0x10509ef60>>, mixin_verb=('build',))[0m
[0.235s] [34mcolcon.colcon_core.package_discovery[0m [1;30mLevel 1[0m discover_packages(colcon_meta) check parameters
[0.235s] [34mcolcon.colcon_core.package_discovery[0m [1;30mLevel 1[0m discover_packages(recursive) check parameters
[0.235s] [34mcolcon.colcon_core.package_discovery[0m [1;30mLevel 1[0m discover_packages(ignore) check parameters
[0.235s] [34mcolcon.colcon_core.package_discovery[0m [1;30mLevel 1[0m discover_packages(path) check parameters
[0.235s] [34mcolcon.colcon_core.package_discovery[0m [1;30mLevel 1[0m discover_packages(colcon_meta) discover
[0.235s] [34mcolcon.colcon_core.package_discovery[0m [1;30mLevel 1[0m discover_packages(recursive) discover
[0.235s] [34mcolcon.colcon_core.package_discovery[0m [1;30mINFO[0m Crawling recursively for packages in '/Users/milenavilcinskaite/Downloads/ros2_burger_final_form_ws'
[0.235s] [34mcolcon.colcon_core.package_identification[0m [1;30mLevel 1[0m _identify(.) by extensions ['ignore', 'ignore_ament_install']
[0.235s] [34mcolcon.colcon_core.package_identification[0m [1;30mLevel 1[0m _identify(.) by extension 'ignore'
[0.236s] [34mcolcon.colcon_core.package_identification[0m [1;30mLevel 1[0m _identify(.) by extension 'ignore_ament_install'
[0.236s] [34mcolcon.colcon_core.package_identification[0m [1;30mLevel 1[0m _identify(.) by extensions ['colcon_pkg']
[0.236s] [34mcolcon.colcon_core.package_identification[0m [1;30mLevel 1[0m _identify(.) by extension 'colcon_pkg'
[0.236s] [34mcolcon.colcon_core.package_identification[0m [1;30mLevel 1[0m _identify(.) by extensions ['colcon_meta']
[0.236s] [34mcolcon.colcon_core.package_identification[0m [1;30mLevel 1[0m _identify(.) by extension 'colcon_meta'
[0.236s] [34mcolcon.colcon_core.package_identification[0m [1;30mLevel 1[0m _identify(.) by extensions ['ros']
[0.236s] [34mcolcon.colcon_core.package_identification[0m [1;30mLevel 1[0m _identify(.) by extension 'ros'
[0.268s] [34mcolcon.colcon_core.package_identification[0m [1;30mLevel 1[0m _identify(.) by extensions ['cmake', 'python']
[0.268s] [34mcolcon.colcon_core.package_identification[0m [1;30mLevel 1[0m _identify(.) by extension 'cmake'
[0.268s] [34mcolcon.colcon_core.package_identification[0m [1;30mLevel 1[0m _identify(.) by extension 'python'
[0.268s] [34mcolcon.colcon_core.package_identification[0m [1;30mLevel 1[0m _identify(.) by extensions ['python_setup_py']
[0.268s] [34mcolcon.colcon_core.package_identification[0m [1;30mLevel 1[0m _identify(.) by extension 'python_setup_py'
[0.268s] [34mcolcon.colcon_core.package_identification[0m [1;30mLevel 1[0m _identify(build) by extensions ['ignore', 'ignore_ament_install']
[0.268s] [34mcolcon.colcon_core.package_identification[0m [1;30mLevel 1[0m _identify(build) by extension 'ignore'
[0.268s] [34mcolcon.colcon_core.package_identification[0m [1;30mLevel 1[0m _identify(build) ignored
[0.268s] [34mcolcon.colcon_core.package_identification[0m [1;30mLevel 1[0m _identify(install) by extensions ['ignore', 'ignore_ament_install']
[0.268s] [34mcolcon.colcon_core.package_identification[0m [1;30mLevel 1[0m _identify(install) by extension 'ignore'
[0.268s] [34mcolcon.colcon_core.package_identification[0m [1;30mLevel 1[0m _identify(install) ignored
[0.268s] [34mcolcon.colcon_core.package_identification[0m [1;30mLevel 1[0m _identify(log) by extensions ['ignore', 'ignore_ament_install']
[0.268s] [34mcolcon.colcon_core.package_identification[0m [1;30mLevel 1[0m _identify(log) by extension 'ignore'
[0.268s] [34mcolcon.colcon_core.package_identification[0m [1;30mLevel 1[0m _identify(log) ignored
[0.268s] [34mcolcon.colcon_core.package_identification[0m [1;30mLevel 1[0m _identify(src) by extensions ['ignore', 'ignore_ament_install']
[0.269s] [34mcolcon.colcon_core.package_identification[0m [1;30mLevel 1[0m _identify(src) by extension 'ignore'
[0.269s] [34mcolcon.colcon_core.package_identification[0m [1;30mLevel 1[0m _identify(src) by extension 'ignore_ament_install'
[0.269s] [34mcolcon.colcon_core.package_identification[0m [1;30mLevel 1[0m _identify(src) by extensions ['colcon_pkg']
[0.269s] [34mcolcon.colcon_core.package_identification[0m [1;30mLevel 1[0m _identify(src) by extension 'colcon_pkg'
[0.269s] [34mcolcon.colcon_core.package_identification[0m [1;30mLevel 1[0m _identify(src) by extensions ['colcon_meta']
[0.269s] [34mcolcon.colcon_core.package_identification[0m [1;30mLevel 1[0m _identify(src) by extension 'colcon_meta'
[0.269s] [34mcolcon.colcon_core.package_identification[0m [1;30mLevel 1[0m _identify(src) by extensions ['ros']
[0.269s] [34mcolcon.colcon_core.package_identification[0m [1;30mLevel 1[0m _identify(src) by extension 'ros'
[0.269s] [34mcolcon.colcon_core.package_identification[0m [1;30mLevel 1[0m _identify(src) by extensions ['cmake', 'python']
[0.269s] [34mcolcon.colcon_core.package_identification[0m [1;30mLevel 1[0m _identify(src) by extension 'cmake'
[0.269s] [34mcolcon.colcon_core.package_identification[0m [1;30mLevel 1[0m _identify(src) by extension 'python'
[0.269s] [34mcolcon.colcon_core.package_identification[0m [1;30mLevel 1[0m _identify(src) by extensions ['python_setup_py']
[0.269s] [34mcolcon.colcon_core.package_identification[0m [1;30mLevel 1[0m _identify(src) by extension 'python_setup_py'
[0.269s] [34mcolcon.colcon_core.package_identification[0m [1;30mLevel 1[0m _identify(src/irob_assignment_1) by extensions ['ignore', 'ignore_ament_install']
[0.269s] [34mcolcon.colcon_core.package_identification[0m [1;30mLevel 1[0m _identify(src/irob_assignment_1) by extension 'ignore'
[0.269s] [34mcolcon.colcon_core.package_identification[0m [1;30mLevel 1[0m _identify(src/irob_assignment_1) by extension 'ignore_ament_install'
[0.269s] [34mcolcon.colcon_core.package_identification[0m [1;30mLevel 1[0m _identify(src/irob_assignment_1) by extensions ['colcon_pkg']
[0.269s] [34mcolcon.colcon_core.package_identification[0m [1;30mLevel 1[0m _identify(src/irob_assignment_1) by extension 'colcon_pkg'
[0.269s] [34mcolcon.colcon_core.package_identification[0m [1;30mLevel 1[0m _identify(src/irob_assignment_1) by extensions ['colcon_meta']
[0.269s] [34mcolcon.colcon_core.package_identification[0m [1;30mLevel 1[0m _identify(src/irob_assignment_1) by extension 'colcon_meta'
[0.269s] [34mcolcon.colcon_core.package_identification[0m [1;30mLevel 1[0m _identify(src/irob_assignment_1) by extensions ['ros']
[0.269s] [34mcolcon.colcon_core.package_identification[0m [1;30mLevel 1[0m _identify(src/irob_assignment_1) by extension 'ros'
[0.273s] [34mcolcon.colcon_core.package_identification[0m [1;30mDEBUG[0m [32mPackage 'src/irob_assignment_1' with type 'ros.ament_python' and name 'irob_assignment_1'[0m
[0.273s] [34mcolcon.colcon_core.package_identification[0m [1;30mLevel 1[0m _identify(src/irob_assignment_5) by extensions ['ignore', 'ignore_ament_install']
[0.273s] [34mcolcon.colcon_core.package_identification[0m [1;30mLevel 1[0m _identify(src/irob_assignment_5) by extension 'ignore'
[0.273s] [34mcolcon.colcon_core.package_identification[0m [1;30mLevel 1[0m _identify(src/irob_assignment_5) by extension 'ignore_ament_install'
[0.273s] [34mcolcon.colcon_core.package_identification[0m [1;30mLevel 1[0m _identify(src/irob_assignment_5) by extensions ['colcon_pkg']
[0.273s] [34mcolcon.colcon_core.package_identification[0m [1;30mLevel 1[0m _identify(src/irob_assignment_5) by extension 'colcon_pkg'
[0.273s] [34mcolcon.colcon_core.package_identification[0m [1;30mLevel 1[0m _identify(src/irob_assignment_5) by extensions ['colcon_meta']
[0.273s] [34mcolcon.colcon_core.package_identification[0m [1;30mLevel 1[0m _identify(src/irob_assignment_5) by extension 'colcon_meta'
[0.273s] [34mcolcon.colcon_core.package_identification[0m [1;30mLevel 1[0m _identify(src/irob_assignment_5) by extensions ['ros']
[0.273s] [34mcolcon.colcon_core.package_identification[0m [1;30mLevel 1[0m _identify(src/irob_assignment_5) by extension 'ros'
[0.274s] [34mcolcon.colcon_core.package_identification[0m [1;30mDEBUG[0m [32mPackage 'src/irob_assignment_5' with type 'ros.ament_python' and name 'irob_assignment_5'[0m
[0.275s] [34mcolcon.colcon_core.package_identification[0m [1;30mLevel 1[0m _identify(src/irob_interfaces) by extensions ['ignore', 'ignore_ament_install']
[0.275s] [34mcolcon.colcon_core.package_identification[0m [1;30mLevel 1[0m _identify(src/irob_interfaces) by extension 'ignore'
[0.275s] [34mcolcon.colcon_core.package_identification[0m [1;30mLevel 1[0m _identify(src/irob_interfaces) by extension 'ignore_ament_install'
[0.275s] [34mcolcon.colcon_core.package_identification[0m [1;30mLevel 1[0m _identify(src/irob_interfaces) by extensions ['colcon_pkg']
[0.275s] [34mcolcon.colcon_core.package_identification[0m [1;30mLevel 1[0m _identify(src/irob_interfaces) by extension 'colcon_pkg'
[0.275s] [34mcolcon.colcon_core.package_identification[0m [1;30mLevel 1[0m _identify(src/irob_interfaces) by extensions ['colcon_meta']
[0.275s] [34mcolcon.colcon_core.package_identification[0m [1;30mLevel 1[0m _identify(src/irob_interfaces) by extension 'colcon_meta'
[0.275s] [34mcolcon.colcon_core.package_identification[0m [1;30mLevel 1[0m _identify(src/irob_interfaces) by extensions ['ros']
[0.275s] [34mcolcon.colcon_core.package_identification[0m [1;30mLevel 1[0m _identify(src/irob_interfaces) by extension 'ros'
[0.275s] [34mcolcon.colcon_core.package_identification[0m [1;30mDEBUG[0m [32mPackage 'src/irob_interfaces' with type 'ros.ament_cmake' and name 'irob_interfaces'[0m
[0.276s] [34mcolcon.colcon_core.package_identification[0m [1;30mLevel 1[0m _identify(src/turtlebot3_simulations) by extensions ['ignore', 'ignore_ament_install']
[0.276s] [34mcolcon.colcon_core.package_identification[0m [1;30mLevel 1[0m _identify(src/turtlebot3_simulations) by extension 'ignore'
[0.276s] [34mcolcon.colcon_core.package_identification[0m [1;30mLevel 1[0m _identify(src/turtlebot3_simulations) by extension 'ignore_ament_install'
[0.276s] [34mcolcon.colcon_core.package_identification[0m [1;30mLevel 1[0m _identify(src/turtlebot3_simulations) by extensions ['colcon_pkg']
[0.276s] [34mcolcon.colcon_core.package_identification[0m [1;30mLevel 1[0m _identify(src/turtlebot3_simulations) by extension 'colcon_pkg'
[0.276s] [34mcolcon.colcon_core.package_identification[0m [1;30mLevel 1[0m _identify(src/turtlebot3_simulations) by extensions ['colcon_meta']
[0.276s] [34mcolcon.colcon_core.package_identification[0m [1;30mLevel 1[0m _identify(src/turtlebot3_simulations) by extension 'colcon_meta'
[0.276s] [34mcolcon.colcon_core.package_identification[0m [1;30mLevel 1[0m _identify(src/turtlebot3_simulations) by extensions ['ros']
[0.276s] [34mcolcon.colcon_core.package_identification[0m [1;30mLevel 1[0m _identify(src/turtlebot3_simulations) by extension 'ros'
[0.276s] [34mcolcon.colcon_core.package_identification[0m [1;30mLevel 1[0m _identify(src/turtlebot3_simulations) by extensions ['cmake', 'python']
[0.276s] [34mcolcon.colcon_core.package_identification[0m [1;30mLevel 1[0m _identify(src/turtlebot3_simulations) by extension 'cmake'
[0.276s] [34mcolcon.colcon_core.package_identification[0m [1;30mLevel 1[0m _identify(src/turtlebot3_simulations) by extension 'python'
[0.276s] [34mcolcon.colcon_core.package_identification[0m [1;30mLevel 1[0m _identify(src/turtlebot3_simulations) by extensions ['python_setup_py']
[0.276s] [34mcolcon.colcon_core.package_identification[0m [1;30mLevel 1[0m _identify(src/turtlebot3_simulations) by extension 'python_setup_py'
[0.276s] [34mcolcon.colcon_core.package_identification[0m [1;30mLevel 1[0m _identify(src/turtlebot3_simulations/turtlebot3_fake_node) by extensions ['ignore', 'ignore_ament_install']
[0.277s] [34mcolcon.colcon_core.package_identification[0m [1;30mLevel 1[0m _identify(src/turtlebot3_simulations/turtlebot3_fake_node) by extension 'ignore'
[0.277s] [34mcolcon.colcon_core.package_identification[0m [1;30mLevel 1[0m _identify(src/turtlebot3_simulations/turtlebot3_fake_node) by extension 'ignore_ament_install'
[0.277s] [34mcolcon.colcon_core.package_identification[0m [1;30mLevel 1[0m _identify(src/turtlebot3_simulations/turtlebot3_fake_node) by extensions ['colcon_pkg']
[0.277s] [34mcolcon.colcon_core.package_identification[0m [1;30mLevel 1[0m _identify(src/turtlebot3_simulations/turtlebot3_fake_node) by extension 'colcon_pkg'
[0.277s] [34mcolcon.colcon_core.package_identification[0m [1;30mLevel 1[0m _identify(src/turtlebot3_simulations/turtlebot3_fake_node) by extensions ['colcon_meta']
[0.277s] [34mcolcon.colcon_core.package_identification[0m [1;30mLevel 1[0m _identify(src/turtlebot3_simulations/turtlebot3_fake_node) by extension 'colcon_meta'
[0.277s] [34mcolcon.colcon_core.package_identification[0m [1;30mLevel 1[0m _identify(src/turtlebot3_simulations/turtlebot3_fake_node) by extensions ['ros']
[0.277s] [34mcolcon.colcon_core.package_identification[0m [1;30mLevel 1[0m _identify(src/turtlebot3_simulations/turtlebot3_fake_node) by extension 'ros'
[0.278s] [34mcolcon.colcon_core.package_identification[0m [1;30mDEBUG[0m [32mPackage 'src/turtlebot3_simulations/turtlebot3_fake_node' with type 'ros.ament_cmake' and name 'turtlebot3_fake_node'[0m
[0.278s] [34mcolcon.colcon_core.package_identification[0m [1;30mLevel 1[0m _identify(src/turtlebot3_simulations/turtlebot3_gazebo) by extensions ['ignore', 'ignore_ament_install']
[0.278s] [34mcolcon.colcon_core.package_identification[0m [1;30mLevel 1[0m _identify(src/turtlebot3_simulations/turtlebot3_gazebo) by extension 'ignore'
[0.278s] [34mcolcon.colcon_core.package_identification[0m [1;30mLevel 1[0m _identify(src/turtlebot3_simulations/turtlebot3_gazebo) by extension 'ignore_ament_install'
[0.278s] [34mcolcon.colcon_core.package_identification[0m [1;30mLevel 1[0m _identify(src/turtlebot3_simulations/turtlebot3_gazebo) by extensions ['colcon_pkg']
[0.278s] [34mcolcon.colcon_core.package_identification[0m [1;30mLevel 1[0m _identify(src/turtlebot3_simulations/turtlebot3_gazebo) by extension 'colcon_pkg'
[0.278s] [34mcolcon.colcon_core.package_identification[0m [1;30mLevel 1[0m _identify(src/turtlebot3_simulations/turtlebot3_gazebo) by extensions ['colcon_meta']
[0.278s] [34mcolcon.colcon_core.package_identification[0m [1;30mLevel 1[0m _identify(src/turtlebot3_simulations/turtlebot3_gazebo) by extension 'colcon_meta'
[0.278s] [34mcolcon.colcon_core.package_identification[0m [1;30mLevel 1[0m _identify(src/turtlebot3_simulations/turtlebot3_gazebo) by extensions ['ros']
[0.278s] [34mcolcon.colcon_core.package_identification[0m [1;30mLevel 1[0m _identify(src/turtlebot3_simulations/turtlebot3_gazebo) by extension 'ros'
[0.279s] [34mcolcon.colcon_core.package_identification[0m [1;30mDEBUG[0m [32mPackage 'src/turtlebot3_simulations/turtlebot3_gazebo' with type 'ros.ament_cmake' and name 'turtlebot3_gazebo'[0m
[0.279s] [34mcolcon.colcon_core.package_identification[0m [1;30mLevel 1[0m _identify(src/turtlebot3_simulations/turtlebot3_manipulation_gazebo) by extensions ['ignore', 'ignore_ament_install']
[0.279s] [34mcolcon.colcon_core.package_identification[0m [1;30mLevel 1[0m _identify(src/turtlebot3_simulations/turtlebot3_manipulation_gazebo) by extension 'ignore'
[0.279s] [34mcolcon.colcon_core.package_identification[0m [1;30mLevel 1[0m _identify(src/turtlebot3_simulations/turtlebot3_manipulation_gazebo) by extension 'ignore_ament_install'
[0.280s] [34mcolcon.colcon_core.package_identification[0m [1;30mLevel 1[0m _identify(src/turtlebot3_simulations/turtlebot3_manipulation_gazebo) by extensions ['colcon_pkg']
[0.280s] [34mcolcon.colcon_core.package_identification[0m [1;30mLevel 1[0m _identify(src/turtlebot3_simulations/turtlebot3_manipulation_gazebo) by extension 'colcon_pkg'
[0.280s] [34mcolcon.colcon_core.package_identification[0m [1;30mLevel 1[0m _identify(src/turtlebot3_simulations/turtlebot3_manipulation_gazebo) by extensions ['colcon_meta']
[0.280s] [34mcolcon.colcon_core.package_identification[0m [1;30mLevel 1[0m _identify(src/turtlebot3_simulations/turtlebot3_manipulation_gazebo) by extension 'colcon_meta'
[0.280s] [34mcolcon.colcon_core.package_identification[0m [1;30mLevel 1[0m _identify(src/turtlebot3_simulations/turtlebot3_manipulation_gazebo) by extensions ['ros']
[0.280s] [34mcolcon.colcon_core.package_identification[0m [1;30mLevel 1[0m _identify(src/turtlebot3_simulations/turtlebot3_manipulation_gazebo) by extension 'ros'
[0.280s] [34mcolcon.colcon_core.package_identification[0m [1;30mDEBUG[0m [32mPackage 'src/turtlebot3_simulations/turtlebot3_manipulation_gazebo' with type 'ros.ament_cmake' and name 'turtlebot3_manipulation_gazebo'[0m
[0.281s] [34mcolcon.colcon_core.package_identification[0m [1;30mLevel 1[0m _identify(src/turtlebot3_simulations/turtlebot3_simulations) by extensions ['ignore', 'ignore_ament_install']
[0.281s] [34mcolcon.colcon_core.package_identification[0m [1;30mLevel 1[0m _identify(src/turtlebot3_simulations/turtlebot3_simulations) by extension 'ignore'
[0.281s] [34mcolcon.colcon_core.package_identification[0m [1;30mLevel 1[0m _identify(src/turtlebot3_simulations/turtlebot3_simulations) by extension 'ignore_ament_install'
[0.281s] [34mcolcon.colcon_core.package_identification[0m [1;30mLevel 1[0m _identify(src/turtlebot3_simulations/turtlebot3_simulations) by extensions ['colcon_pkg']
[0.281s] [34mcolcon.colcon_core.package_identification[0m [1;30mLevel 1[0m _identify(src/turtlebot3_simulations/turtlebot3_simulations) by extension 'colcon_pkg'
[0.281s] [34mcolcon.colcon_core.package_identification[0m [1;30mLevel 1[0m _identify(src/turtlebot3_simulations/turtlebot3_simulations) by extensions ['colcon_meta']
[0.281s] [34mcolcon.colcon_core.package_identification[0m [1;30mLevel 1[0m _identify(src/turtlebot3_simulations/turtlebot3_simulations) by extension 'colcon_meta'
[0.281s] [34mcolcon.colcon_core.package_identification[0m [1;30mLevel 1[0m _identify(src/turtlebot3_simulations/turtlebot3_simulations) by extensions ['ros']
[0.281s] [34mcolcon.colcon_core.package_identification[0m [1;30mLevel 1[0m _identify(src/turtlebot3_simulations/turtlebot3_simulations) by extension 'ros'
[0.282s] [34mcolcon.colcon_core.package_identification[0m [1;30mDEBUG[0m [32mPackage 'src/turtlebot3_simulations/turtlebot3_simulations' with type 'ros.ament_cmake' and name 'turtlebot3_simulations'[0m
[0.282s] [34mcolcon.colcon_core.package_discovery[0m [1;30mLevel 1[0m discover_packages(recursive) using defaults
[0.282s] [34mcolcon.colcon_core.package_discovery[0m [1;30mLevel 1[0m discover_packages(ignore) discover
[0.282s] [34mcolcon.colcon_core.package_discovery[0m [1;30mLevel 1[0m discover_packages(ignore) using defaults
[0.282s] [34mcolcon.colcon_core.package_discovery[0m [1;30mLevel 1[0m discover_packages(path) discover
[0.282s] [34mcolcon.colcon_core.package_discovery[0m [1;30mLevel 1[0m discover_packages(path) using defaults
[0.305s] [34mcolcon.colcon_core.package_selection[0m [1;30mINFO[0m Skipping not selected package 'irob_assignment_1' in 'src/irob_assignment_1'
[0.305s] [34mcolcon.colcon_core.package_selection[0m [1;30mINFO[0m Skipping not selected package 'turtlebot3_fake_node' in 'src/turtlebot3_simulations/turtlebot3_fake_node'
[0.305s] [34mcolcon.colcon_core.package_selection[0m [1;30mINFO[0m Skipping not selected package 'turtlebot3_gazebo' in 'src/turtlebot3_simulations/turtlebot3_gazebo'
[0.305s] [34mcolcon.colcon_core.package_selection[0m [1;30mINFO[0m Skipping not selected package 'turtlebot3_manipulation_gazebo' in 'src/turtlebot3_simulations/turtlebot3_manipulation_gazebo'
[0.305s] [34mcolcon.colcon_core.package_selection[0m [1;30mINFO[0m Skipping not selected package 'irob_assignment_5' in 'src/irob_assignment_5'
[0.305s] [34mcolcon.colcon_core.package_selection[0m [1;30mINFO[0m Skipping not selected package 'turtlebot3_simulations' in 'src/turtlebot3_simulations/turtlebot3_simulations'
[0.306s] [34mcolcon.colcon_core.verb[0m [1;30mLevel 5[0m set package 'irob_interfaces' build argument 'cmake_args' from command line to '['-DPython_EXECUTABLE=/Users/milenavilcinskaite/micromamba/envs/ros_env4/bin/python', '-DPython3_EXECUTABLE=/Users/milenavilcinskaite/micromamba/envs/ros_env4/bin/python', '-DPYTHON_EXECUTABLE=/Users/milenavilcinskaite/micromamba/envs/ros_env4/bin/python', '-DPython_FIND_STRATEGY=LOCATION', '-DPython3_FIND_STRATEGY=LOCATION']'
[0.306s] [34mcolcon.colcon_core.verb[0m [1;30mLevel 5[0m set package 'irob_interfaces' build argument 'cmake_target' from command line to 'None'
[0.306s] [34mcolcon.colcon_core.verb[0m [1;30mLevel 5[0m set package 'irob_interfaces' build argument 'cmake_target_skip_unavailable' from command line to 'False'
[0.306s] [34mcolcon.colcon_core.verb[0m [1;30mLevel 5[0m set package 'irob_interfaces' build argument 'cmake_clean_cache' from command line to 'False'
[0.306s] [34mcolcon.colcon_core.verb[0m [1;30mLevel 5[0m set package 'irob_interfaces' build argument 'cmake_clean_first' from command line to 'False'
[0.306s] [34mcolcon.colcon_core.verb[0m [1;30mLevel 5[0m set package 'irob_interfaces' build argument 'cmake_force_configure' from command line to 'False'
[0.306s] [34mcolcon.colcon_core.verb[0m [1;30mLevel 5[0m set package 'irob_interfaces' build argument 'ament_cmake_args' from command line to 'None'
[0.306s] [34mcolcon.colcon_core.verb[0m [1;30mLevel 5[0m set package 'irob_interfaces' build argument 'catkin_cmake_args' from command line to 'None'
[0.306s] [34mcolcon.colcon_core.verb[0m [1;30mLevel 5[0m set package 'irob_interfaces' build argument 'catkin_skip_building_tests' from command line to 'False'
[0.306s] [34mcolcon.colcon_core.verb[0m [1;30mDEBUG[0m [32mBuilding package 'irob_interfaces' with the following arguments: {'ament_cmake_args': None, 'build_base': '/Users/milenavilcinskaite/Downloads/ros2_burger_final_form_ws/build/irob_interfaces', 'catkin_cmake_args': None, 'catkin_skip_building_tests': False, 'cmake_args': ['-DPython_EXECUTABLE=/Users/milenavilcinskaite/micromamba/envs/ros_env4/bin/python', '-DPython3_EXECUTABLE=/Users/milenavilcinskaite/micromamba/envs/ros_env4/bin/python', '-DPYTHON_EXECUTABLE=/Users/milenavilcinskaite/micromamba/envs/ros_env4/bin/python', '-DPython_FIND_STRATEGY=LOCATION', '-DPython3_FIND_STRATEGY=LOCATION'], 'cmake_clean_cache': False, 'cmake_clean_first': False, 'cmake_force_configure': False, 'cmake_target': None, 'cmake_target_skip_unavailable': False, 'install_base': '/Users/milenavilcinskaite/Downloads/ros2_burger_final_form_ws/install/irob_interfaces', 'merge_install': False, 'path': '/Users/milenavilcinskaite/Downloads/ros2_burger_final_form_ws/src/irob_interfaces', 'symlink_install': False, 'test_result_base': None}[0m
[0.306s] [34mcolcon.colcon_core.executor[0m [1;30mINFO[0m Executing jobs using 'parallel' executor
[0.307s] [34mcolcon.colcon_parallel_executor.executor.parallel[0m [1;30mDEBUG[0m [32mrun_until_complete[0m
[0.307s] [34mcolcon.colcon_ros.task.ament_cmake.build[0m [1;30mINFO[0m Building ROS package in '/Users/milenavilcinskaite/Downloads/ros2_burger_final_form_ws/src/irob_interfaces' with build type 'ament_cmake'
[0.307s] [34mcolcon.colcon_cmake.task.cmake.build[0m [1;30mINFO[0m Building CMake package in '/Users/milenavilcinskaite/Downloads/ros2_burger_final_form_ws/src/irob_interfaces'
[0.309s] [34mcolcon.colcon_core.plugin_system[0m [1;30mINFO[0m Skipping extension 'colcon_core.shell.bat': Not used on non-Windows systems
[0.309s] [34mcolcon.colcon_core.shell[0m [1;30mINFO[0m Skip shell extension 'powershell' for command environment: Not usable outside of PowerShell
[0.309s] [34mcolcon.colcon_core.shell[0m [1;30mDEBUG[0m [32mSkip shell extension 'dsv' for command environment[0m
[0.310s] [34mcolcon.colcon_ros.prefix_path.ament[0m [1;30mWARNING[0m [33mThe path '/Users/milenavilcinskaite/Downloads/ros2_burger_final_form_ws/install/turtlebot3_simulations' in the environment variable AMENT_PREFIX_PATH doesn't exist[0m
[0.310s] [34mcolcon.colcon_ros.prefix_path.ament[0m [1;30mWARNING[0m [33mThe path '/Users/milenavilcinskaite/Downloads/ros2_burger_final_form_ws/install/turtlebot3_manipulation_gazebo' in the environment variable AMENT_PREFIX_PATH doesn't exist[0m
[0.310s] [34mcolcon.colcon_ros.prefix_path.ament[0m [1;30mWARNING[0m [33mThe path '/Users/milenavilcinskaite/Downloads/ros2_burger_final_form_ws/install/turtlebot3_gazebo' in the environment variable AMENT_PREFIX_PATH doesn't exist[0m
[0.310s] [34mcolcon.colcon_ros.prefix_path.ament[0m [1;30mWARNING[0m [33mThe path '/Users/milenavilcinskaite/Downloads/ros2_burger_final_form_ws/install/turtlebot3_fake_node' in the environment variable AMENT_PREFIX_PATH doesn't exist[0m
[0.310s] [34mcolcon.colcon_ros.prefix_path.ament[0m [1;30mWARNING[0m [33mThe path '/Users/milenavilcinskaite/Downloads/ros2_burger_final_form_ws/install/irob_assignment_5' in the environment variable AMENT_PREFIX_PATH doesn't exist[0m
[0.310s] [34mcolcon.colcon_ros.prefix_path.ament[0m [1;30mWARNING[0m [33mThe path '/Users/milenavilcinskaite/Downloads/ros2_burger_final_form_ws/install/irob_interfaces' in the environment variable AMENT_PREFIX_PATH doesn't exist[0m
[0.310s] [34mcolcon.colcon_ros.prefix_path.ament[0m [1;30mWARNING[0m [33mThe path '/Users/milenavilcinskaite/Downloads/ros2_burger_final_form_ws/install/irob_assignment_1' in the environment variable AMENT_PREFIX_PATH doesn't exist[0m
[0.310s] [34mcolcon.colcon_ros.prefix_path.catkin[0m [1;30mWARNING[0m [33mThe path '/Users/milenavilcinskaite/Downloads/ros2_burger_final_form_ws/install/turtlebot3_simulations' in the environment variable CMAKE_PREFIX_PATH doesn't exist[0m
[0.310s] [34mcolcon.colcon_ros.prefix_path.catkin[0m [1;30mWARNING[0m [33mThe path '/Users/milenavilcinskaite/Downloads/ros2_burger_final_form_ws/install/turtlebot3_manipulation_gazebo' in the environment variable CMAKE_PREFIX_PATH doesn't exist[0m
[0.310s] [34mcolcon.colcon_ros.prefix_path.catkin[0m [1;30mWARNING[0m [33mThe path '/Users/milenavilcinskaite/Downloads/ros2_burger_final_form_ws/install/turtlebot3_gazebo' in the environment variable CMAKE_PREFIX_PATH doesn't exist[0m
[0.310s] [34mcolcon.colcon_ros.prefix_path.catkin[0m [1;30mWARNING[0m [33mThe path '/Users/milenavilcinskaite/Downloads/ros2_burger_final_form_ws/install/turtlebot3_fake_node' in the environment variable CMAKE_PREFIX_PATH doesn't exist[0m
[0.310s] [34mcolcon.colcon_ros.prefix_path.catkin[0m [1;30mWARNING[0m [33mThe path '/Users/milenavilcinskaite/Downloads/ros2_burger_final_form_ws/install/irob_interfaces' in the environment variable CMAKE_PREFIX_PATH doesn't exist[0m
[0.322s] [34mcolcon.colcon_core.event_handler.log_command[0m [1;30mDEBUG[0m [32mInvoking command in '/Users/milenavilcinskaite/Downloads/ros2_burger_final_form_ws/build/irob_interfaces': CMAKE_PREFIX_PATH=${CMAKE_PREFIX_PATH}:/Users/milenavilcinskaite/Downloads/ros2_burger_final_form_ws/install/irob_assignment_5:/Users/milenavilcinskaite/Downloads/ros2_burger_final_form_ws/install/irob_assignment_1 CONDA_PROMPT_MODIFIER=(ros_env4) SHLVL=2 _=/usr/bin/env __CF_USER_TEXT_ENCODING=0x1F5:0x0:0x2 /Users/milenavilcinskaite/micromamba/envs/ros_env4/bin/cmake /Users/milenavilcinskaite/Downloads/ros2_burger_final_form_ws/src/irob_interfaces -DPython_EXECUTABLE=/Users/milenavilcinskaite/micromamba/envs/ros_env4/bin/python -DPython3_EXECUTABLE=/Users/milenavilcinskaite/micromamba/envs/ros_env4/bin/python -DPYTHON_EXECUTABLE=/Users/milenavilcinskaite/micromamba/envs/ros_env4/bin/python -DPython_FIND_STRATEGY=LOCATION -DPython3_FIND_STRATEGY=LOCATION -DCMAKE_INSTALL_PREFIX=/Users/milenavilcinskaite/Downloads/ros2_burger_final_form_ws/install/irob_interfaces[0m
[3.794s] [34mcolcon.colcon_core.event_handler.log_command[0m [1;30mDEBUG[0m [32mInvoked command in '/Users/milenavilcinskaite/Downloads/ros2_burger_final_form_ws/build/irob_interfaces' returned '0': CMAKE_PREFIX_PATH=${CMAKE_PREFIX_PATH}:/Users/milenavilcinskaite/Downloads/ros2_burger_final_form_ws/install/irob_assignment_5:/Users/milenavilcinskaite/Downloads/ros2_burger_final_form_ws/install/irob_assignment_1 CONDA_PROMPT_MODIFIER=(ros_env4) SHLVL=2 _=/usr/bin/env __CF_USER_TEXT_ENCODING=0x1F5:0x0:0x2 /Users/milenavilcinskaite/micromamba/envs/ros_env4/bin/cmake /Users/milenavilcinskaite/Downloads/ros2_burger_final_form_ws/src/irob_interfaces -DPython_EXECUTABLE=/Users/milenavilcinskaite/micromamba/envs/ros_env4/bin/python -DPython3_EXECUTABLE=/Users/milenavilcinskaite/micromamba/envs/ros_env4/bin/python -DPYTHON_EXECUTABLE=/Users/milenavilcinskaite/micromamba/envs/ros_env4/bin/python -DPython_FIND_STRATEGY=LOCATION -DPython3_FIND_STRATEGY=LOCATION -DCMAKE_INSTALL_PREFIX=/Users/milenavilcinskaite/Downloads/ros2_burger_final_form_ws/install/irob_interfaces[0m
[3.795s] [34mcolcon.colcon_core.event_handler.log_command[0m [1;30mDEBUG[0m [32mInvoking command in '/Users/milenavilcinskaite/Downloads/ros2_burger_final_form_ws/build/irob_interfaces': CMAKE_PREFIX_PATH=${CMAKE_PREFIX_PATH}:/Users/milenavilcinskaite/Downloads/ros2_burger_final_form_ws/install/irob_assignment_5:/Users/milenavilcinskaite/Downloads/ros2_burger_final_form_ws/install/irob_assignment_1 CONDA_PROMPT_MODIFIER=(ros_env4) SHLVL=2 _=/usr/bin/env __CF_USER_TEXT_ENCODING=0x1F5:0x0:0x2 /Users/milenavilcinskaite/micromamba/envs/ros_env4/bin/cmake --build /Users/milenavilcinskaite/Downloads/ros2_burger_final_form_ws/build/irob_interfaces -- -j10 -l10[0m
[6.898s] [34mcolcon.colcon_core.event_handler.log_command[0m [1;30mDEBUG[0m [32mInvoked command in '/Users/milenavilcinskaite/Downloads/ros2_burger_final_form_ws/build/irob_interfaces' returned '0': CMAKE_PREFIX_PATH=${CMAKE_PREFIX_PATH}:/Users/milenavilcinskaite/Downloads/ros2_burger_final_form_ws/install/irob_assignment_5:/Users/milenavilcinskaite/Downloads/ros2_burger_final_form_ws/install/irob_assignment_1 CONDA_PROMPT_MODIFIER=(ros_env4) SHLVL=2 _=/usr/bin/env __CF_USER_TEXT_ENCODING=0x1F5:0x0:0x2 /Users/milenavilcinskaite/micromamba/envs/ros_env4/bin/cmake --build /Users/milenavilcinskaite/Downloads/ros2_burger_final_form_ws/build/irob_interfaces -- -j10 -l10[0m
[6.913s] [34mcolcon.colcon_core.event_handler.log_command[0m [1;30mDEBUG[0m [32mInvoking command in '/Users/milenavilcinskaite/Downloads/ros2_burger_final_form_ws/build/irob_interfaces': CMAKE_PREFIX_PATH=${CMAKE_PREFIX_PATH}:/Users/milenavilcinskaite/Downloads/ros2_burger_final_form_ws/install/irob_assignment_5:/Users/milenavilcinskaite/Downloads/ros2_burger_final_form_ws/install/irob_assignment_1 CONDA_PROMPT_MODIFIER=(ros_env4) SHLVL=2 _=/usr/bin/env __CF_USER_TEXT_ENCODING=0x1F5:0x0:0x2 /Users/milenavilcinskaite/micromamba/envs/ros_env4/bin/cmake --install /Users/milenavilcinskaite/Downloads/ros2_burger_final_form_ws/build/irob_interfaces[0m
[7.057s] [34mcolcon.colcon_core.environment[0m [1;30mLevel 1[0m create_environment_scripts_only(irob_interfaces)
[7.057s] [34mcolcon.colcon_core.event_handler.log_command[0m [1;30mDEBUG[0m [32mInvoked command in '/Users/milenavilcinskaite/Downloads/ros2_burger_final_form_ws/build/irob_interfaces' returned '0': CMAKE_PREFIX_PATH=${CMAKE_PREFIX_PATH}:/Users/milenavilcinskaite/Downloads/ros2_burger_final_form_ws/install/irob_assignment_5:/Users/milenavilcinskaite/Downloads/ros2_burger_final_form_ws/install/irob_assignment_1 CONDA_PROMPT_MODIFIER=(ros_env4) SHLVL=2 _=/usr/bin/env __CF_USER_TEXT_ENCODING=0x1F5:0x0:0x2 /Users/milenavilcinskaite/micromamba/envs/ros_env4/bin/cmake --install /Users/milenavilcinskaite/Downloads/ros2_burger_final_form_ws/build/irob_interfaces[0m
[7.060s] [34mcolcon.colcon_core.environment[0m [1;30mLevel 1[0m checking '/Users/milenavilcinskaite/Downloads/ros2_burger_final_form_ws/install/irob_interfaces' for CMake module files
[7.061s] [34mcolcon.colcon_core.environment[0m [1;30mLevel 1[0m checking '/Users/milenavilcinskaite/Downloads/ros2_burger_final_form_ws/install/irob_interfaces' for CMake config files
[7.062s] [34mcolcon.colcon_core.shell[0m [1;30mLevel 1[0m create_environment_hook('irob_interfaces', 'cmake_prefix_path')
[7.062s] [34mcolcon.colcon_core.shell[0m [1;30mINFO[0m Creating environment hook '/Users/milenavilcinskaite/Downloads/ros2_burger_final_form_ws/install/irob_interfaces/share/irob_interfaces/hook/cmake_prefix_path.ps1'
[7.062s] [34mcolcon.colcon_core.shell[0m [1;30mINFO[0m Creating environment descriptor '/Users/milenavilcinskaite/Downloads/ros2_burger_final_form_ws/install/irob_interfaces/share/irob_interfaces/hook/cmake_prefix_path.dsv'
[7.063s] [34mcolcon.colcon_core.shell[0m [1;30mINFO[0m Creating environment hook '/Users/milenavilcinskaite/Downloads/ros2_burger_final_form_ws/install/irob_interfaces/share/irob_interfaces/hook/cmake_prefix_path.sh'
[7.063s] [34mcolcon.colcon_core.environment[0m [1;30mLevel 1[0m checking '/Users/milenavilcinskaite/Downloads/ros2_burger_final_form_ws/install/irob_interfaces/lib'
[7.064s] [34mcolcon.colcon_core.shell[0m [1;30mLevel 1[0m create_environment_hook('irob_interfaces', 'dyld_library_path')
[7.064s] [34mcolcon.colcon_core.shell[0m [1;30mINFO[0m Creating environment hook '/Users/milenavilcinskaite/Downloads/ros2_burger_final_form_ws/install/irob_interfaces/share/irob_interfaces/hook/dyld_library_path.ps1'
[7.064s] [34mcolcon.colcon_core.shell[0m [1;30mINFO[0m Creating environment descriptor '/Users/milenavilcinskaite/Downloads/ros2_burger_final_form_ws/install/irob_interfaces/share/irob_interfaces/hook/dyld_library_path.dsv'
[7.064s] [34mcolcon.colcon_core.shell[0m [1;30mINFO[0m Creating environment hook '/Users/milenavilcinskaite/Downloads/ros2_burger_final_form_ws/install/irob_interfaces/share/irob_interfaces/hook/dyld_library_path.sh'
[7.064s] [34mcolcon.colcon_core.environment[0m [1;30mLevel 1[0m checking '/Users/milenavilcinskaite/Downloads/ros2_burger_final_form_ws/install/irob_interfaces/bin'
[7.064s] [34mcolcon.colcon_core.environment[0m [1;30mLevel 1[0m checking '/Users/milenavilcinskaite/Downloads/ros2_burger_final_form_ws/install/irob_interfaces/lib/pkgconfig/irob_interfaces.pc'
[7.065s] [34mcolcon.colcon_core.environment[0m [1;30mLevel 1[0m checking '/Users/milenavilcinskaite/Downloads/ros2_burger_final_form_ws/install/irob_interfaces/lib/python3.12/site-packages'
[7.065s] [34mcolcon.colcon_core.shell[0m [1;30mLevel 1[0m create_environment_hook('irob_interfaces', 'pythonpath')
[7.065s] [34mcolcon.colcon_core.shell[0m [1;30mINFO[0m Creating environment hook '/Users/milenavilcinskaite/Downloads/ros2_burger_final_form_ws/install/irob_interfaces/share/irob_interfaces/hook/pythonpath.ps1'
[7.065s] [34mcolcon.colcon_core.shell[0m [1;30mINFO[0m Creating environment descriptor '/Users/milenavilcinskaite/Downloads/ros2_burger_final_form_ws/install/irob_interfaces/share/irob_interfaces/hook/pythonpath.dsv'
[7.065s] [34mcolcon.colcon_core.shell[0m [1;30mINFO[0m Creating environment hook '/Users/milenavilcinskaite/Downloads/ros2_burger_final_form_ws/install/irob_interfaces/share/irob_interfaces/hook/pythonpath.sh'
[7.066s] [34mcolcon.colcon_core.environment[0m [1;30mLevel 1[0m checking '/Users/milenavilcinskaite/Downloads/ros2_burger_final_form_ws/install/irob_interfaces/bin'
[7.066s] [34mcolcon.colcon_core.shell[0m [1;30mINFO[0m Creating package script '/Users/milenavilcinskaite/Downloads/ros2_burger_final_form_ws/install/irob_interfaces/share/irob_interfaces/package.ps1'
[7.066s] [34mcolcon.colcon_core.shell[0m [1;30mINFO[0m Creating package descriptor '/Users/milenavilcinskaite/Downloads/ros2_burger_final_form_ws/install/irob_interfaces/share/irob_interfaces/package.dsv'
[7.067s] [34mcolcon.colcon_core.shell[0m [1;30mINFO[0m Creating package script '/Users/milenavilcinskaite/Downloads/ros2_burger_final_form_ws/install/irob_interfaces/share/irob_interfaces/package.sh'
[7.068s] [34mcolcon.colcon_core.shell[0m [1;30mINFO[0m Creating package script '/Users/milenavilcinskaite/Downloads/ros2_burger_final_form_ws/install/irob_interfaces/share/irob_interfaces/package.bash'
[7.068s] [34mcolcon.colcon_core.shell[0m [1;30mINFO[0m Creating package script '/Users/milenavilcinskaite/Downloads/ros2_burger_final_form_ws/install/irob_interfaces/share/irob_interfaces/package.zsh'
[7.069s] [34mcolcon.colcon_core.environment[0m [1;30mLevel 1[0m create_file_with_runtime_dependencies(/Users/milenavilcinskaite/Downloads/ros2_burger_final_form_ws/install/irob_interfaces/share/colcon-core/packages/irob_interfaces)
[7.069s] [34mcolcon.colcon_core.environment[0m [1;30mLevel 1[0m create_environment_scripts_only(irob_interfaces)
[7.069s] [34mcolcon.colcon_core.environment[0m [1;30mLevel 1[0m checking '/Users/milenavilcinskaite/Downloads/ros2_burger_final_form_ws/install/irob_interfaces' for CMake module files
[7.070s] [34mcolcon.colcon_core.environment[0m [1;30mLevel 1[0m checking '/Users/milenavilcinskaite/Downloads/ros2_burger_final_form_ws/install/irob_interfaces' for CMake config files
[7.070s] [34mcolcon.colcon_core.shell[0m [1;30mLevel 1[0m create_environment_hook('irob_interfaces', 'cmake_prefix_path')
[7.070s] [34mcolcon.colcon_core.shell[0m [1;30mINFO[0m Creating environment hook '/Users/milenavilcinskaite/Downloads/ros2_burger_final_form_ws/install/irob_interfaces/share/irob_interfaces/hook/cmake_prefix_path.ps1'
[7.071s] [34mcolcon.colcon_core.shell[0m [1;30mINFO[0m Creating environment descriptor '/Users/milenavilcinskaite/Downloads/ros2_burger_final_form_ws/install/irob_interfaces/share/irob_interfaces/hook/cmake_prefix_path.dsv'
[7.071s] [34mcolcon.colcon_core.shell[0m [1;30mINFO[0m Creating environment hook '/Users/milenavilcinskaite/Downloads/ros2_burger_final_form_ws/install/irob_interfaces/share/irob_interfaces/hook/cmake_prefix_path.sh'
[7.071s] [34mcolcon.colcon_core.environment[0m [1;30mLevel 1[0m checking '/Users/milenavilcinskaite/Downloads/ros2_burger_final_form_ws/install/irob_interfaces/lib'
[7.071s] [34mcolcon.colcon_core.shell[0m [1;30mLevel 1[0m create_environment_hook('irob_interfaces', 'dyld_library_path')
[7.071s] [34mcolcon.colcon_core.shell[0m [1;30mINFO[0m Creating environment hook '/Users/milenavilcinskaite/Downloads/ros2_burger_final_form_ws/install/irob_interfaces/share/irob_interfaces/hook/dyld_library_path.ps1'
[7.071s] [34mcolcon.colcon_core.shell[0m [1;30mINFO[0m Creating environment descriptor '/Users/milenavilcinskaite/Downloads/ros2_burger_final_form_ws/install/irob_interfaces/share/irob_interfaces/hook/dyld_library_path.dsv'
[7.071s] [34mcolcon.colcon_core.shell[0m [1;30mINFO[0m Creating environment hook '/Users/milenavilcinskaite/Downloads/ros2_burger_final_form_ws/install/irob_interfaces/share/irob_interfaces/hook/dyld_library_path.sh'
[7.072s] [34mcolcon.colcon_core.environment[0m [1;30mLevel 1[0m checking '/Users/milenavilcinskaite/Downloads/ros2_burger_final_form_ws/install/irob_interfaces/bin'
[7.072s] [34mcolcon.colcon_core.environment[0m [1;30mLevel 1[0m checking '/Users/milenavilcinskaite/Downloads/ros2_burger_final_form_ws/install/irob_interfaces/lib/pkgconfig/irob_interfaces.pc'
[7.072s] [34mcolcon.colcon_core.environment[0m [1;30mLevel 1[0m checking '/Users/milenavilcinskaite/Downloads/ros2_burger_final_form_ws/install/irob_interfaces/lib/python3.12/site-packages'
[7.072s] [34mcolcon.colcon_core.shell[0m [1;30mLevel 1[0m create_environment_hook('irob_interfaces', 'pythonpath')
[7.072s] [34mcolcon.colcon_core.shell[0m [1;30mINFO[0m Creating environment hook '/Users/milenavilcinskaite/Downloads/ros2_burger_final_form_ws/install/irob_interfaces/share/irob_interfaces/hook/pythonpath.ps1'
[7.072s] [34mcolcon.colcon_core.shell[0m [1;30mINFO[0m Creating environment descriptor '/Users/milenavilcinskaite/Downloads/ros2_burger_final_form_ws/install/irob_interfaces/share/irob_interfaces/hook/pythonpath.dsv'
[7.072s] [34mcolcon.colcon_core.shell[0m [1;30mINFO[0m Creating environment hook '/Users/milenavilcinskaite/Downloads/ros2_burger_final_form_ws/install/irob_interfaces/share/irob_interfaces/hook/pythonpath.sh'
[7.073s] [34mcolcon.colcon_core.environment[0m [1;30mLevel 1[0m checking '/Users/milenavilcinskaite/Downloads/ros2_burger_final_form_ws/install/irob_interfaces/bin'
[7.073s] [34mcolcon.colcon_core.shell[0m [1;30mINFO[0m Creating package script '/Users/milenavilcinskaite/Downloads/ros2_burger_final_form_ws/install/irob_interfaces/share/irob_interfaces/package.ps1'
[7.073s] [34mcolcon.colcon_core.shell[0m [1;30mINFO[0m Creating package descriptor '/Users/milenavilcinskaite/Downloads/ros2_burger_final_form_ws/install/irob_interfaces/share/irob_interfaces/package.dsv'
[7.073s] [34mcolcon.colcon_core.shell[0m [1;30mINFO[0m Creating package script '/Users/milenavilcinskaite/Downloads/ros2_burger_final_form_ws/install/irob_interfaces/share/irob_interfaces/package.sh'
[7.074s] [34mcolcon.colcon_core.shell[0m [1;30mINFO[0m Creating package script '/Users/milenavilcinskaite/Downloads/ros2_burger_final_form_ws/install/irob_interfaces/share/irob_interfaces/package.bash'
[7.074s] [34mcolcon.colcon_core.shell[0m [1;30mINFO[0m Creating package script '/Users/milenavilcinskaite/Downloads/ros2_burger_final_form_ws/install/irob_interfaces/share/irob_interfaces/package.zsh'
[7.074s] [34mcolcon.colcon_core.environment[0m [1;30mLevel 1[0m create_file_with_runtime_dependencies(/Users/milenavilcinskaite/Downloads/ros2_burger_final_form_ws/install/irob_interfaces/share/colcon-core/packages/irob_interfaces)
[7.074s] [34mcolcon.colcon_parallel_executor.executor.parallel[0m [1;30mDEBUG[0m [32mclosing loop[0m
[7.074s] [34mcolcon.colcon_parallel_executor.executor.parallel[0m [1;30mDEBUG[0m [32mloop closed[0m
[7.075s] [34mcolcon.colcon_parallel_executor.executor.parallel[0m [1;30mDEBUG[0m [32mrun_until_complete finished with '0'[0m
[7.075s] [34mcolcon.colcon_core.event_reactor[0m [1;30mDEBUG[0m [32mjoining thread[0m
[7.075s] [34mcolcon.colcon_core.event_reactor[0m [1;30mDEBUG[0m [32mjoined thread[0m
[7.075s] [34mcolcon.colcon_core.shell[0m [1;30mINFO[0m Creating prefix script '/Users/milenavilcinskaite/Downloads/ros2_burger_final_form_ws/install/local_setup.ps1'
[7.076s] [34mcolcon.colcon_core.shell[0m [1;30mINFO[0m Creating prefix util module '/Users/milenavilcinskaite/Downloads/ros2_burger_final_form_ws/install/_local_setup_util_ps1.py'
[7.077s] [34mcolcon.colcon_core.shell[0m [1;30mINFO[0m Creating prefix chain script '/Users/milenavilcinskaite/Downloads/ros2_burger_final_form_ws/install/setup.ps1'
[7.077s] [34mcolcon.colcon_core.shell[0m [1;30mINFO[0m Creating prefix script '/Users/milenavilcinskaite/Downloads/ros2_burger_final_form_ws/install/local_setup.sh'
[7.078s] [34mcolcon.colcon_core.shell[0m [1;30mINFO[0m Creating prefix util module '/Users/milenavilcinskaite/Downloads/ros2_burger_final_form_ws/install/_local_setup_util_sh.py'
[7.078s] [34mcolcon.colcon_core.shell[0m [1;30mINFO[0m Creating prefix chain script '/Users/milenavilcinskaite/Downloads/ros2_burger_final_form_ws/install/setup.sh'
[7.079s] [34mcolcon.colcon_core.shell[0m [1;30mINFO[0m Creating prefix script '/Users/milenavilcinskaite/Downloads/ros2_burger_final_form_ws/install/local_setup.bash'
[7.080s] [34mcolcon.colcon_core.shell[0m [1;30mINFO[0m Creating prefix chain script '/Users/milenavilcinskaite/Downloads/ros2_burger_final_form_ws/install/setup.bash'
[7.080s] [34mcolcon.colcon_core.shell[0m [1;30mINFO[0m Creating prefix script '/Users/milenavilcinskaite/Downloads/ros2_burger_final_form_ws/install/local_setup.zsh'
[7.081s] [34mcolcon.colcon_core.shell[0m [1;30mINFO[0m Creating prefix chain script '/Users/milenavilcinskaite/Downloads/ros2_burger_final_form_ws/install/setup.zsh'
