CMake Deprecation Warning at CMakeLists.txt:1 (cmake_minimum_required):
  Compatibility with CMake < 3.10 will be removed from a future version of
  CMake.

  Update the VERSION argument <min> value.  Or, use the <min>...<max> syntax
  to tell CMake that the project requires at least <min> but has been updated
  to work with policies introduced by <max> or earlier.


CMake Warning (dev) at /Users/milenavilcinskaite/micromamba/envs/ros_env4/share/python_cmake_module/cmake/Modules/FindPythonExtra.cmake:52 (find_package):
  Policy CMP0148 is not set: The FindPythonInterp and FindPythonLibs modules
  are removed.  Run "cmake --help-policy CMP0148" for policy details.  Use
  the cmake_policy command to set the policy and suppress this warning.

Call Stack (most recent call first):
  /Users/milenavilcinskaite/micromamba/envs/ros_env4/share/rosidl_generator_py/cmake/rosidl_generator_py_generate_interfaces.cmake:33 (find_package)
  /Users/milenavilcinskaite/micromamba/envs/ros_env4/share/ament_cmake_core/cmake/core/ament_execute_extensions.cmake:48 (include)
  /Users/milenavilcinskaite/micromamba/envs/ros_env4/share/rosidl_cmake/cmake/rosidl_generate_interfaces.cmake:286 (ament_execute_extensions)
  CMakeLists.txt:25 (rosidl_generate_interfaces)
This warning is for project developers.  Use -Wno-dev to suppress it.

/Users/milenavilcinskaite/micromamba/envs/ros_env4/bin/install_name_tool: warning: changes being made to the file will invalidate the code signature in: /Users/milenavilcinskaite/Downloads/ros2_burger_final_form_ws/install/irob_interfaces/lib/libirob_interfaces__rosidl_typesupport_fastrtps_c.dylib
[cctools-port]: generating fake signature for '/Users/milenavilcinskaite/Downloads/ros2_burger_final_form_ws/install/irob_interfaces/lib/libirob_interfaces__rosidl_typesupport_fastrtps_c.dylib'
/Users/milenavilcinskaite/micromamba/envs/ros_env4/bin/install_name_tool: warning: changes being made to the file will invalidate the code signature in: /Users/milenavilcinskaite/Downloads/ros2_burger_final_form_ws/install/irob_interfaces/lib/libirob_interfaces__rosidl_typesupport_introspection_c.dylib
[cctools-port]: generating fake signature for '/Users/milenavilcinskaite/Downloads/ros2_burger_final_form_ws/install/irob_interfaces/lib/libirob_interfaces__rosidl_typesupport_introspection_c.dylib'
/Users/milenavilcinskaite/micromamba/envs/ros_env4/bin/install_name_tool: warning: changes being made to the file will invalidate the code signature in: /Users/milenavilcinskaite/Downloads/ros2_burger_final_form_ws/install/irob_interfaces/lib/libirob_interfaces__rosidl_typesupport_c.dylib
[cctools-port]: generating fake signature for '/Users/milenavilcinskaite/Downloads/ros2_burger_final_form_ws/install/irob_interfaces/lib/libirob_interfaces__rosidl_typesupport_c.dylib'
error: /Users/milenavilcinskaite/micromamba/envs/ros_env4/bin/install_name_tool: no LC_RPATH load command with path: /Users/milenavilcinskaite/Downloads/ros2_burger_final_form_ws/build/irob_interfaces/rosidl_generator_py/irob_interfaces found in: /Users/milenavilcinskaite/Downloads/ros2_burger_final_form_ws/install/irob_interfaces/lib/python3.12/site-packages/irob_interfaces/irob_interfaces_s__rosidl_typesupport_fastrtps_c.cpython-312-darwin.so (for architecture arm64), required for specified option "-delete_rpath /Users/milenavilcinskaite/Downloads/ros2_burger_final_form_ws/build/irob_interfaces/rosidl_generator_py/irob_interfaces"
error: /Users/milenavilcinskaite/micromamba/envs/ros_env4/bin/install_name_tool: no LC_RPATH load command with path: /Users/milenavilcinskaite/Downloads/ros2_burger_final_form_ws/build/irob_interfaces found in: /Users/milenavilcinskaite/Downloads/ros2_burger_final_form_ws/install/irob_interfaces/lib/python3.12/site-packages/irob_interfaces/irob_interfaces_s__rosidl_typesupport_fastrtps_c.cpython-312-darwin.so (for architecture arm64), required for specified option "-delete_rpath /Users/milenavilcinskaite/Downloads/ros2_burger_final_form_ws/build/irob_interfaces"
error: /Users/milenavilcinskaite/micromamba/envs/ros_env4/bin/install_name_tool: no LC_RPATH load command with path: /Users/milenavilcinskaite/Downloads/ros2_burger_final_form_ws/build/irob_interfaces/rosidl_generator_py/irob_interfaces found in: /Users/milenavilcinskaite/Downloads/ros2_burger_final_form_ws/install/irob_interfaces/lib/python3.12/site-packages/irob_interfaces/irob_interfaces_s__rosidl_typesupport_introspection_c.cpython-312-darwin.so (for architecture arm64), required for specified option "-delete_rpath /Users/milenavilcinskaite/Downloads/ros2_burger_final_form_ws/build/irob_interfaces/rosidl_generator_py/irob_interfaces"
error: /Users/milenavilcinskaite/micromamba/envs/ros_env4/bin/install_name_tool: no LC_RPATH load command with path: /Users/milenavilcinskaite/Downloads/ros2_burger_final_form_ws/build/irob_interfaces found in: /Users/milenavilcinskaite/Downloads/ros2_burger_final_form_ws/install/irob_interfaces/lib/python3.12/site-packages/irob_interfaces/irob_interfaces_s__rosidl_typesupport_introspection_c.cpython-312-darwin.so (for architecture arm64), required for specified option "-delete_rpath /Users/milenavilcinskaite/Downloads/ros2_burger_final_form_ws/build/irob_interfaces"
error: /Users/milenavilcinskaite/micromamba/envs/ros_env4/bin/install_name_tool: no LC_RPATH load command with path: /Users/milenavilcinskaite/Downloads/ros2_burger_final_form_ws/build/irob_interfaces/rosidl_generator_py/irob_interfaces found in: /Users/milenavilcinskaite/Downloads/ros2_burger_final_form_ws/install/irob_interfaces/lib/python3.12/site-packages/irob_interfaces/irob_interfaces_s__rosidl_typesupport_c.cpython-312-darwin.so (for architecture arm64), required for specified option "-delete_rpath /Users/milenavilcinskaite/Downloads/ros2_burger_final_form_ws/build/irob_interfaces/rosidl_generator_py/irob_interfaces"
error: /Users/milenavilcinskaite/micromamba/envs/ros_env4/bin/install_name_tool: no LC_RPATH load command with path: /Users/milenavilcinskaite/Downloads/ros2_burger_final_form_ws/build/irob_interfaces found in: /Users/milenavilcinskaite/Downloads/ros2_burger_final_form_ws/install/irob_interfaces/lib/python3.12/site-packages/irob_interfaces/irob_interfaces_s__rosidl_typesupport_c.cpython-312-darwin.so (for architecture arm64), required for specified option "-delete_rpath /Users/milenavilcinskaite/Downloads/ros2_burger_final_form_ws/build/irob_interfaces"
error: /Users/milenavilcinskaite/micromamba/envs/ros_env4/bin/install_name_tool: no LC_RPATH load command with path: /Users/milenavilcinskaite/Downloads/ros2_burger_final_form_ws/build/irob_interfaces found in: /Users/milenavilcinskaite/Downloads/ros2_burger_final_form_ws/install/irob_interfaces/lib/libirob_interfaces__rosidl_generator_py.dylib (for architecture arm64), required for specified option "-delete_rpath /Users/milenavilcinskaite/Downloads/ros2_burger_final_form_ws/build/irob_interfaces"
