-- Found ament_cmake: 1.3.13 (/Users/milenavilcinskaite/micromamba/envs/ros_env4/share/ament_cmake/cmake)
-- Found rosidl_default_generators: 1.2.0 (/Users/milenavilcinskaite/micromamba/envs/ros_env4/share/rosidl_default_generators/cmake)
-- Using all available rosidl_typesupport_c: rosidl_typesupport_fastrtps_c;rosidl_typesupport_introspection_c
-- Found rosidl_adapter: 3.1.8 (/Users/milenavilcinskaite/micromamba/envs/ros_env4/share/rosidl_adapter/cmake)
-- Using all available rosidl_typesupport_cpp: rosidl_typesupport_fastrtps_cpp;rosidl_typesupport_introspection_cpp
-- Found ament_cmake_ros: 0.10.0 (/Users/milenavilcinskaite/micromamba/envs/ros_env4/share/ament_cmake_ros/cmake)
-- Using all available rosidl_typesupport_c: rosidl_typesupport_fastrtps_c;rosidl_typesupport_introspection_c
-- Using all available rosidl_typesupport_cpp: rosidl_typesupport_fastrtps_cpp;rosidl_typesupport_introspection_cpp
-- Found python_cmake_module: 0.10.0 (/Users/milenavilcinskaite/micromamba/envs/ros_env4/share/python_cmake_module/cmake)
-- Using PythonExtra_INCLUDE_DIRS: /Users/milenavilcinskaite/micromamba/envs/ros_env4/include/python3.12;/Users/milenavilcinskaite/micromamba/envs/ros_env4/include/python3.12
-- Using PythonExtra_LIBRARIES: /Users/milenavilcinskaite/micromamba/envs/ros_env4/lib/libpython3.12.dylib
-- Found ament_lint_auto: 0.12.15 (/Users/milenavilcinskaite/micromamba/envs/ros_env4/share/ament_lint_auto/cmake)
-- Added test 'copyright' to check source files copyright and LICENSE
-- Added test 'lint_cmake' to check CMake code style
-- Added test 'xmllint' to check XML markup files
-- Configuring done (1.7s)
-- Generating done (0.1s)
-- Build files have been written to: /Users/milenavilcinskaite/Downloads/ros2_burger_final_form_ws/build/irob_interfaces
[  1%] Built target irob_interfaces__rs
[  3%] Built target irob_interfaces__cpp
[ 14%] Built target irob_interfaces__rosidl_generator_c
[ 14%] Built target ament_cmake_python_copy_irob_interfaces
[ 25%] Built target irob_interfaces__rosidl_typesupport_c
[ 35%] Built target irob_interfaces__rosidl_typesupport_introspection_c
[ 57%] Built target irob_interfaces__rosidl_typesupport_introspection_cpp
[ 57%] Built target irob_interfaces__rosidl_typesupport_cpp
[ 67%] Built target irob_interfaces__rosidl_typesupport_fastrtps_cpp
[ 78%] Built target irob_interfaces__rosidl_typesupport_fastrtps_c
[ 78%] Built target irob_interfaces
[ 80%] Built target irob_interfaces__py
[ 89%] Built target irob_interfaces__rosidl_generator_py
running egg_info
writing irob_interfaces.egg-info/PKG-INFO
writing dependency_links to irob_interfaces.egg-info/dependency_links.txt
writing top-level names to irob_interfaces.egg-info/top_level.txt
[100%] Built target irob_interfaces__rosidl_typesupport_c__pyext
[100%] Built target irob_interfaces__rosidl_typesupport_introspection_c__pyext
[100%] Built target irob_interfaces__rosidl_typesupport_fastrtps_c__pyext
reading manifest file 'irob_interfaces.egg-info/SOURCES.txt'
writing manifest file 'irob_interfaces.egg-info/SOURCES.txt'
[100%] Built target ament_cmake_python_build_irob_interfaces_egg
-- Install configuration: ""
-- Up-to-date: /Users/milenavilcinskaite/Downloads/ros2_burger_final_form_ws/install/irob_interfaces/share/ament_index/resource_index/rosidl_interfaces/irob_interfaces
-- Up-to-date: /Users/milenavilcinskaite/Downloads/ros2_burger_final_form_ws/install/irob_interfaces/include/irob_interfaces/irob_interfaces
-- Up-to-date: /Users/milenavilcinskaite/Downloads/ros2_burger_final_form_ws/install/irob_interfaces/include/irob_interfaces/irob_interfaces/msg
-- Up-to-date: /Users/milenavilcinskaite/Downloads/ros2_burger_final_form_ws/install/irob_interfaces/include/irob_interfaces/irob_interfaces/msg/rosidl_generator_c__visibility_control.h
-- Up-to-date: /Users/milenavilcinskaite/Downloads/ros2_burger_final_form_ws/install/irob_interfaces/include/irob_interfaces/irob_interfaces/srv
-- Up-to-date: /Users/milenavilcinskaite/Downloads/ros2_burger_final_form_ws/install/irob_interfaces/include/irob_interfaces/irob_interfaces/srv/activate.h
-- Up-to-date: /Users/milenavilcinskaite/Downloads/ros2_burger_final_form_ws/install/irob_interfaces/include/irob_interfaces/irob_interfaces/srv/deactivate.h
-- Up-to-date: /Users/milenavilcinskaite/Downloads/ros2_burger_final_form_ws/install/irob_interfaces/include/irob_interfaces/irob_interfaces/srv/detail
-- Up-to-date: /Users/milenavilcinskaite/Downloads/ros2_burger_final_form_ws/install/irob_interfaces/include/irob_interfaces/irob_interfaces/srv/detail/deactivate__functions.h
-- Up-to-date: /Users/milenavilcinskaite/Downloads/ros2_burger_final_form_ws/install/irob_interfaces/include/irob_interfaces/irob_interfaces/srv/detail/at_goal__functions.h
-- Up-to-date: /Users/milenavilcinskaite/Downloads/ros2_burger_final_form_ws/install/irob_interfaces/include/irob_interfaces/irob_interfaces/srv/detail/activate__struct.h
-- Up-to-date: /Users/milenavilcinskaite/Downloads/ros2_burger_final_form_ws/install/irob_interfaces/include/irob_interfaces/irob_interfaces/srv/detail/get_goal__struct.h
-- Up-to-date: /Users/milenavilcinskaite/Downloads/ros2_burger_final_form_ws/install/irob_interfaces/include/irob_interfaces/irob_interfaces/srv/detail/deactivate__type_support.h
-- Up-to-date: /Users/milenavilcinskaite/Downloads/ros2_burger_final_form_ws/install/irob_interfaces/include/irob_interfaces/irob_interfaces/srv/detail/activate__functions.h
-- Up-to-date: /Users/milenavilcinskaite/Downloads/ros2_burger_final_form_ws/install/irob_interfaces/include/irob_interfaces/irob_interfaces/srv/detail/get_goal__functions.h
-- Up-to-date: /Users/milenavilcinskaite/Downloads/ros2_burger_final_form_ws/install/irob_interfaces/include/irob_interfaces/irob_interfaces/srv/detail/at_goal__type_support.h
-- Up-to-date: /Users/milenavilcinskaite/Downloads/ros2_burger_final_form_ws/install/irob_interfaces/include/irob_interfaces/irob_interfaces/srv/detail/at_goal__struct.h
-- Up-to-date: /Users/milenavilcinskaite/Downloads/ros2_burger_final_form_ws/install/irob_interfaces/include/irob_interfaces/irob_interfaces/srv/detail/at_goal__functions.c
-- Up-to-date: /Users/milenavilcinskaite/Downloads/ros2_burger_final_form_ws/install/irob_interfaces/include/irob_interfaces/irob_interfaces/srv/detail/get_goal__type_support.h
-- Up-to-date: /Users/milenavilcinskaite/Downloads/ros2_burger_final_form_ws/install/irob_interfaces/include/irob_interfaces/irob_interfaces/srv/detail/deactivate__functions.c
-- Up-to-date: /Users/milenavilcinskaite/Downloads/ros2_burger_final_form_ws/install/irob_interfaces/include/irob_interfaces/irob_interfaces/srv/detail/get_goal__functions.c
-- Up-to-date: /Users/milenavilcinskaite/Downloads/ros2_burger_final_form_ws/install/irob_interfaces/include/irob_interfaces/irob_interfaces/srv/detail/deactivate__struct.h
-- Up-to-date: /Users/milenavilcinskaite/Downloads/ros2_burger_final_form_ws/install/irob_interfaces/include/irob_interfaces/irob_interfaces/srv/detail/activate__functions.c
-- Up-to-date: /Users/milenavilcinskaite/Downloads/ros2_burger_final_form_ws/install/irob_interfaces/include/irob_interfaces/irob_interfaces/srv/detail/activate__type_support.h
-- Up-to-date: /Users/milenavilcinskaite/Downloads/ros2_burger_final_form_ws/install/irob_interfaces/include/irob_interfaces/irob_interfaces/srv/at_goal.h
-- Up-to-date: /Users/milenavilcinskaite/Downloads/ros2_burger_final_form_ws/install/irob_interfaces/include/irob_interfaces/irob_interfaces/srv/get_goal.h
-- Up-to-date: /Users/milenavilcinskaite/Downloads/ros2_burger_final_form_ws/install/irob_interfaces/lib/libirob_interfaces__rosidl_generator_c.dylib
-- Up-to-date: /Users/milenavilcinskaite/Downloads/ros2_burger_final_form_ws/install/irob_interfaces/include/irob_interfaces/irob_interfaces
-- Up-to-date: /Users/milenavilcinskaite/Downloads/ros2_burger_final_form_ws/install/irob_interfaces/include/irob_interfaces/irob_interfaces/msg
-- Up-to-date: /Users/milenavilcinskaite/Downloads/ros2_burger_final_form_ws/install/irob_interfaces/include/irob_interfaces/irob_interfaces/msg/rosidl_typesupport_fastrtps_c__visibility_control.h
-- Up-to-date: /Users/milenavilcinskaite/Downloads/ros2_burger_final_form_ws/install/irob_interfaces/include/irob_interfaces/irob_interfaces/srv
-- Up-to-date: /Users/milenavilcinskaite/Downloads/ros2_burger_final_form_ws/install/irob_interfaces/include/irob_interfaces/irob_interfaces/srv/detail
-- Up-to-date: /Users/milenavilcinskaite/Downloads/ros2_burger_final_form_ws/install/irob_interfaces/include/irob_interfaces/irob_interfaces/srv/detail/get_goal__rosidl_typesupport_fastrtps_c.h
-- Up-to-date: /Users/milenavilcinskaite/Downloads/ros2_burger_final_form_ws/install/irob_interfaces/include/irob_interfaces/irob_interfaces/srv/detail/at_goal__rosidl_typesupport_fastrtps_c.h
-- Up-to-date: /Users/milenavilcinskaite/Downloads/ros2_burger_final_form_ws/install/irob_interfaces/include/irob_interfaces/irob_interfaces/srv/detail/activate__rosidl_typesupport_fastrtps_c.h
-- Up-to-date: /Users/milenavilcinskaite/Downloads/ros2_burger_final_form_ws/install/irob_interfaces/include/irob_interfaces/irob_interfaces/srv/detail/deactivate__rosidl_typesupport_fastrtps_c.h
-- Installing: /Users/milenavilcinskaite/Downloads/ros2_burger_final_form_ws/install/irob_interfaces/lib/libirob_interfaces__rosidl_typesupport_fastrtps_c.dylib
-- Up-to-date: /Users/milenavilcinskaite/Downloads/ros2_burger_final_form_ws/install/irob_interfaces/include/irob_interfaces/irob_interfaces
-- Up-to-date: /Users/milenavilcinskaite/Downloads/ros2_burger_final_form_ws/install/irob_interfaces/include/irob_interfaces/irob_interfaces/msg
-- Up-to-date: /Users/milenavilcinskaite/Downloads/ros2_burger_final_form_ws/install/irob_interfaces/include/irob_interfaces/irob_interfaces/msg/rosidl_typesupport_introspection_c__visibility_control.h
-- Up-to-date: /Users/milenavilcinskaite/Downloads/ros2_burger_final_form_ws/install/irob_interfaces/include/irob_interfaces/irob_interfaces/srv
-- Up-to-date: /Users/milenavilcinskaite/Downloads/ros2_burger_final_form_ws/install/irob_interfaces/include/irob_interfaces/irob_interfaces/srv/detail
-- Up-to-date: /Users/milenavilcinskaite/Downloads/ros2_burger_final_form_ws/install/irob_interfaces/include/irob_interfaces/irob_interfaces/srv/detail/at_goal__rosidl_typesupport_introspection_c.h
-- Up-to-date: /Users/milenavilcinskaite/Downloads/ros2_burger_final_form_ws/install/irob_interfaces/include/irob_interfaces/irob_interfaces/srv/detail/get_goal__type_support.c
-- Up-to-date: /Users/milenavilcinskaite/Downloads/ros2_burger_final_form_ws/install/irob_interfaces/include/irob_interfaces/irob_interfaces/srv/detail/deactivate__rosidl_typesupport_introspection_c.h
-- Up-to-date: /Users/milenavilcinskaite/Downloads/ros2_burger_final_form_ws/install/irob_interfaces/include/irob_interfaces/irob_interfaces/srv/detail/activate__rosidl_typesupport_introspection_c.h
-- Up-to-date: /Users/milenavilcinskaite/Downloads/ros2_burger_final_form_ws/install/irob_interfaces/include/irob_interfaces/irob_interfaces/srv/detail/activate__type_support.c
-- Up-to-date: /Users/milenavilcinskaite/Downloads/ros2_burger_final_form_ws/install/irob_interfaces/include/irob_interfaces/irob_interfaces/srv/detail/get_goal__rosidl_typesupport_introspection_c.h
-- Up-to-date: /Users/milenavilcinskaite/Downloads/ros2_burger_final_form_ws/install/irob_interfaces/include/irob_interfaces/irob_interfaces/srv/detail/deactivate__type_support.c
-- Up-to-date: /Users/milenavilcinskaite/Downloads/ros2_burger_final_form_ws/install/irob_interfaces/include/irob_interfaces/irob_interfaces/srv/detail/at_goal__type_support.c
-- Installing: /Users/milenavilcinskaite/Downloads/ros2_burger_final_form_ws/install/irob_interfaces/lib/libirob_interfaces__rosidl_typesupport_introspection_c.dylib
-- Installing: /Users/milenavilcinskaite/Downloads/ros2_burger_final_form_ws/install/irob_interfaces/lib/libirob_interfaces__rosidl_typesupport_c.dylib
-- Up-to-date: /Users/milenavilcinskaite/Downloads/ros2_burger_final_form_ws/install/irob_interfaces/include/irob_interfaces/irob_interfaces
-- Up-to-date: /Users/milenavilcinskaite/Downloads/ros2_burger_final_form_ws/install/irob_interfaces/include/irob_interfaces/irob_interfaces/msg
-- Up-to-date: /Users/milenavilcinskaite/Downloads/ros2_burger_final_form_ws/install/irob_interfaces/include/irob_interfaces/irob_interfaces/msg/rosidl_generator_cpp__visibility_control.hpp
-- Up-to-date: /Users/milenavilcinskaite/Downloads/ros2_burger_final_form_ws/install/irob_interfaces/include/irob_interfaces/irob_interfaces/srv
-- Up-to-date: /Users/milenavilcinskaite/Downloads/ros2_burger_final_form_ws/install/irob_interfaces/include/irob_interfaces/irob_interfaces/srv/get_goal.hpp
-- Up-to-date: /Users/milenavilcinskaite/Downloads/ros2_burger_final_form_ws/install/irob_interfaces/include/irob_interfaces/irob_interfaces/srv/at_goal.hpp
-- Up-to-date: /Users/milenavilcinskaite/Downloads/ros2_burger_final_form_ws/install/irob_interfaces/include/irob_interfaces/irob_interfaces/srv/deactivate.hpp
-- Up-to-date: /Users/milenavilcinskaite/Downloads/ros2_burger_final_form_ws/install/irob_interfaces/include/irob_interfaces/irob_interfaces/srv/detail
-- Up-to-date: /Users/milenavilcinskaite/Downloads/ros2_burger_final_form_ws/install/irob_interfaces/include/irob_interfaces/irob_interfaces/srv/detail/activate__struct.hpp
-- Up-to-date: /Users/milenavilcinskaite/Downloads/ros2_burger_final_form_ws/install/irob_interfaces/include/irob_interfaces/irob_interfaces/srv/detail/at_goal__struct.hpp
-- Up-to-date: /Users/milenavilcinskaite/Downloads/ros2_burger_final_form_ws/install/irob_interfaces/include/irob_interfaces/irob_interfaces/srv/detail/get_goal__struct.hpp
-- Up-to-date: /Users/milenavilcinskaite/Downloads/ros2_burger_final_form_ws/install/irob_interfaces/include/irob_interfaces/irob_interfaces/srv/detail/deactivate__traits.hpp
-- Up-to-date: /Users/milenavilcinskaite/Downloads/ros2_burger_final_form_ws/install/irob_interfaces/include/irob_interfaces/irob_interfaces/srv/detail/activate__type_support.hpp
-- Up-to-date: /Users/milenavilcinskaite/Downloads/ros2_burger_final_form_ws/install/irob_interfaces/include/irob_interfaces/irob_interfaces/srv/detail/activate__traits.hpp
-- Up-to-date: /Users/milenavilcinskaite/Downloads/ros2_burger_final_form_ws/install/irob_interfaces/include/irob_interfaces/irob_interfaces/srv/detail/at_goal__type_support.hpp
-- Up-to-date: /Users/milenavilcinskaite/Downloads/ros2_burger_final_form_ws/install/irob_interfaces/include/irob_interfaces/irob_interfaces/srv/detail/deactivate__type_support.hpp
-- Up-to-date: /Users/milenavilcinskaite/Downloads/ros2_burger_final_form_ws/install/irob_interfaces/include/irob_interfaces/irob_interfaces/srv/detail/get_goal__builder.hpp
-- Up-to-date: /Users/milenavilcinskaite/Downloads/ros2_burger_final_form_ws/install/irob_interfaces/include/irob_interfaces/irob_interfaces/srv/detail/activate__builder.hpp
-- Up-to-date: /Users/milenavilcinskaite/Downloads/ros2_burger_final_form_ws/install/irob_interfaces/include/irob_interfaces/irob_interfaces/srv/detail/at_goal__traits.hpp
-- Up-to-date: /Users/milenavilcinskaite/Downloads/ros2_burger_final_form_ws/install/irob_interfaces/include/irob_interfaces/irob_interfaces/srv/detail/deactivate__builder.hpp
-- Up-to-date: /Users/milenavilcinskaite/Downloads/ros2_burger_final_form_ws/install/irob_interfaces/include/irob_interfaces/irob_interfaces/srv/detail/at_goal__builder.hpp
-- Up-to-date: /Users/milenavilcinskaite/Downloads/ros2_burger_final_form_ws/install/irob_interfaces/include/irob_interfaces/irob_interfaces/srv/detail/get_goal__traits.hpp
-- Up-to-date: /Users/milenavilcinskaite/Downloads/ros2_burger_final_form_ws/install/irob_interfaces/include/irob_interfaces/irob_interfaces/srv/detail/deactivate__struct.hpp
-- Up-to-date: /Users/milenavilcinskaite/Downloads/ros2_burger_final_form_ws/install/irob_interfaces/include/irob_interfaces/irob_interfaces/srv/detail/get_goal__type_support.hpp
-- Up-to-date: /Users/milenavilcinskaite/Downloads/ros2_burger_final_form_ws/install/irob_interfaces/include/irob_interfaces/irob_interfaces/srv/activate.hpp
-- Up-to-date: /Users/milenavilcinskaite/Downloads/ros2_burger_final_form_ws/install/irob_interfaces/include/irob_interfaces/irob_interfaces
-- Up-to-date: /Users/milenavilcinskaite/Downloads/ros2_burger_final_form_ws/install/irob_interfaces/include/irob_interfaces/irob_interfaces/msg
-- Up-to-date: /Users/milenavilcinskaite/Downloads/ros2_burger_final_form_ws/install/irob_interfaces/include/irob_interfaces/irob_interfaces/msg/rosidl_typesupport_fastrtps_cpp__visibility_control.h
-- Up-to-date: /Users/milenavilcinskaite/Downloads/ros2_burger_final_form_ws/install/irob_interfaces/include/irob_interfaces/irob_interfaces/srv
-- Up-to-date: /Users/milenavilcinskaite/Downloads/ros2_burger_final_form_ws/install/irob_interfaces/include/irob_interfaces/irob_interfaces/srv/detail
-- Up-to-date: /Users/milenavilcinskaite/Downloads/ros2_burger_final_form_ws/install/irob_interfaces/include/irob_interfaces/irob_interfaces/srv/detail/activate__rosidl_typesupport_fastrtps_cpp.hpp
-- Up-to-date: /Users/milenavilcinskaite/Downloads/ros2_burger_final_form_ws/install/irob_interfaces/include/irob_interfaces/irob_interfaces/srv/detail/get_goal__rosidl_typesupport_fastrtps_cpp.hpp
-- Up-to-date: /Users/milenavilcinskaite/Downloads/ros2_burger_final_form_ws/install/irob_interfaces/include/irob_interfaces/irob_interfaces/srv/detail/deactivate__rosidl_typesupport_fastrtps_cpp.hpp
-- Up-to-date: /Users/milenavilcinskaite/Downloads/ros2_burger_final_form_ws/install/irob_interfaces/include/irob_interfaces/irob_interfaces/srv/detail/at_goal__rosidl_typesupport_fastrtps_cpp.hpp
-- Up-to-date: /Users/milenavilcinskaite/Downloads/ros2_burger_final_form_ws/install/irob_interfaces/include/irob_interfaces/irob_interfaces/srv/detail/dds_fastrtps
-- Up-to-date: /Users/milenavilcinskaite/Downloads/ros2_burger_final_form_ws/install/irob_interfaces/lib/libirob_interfaces__rosidl_typesupport_fastrtps_cpp.dylib
-- Up-to-date: /Users/milenavilcinskaite/Downloads/ros2_burger_final_form_ws/install/irob_interfaces/include/irob_interfaces/irob_interfaces
-- Up-to-date: /Users/milenavilcinskaite/Downloads/ros2_burger_final_form_ws/install/irob_interfaces/include/irob_interfaces/irob_interfaces/srv
-- Up-to-date: /Users/milenavilcinskaite/Downloads/ros2_burger_final_form_ws/install/irob_interfaces/include/irob_interfaces/irob_interfaces/srv/detail
-- Up-to-date: /Users/milenavilcinskaite/Downloads/ros2_burger_final_form_ws/install/irob_interfaces/include/irob_interfaces/irob_interfaces/srv/detail/deactivate__rosidl_typesupport_introspection_cpp.hpp
-- Up-to-date: /Users/milenavilcinskaite/Downloads/ros2_burger_final_form_ws/install/irob_interfaces/include/irob_interfaces/irob_interfaces/srv/detail/get_goal__type_support.cpp
-- Up-to-date: /Users/milenavilcinskaite/Downloads/ros2_burger_final_form_ws/install/irob_interfaces/include/irob_interfaces/irob_interfaces/srv/detail/at_goal__rosidl_typesupport_introspection_cpp.hpp
-- Up-to-date: /Users/milenavilcinskaite/Downloads/ros2_burger_final_form_ws/install/irob_interfaces/include/irob_interfaces/irob_interfaces/srv/detail/at_goal__type_support.cpp
-- Up-to-date: /Users/milenavilcinskaite/Downloads/ros2_burger_final_form_ws/install/irob_interfaces/include/irob_interfaces/irob_interfaces/srv/detail/deactivate__type_support.cpp
-- Up-to-date: /Users/milenavilcinskaite/Downloads/ros2_burger_final_form_ws/install/irob_interfaces/include/irob_interfaces/irob_interfaces/srv/detail/activate__rosidl_typesupport_introspection_cpp.hpp
-- Up-to-date: /Users/milenavilcinskaite/Downloads/ros2_burger_final_form_ws/install/irob_interfaces/include/irob_interfaces/irob_interfaces/srv/detail/activate__type_support.cpp
-- Up-to-date: /Users/milenavilcinskaite/Downloads/ros2_burger_final_form_ws/install/irob_interfaces/include/irob_interfaces/irob_interfaces/srv/detail/get_goal__rosidl_typesupport_introspection_cpp.hpp
-- Up-to-date: /Users/milenavilcinskaite/Downloads/ros2_burger_final_form_ws/install/irob_interfaces/lib/libirob_interfaces__rosidl_typesupport_introspection_cpp.dylib
-- Up-to-date: /Users/milenavilcinskaite/Downloads/ros2_burger_final_form_ws/install/irob_interfaces/lib/libirob_interfaces__rosidl_typesupport_cpp.dylib
-- Up-to-date: /Users/milenavilcinskaite/Downloads/ros2_burger_final_form_ws/install/irob_interfaces/share/irob_interfaces/environment/pythonpath.sh
-- Installing: /Users/milenavilcinskaite/Downloads/ros2_burger_final_form_ws/install/irob_interfaces/share/irob_interfaces/environment/pythonpath.dsv
-- Up-to-date: /Users/milenavilcinskaite/Downloads/ros2_burger_final_form_ws/install/irob_interfaces/lib/python3.12/site-packages/irob_interfaces-1.0.0-py3.12.egg-info
-- Installing: /Users/milenavilcinskaite/Downloads/ros2_burger_final_form_ws/install/irob_interfaces/lib/python3.12/site-packages/irob_interfaces-1.0.0-py3.12.egg-info/PKG-INFO
-- Installing: /Users/milenavilcinskaite/Downloads/ros2_burger_final_form_ws/install/irob_interfaces/lib/python3.12/site-packages/irob_interfaces-1.0.0-py3.12.egg-info/SOURCES.txt
-- Installing: /Users/milenavilcinskaite/Downloads/ros2_burger_final_form_ws/install/irob_interfaces/lib/python3.12/site-packages/irob_interfaces-1.0.0-py3.12.egg-info/top_level.txt
-- Installing: /Users/milenavilcinskaite/Downloads/ros2_burger_final_form_ws/install/irob_interfaces/lib/python3.12/site-packages/irob_interfaces-1.0.0-py3.12.egg-info/dependency_links.txt
-- Up-to-date: /Users/milenavilcinskaite/Downloads/ros2_burger_final_form_ws/install/irob_interfaces/lib/python3.12/site-packages/irob_interfaces
-- Up-to-date: /Users/milenavilcinskaite/Downloads/ros2_burger_final_form_ws/install/irob_interfaces/lib/python3.12/site-packages/irob_interfaces/irob_interfaces_s__rosidl_typesupport_c.cpython-312-darwin.so
-- Up-to-date: /Users/milenavilcinskaite/Downloads/ros2_burger_final_form_ws/install/irob_interfaces/lib/python3.12/site-packages/irob_interfaces/libirob_interfaces__rosidl_generator_py.dylib
-- Installing: /Users/milenavilcinskaite/Downloads/ros2_burger_final_form_ws/install/irob_interfaces/lib/python3.12/site-packages/irob_interfaces/__init__.py
-- Up-to-date: /Users/milenavilcinskaite/Downloads/ros2_burger_final_form_ws/install/irob_interfaces/lib/python3.12/site-packages/irob_interfaces/_irob_interfaces_s.ep.rosidl_typesupport_c.c
-- Up-to-date: /Users/milenavilcinskaite/Downloads/ros2_burger_final_form_ws/install/irob_interfaces/lib/python3.12/site-packages/irob_interfaces/irob_interfaces_s__rosidl_typesupport_fastrtps_c.cpython-312-darwin.so
-- Up-to-date: /Users/milenavilcinskaite/Downloads/ros2_burger_final_form_ws/install/irob_interfaces/lib/python3.12/site-packages/irob_interfaces/_irob_interfaces_s.ep.rosidl_typesupport_fastrtps_c.c
-- Up-to-date: /Users/milenavilcinskaite/Downloads/ros2_burger_final_form_ws/install/irob_interfaces/lib/python3.12/site-packages/irob_interfaces/_irob_interfaces_s.ep.rosidl_typesupport_introspection_c.c
-- Up-to-date: /Users/milenavilcinskaite/Downloads/ros2_burger_final_form_ws/install/irob_interfaces/lib/python3.12/site-packages/irob_interfaces/srv
-- Up-to-date: /Users/milenavilcinskaite/Downloads/ros2_burger_final_form_ws/install/irob_interfaces/lib/python3.12/site-packages/irob_interfaces/srv/_deactivate.py
-- Up-to-date: /Users/milenavilcinskaite/Downloads/ros2_burger_final_form_ws/install/irob_interfaces/lib/python3.12/site-packages/irob_interfaces/srv/_at_goal_s.c
-- Up-to-date: /Users/milenavilcinskaite/Downloads/ros2_burger_final_form_ws/install/irob_interfaces/lib/python3.12/site-packages/irob_interfaces/srv/_deactivate_s.c
-- Up-to-date: /Users/milenavilcinskaite/Downloads/ros2_burger_final_form_ws/install/irob_interfaces/lib/python3.12/site-packages/irob_interfaces/srv/_at_goal.py
-- Up-to-date: /Users/milenavilcinskaite/Downloads/ros2_burger_final_form_ws/install/irob_interfaces/lib/python3.12/site-packages/irob_interfaces/srv/_get_goal_s.c
-- Up-to-date: /Users/milenavilcinskaite/Downloads/ros2_burger_final_form_ws/install/irob_interfaces/lib/python3.12/site-packages/irob_interfaces/srv/__init__.py
-- Up-to-date: /Users/milenavilcinskaite/Downloads/ros2_burger_final_form_ws/install/irob_interfaces/lib/python3.12/site-packages/irob_interfaces/srv/_get_goal.py
-- Up-to-date: /Users/milenavilcinskaite/Downloads/ros2_burger_final_form_ws/install/irob_interfaces/lib/python3.12/site-packages/irob_interfaces/srv/_activate.py
-- Up-to-date: /Users/milenavilcinskaite/Downloads/ros2_burger_final_form_ws/install/irob_interfaces/lib/python3.12/site-packages/irob_interfaces/srv/_activate_s.c
-- Up-to-date: /Users/milenavilcinskaite/Downloads/ros2_burger_final_form_ws/install/irob_interfaces/lib/python3.12/site-packages/irob_interfaces/irob_interfaces_s__rosidl_typesupport_introspection_c.cpython-312-darwin.so
Listing 'lib/python3.12/site-packages/irob_interfaces'...
Can't list 'lib/python3.12/site-packages/irob_interfaces'
-- Up-to-date: /Users/milenavilcinskaite/Downloads/ros2_burger_final_form_ws/install/irob_interfaces/lib/python3.12/site-packages/irob_interfaces/irob_interfaces_s__rosidl_typesupport_fastrtps_c.cpython-312-darwin.so
-- Up-to-date: /Users/milenavilcinskaite/Downloads/ros2_burger_final_form_ws/install/irob_interfaces/lib/python3.12/site-packages/irob_interfaces/irob_interfaces_s__rosidl_typesupport_introspection_c.cpython-312-darwin.so
-- Up-to-date: /Users/milenavilcinskaite/Downloads/ros2_burger_final_form_ws/install/irob_interfaces/lib/python3.12/site-packages/irob_interfaces/irob_interfaces_s__rosidl_typesupport_c.cpython-312-darwin.so
-- Up-to-date: /Users/milenavilcinskaite/Downloads/ros2_burger_final_form_ws/install/irob_interfaces/lib/libirob_interfaces__rosidl_generator_py.dylib
-- Up-to-date: /Users/milenavilcinskaite/Downloads/ros2_burger_final_form_ws/install/irob_interfaces/share/ament_index/resource_index/rust_packages/irob_interfaces
-- Up-to-date: /Users/milenavilcinskaite/Downloads/ros2_burger_final_form_ws/install/irob_interfaces/share/irob_interfaces/rust
-- Up-to-date: /Users/milenavilcinskaite/Downloads/ros2_burger_final_form_ws/install/irob_interfaces/share/irob_interfaces/rust/Cargo.toml
-- Up-to-date: /Users/milenavilcinskaite/Downloads/ros2_burger_final_form_ws/install/irob_interfaces/share/irob_interfaces/rust/build.rs
-- Up-to-date: /Users/milenavilcinskaite/Downloads/ros2_burger_final_form_ws/install/irob_interfaces/share/irob_interfaces/rust/src
-- Up-to-date: /Users/milenavilcinskaite/Downloads/ros2_burger_final_form_ws/install/irob_interfaces/share/irob_interfaces/rust/src/lib.rs
-- Up-to-date: /Users/milenavilcinskaite/Downloads/ros2_burger_final_form_ws/install/irob_interfaces/share/irob_interfaces/rust/src/srv.rs
-- Up-to-date: /Users/milenavilcinskaite/Downloads/ros2_burger_final_form_ws/install/irob_interfaces/share/irob_interfaces/rust/src/srv
-- Up-to-date: /Users/milenavilcinskaite/Downloads/ros2_burger_final_form_ws/install/irob_interfaces/share/irob_interfaces/rust/src/srv/rmw.rs
-- Up-to-date: /Users/milenavilcinskaite/Downloads/ros2_burger_final_form_ws/install/irob_interfaces/share/irob_interfaces/srv/GetGoal.idl
-- Up-to-date: /Users/milenavilcinskaite/Downloads/ros2_burger_final_form_ws/install/irob_interfaces/share/irob_interfaces/srv/Activate.idl
-- Up-to-date: /Users/milenavilcinskaite/Downloads/ros2_burger_final_form_ws/install/irob_interfaces/share/irob_interfaces/srv/Deactivate.idl
-- Up-to-date: /Users/milenavilcinskaite/Downloads/ros2_burger_final_form_ws/install/irob_interfaces/share/irob_interfaces/srv/AtGoal.idl
-- Up-to-date: /Users/milenavilcinskaite/Downloads/ros2_burger_final_form_ws/install/irob_interfaces/share/irob_interfaces/srv/GetGoal.srv
-- Up-to-date: /Users/milenavilcinskaite/Downloads/ros2_burger_final_form_ws/install/irob_interfaces/share/irob_interfaces/srv/GetGoal_Request.msg
-- Up-to-date: /Users/milenavilcinskaite/Downloads/ros2_burger_final_form_ws/install/irob_interfaces/share/irob_interfaces/srv/GetGoal_Response.msg
-- Up-to-date: /Users/milenavilcinskaite/Downloads/ros2_burger_final_form_ws/install/irob_interfaces/share/irob_interfaces/srv/Activate.srv
-- Up-to-date: /Users/milenavilcinskaite/Downloads/ros2_burger_final_form_ws/install/irob_interfaces/share/irob_interfaces/srv/Activate_Request.msg
-- Up-to-date: /Users/milenavilcinskaite/Downloads/ros2_burger_final_form_ws/install/irob_interfaces/share/irob_interfaces/srv/Activate_Response.msg
-- Up-to-date: /Users/milenavilcinskaite/Downloads/ros2_burger_final_form_ws/install/irob_interfaces/share/irob_interfaces/srv/Deactivate.srv
-- Up-to-date: /Users/milenavilcinskaite/Downloads/ros2_burger_final_form_ws/install/irob_interfaces/share/irob_interfaces/srv/Deactivate_Request.msg
-- Up-to-date: /Users/milenavilcinskaite/Downloads/ros2_burger_final_form_ws/install/irob_interfaces/share/irob_interfaces/srv/Deactivate_Response.msg
-- Up-to-date: /Users/milenavilcinskaite/Downloads/ros2_burger_final_form_ws/install/irob_interfaces/share/irob_interfaces/srv/AtGoal.srv
-- Up-to-date: /Users/milenavilcinskaite/Downloads/ros2_burger_final_form_ws/install/irob_interfaces/share/irob_interfaces/srv/AtGoal_Request.msg
-- Up-to-date: /Users/milenavilcinskaite/Downloads/ros2_burger_final_form_ws/install/irob_interfaces/share/irob_interfaces/srv/AtGoal_Response.msg
-- Up-to-date: /Users/milenavilcinskaite/Downloads/ros2_burger_final_form_ws/install/irob_interfaces/share/ament_index/resource_index/package_run_dependencies/irob_interfaces
-- Up-to-date: /Users/milenavilcinskaite/Downloads/ros2_burger_final_form_ws/install/irob_interfaces/share/ament_index/resource_index/parent_prefix_path/irob_interfaces
-- Up-to-date: /Users/milenavilcinskaite/Downloads/ros2_burger_final_form_ws/install/irob_interfaces/share/irob_interfaces/environment/ament_prefix_path.sh
-- Installing: /Users/milenavilcinskaite/Downloads/ros2_burger_final_form_ws/install/irob_interfaces/share/irob_interfaces/environment/ament_prefix_path.dsv
-- Up-to-date: /Users/milenavilcinskaite/Downloads/ros2_burger_final_form_ws/install/irob_interfaces/share/irob_interfaces/environment/path.sh
-- Installing: /Users/milenavilcinskaite/Downloads/ros2_burger_final_form_ws/install/irob_interfaces/share/irob_interfaces/environment/path.dsv
-- Up-to-date: /Users/milenavilcinskaite/Downloads/ros2_burger_final_form_ws/install/irob_interfaces/share/irob_interfaces/local_setup.bash
-- Up-to-date: /Users/milenavilcinskaite/Downloads/ros2_burger_final_form_ws/install/irob_interfaces/share/irob_interfaces/local_setup.sh
-- Up-to-date: /Users/milenavilcinskaite/Downloads/ros2_burger_final_form_ws/install/irob_interfaces/share/irob_interfaces/local_setup.zsh
-- Installing: /Users/milenavilcinskaite/Downloads/ros2_burger_final_form_ws/install/irob_interfaces/share/irob_interfaces/local_setup.dsv
-- Installing: /Users/milenavilcinskaite/Downloads/ros2_burger_final_form_ws/install/irob_interfaces/share/irob_interfaces/package.dsv
-- Up-to-date: /Users/milenavilcinskaite/Downloads/ros2_burger_final_form_ws/install/irob_interfaces/share/ament_index/resource_index/packages/irob_interfaces
-- Up-to-date: /Users/milenavilcinskaite/Downloads/ros2_burger_final_form_ws/install/irob_interfaces/share/irob_interfaces/cmake/export_irob_interfaces__rosidl_generator_cExport.cmake
-- Up-to-date: /Users/milenavilcinskaite/Downloads/ros2_burger_final_form_ws/install/irob_interfaces/share/irob_interfaces/cmake/export_irob_interfaces__rosidl_generator_cExport-noconfig.cmake
-- Up-to-date: /Users/milenavilcinskaite/Downloads/ros2_burger_final_form_ws/install/irob_interfaces/share/irob_interfaces/cmake/export_irob_interfaces__rosidl_typesupport_fastrtps_cExport.cmake
-- Up-to-date: /Users/milenavilcinskaite/Downloads/ros2_burger_final_form_ws/install/irob_interfaces/share/irob_interfaces/cmake/export_irob_interfaces__rosidl_typesupport_fastrtps_cExport-noconfig.cmake
-- Up-to-date: /Users/milenavilcinskaite/Downloads/ros2_burger_final_form_ws/install/irob_interfaces/share/irob_interfaces/cmake/irob_interfaces__rosidl_typesupport_introspection_cExport.cmake
-- Up-to-date: /Users/milenavilcinskaite/Downloads/ros2_burger_final_form_ws/install/irob_interfaces/share/irob_interfaces/cmake/irob_interfaces__rosidl_typesupport_introspection_cExport-noconfig.cmake
-- Up-to-date: /Users/milenavilcinskaite/Downloads/ros2_burger_final_form_ws/install/irob_interfaces/share/irob_interfaces/cmake/irob_interfaces__rosidl_typesupport_cExport.cmake
-- Up-to-date: /Users/milenavilcinskaite/Downloads/ros2_burger_final_form_ws/install/irob_interfaces/share/irob_interfaces/cmake/irob_interfaces__rosidl_typesupport_cExport-noconfig.cmake
-- Up-to-date: /Users/milenavilcinskaite/Downloads/ros2_burger_final_form_ws/install/irob_interfaces/share/irob_interfaces/cmake/export_irob_interfaces__rosidl_generator_cppExport.cmake
-- Up-to-date: /Users/milenavilcinskaite/Downloads/ros2_burger_final_form_ws/install/irob_interfaces/share/irob_interfaces/cmake/export_irob_interfaces__rosidl_typesupport_fastrtps_cppExport.cmake
-- Up-to-date: /Users/milenavilcinskaite/Downloads/ros2_burger_final_form_ws/install/irob_interfaces/share/irob_interfaces/cmake/export_irob_interfaces__rosidl_typesupport_fastrtps_cppExport-noconfig.cmake
-- Up-to-date: /Users/milenavilcinskaite/Downloads/ros2_burger_final_form_ws/install/irob_interfaces/share/irob_interfaces/cmake/irob_interfaces__rosidl_typesupport_introspection_cppExport.cmake
-- Up-to-date: /Users/milenavilcinskaite/Downloads/ros2_burger_final_form_ws/install/irob_interfaces/share/irob_interfaces/cmake/irob_interfaces__rosidl_typesupport_introspection_cppExport-noconfig.cmake
-- Up-to-date: /Users/milenavilcinskaite/Downloads/ros2_burger_final_form_ws/install/irob_interfaces/share/irob_interfaces/cmake/irob_interfaces__rosidl_typesupport_cppExport.cmake
-- Up-to-date: /Users/milenavilcinskaite/Downloads/ros2_burger_final_form_ws/install/irob_interfaces/share/irob_interfaces/cmake/irob_interfaces__rosidl_typesupport_cppExport-noconfig.cmake
-- Up-to-date: /Users/milenavilcinskaite/Downloads/ros2_burger_final_form_ws/install/irob_interfaces/share/irob_interfaces/cmake/export_irob_interfaces__rosidl_generator_pyExport.cmake
-- Up-to-date: /Users/milenavilcinskaite/Downloads/ros2_burger_final_form_ws/install/irob_interfaces/share/irob_interfaces/cmake/export_irob_interfaces__rosidl_generator_pyExport-noconfig.cmake
-- Up-to-date: /Users/milenavilcinskaite/Downloads/ros2_burger_final_form_ws/install/irob_interfaces/share/irob_interfaces/cmake/rosidl_cmake-extras.cmake
-- Up-to-date: /Users/milenavilcinskaite/Downloads/ros2_burger_final_form_ws/install/irob_interfaces/share/irob_interfaces/cmake/ament_cmake_export_include_directories-extras.cmake
-- Up-to-date: /Users/milenavilcinskaite/Downloads/ros2_burger_final_form_ws/install/irob_interfaces/share/irob_interfaces/cmake/ament_cmake_export_libraries-extras.cmake
-- Up-to-date: /Users/milenavilcinskaite/Downloads/ros2_burger_final_form_ws/install/irob_interfaces/share/irob_interfaces/cmake/ament_cmake_export_targets-extras.cmake
-- Up-to-date: /Users/milenavilcinskaite/Downloads/ros2_burger_final_form_ws/install/irob_interfaces/share/irob_interfaces/cmake/rosidl_cmake_export_typesupport_targets-extras.cmake
-- Up-to-date: /Users/milenavilcinskaite/Downloads/ros2_burger_final_form_ws/install/irob_interfaces/share/irob_interfaces/cmake/ament_cmake_export_dependencies-extras.cmake
-- Up-to-date: /Users/milenavilcinskaite/Downloads/ros2_burger_final_form_ws/install/irob_interfaces/share/irob_interfaces/cmake/rosidl_cmake_export_typesupport_libraries-extras.cmake
-- Up-to-date: /Users/milenavilcinskaite/Downloads/ros2_burger_final_form_ws/install/irob_interfaces/share/irob_interfaces/cmake/irob_interfacesConfig.cmake
-- Up-to-date: /Users/milenavilcinskaite/Downloads/ros2_burger_final_form_ws/install/irob_interfaces/share/irob_interfaces/cmake/irob_interfacesConfig-version.cmake
-- Up-to-date: /Users/milenavilcinskaite/Downloads/ros2_burger_final_form_ws/install/irob_interfaces/share/irob_interfaces/package.xml
