[0.030s] Invoking command in '/Users/milenavilcinskaite/Downloads/ros2_burger_final_form_ws/build/irob_interfaces': CMAKE_PREFIX_PATH=${CMAKE_PREFIX_PATH}:/Users/milenavilcinskaite/Downloads/ros2_burger_final_form_ws/install/irob_assignment_5:/Users/milenavilcinskaite/Downloads/ros2_burger_final_form_ws/install/irob_assignment_1 CONDA_PROMPT_MODIFIER=(ros_env4) SHLVL=2 _=/usr/bin/env __CF_USER_TEXT_ENCODING=0x1F5:0x0:0x2 /Users/milenavilcinskaite/micromamba/envs/ros_env4/bin/cmake /Users/milenavilcinskaite/Downloads/ros2_burger_final_form_ws/src/irob_interfaces -DCMAKE_INSTALL_PREFIX=/Users/milenavilcinskaite/Downloads/ros2_burger_final_form_ws/install/irob_interfaces
[0.216s] CMake Deprecation Warning at CMakeLists.txt:1 (cmake_minimum_required):
[0.216s]   Compatibility with CMake < 3.10 will be removed from a future version of
[0.216s]   CMake.
[0.216s] 
[0.216s]   Update the VERSION argument <min> value.  Or, use the <min>...<max> syntax
[0.216s]   to tell CMake that the project requires at least <min> but has been updated
[0.216s]   to work with policies introduced by <max> or earlier.
[0.216s] 
[0.216s] 
[0.218s] -- Found ament_cmake: 1.3.13 (/Users/milenavilcinskaite/micromamba/envs/ros_env4/share/ament_cmake/cmake)
[0.255s] -- Found rosidl_default_generators: 1.2.0 (/Users/milenavilcinskaite/micromamba/envs/ros_env4/share/rosidl_default_generators/cmake)
[0.257s] -- Using all available rosidl_typesupport_c: rosidl_typesupport_fastrtps_c;rosidl_typesupport_introspection_c
[0.263s] -- Found rosidl_adapter: 3.1.8 (/Users/milenavilcinskaite/micromamba/envs/ros_env4/share/rosidl_adapter/cmake)
[0.300s] -- Using all available rosidl_typesupport_cpp: rosidl_typesupport_fastrtps_cpp;rosidl_typesupport_introspection_cpp
[0.685s] -- Found ament_cmake_ros: 0.10.0 (/Users/milenavilcinskaite/micromamba/envs/ros_env4/share/ament_cmake_ros/cmake)
[1.015s] -- Using all available rosidl_typesupport_c: rosidl_typesupport_fastrtps_c;rosidl_typesupport_introspection_c
[1.457s] -- Using all available rosidl_typesupport_cpp: rosidl_typesupport_fastrtps_cpp;rosidl_typesupport_introspection_cpp
[1.459s] -- Found python_cmake_module: 0.10.0 (/Users/milenavilcinskaite/micromamba/envs/ros_env4/share/python_cmake_module/cmake)
[1.459s] CMake Warning (dev) at /Users/milenavilcinskaite/micromamba/envs/ros_env4/share/python_cmake_module/cmake/Modules/FindPythonExtra.cmake:52 (find_package):
[1.459s]   Policy CMP0148 is not set: The FindPythonInterp and FindPythonLibs modules
[1.460s]   are removed.  Run "cmake --help-policy CMP0148" for policy details.  Use
[1.460s]   the cmake_policy command to set the policy and suppress this warning.
[1.460s] 
[1.460s] Call Stack (most recent call first):
[1.460s]   /Users/milenavilcinskaite/micromamba/envs/ros_env4/share/rosidl_generator_py/cmake/rosidl_generator_py_generate_interfaces.cmake:33 (find_package)
[1.460s]   /Users/milenavilcinskaite/micromamba/envs/ros_env4/share/ament_cmake_core/cmake/core/ament_execute_extensions.cmake:48 (include)
[1.460s]   /Users/milenavilcinskaite/micromamba/envs/ros_env4/share/rosidl_cmake/cmake/rosidl_generate_interfaces.cmake:286 (ament_execute_extensions)
[1.460s]   CMakeLists.txt:25 (rosidl_generate_interfaces)
[1.460s] This warning is for project developers.  Use -Wno-dev to suppress it.
[1.460s] 
[1.488s] -- Using PythonExtra_INCLUDE_DIRS: /Users/milenavilcinskaite/micromamba/envs/ros_env4/include/python3.12;/Users/milenavilcinskaite/micromamba/envs/ros_env4/include/python3.12
[1.488s] -- Using PythonExtra_LIBRARIES: /Users/milenavilcinskaite/micromamba/envs/ros_env4/lib/libpython3.12.dylib
[1.764s] -- Found ament_lint_auto: 0.12.15 (/Users/milenavilcinskaite/micromamba/envs/ros_env4/share/ament_lint_auto/cmake)
[1.777s] -- Added test 'copyright' to check source files copyright and LICENSE
[1.780s] -- Added test 'lint_cmake' to check CMake code style
[1.781s] -- Added test 'xmllint' to check XML markup files
[1.783s] -- Configuring done (1.7s)
[1.855s] -- Generating done (0.1s)
[1.871s] -- Build files have been written to: /Users/milenavilcinskaite/Downloads/ros2_burger_final_form_ws/build/irob_interfaces
[1.874s] Invoked command in '/Users/milenavilcinskaite/Downloads/ros2_burger_final_form_ws/build/irob_interfaces' returned '0': CMAKE_PREFIX_PATH=${CMAKE_PREFIX_PATH}:/Users/milenavilcinskaite/Downloads/ros2_burger_final_form_ws/install/irob_assignment_5:/Users/milenavilcinskaite/Downloads/ros2_burger_final_form_ws/install/irob_assignment_1 CONDA_PROMPT_MODIFIER=(ros_env4) SHLVL=2 _=/usr/bin/env __CF_USER_TEXT_ENCODING=0x1F5:0x0:0x2 /Users/milenavilcinskaite/micromamba/envs/ros_env4/bin/cmake /Users/milenavilcinskaite/Downloads/ros2_burger_final_form_ws/src/irob_interfaces -DCMAKE_INSTALL_PREFIX=/Users/milenavilcinskaite/Downloads/ros2_burger_final_form_ws/install/irob_interfaces
[1.876s] Invoking command in '/Users/milenavilcinskaite/Downloads/ros2_burger_final_form_ws/build/irob_interfaces': CMAKE_PREFIX_PATH=${CMAKE_PREFIX_PATH}:/Users/milenavilcinskaite/Downloads/ros2_burger_final_form_ws/install/irob_assignment_5:/Users/milenavilcinskaite/Downloads/ros2_burger_final_form_ws/install/irob_assignment_1 CONDA_PROMPT_MODIFIER=(ros_env4) SHLVL=2 _=/usr/bin/env __CF_USER_TEXT_ENCODING=0x1F5:0x0:0x2 /Users/milenavilcinskaite/micromamba/envs/ros_env4/bin/cmake --build /Users/milenavilcinskaite/Downloads/ros2_burger_final_form_ws/build/irob_interfaces -- -j10 -l10
[1.950s] [  1%] Built target irob_interfaces__rs
[1.950s] [  3%] Built target irob_interfaces__cpp
[1.956s] [ 14%] Built target irob_interfaces__rosidl_generator_c
[1.965s] [ 14%] Built target ament_cmake_python_copy_irob_interfaces
[2.002s] [ 25%] Built target irob_interfaces__rosidl_typesupport_c
[2.003s] [ 35%] Built target irob_interfaces__rosidl_typesupport_introspection_c
[2.036s] [ 57%] Built target irob_interfaces__rosidl_typesupport_introspection_cpp
[2.037s] [ 57%] Built target irob_interfaces__rosidl_typesupport_cpp
[2.038s] [ 67%] Built target irob_interfaces__rosidl_typesupport_fastrtps_cpp
[2.041s] [ 78%] Built target irob_interfaces__rosidl_typesupport_fastrtps_c
[2.072s] [ 78%] Built target irob_interfaces
[2.103s] [ 80%] Built target irob_interfaces__py
[2.144s] [ 89%] Built target irob_interfaces__rosidl_generator_py
[2.164s] running egg_info
[2.178s] writing irob_interfaces.egg-info/PKG-INFO
[2.178s] writing dependency_links to irob_interfaces.egg-info/dependency_links.txt
[2.178s] writing top-level names to irob_interfaces.egg-info/top_level.txt
[2.186s] [100%] Built target irob_interfaces__rosidl_typesupport_c__pyext
[2.186s] [100%] Built target irob_interfaces__rosidl_typesupport_introspection_c__pyext
[2.186s] [100%] Built target irob_interfaces__rosidl_typesupport_fastrtps_c__pyext
[2.218s] reading manifest file 'irob_interfaces.egg-info/SOURCES.txt'
[2.219s] writing manifest file 'irob_interfaces.egg-info/SOURCES.txt'
[2.246s] [100%] Built target ament_cmake_python_build_irob_interfaces_egg
[2.261s] Invoked command in '/Users/milenavilcinskaite/Downloads/ros2_burger_final_form_ws/build/irob_interfaces' returned '0': CMAKE_PREFIX_PATH=${CMAKE_PREFIX_PATH}:/Users/milenavilcinskaite/Downloads/ros2_burger_final_form_ws/install/irob_assignment_5:/Users/milenavilcinskaite/Downloads/ros2_burger_final_form_ws/install/irob_assignment_1 CONDA_PROMPT_MODIFIER=(ros_env4) SHLVL=2 _=/usr/bin/env __CF_USER_TEXT_ENCODING=0x1F5:0x0:0x2 /Users/milenavilcinskaite/micromamba/envs/ros_env4/bin/cmake --build /Users/milenavilcinskaite/Downloads/ros2_burger_final_form_ws/build/irob_interfaces -- -j10 -l10
[2.264s] Invoking command in '/Users/milenavilcinskaite/Downloads/ros2_burger_final_form_ws/build/irob_interfaces': CMAKE_PREFIX_PATH=${CMAKE_PREFIX_PATH}:/Users/milenavilcinskaite/Downloads/ros2_burger_final_form_ws/install/irob_assignment_5:/Users/milenavilcinskaite/Downloads/ros2_burger_final_form_ws/install/irob_assignment_1 CONDA_PROMPT_MODIFIER=(ros_env4) SHLVL=2 _=/usr/bin/env __CF_USER_TEXT_ENCODING=0x1F5:0x0:0x2 /Users/milenavilcinskaite/micromamba/envs/ros_env4/bin/cmake --install /Users/milenavilcinskaite/Downloads/ros2_burger_final_form_ws/build/irob_interfaces
[2.275s] -- Install configuration: ""
[2.275s] -- Up-to-date: /Users/milenavilcinskaite/Downloads/ros2_burger_final_form_ws/install/irob_interfaces/share/ament_index/resource_index/rosidl_interfaces/irob_interfaces
[2.275s] -- Up-to-date: /Users/milenavilcinskaite/Downloads/ros2_burger_final_form_ws/install/irob_interfaces/include/irob_interfaces/irob_interfaces
[2.275s] -- Up-to-date: /Users/milenavilcinskaite/Downloads/ros2_burger_final_form_ws/install/irob_interfaces/include/irob_interfaces/irob_interfaces/msg
[2.275s] -- Up-to-date: /Users/milenavilcinskaite/Downloads/ros2_burger_final_form_ws/install/irob_interfaces/include/irob_interfaces/irob_interfaces/msg/rosidl_generator_c__visibility_control.h
[2.276s] -- Up-to-date: /Users/milenavilcinskaite/Downloads/ros2_burger_final_form_ws/install/irob_interfaces/include/irob_interfaces/irob_interfaces/srv
[2.276s] -- Up-to-date: /Users/milenavilcinskaite/Downloads/ros2_burger_final_form_ws/install/irob_interfaces/include/irob_interfaces/irob_interfaces/srv/activate.h
[2.276s] -- Up-to-date: /Users/milenavilcinskaite/Downloads/ros2_burger_final_form_ws/install/irob_interfaces/include/irob_interfaces/irob_interfaces/srv/deactivate.h
[2.276s] -- Up-to-date: /Users/milenavilcinskaite/Downloads/ros2_burger_final_form_ws/install/irob_interfaces/include/irob_interfaces/irob_interfaces/srv/detail
[2.276s] -- Up-to-date: /Users/milenavilcinskaite/Downloads/ros2_burger_final_form_ws/install/irob_interfaces/include/irob_interfaces/irob_interfaces/srv/detail/deactivate__functions.h
[2.276s] -- Up-to-date: /Users/milenavilcinskaite/Downloads/ros2_burger_final_form_ws/install/irob_interfaces/include/irob_interfaces/irob_interfaces/srv/detail/at_goal__functions.h
[2.276s] -- Up-to-date: /Users/milenavilcinskaite/Downloads/ros2_burger_final_form_ws/install/irob_interfaces/include/irob_interfaces/irob_interfaces/srv/detail/activate__struct.h
[2.276s] -- Up-to-date: /Users/milenavilcinskaite/Downloads/ros2_burger_final_form_ws/install/irob_interfaces/include/irob_interfaces/irob_interfaces/srv/detail/get_goal__struct.h
[2.276s] -- Up-to-date: /Users/milenavilcinskaite/Downloads/ros2_burger_final_form_ws/install/irob_interfaces/include/irob_interfaces/irob_interfaces/srv/detail/deactivate__type_support.h
[2.276s] -- Up-to-date: /Users/milenavilcinskaite/Downloads/ros2_burger_final_form_ws/install/irob_interfaces/include/irob_interfaces/irob_interfaces/srv/detail/activate__functions.h
[2.277s] -- Up-to-date: /Users/milenavilcinskaite/Downloads/ros2_burger_final_form_ws/install/irob_interfaces/include/irob_interfaces/irob_interfaces/srv/detail/get_goal__functions.h
[2.277s] -- Up-to-date: /Users/milenavilcinskaite/Downloads/ros2_burger_final_form_ws/install/irob_interfaces/include/irob_interfaces/irob_interfaces/srv/detail/at_goal__type_support.h
[2.277s] -- Up-to-date: /Users/milenavilcinskaite/Downloads/ros2_burger_final_form_ws/install/irob_interfaces/include/irob_interfaces/irob_interfaces/srv/detail/at_goal__struct.h
[2.277s] -- Up-to-date: /Users/milenavilcinskaite/Downloads/ros2_burger_final_form_ws/install/irob_interfaces/include/irob_interfaces/irob_interfaces/srv/detail/at_goal__functions.c
[2.277s] -- Up-to-date: /Users/milenavilcinskaite/Downloads/ros2_burger_final_form_ws/install/irob_interfaces/include/irob_interfaces/irob_interfaces/srv/detail/get_goal__type_support.h
[2.277s] -- Up-to-date: /Users/milenavilcinskaite/Downloads/ros2_burger_final_form_ws/install/irob_interfaces/include/irob_interfaces/irob_interfaces/srv/detail/deactivate__functions.c
[2.277s] -- Up-to-date: /Users/milenavilcinskaite/Downloads/ros2_burger_final_form_ws/install/irob_interfaces/include/irob_interfaces/irob_interfaces/srv/detail/get_goal__functions.c
[2.277s] -- Up-to-date: /Users/milenavilcinskaite/Downloads/ros2_burger_final_form_ws/install/irob_interfaces/include/irob_interfaces/irob_interfaces/srv/detail/deactivate__struct.h
[2.277s] -- Up-to-date: /Users/milenavilcinskaite/Downloads/ros2_burger_final_form_ws/install/irob_interfaces/include/irob_interfaces/irob_interfaces/srv/detail/activate__functions.c
[2.277s] -- Up-to-date: /Users/milenavilcinskaite/Downloads/ros2_burger_final_form_ws/install/irob_interfaces/include/irob_interfaces/irob_interfaces/srv/detail/activate__type_support.h
[2.277s] -- Up-to-date: /Users/milenavilcinskaite/Downloads/ros2_burger_final_form_ws/install/irob_interfaces/include/irob_interfaces/irob_interfaces/srv/at_goal.h
[2.277s] -- Up-to-date: /Users/milenavilcinskaite/Downloads/ros2_burger_final_form_ws/install/irob_interfaces/include/irob_interfaces/irob_interfaces/srv/get_goal.h
[2.277s] -- Up-to-date: /Users/milenavilcinskaite/Downloads/ros2_burger_final_form_ws/install/irob_interfaces/lib/libirob_interfaces__rosidl_generator_c.dylib
[2.277s] -- Up-to-date: /Users/milenavilcinskaite/Downloads/ros2_burger_final_form_ws/install/irob_interfaces/include/irob_interfaces/irob_interfaces
[2.277s] -- Up-to-date: /Users/milenavilcinskaite/Downloads/ros2_burger_final_form_ws/install/irob_interfaces/include/irob_interfaces/irob_interfaces/msg
[2.277s] -- Up-to-date: /Users/milenavilcinskaite/Downloads/ros2_burger_final_form_ws/install/irob_interfaces/include/irob_interfaces/irob_interfaces/msg/rosidl_typesupport_fastrtps_c__visibility_control.h
[2.277s] -- Up-to-date: /Users/milenavilcinskaite/Downloads/ros2_burger_final_form_ws/install/irob_interfaces/include/irob_interfaces/irob_interfaces/srv
[2.277s] -- Up-to-date: /Users/milenavilcinskaite/Downloads/ros2_burger_final_form_ws/install/irob_interfaces/include/irob_interfaces/irob_interfaces/srv/detail
[2.277s] -- Up-to-date: /Users/milenavilcinskaite/Downloads/ros2_burger_final_form_ws/install/irob_interfaces/include/irob_interfaces/irob_interfaces/srv/detail/get_goal__rosidl_typesupport_fastrtps_c.h
[2.277s] -- Up-to-date: /Users/milenavilcinskaite/Downloads/ros2_burger_final_form_ws/install/irob_interfaces/include/irob_interfaces/irob_interfaces/srv/detail/at_goal__rosidl_typesupport_fastrtps_c.h
[2.277s] -- Up-to-date: /Users/milenavilcinskaite/Downloads/ros2_burger_final_form_ws/install/irob_interfaces/include/irob_interfaces/irob_interfaces/srv/detail/activate__rosidl_typesupport_fastrtps_c.h
[2.278s] -- Up-to-date: /Users/milenavilcinskaite/Downloads/ros2_burger_final_form_ws/install/irob_interfaces/include/irob_interfaces/irob_interfaces/srv/detail/deactivate__rosidl_typesupport_fastrtps_c.h
[2.278s] -- Installing: /Users/milenavilcinskaite/Downloads/ros2_burger_final_form_ws/install/irob_interfaces/lib/libirob_interfaces__rosidl_typesupport_fastrtps_c.dylib
[2.279s] /Users/milenavilcinskaite/micromamba/envs/ros_env4/bin/install_name_tool: warning: changes being made to the file will invalidate the code signature in: /Users/milenavilcinskaite/Downloads/ros2_burger_final_form_ws/install/irob_interfaces/lib/libirob_interfaces__rosidl_typesupport_fastrtps_c.dylib
[2.279s] [cctools-port]: generating fake signature for '/Users/milenavilcinskaite/Downloads/ros2_burger_final_form_ws/install/irob_interfaces/lib/libirob_interfaces__rosidl_typesupport_fastrtps_c.dylib'
[2.288s] -- Up-to-date: /Users/milenavilcinskaite/Downloads/ros2_burger_final_form_ws/install/irob_interfaces/include/irob_interfaces/irob_interfaces
[2.288s] -- Up-to-date: /Users/milenavilcinskaite/Downloads/ros2_burger_final_form_ws/install/irob_interfaces/include/irob_interfaces/irob_interfaces/msg
[2.288s] -- Up-to-date: /Users/milenavilcinskaite/Downloads/ros2_burger_final_form_ws/install/irob_interfaces/include/irob_interfaces/irob_interfaces/msg/rosidl_typesupport_introspection_c__visibility_control.h
[2.288s] -- Up-to-date: /Users/milenavilcinskaite/Downloads/ros2_burger_final_form_ws/install/irob_interfaces/include/irob_interfaces/irob_interfaces/srv
[2.288s] -- Up-to-date: /Users/milenavilcinskaite/Downloads/ros2_burger_final_form_ws/install/irob_interfaces/include/irob_interfaces/irob_interfaces/srv/detail
[2.288s] -- Up-to-date: /Users/milenavilcinskaite/Downloads/ros2_burger_final_form_ws/install/irob_interfaces/include/irob_interfaces/irob_interfaces/srv/detail/at_goal__rosidl_typesupport_introspection_c.h
[2.288s] -- Up-to-date: /Users/milenavilcinskaite/Downloads/ros2_burger_final_form_ws/install/irob_interfaces/include/irob_interfaces/irob_interfaces/srv/detail/get_goal__type_support.c
[2.288s] -- Up-to-date: /Users/milenavilcinskaite/Downloads/ros2_burger_final_form_ws/install/irob_interfaces/include/irob_interfaces/irob_interfaces/srv/detail/deactivate__rosidl_typesupport_introspection_c.h
[2.289s] -- Up-to-date: /Users/milenavilcinskaite/Downloads/ros2_burger_final_form_ws/install/irob_interfaces/include/irob_interfaces/irob_interfaces/srv/detail/activate__rosidl_typesupport_introspection_c.h
[2.289s] -- Up-to-date: /Users/milenavilcinskaite/Downloads/ros2_burger_final_form_ws/install/irob_interfaces/include/irob_interfaces/irob_interfaces/srv/detail/activate__type_support.c
[2.289s] -- Up-to-date: /Users/milenavilcinskaite/Downloads/ros2_burger_final_form_ws/install/irob_interfaces/include/irob_interfaces/irob_interfaces/srv/detail/get_goal__rosidl_typesupport_introspection_c.h
[2.289s] -- Up-to-date: /Users/milenavilcinskaite/Downloads/ros2_burger_final_form_ws/install/irob_interfaces/include/irob_interfaces/irob_interfaces/srv/detail/deactivate__type_support.c
[2.289s] -- Up-to-date: /Users/milenavilcinskaite/Downloads/ros2_burger_final_form_ws/install/irob_interfaces/include/irob_interfaces/irob_interfaces/srv/detail/at_goal__type_support.c
[2.289s] -- Installing: /Users/milenavilcinskaite/Downloads/ros2_burger_final_form_ws/install/irob_interfaces/lib/libirob_interfaces__rosidl_typesupport_introspection_c.dylib
[2.290s] /Users/milenavilcinskaite/micromamba/envs/ros_env4/bin/install_name_tool: warning: changes being made to the file will invalidate the code signature in: /Users/milenavilcinskaite/Downloads/ros2_burger_final_form_ws/install/irob_interfaces/lib/libirob_interfaces__rosidl_typesupport_introspection_c.dylib
[2.290s] [cctools-port]: generating fake signature for '/Users/milenavilcinskaite/Downloads/ros2_burger_final_form_ws/install/irob_interfaces/lib/libirob_interfaces__rosidl_typesupport_introspection_c.dylib'
[2.299s] -- Installing: /Users/milenavilcinskaite/Downloads/ros2_burger_final_form_ws/install/irob_interfaces/lib/libirob_interfaces__rosidl_typesupport_c.dylib
[2.301s] /Users/milenavilcinskaite/micromamba/envs/ros_env4/bin/install_name_tool: warning: changes being made to the file will invalidate the code signature in: /Users/milenavilcinskaite/Downloads/ros2_burger_final_form_ws/install/irob_interfaces/lib/libirob_interfaces__rosidl_typesupport_c.dylib
[2.301s] [cctools-port]: generating fake signature for '/Users/milenavilcinskaite/Downloads/ros2_burger_final_form_ws/install/irob_interfaces/lib/libirob_interfaces__rosidl_typesupport_c.dylib'
[2.309s] -- Up-to-date: /Users/milenavilcinskaite/Downloads/ros2_burger_final_form_ws/install/irob_interfaces/include/irob_interfaces/irob_interfaces
[2.310s] -- Up-to-date: /Users/milenavilcinskaite/Downloads/ros2_burger_final_form_ws/install/irob_interfaces/include/irob_interfaces/irob_interfaces/msg
[2.310s] -- Up-to-date: /Users/milenavilcinskaite/Downloads/ros2_burger_final_form_ws/install/irob_interfaces/include/irob_interfaces/irob_interfaces/msg/rosidl_generator_cpp__visibility_control.hpp
[2.310s] -- Up-to-date: /Users/milenavilcinskaite/Downloads/ros2_burger_final_form_ws/install/irob_interfaces/include/irob_interfaces/irob_interfaces/srv
[2.310s] -- Up-to-date: /Users/milenavilcinskaite/Downloads/ros2_burger_final_form_ws/install/irob_interfaces/include/irob_interfaces/irob_interfaces/srv/get_goal.hpp
[2.310s] -- Up-to-date: /Users/milenavilcinskaite/Downloads/ros2_burger_final_form_ws/install/irob_interfaces/include/irob_interfaces/irob_interfaces/srv/at_goal.hpp
[2.310s] -- Up-to-date: /Users/milenavilcinskaite/Downloads/ros2_burger_final_form_ws/install/irob_interfaces/include/irob_interfaces/irob_interfaces/srv/deactivate.hpp
[2.310s] -- Up-to-date: /Users/milenavilcinskaite/Downloads/ros2_burger_final_form_ws/install/irob_interfaces/include/irob_interfaces/irob_interfaces/srv/detail
[2.310s] -- Up-to-date: /Users/milenavilcinskaite/Downloads/ros2_burger_final_form_ws/install/irob_interfaces/include/irob_interfaces/irob_interfaces/srv/detail/activate__struct.hpp
[2.310s] -- Up-to-date: /Users/milenavilcinskaite/Downloads/ros2_burger_final_form_ws/install/irob_interfaces/include/irob_interfaces/irob_interfaces/srv/detail/at_goal__struct.hpp
[2.310s] -- Up-to-date: /Users/milenavilcinskaite/Downloads/ros2_burger_final_form_ws/install/irob_interfaces/include/irob_interfaces/irob_interfaces/srv/detail/get_goal__struct.hpp
[2.311s] -- Up-to-date: /Users/milenavilcinskaite/Downloads/ros2_burger_final_form_ws/install/irob_interfaces/include/irob_interfaces/irob_interfaces/srv/detail/deactivate__traits.hpp
[2.311s] -- Up-to-date: /Users/milenavilcinskaite/Downloads/ros2_burger_final_form_ws/install/irob_interfaces/include/irob_interfaces/irob_interfaces/srv/detail/activate__type_support.hpp
[2.311s] -- Up-to-date: /Users/milenavilcinskaite/Downloads/ros2_burger_final_form_ws/install/irob_interfaces/include/irob_interfaces/irob_interfaces/srv/detail/activate__traits.hpp
[2.311s] -- Up-to-date: /Users/milenavilcinskaite/Downloads/ros2_burger_final_form_ws/install/irob_interfaces/include/irob_interfaces/irob_interfaces/srv/detail/at_goal__type_support.hpp
[2.311s] -- Up-to-date: /Users/milenavilcinskaite/Downloads/ros2_burger_final_form_ws/install/irob_interfaces/include/irob_interfaces/irob_interfaces/srv/detail/deactivate__type_support.hpp
[2.311s] -- Up-to-date: /Users/milenavilcinskaite/Downloads/ros2_burger_final_form_ws/install/irob_interfaces/include/irob_interfaces/irob_interfaces/srv/detail/get_goal__builder.hpp
[2.311s] -- Up-to-date: /Users/milenavilcinskaite/Downloads/ros2_burger_final_form_ws/install/irob_interfaces/include/irob_interfaces/irob_interfaces/srv/detail/activate__builder.hpp
[2.311s] -- Up-to-date: /Users/milenavilcinskaite/Downloads/ros2_burger_final_form_ws/install/irob_interfaces/include/irob_interfaces/irob_interfaces/srv/detail/at_goal__traits.hpp
[2.311s] -- Up-to-date: /Users/milenavilcinskaite/Downloads/ros2_burger_final_form_ws/install/irob_interfaces/include/irob_interfaces/irob_interfaces/srv/detail/deactivate__builder.hpp
[2.311s] -- Up-to-date: /Users/milenavilcinskaite/Downloads/ros2_burger_final_form_ws/install/irob_interfaces/include/irob_interfaces/irob_interfaces/srv/detail/at_goal__builder.hpp
[2.311s] -- Up-to-date: /Users/milenavilcinskaite/Downloads/ros2_burger_final_form_ws/install/irob_interfaces/include/irob_interfaces/irob_interfaces/srv/detail/get_goal__traits.hpp
[2.311s] -- Up-to-date: /Users/milenavilcinskaite/Downloads/ros2_burger_final_form_ws/install/irob_interfaces/include/irob_interfaces/irob_interfaces/srv/detail/deactivate__struct.hpp
[2.312s] -- Up-to-date: /Users/milenavilcinskaite/Downloads/ros2_burger_final_form_ws/install/irob_interfaces/include/irob_interfaces/irob_interfaces/srv/detail/get_goal__type_support.hpp
[2.312s] -- Up-to-date: /Users/milenavilcinskaite/Downloads/ros2_burger_final_form_ws/install/irob_interfaces/include/irob_interfaces/irob_interfaces/srv/activate.hpp
[2.312s] -- Up-to-date: /Users/milenavilcinskaite/Downloads/ros2_burger_final_form_ws/install/irob_interfaces/include/irob_interfaces/irob_interfaces
[2.312s] -- Up-to-date: /Users/milenavilcinskaite/Downloads/ros2_burger_final_form_ws/install/irob_interfaces/include/irob_interfaces/irob_interfaces/msg
[2.312s] -- Up-to-date: /Users/milenavilcinskaite/Downloads/ros2_burger_final_form_ws/install/irob_interfaces/include/irob_interfaces/irob_interfaces/msg/rosidl_typesupport_fastrtps_cpp__visibility_control.h
[2.312s] -- Up-to-date: /Users/milenavilcinskaite/Downloads/ros2_burger_final_form_ws/install/irob_interfaces/include/irob_interfaces/irob_interfaces/srv
[2.312s] -- Up-to-date: /Users/milenavilcinskaite/Downloads/ros2_burger_final_form_ws/install/irob_interfaces/include/irob_interfaces/irob_interfaces/srv/detail
[2.312s] -- Up-to-date: /Users/milenavilcinskaite/Downloads/ros2_burger_final_form_ws/install/irob_interfaces/include/irob_interfaces/irob_interfaces/srv/detail/activate__rosidl_typesupport_fastrtps_cpp.hpp
[2.312s] -- Up-to-date: /Users/milenavilcinskaite/Downloads/ros2_burger_final_form_ws/install/irob_interfaces/include/irob_interfaces/irob_interfaces/srv/detail/get_goal__rosidl_typesupport_fastrtps_cpp.hpp
[2.312s] -- Up-to-date: /Users/milenavilcinskaite/Downloads/ros2_burger_final_form_ws/install/irob_interfaces/include/irob_interfaces/irob_interfaces/srv/detail/deactivate__rosidl_typesupport_fastrtps_cpp.hpp
[2.312s] -- Up-to-date: /Users/milenavilcinskaite/Downloads/ros2_burger_final_form_ws/install/irob_interfaces/include/irob_interfaces/irob_interfaces/srv/detail/at_goal__rosidl_typesupport_fastrtps_cpp.hpp
[2.312s] -- Up-to-date: /Users/milenavilcinskaite/Downloads/ros2_burger_final_form_ws/install/irob_interfaces/include/irob_interfaces/irob_interfaces/srv/detail/dds_fastrtps
[2.312s] -- Up-to-date: /Users/milenavilcinskaite/Downloads/ros2_burger_final_form_ws/install/irob_interfaces/lib/libirob_interfaces__rosidl_typesupport_fastrtps_cpp.dylib
[2.312s] -- Up-to-date: /Users/milenavilcinskaite/Downloads/ros2_burger_final_form_ws/install/irob_interfaces/include/irob_interfaces/irob_interfaces
[2.312s] -- Up-to-date: /Users/milenavilcinskaite/Downloads/ros2_burger_final_form_ws/install/irob_interfaces/include/irob_interfaces/irob_interfaces/srv
[2.312s] -- Up-to-date: /Users/milenavilcinskaite/Downloads/ros2_burger_final_form_ws/install/irob_interfaces/include/irob_interfaces/irob_interfaces/srv/detail
[2.312s] -- Up-to-date: /Users/milenavilcinskaite/Downloads/ros2_burger_final_form_ws/install/irob_interfaces/include/irob_interfaces/irob_interfaces/srv/detail/deactivate__rosidl_typesupport_introspection_cpp.hpp
[2.313s] -- Up-to-date: /Users/milenavilcinskaite/Downloads/ros2_burger_final_form_ws/install/irob_interfaces/include/irob_interfaces/irob_interfaces/srv/detail/get_goal__type_support.cpp
[2.313s] -- Up-to-date: /Users/milenavilcinskaite/Downloads/ros2_burger_final_form_ws/install/irob_interfaces/include/irob_interfaces/irob_interfaces/srv/detail/at_goal__rosidl_typesupport_introspection_cpp.hpp
[2.313s] -- Up-to-date: /Users/milenavilcinskaite/Downloads/ros2_burger_final_form_ws/install/irob_interfaces/include/irob_interfaces/irob_interfaces/srv/detail/at_goal__type_support.cpp
[2.313s] -- Up-to-date: /Users/milenavilcinskaite/Downloads/ros2_burger_final_form_ws/install/irob_interfaces/include/irob_interfaces/irob_interfaces/srv/detail/deactivate__type_support.cpp
[2.313s] -- Up-to-date: /Users/milenavilcinskaite/Downloads/ros2_burger_final_form_ws/install/irob_interfaces/include/irob_interfaces/irob_interfaces/srv/detail/activate__rosidl_typesupport_introspection_cpp.hpp
[2.313s] -- Up-to-date: /Users/milenavilcinskaite/Downloads/ros2_burger_final_form_ws/install/irob_interfaces/include/irob_interfaces/irob_interfaces/srv/detail/activate__type_support.cpp
[2.313s] -- Up-to-date: /Users/milenavilcinskaite/Downloads/ros2_burger_final_form_ws/install/irob_interfaces/include/irob_interfaces/irob_interfaces/srv/detail/get_goal__rosidl_typesupport_introspection_cpp.hpp
[2.313s] -- Up-to-date: /Users/milenavilcinskaite/Downloads/ros2_burger_final_form_ws/install/irob_interfaces/lib/libirob_interfaces__rosidl_typesupport_introspection_cpp.dylib
[2.313s] -- Up-to-date: /Users/milenavilcinskaite/Downloads/ros2_burger_final_form_ws/install/irob_interfaces/lib/libirob_interfaces__rosidl_typesupport_cpp.dylib
[2.313s] -- Up-to-date: /Users/milenavilcinskaite/Downloads/ros2_burger_final_form_ws/install/irob_interfaces/share/irob_interfaces/environment/pythonpath.sh
[2.313s] -- Installing: /Users/milenavilcinskaite/Downloads/ros2_burger_final_form_ws/install/irob_interfaces/share/irob_interfaces/environment/pythonpath.dsv
[2.313s] -- Up-to-date: /Users/milenavilcinskaite/Downloads/ros2_burger_final_form_ws/install/irob_interfaces/lib/python3.12/site-packages/irob_interfaces-1.0.0-py3.12.egg-info
[2.313s] -- Installing: /Users/milenavilcinskaite/Downloads/ros2_burger_final_form_ws/install/irob_interfaces/lib/python3.12/site-packages/irob_interfaces-1.0.0-py3.12.egg-info/PKG-INFO
[2.313s] -- Installing: /Users/milenavilcinskaite/Downloads/ros2_burger_final_form_ws/install/irob_interfaces/lib/python3.12/site-packages/irob_interfaces-1.0.0-py3.12.egg-info/SOURCES.txt
[2.313s] -- Installing: /Users/milenavilcinskaite/Downloads/ros2_burger_final_form_ws/install/irob_interfaces/lib/python3.12/site-packages/irob_interfaces-1.0.0-py3.12.egg-info/top_level.txt
[2.313s] -- Installing: /Users/milenavilcinskaite/Downloads/ros2_burger_final_form_ws/install/irob_interfaces/lib/python3.12/site-packages/irob_interfaces-1.0.0-py3.12.egg-info/dependency_links.txt
[2.314s] -- Up-to-date: /Users/milenavilcinskaite/Downloads/ros2_burger_final_form_ws/install/irob_interfaces/lib/python3.12/site-packages/irob_interfaces
[2.314s] -- Up-to-date: /Users/milenavilcinskaite/Downloads/ros2_burger_final_form_ws/install/irob_interfaces/lib/python3.12/site-packages/irob_interfaces/irob_interfaces_s__rosidl_typesupport_c.cpython-312-darwin.so
[2.314s] -- Up-to-date: /Users/milenavilcinskaite/Downloads/ros2_burger_final_form_ws/install/irob_interfaces/lib/python3.12/site-packages/irob_interfaces/libirob_interfaces__rosidl_generator_py.dylib
[2.314s] -- Installing: /Users/milenavilcinskaite/Downloads/ros2_burger_final_form_ws/install/irob_interfaces/lib/python3.12/site-packages/irob_interfaces/__init__.py
[2.314s] -- Up-to-date: /Users/milenavilcinskaite/Downloads/ros2_burger_final_form_ws/install/irob_interfaces/lib/python3.12/site-packages/irob_interfaces/_irob_interfaces_s.ep.rosidl_typesupport_c.c
[2.314s] -- Up-to-date: /Users/milenavilcinskaite/Downloads/ros2_burger_final_form_ws/install/irob_interfaces/lib/python3.12/site-packages/irob_interfaces/irob_interfaces_s__rosidl_typesupport_fastrtps_c.cpython-312-darwin.so
[2.314s] -- Up-to-date: /Users/milenavilcinskaite/Downloads/ros2_burger_final_form_ws/install/irob_interfaces/lib/python3.12/site-packages/irob_interfaces/_irob_interfaces_s.ep.rosidl_typesupport_fastrtps_c.c
[2.315s] -- Up-to-date: /Users/milenavilcinskaite/Downloads/ros2_burger_final_form_ws/install/irob_interfaces/lib/python3.12/site-packages/irob_interfaces/_irob_interfaces_s.ep.rosidl_typesupport_introspection_c.c
[2.315s] -- Up-to-date: /Users/milenavilcinskaite/Downloads/ros2_burger_final_form_ws/install/irob_interfaces/lib/python3.12/site-packages/irob_interfaces/srv
[2.315s] -- Up-to-date: /Users/milenavilcinskaite/Downloads/ros2_burger_final_form_ws/install/irob_interfaces/lib/python3.12/site-packages/irob_interfaces/srv/_deactivate.py
[2.315s] -- Up-to-date: /Users/milenavilcinskaite/Downloads/ros2_burger_final_form_ws/install/irob_interfaces/lib/python3.12/site-packages/irob_interfaces/srv/_at_goal_s.c
[2.315s] -- Up-to-date: /Users/milenavilcinskaite/Downloads/ros2_burger_final_form_ws/install/irob_interfaces/lib/python3.12/site-packages/irob_interfaces/srv/_deactivate_s.c
[2.315s] -- Up-to-date: /Users/milenavilcinskaite/Downloads/ros2_burger_final_form_ws/install/irob_interfaces/lib/python3.12/site-packages/irob_interfaces/srv/_at_goal.py
[2.315s] -- Up-to-date: /Users/milenavilcinskaite/Downloads/ros2_burger_final_form_ws/install/irob_interfaces/lib/python3.12/site-packages/irob_interfaces/srv/_get_goal_s.c
[2.315s] -- Up-to-date: /Users/milenavilcinskaite/Downloads/ros2_burger_final_form_ws/install/irob_interfaces/lib/python3.12/site-packages/irob_interfaces/srv/__init__.py
[2.315s] -- Up-to-date: /Users/milenavilcinskaite/Downloads/ros2_burger_final_form_ws/install/irob_interfaces/lib/python3.12/site-packages/irob_interfaces/srv/_get_goal.py
[2.315s] -- Up-to-date: /Users/milenavilcinskaite/Downloads/ros2_burger_final_form_ws/install/irob_interfaces/lib/python3.12/site-packages/irob_interfaces/srv/_activate.py
[2.315s] -- Up-to-date: /Users/milenavilcinskaite/Downloads/ros2_burger_final_form_ws/install/irob_interfaces/lib/python3.12/site-packages/irob_interfaces/srv/_activate_s.c
[2.315s] -- Up-to-date: /Users/milenavilcinskaite/Downloads/ros2_burger_final_form_ws/install/irob_interfaces/lib/python3.12/site-packages/irob_interfaces/irob_interfaces_s__rosidl_typesupport_introspection_c.cpython-312-darwin.so
[2.342s] Listing 'lib/python3.12/site-packages/irob_interfaces'...
[2.342s] Can't list 'lib/python3.12/site-packages/irob_interfaces'
[2.345s] -- Up-to-date: /Users/milenavilcinskaite/Downloads/ros2_burger_final_form_ws/install/irob_interfaces/lib/python3.12/site-packages/irob_interfaces/irob_interfaces_s__rosidl_typesupport_fastrtps_c.cpython-312-darwin.so
[2.347s] error: /Users/milenavilcinskaite/micromamba/envs/ros_env4/bin/install_name_tool: no LC_RPATH load command with path: /Users/milenavilcinskaite/Downloads/ros2_burger_final_form_ws/build/irob_interfaces/rosidl_generator_py/irob_interfaces found in: /Users/milenavilcinskaite/Downloads/ros2_burger_final_form_ws/install/irob_interfaces/lib/python3.12/site-packages/irob_interfaces/irob_interfaces_s__rosidl_typesupport_fastrtps_c.cpython-312-darwin.so (for architecture arm64), required for specified option "-delete_rpath /Users/milenavilcinskaite/Downloads/ros2_burger_final_form_ws/build/irob_interfaces/rosidl_generator_py/irob_interfaces"
[2.347s] error: /Users/milenavilcinskaite/micromamba/envs/ros_env4/bin/install_name_tool: no LC_RPATH load command with path: /Users/milenavilcinskaite/Downloads/ros2_burger_final_form_ws/build/irob_interfaces found in: /Users/milenavilcinskaite/Downloads/ros2_burger_final_form_ws/install/irob_interfaces/lib/python3.12/site-packages/irob_interfaces/irob_interfaces_s__rosidl_typesupport_fastrtps_c.cpython-312-darwin.so (for architecture arm64), required for specified option "-delete_rpath /Users/milenavilcinskaite/Downloads/ros2_burger_final_form_ws/build/irob_interfaces"
[2.347s] -- Up-to-date: /Users/milenavilcinskaite/Downloads/ros2_burger_final_form_ws/install/irob_interfaces/lib/python3.12/site-packages/irob_interfaces/irob_interfaces_s__rosidl_typesupport_introspection_c.cpython-312-darwin.so
[2.348s] error: /Users/milenavilcinskaite/micromamba/envs/ros_env4/bin/install_name_tool: no LC_RPATH load command with path: /Users/milenavilcinskaite/Downloads/ros2_burger_final_form_ws/build/irob_interfaces/rosidl_generator_py/irob_interfaces found in: /Users/milenavilcinskaite/Downloads/ros2_burger_final_form_ws/install/irob_interfaces/lib/python3.12/site-packages/irob_interfaces/irob_interfaces_s__rosidl_typesupport_introspection_c.cpython-312-darwin.so (for architecture arm64), required for specified option "-delete_rpath /Users/milenavilcinskaite/Downloads/ros2_burger_final_form_ws/build/irob_interfaces/rosidl_generator_py/irob_interfaces"
[2.348s] error: /Users/milenavilcinskaite/micromamba/envs/ros_env4/bin/install_name_tool: no LC_RPATH load command with path: /Users/milenavilcinskaite/Downloads/ros2_burger_final_form_ws/build/irob_interfaces found in: /Users/milenavilcinskaite/Downloads/ros2_burger_final_form_ws/install/irob_interfaces/lib/python3.12/site-packages/irob_interfaces/irob_interfaces_s__rosidl_typesupport_introspection_c.cpython-312-darwin.so (for architecture arm64), required for specified option "-delete_rpath /Users/milenavilcinskaite/Downloads/ros2_burger_final_form_ws/build/irob_interfaces"
[2.348s] -- Up-to-date: /Users/milenavilcinskaite/Downloads/ros2_burger_final_form_ws/install/irob_interfaces/lib/python3.12/site-packages/irob_interfaces/irob_interfaces_s__rosidl_typesupport_c.cpython-312-darwin.so
[2.349s] error: /Users/milenavilcinskaite/micromamba/envs/ros_env4/bin/install_name_tool: no LC_RPATH load command with path: /Users/milenavilcinskaite/Downloads/ros2_burger_final_form_ws/build/irob_interfaces/rosidl_generator_py/irob_interfaces found in: /Users/milenavilcinskaite/Downloads/ros2_burger_final_form_ws/install/irob_interfaces/lib/python3.12/site-packages/irob_interfaces/irob_interfaces_s__rosidl_typesupport_c.cpython-312-darwin.so (for architecture arm64), required for specified option "-delete_rpath /Users/milenavilcinskaite/Downloads/ros2_burger_final_form_ws/build/irob_interfaces/rosidl_generator_py/irob_interfaces"
[2.350s] error: /Users/milenavilcinskaite/micromamba/envs/ros_env4/bin/install_name_tool: no LC_RPATH load command with path: /Users/milenavilcinskaite/Downloads/ros2_burger_final_form_ws/build/irob_interfaces found in: /Users/milenavilcinskaite/Downloads/ros2_burger_final_form_ws/install/irob_interfaces/lib/python3.12/site-packages/irob_interfaces/irob_interfaces_s__rosidl_typesupport_c.cpython-312-darwin.so (for architecture arm64), required for specified option "-delete_rpath /Users/milenavilcinskaite/Downloads/ros2_burger_final_form_ws/build/irob_interfaces"
[2.350s] -- Up-to-date: /Users/milenavilcinskaite/Downloads/ros2_burger_final_form_ws/install/irob_interfaces/lib/libirob_interfaces__rosidl_generator_py.dylib
[2.351s] error: /Users/milenavilcinskaite/micromamba/envs/ros_env4/bin/install_name_tool: no LC_RPATH load command with path: /Users/milenavilcinskaite/Downloads/ros2_burger_final_form_ws/build/irob_interfaces found in: /Users/milenavilcinskaite/Downloads/ros2_burger_final_form_ws/install/irob_interfaces/lib/libirob_interfaces__rosidl_generator_py.dylib (for architecture arm64), required for specified option "-delete_rpath /Users/milenavilcinskaite/Downloads/ros2_burger_final_form_ws/build/irob_interfaces"
[2.351s] -- Up-to-date: /Users/milenavilcinskaite/Downloads/ros2_burger_final_form_ws/install/irob_interfaces/share/ament_index/resource_index/rust_packages/irob_interfaces
[2.351s] -- Up-to-date: /Users/milenavilcinskaite/Downloads/ros2_burger_final_form_ws/install/irob_interfaces/share/irob_interfaces/rust
[2.351s] -- Up-to-date: /Users/milenavilcinskaite/Downloads/ros2_burger_final_form_ws/install/irob_interfaces/share/irob_interfaces/rust/Cargo.toml
[2.352s] -- Up-to-date: /Users/milenavilcinskaite/Downloads/ros2_burger_final_form_ws/install/irob_interfaces/share/irob_interfaces/rust/build.rs
[2.352s] -- Up-to-date: /Users/milenavilcinskaite/Downloads/ros2_burger_final_form_ws/install/irob_interfaces/share/irob_interfaces/rust/src
[2.352s] -- Up-to-date: /Users/milenavilcinskaite/Downloads/ros2_burger_final_form_ws/install/irob_interfaces/share/irob_interfaces/rust/src/lib.rs
[2.352s] -- Up-to-date: /Users/milenavilcinskaite/Downloads/ros2_burger_final_form_ws/install/irob_interfaces/share/irob_interfaces/rust/src/srv.rs
[2.352s] -- Up-to-date: /Users/milenavilcinskaite/Downloads/ros2_burger_final_form_ws/install/irob_interfaces/share/irob_interfaces/rust/src/srv
[2.352s] -- Up-to-date: /Users/milenavilcinskaite/Downloads/ros2_burger_final_form_ws/install/irob_interfaces/share/irob_interfaces/rust/src/srv/rmw.rs
[2.352s] -- Up-to-date: /Users/milenavilcinskaite/Downloads/ros2_burger_final_form_ws/install/irob_interfaces/share/irob_interfaces/srv/GetGoal.idl
[2.352s] -- Up-to-date: /Users/milenavilcinskaite/Downloads/ros2_burger_final_form_ws/install/irob_interfaces/share/irob_interfaces/srv/Activate.idl
[2.352s] -- Up-to-date: /Users/milenavilcinskaite/Downloads/ros2_burger_final_form_ws/install/irob_interfaces/share/irob_interfaces/srv/Deactivate.idl
[2.353s] -- Up-to-date: /Users/milenavilcinskaite/Downloads/ros2_burger_final_form_ws/install/irob_interfaces/share/irob_interfaces/srv/AtGoal.idl
[2.353s] -- Up-to-date: /Users/milenavilcinskaite/Downloads/ros2_burger_final_form_ws/install/irob_interfaces/share/irob_interfaces/srv/GetGoal.srv
[2.353s] -- Up-to-date: /Users/milenavilcinskaite/Downloads/ros2_burger_final_form_ws/install/irob_interfaces/share/irob_interfaces/srv/GetGoal_Request.msg
[2.353s] -- Up-to-date: /Users/milenavilcinskaite/Downloads/ros2_burger_final_form_ws/install/irob_interfaces/share/irob_interfaces/srv/GetGoal_Response.msg
[2.353s] -- Up-to-date: /Users/milenavilcinskaite/Downloads/ros2_burger_final_form_ws/install/irob_interfaces/share/irob_interfaces/srv/Activate.srv
[2.353s] -- Up-to-date: /Users/milenavilcinskaite/Downloads/ros2_burger_final_form_ws/install/irob_interfaces/share/irob_interfaces/srv/Activate_Request.msg
[2.353s] -- Up-to-date: /Users/milenavilcinskaite/Downloads/ros2_burger_final_form_ws/install/irob_interfaces/share/irob_interfaces/srv/Activate_Response.msg
[2.353s] -- Up-to-date: /Users/milenavilcinskaite/Downloads/ros2_burger_final_form_ws/install/irob_interfaces/share/irob_interfaces/srv/Deactivate.srv
[2.353s] -- Up-to-date: /Users/milenavilcinskaite/Downloads/ros2_burger_final_form_ws/install/irob_interfaces/share/irob_interfaces/srv/Deactivate_Request.msg
[2.353s] -- Up-to-date: /Users/milenavilcinskaite/Downloads/ros2_burger_final_form_ws/install/irob_interfaces/share/irob_interfaces/srv/Deactivate_Response.msg
[2.353s] -- Up-to-date: /Users/milenavilcinskaite/Downloads/ros2_burger_final_form_ws/install/irob_interfaces/share/irob_interfaces/srv/AtGoal.srv
[2.353s] -- Up-to-date: /Users/milenavilcinskaite/Downloads/ros2_burger_final_form_ws/install/irob_interfaces/share/irob_interfaces/srv/AtGoal_Request.msg
[2.353s] -- Up-to-date: /Users/milenavilcinskaite/Downloads/ros2_burger_final_form_ws/install/irob_interfaces/share/irob_interfaces/srv/AtGoal_Response.msg
[2.353s] -- Up-to-date: /Users/milenavilcinskaite/Downloads/ros2_burger_final_form_ws/install/irob_interfaces/share/ament_index/resource_index/package_run_dependencies/irob_interfaces
[2.353s] -- Up-to-date: /Users/milenavilcinskaite/Downloads/ros2_burger_final_form_ws/install/irob_interfaces/share/ament_index/resource_index/parent_prefix_path/irob_interfaces
[2.353s] -- Up-to-date: /Users/milenavilcinskaite/Downloads/ros2_burger_final_form_ws/install/irob_interfaces/share/irob_interfaces/environment/ament_prefix_path.sh
[2.354s] -- Installing: /Users/milenavilcinskaite/Downloads/ros2_burger_final_form_ws/install/irob_interfaces/share/irob_interfaces/environment/ament_prefix_path.dsv
[2.354s] -- Up-to-date: /Users/milenavilcinskaite/Downloads/ros2_burger_final_form_ws/install/irob_interfaces/share/irob_interfaces/environment/path.sh
[2.354s] -- Installing: /Users/milenavilcinskaite/Downloads/ros2_burger_final_form_ws/install/irob_interfaces/share/irob_interfaces/environment/path.dsv
[2.354s] -- Up-to-date: /Users/milenavilcinskaite/Downloads/ros2_burger_final_form_ws/install/irob_interfaces/share/irob_interfaces/local_setup.bash
[2.354s] -- Up-to-date: /Users/milenavilcinskaite/Downloads/ros2_burger_final_form_ws/install/irob_interfaces/share/irob_interfaces/local_setup.sh
[2.354s] -- Up-to-date: /Users/milenavilcinskaite/Downloads/ros2_burger_final_form_ws/install/irob_interfaces/share/irob_interfaces/local_setup.zsh
[2.354s] -- Installing: /Users/milenavilcinskaite/Downloads/ros2_burger_final_form_ws/install/irob_interfaces/share/irob_interfaces/local_setup.dsv
[2.354s] -- Installing: /Users/milenavilcinskaite/Downloads/ros2_burger_final_form_ws/install/irob_interfaces/share/irob_interfaces/package.dsv
[2.355s] -- Up-to-date: /Users/milenavilcinskaite/Downloads/ros2_burger_final_form_ws/install/irob_interfaces/share/ament_index/resource_index/packages/irob_interfaces
[2.355s] -- Up-to-date: /Users/milenavilcinskaite/Downloads/ros2_burger_final_form_ws/install/irob_interfaces/share/irob_interfaces/cmake/export_irob_interfaces__rosidl_generator_cExport.cmake
[2.355s] -- Up-to-date: /Users/milenavilcinskaite/Downloads/ros2_burger_final_form_ws/install/irob_interfaces/share/irob_interfaces/cmake/export_irob_interfaces__rosidl_generator_cExport-noconfig.cmake
[2.355s] -- Up-to-date: /Users/milenavilcinskaite/Downloads/ros2_burger_final_form_ws/install/irob_interfaces/share/irob_interfaces/cmake/export_irob_interfaces__rosidl_typesupport_fastrtps_cExport.cmake
[2.355s] -- Up-to-date: /Users/milenavilcinskaite/Downloads/ros2_burger_final_form_ws/install/irob_interfaces/share/irob_interfaces/cmake/export_irob_interfaces__rosidl_typesupport_fastrtps_cExport-noconfig.cmake
[2.355s] -- Up-to-date: /Users/milenavilcinskaite/Downloads/ros2_burger_final_form_ws/install/irob_interfaces/share/irob_interfaces/cmake/irob_interfaces__rosidl_typesupport_introspection_cExport.cmake
[2.356s] -- Up-to-date: /Users/milenavilcinskaite/Downloads/ros2_burger_final_form_ws/install/irob_interfaces/share/irob_interfaces/cmake/irob_interfaces__rosidl_typesupport_introspection_cExport-noconfig.cmake
[2.356s] -- Up-to-date: /Users/milenavilcinskaite/Downloads/ros2_burger_final_form_ws/install/irob_interfaces/share/irob_interfaces/cmake/irob_interfaces__rosidl_typesupport_cExport.cmake
[2.356s] -- Up-to-date: /Users/milenavilcinskaite/Downloads/ros2_burger_final_form_ws/install/irob_interfaces/share/irob_interfaces/cmake/irob_interfaces__rosidl_typesupport_cExport-noconfig.cmake
[2.356s] -- Up-to-date: /Users/milenavilcinskaite/Downloads/ros2_burger_final_form_ws/install/irob_interfaces/share/irob_interfaces/cmake/export_irob_interfaces__rosidl_generator_cppExport.cmake
[2.356s] -- Up-to-date: /Users/milenavilcinskaite/Downloads/ros2_burger_final_form_ws/install/irob_interfaces/share/irob_interfaces/cmake/export_irob_interfaces__rosidl_typesupport_fastrtps_cppExport.cmake
[2.356s] -- Up-to-date: /Users/milenavilcinskaite/Downloads/ros2_burger_final_form_ws/install/irob_interfaces/share/irob_interfaces/cmake/export_irob_interfaces__rosidl_typesupport_fastrtps_cppExport-noconfig.cmake
[2.357s] -- Up-to-date: /Users/milenavilcinskaite/Downloads/ros2_burger_final_form_ws/install/irob_interfaces/share/irob_interfaces/cmake/irob_interfaces__rosidl_typesupport_introspection_cppExport.cmake
[2.357s] -- Up-to-date: /Users/milenavilcinskaite/Downloads/ros2_burger_final_form_ws/install/irob_interfaces/share/irob_interfaces/cmake/irob_interfaces__rosidl_typesupport_introspection_cppExport-noconfig.cmake
[2.357s] -- Up-to-date: /Users/milenavilcinskaite/Downloads/ros2_burger_final_form_ws/install/irob_interfaces/share/irob_interfaces/cmake/irob_interfaces__rosidl_typesupport_cppExport.cmake
[2.357s] -- Up-to-date: /Users/milenavilcinskaite/Downloads/ros2_burger_final_form_ws/install/irob_interfaces/share/irob_interfaces/cmake/irob_interfaces__rosidl_typesupport_cppExport-noconfig.cmake
[2.357s] -- Up-to-date: /Users/milenavilcinskaite/Downloads/ros2_burger_final_form_ws/install/irob_interfaces/share/irob_interfaces/cmake/export_irob_interfaces__rosidl_generator_pyExport.cmake
[2.357s] -- Up-to-date: /Users/milenavilcinskaite/Downloads/ros2_burger_final_form_ws/install/irob_interfaces/share/irob_interfaces/cmake/export_irob_interfaces__rosidl_generator_pyExport-noconfig.cmake
[2.357s] -- Up-to-date: /Users/milenavilcinskaite/Downloads/ros2_burger_final_form_ws/install/irob_interfaces/share/irob_interfaces/cmake/rosidl_cmake-extras.cmake
[2.357s] -- Up-to-date: /Users/milenavilcinskaite/Downloads/ros2_burger_final_form_ws/install/irob_interfaces/share/irob_interfaces/cmake/ament_cmake_export_include_directories-extras.cmake
[2.357s] -- Up-to-date: /Users/milenavilcinskaite/Downloads/ros2_burger_final_form_ws/install/irob_interfaces/share/irob_interfaces/cmake/ament_cmake_export_libraries-extras.cmake
[2.357s] -- Up-to-date: /Users/milenavilcinskaite/Downloads/ros2_burger_final_form_ws/install/irob_interfaces/share/irob_interfaces/cmake/ament_cmake_export_targets-extras.cmake
[2.358s] -- Up-to-date: /Users/milenavilcinskaite/Downloads/ros2_burger_final_form_ws/install/irob_interfaces/share/irob_interfaces/cmake/rosidl_cmake_export_typesupport_targets-extras.cmake
[2.358s] -- Up-to-date: /Users/milenavilcinskaite/Downloads/ros2_burger_final_form_ws/install/irob_interfaces/share/irob_interfaces/cmake/ament_cmake_export_dependencies-extras.cmake
[2.358s] -- Up-to-date: /Users/milenavilcinskaite/Downloads/ros2_burger_final_form_ws/install/irob_interfaces/share/irob_interfaces/cmake/rosidl_cmake_export_typesupport_libraries-extras.cmake
[2.358s] -- Up-to-date: /Users/milenavilcinskaite/Downloads/ros2_burger_final_form_ws/install/irob_interfaces/share/irob_interfaces/cmake/irob_interfacesConfig.cmake
[2.358s] -- Up-to-date: /Users/milenavilcinskaite/Downloads/ros2_burger_final_form_ws/install/irob_interfaces/share/irob_interfaces/cmake/irob_interfacesConfig-version.cmake
[2.358s] -- Up-to-date: /Users/milenavilcinskaite/Downloads/ros2_burger_final_form_ws/install/irob_interfaces/share/irob_interfaces/package.xml
[2.360s] Invoked command in '/Users/milenavilcinskaite/Downloads/ros2_burger_final_form_ws/build/irob_interfaces' returned '0': CMAKE_PREFIX_PATH=${CMAKE_PREFIX_PATH}:/Users/milenavilcinskaite/Downloads/ros2_burger_final_form_ws/install/irob_assignment_5:/Users/milenavilcinskaite/Downloads/ros2_burger_final_form_ws/install/irob_assignment_1 CONDA_PROMPT_MODIFIER=(ros_env4) SHLVL=2 _=/usr/bin/env __CF_USER_TEXT_ENCODING=0x1F5:0x0:0x2 /Users/milenavilcinskaite/micromamba/envs/ros_env4/bin/cmake --install /Users/milenavilcinskaite/Downloads/ros2_burger_final_form_ws/build/irob_interfaces
