[0.017s] Invoking command in '/Users/milenavilcinskaite/Downloads/ros2_burger_final_form_ws/build/turtlebot3_simulations': CMAKE_PREFIX_PATH=/Users/milenavilcinskaite/Downloads/ros2_burger_final_form_ws/install/turtlebot3_manipulation_gazebo:/Users/milenavilcinskaite/Downloads/ros2_burger_final_form_ws/install/turtlebot3_gazebo:/Users/milenavilcinskaite/Downloads/ros2_burger_final_form_ws/install/turtlebot3_fake_node:/Users/milenavilcinskaite/Downloads/ros2_burger_final_form_ws/install/turtlebot3_simulations:/Users/milenavilcinskaite/Downloads/ros2_burger_final_form_ws/install/irob_interfaces:/Users/milenavilcinskaite/micromamba/envs/ros_env4:/Users/milenavilcinskaite/Downloads/ros2_burger_final_form_ws/install/irob_assignment_5:/Users/milenavilcinskaite/Downloads/ros2_burger_final_form_ws/install/irob_assignment_1 CONDA_PROMPT_MODIFIER=(ros_env4) SHLVL=2 _=/usr/bin/env __CF_USER_TEXT_ENCODING=0x1F5:0x0:0x2 /Users/milenavilcinskaite/micromamba/envs/ros_env4/bin/cmake /Users/milenavilcinskaite/Downloads/ros2_burger_final_form_ws/src/turtlebot3_simulations/turtlebot3_simulations -DCMAKE_INSTALL_PREFIX=/Users/milenavilcinskaite/Downloads/ros2_burger_final_form_ws/install/turtlebot3_simulations
[0.031s] CMake Deprecation Warning at CMakeLists.txt:1 (cmake_minimum_required):
[0.031s]   Compatibility with CMake < 3.10 will be removed from a future version of
[0.031s]   CMake.
[0.031s] 
[0.031s]   Update the VERSION argument <min> value.  Or, use the <min>...<max> syntax
[0.031s]   to tell CMake that the project requires at least <min> but has been updated
[0.031s]   to work with policies introduced by <max> or earlier.
[0.031s] 
[0.031s] 
[0.153s] -- The C compiler identification is Clang 19.1.7
[0.311s] -- The CXX compiler identification is Clang 19.1.7
[0.339s] -- Detecting C compiler ABI info
[0.486s] -- Detecting C compiler ABI info - done
[0.491s] -- Check for working C compiler: /Users/milenavilcinskaite/micromamba/envs/ros_env4/bin/arm64-apple-darwin20.0.0-clang - skipped
[0.492s] -- Detecting C compile features
[0.492s] -- Detecting C compile features - done
[0.498s] -- Detecting CXX compiler ABI info
[0.642s] -- Detecting CXX compiler ABI info - done
[0.648s] -- Check for working CXX compiler: /Users/milenavilcinskaite/micromamba/envs/ros_env4/bin/arm64-apple-darwin20.0.0-clang++ - skipped
[0.648s] -- Detecting CXX compile features
[0.649s] -- Detecting CXX compile features - done
[0.665s] -- Found ament_cmake: 1.3.13 (/Users/milenavilcinskaite/micromamba/envs/ros_env4/share/ament_cmake/cmake)
[0.793s] -- Found Python3: /Users/milenavilcinskaite/micromamba/envs/ros_env4/bin/python3 (found version "3.12.13") found components: Interpreter
[1.102s] -- Configuring done (1.1s)
[1.112s] -- Generating done (0.0s)
[1.114s] -- Build files have been written to: /Users/milenavilcinskaite/Downloads/ros2_burger_final_form_ws/build/turtlebot3_simulations
[1.116s] Invoked command in '/Users/milenavilcinskaite/Downloads/ros2_burger_final_form_ws/build/turtlebot3_simulations' returned '0': CMAKE_PREFIX_PATH=/Users/milenavilcinskaite/Downloads/ros2_burger_final_form_ws/install/turtlebot3_manipulation_gazebo:/Users/milenavilcinskaite/Downloads/ros2_burger_final_form_ws/install/turtlebot3_gazebo:/Users/milenavilcinskaite/Downloads/ros2_burger_final_form_ws/install/turtlebot3_fake_node:/Users/milenavilcinskaite/Downloads/ros2_burger_final_form_ws/install/turtlebot3_simulations:/Users/milenavilcinskaite/Downloads/ros2_burger_final_form_ws/install/irob_interfaces:/Users/milenavilcinskaite/micromamba/envs/ros_env4:/Users/milenavilcinskaite/Downloads/ros2_burger_final_form_ws/install/irob_assignment_5:/Users/milenavilcinskaite/Downloads/ros2_burger_final_form_ws/install/irob_assignment_1 CONDA_PROMPT_MODIFIER=(ros_env4) SHLVL=2 _=/usr/bin/env __CF_USER_TEXT_ENCODING=0x1F5:0x0:0x2 /Users/milenavilcinskaite/micromamba/envs/ros_env4/bin/cmake /Users/milenavilcinskaite/Downloads/ros2_burger_final_form_ws/src/turtlebot3_simulations/turtlebot3_simulations -DCMAKE_INSTALL_PREFIX=/Users/milenavilcinskaite/Downloads/ros2_burger_final_form_ws/install/turtlebot3_simulations
[1.118s] Invoking command in '/Users/milenavilcinskaite/Downloads/ros2_burger_final_form_ws/build/turtlebot3_simulations': CMAKE_PREFIX_PATH=/Users/milenavilcinskaite/Downloads/ros2_burger_final_form_ws/install/turtlebot3_manipulation_gazebo:/Users/milenavilcinskaite/Downloads/ros2_burger_final_form_ws/install/turtlebot3_gazebo:/Users/milenavilcinskaite/Downloads/ros2_burger_final_form_ws/install/turtlebot3_fake_node:/Users/milenavilcinskaite/Downloads/ros2_burger_final_form_ws/install/turtlebot3_simulations:/Users/milenavilcinskaite/Downloads/ros2_burger_final_form_ws/install/irob_interfaces:/Users/milenavilcinskaite/micromamba/envs/ros_env4:/Users/milenavilcinskaite/Downloads/ros2_burger_final_form_ws/install/irob_assignment_5:/Users/milenavilcinskaite/Downloads/ros2_burger_final_form_ws/install/irob_assignment_1 CONDA_PROMPT_MODIFIER=(ros_env4) SHLVL=2 _=/usr/bin/env __CF_USER_TEXT_ENCODING=0x1F5:0x0:0x2 /Users/milenavilcinskaite/micromamba/envs/ros_env4/bin/cmake --build /Users/milenavilcinskaite/Downloads/ros2_burger_final_form_ws/build/turtlebot3_simulations -- -j10 -l10
[1.162s] Invoked command in '/Users/milenavilcinskaite/Downloads/ros2_burger_final_form_ws/build/turtlebot3_simulations' returned '0': CMAKE_PREFIX_PATH=/Users/milenavilcinskaite/Downloads/ros2_burger_final_form_ws/install/turtlebot3_manipulation_gazebo:/Users/milenavilcinskaite/Downloads/ros2_burger_final_form_ws/install/turtlebot3_gazebo:/Users/milenavilcinskaite/Downloads/ros2_burger_final_form_ws/install/turtlebot3_fake_node:/Users/milenavilcinskaite/Downloads/ros2_burger_final_form_ws/install/turtlebot3_simulations:/Users/milenavilcinskaite/Downloads/ros2_burger_final_form_ws/install/irob_interfaces:/Users/milenavilcinskaite/micromamba/envs/ros_env4:/Users/milenavilcinskaite/Downloads/ros2_burger_final_form_ws/install/irob_assignment_5:/Users/milenavilcinskaite/Downloads/ros2_burger_final_form_ws/install/irob_assignment_1 CONDA_PROMPT_MODIFIER=(ros_env4) SHLVL=2 _=/usr/bin/env __CF_USER_TEXT_ENCODING=0x1F5:0x0:0x2 /Users/milenavilcinskaite/micromamba/envs/ros_env4/bin/cmake --build /Users/milenavilcinskaite/Downloads/ros2_burger_final_form_ws/build/turtlebot3_simulations -- -j10 -l10
[1.164s] Invoking command in '/Users/milenavilcinskaite/Downloads/ros2_burger_final_form_ws/build/turtlebot3_simulations': CMAKE_PREFIX_PATH=/Users/milenavilcinskaite/Downloads/ros2_burger_final_form_ws/install/turtlebot3_manipulation_gazebo:/Users/milenavilcinskaite/Downloads/ros2_burger_final_form_ws/install/turtlebot3_gazebo:/Users/milenavilcinskaite/Downloads/ros2_burger_final_form_ws/install/turtlebot3_fake_node:/Users/milenavilcinskaite/Downloads/ros2_burger_final_form_ws/install/turtlebot3_simulations:/Users/milenavilcinskaite/Downloads/ros2_burger_final_form_ws/install/irob_interfaces:/Users/milenavilcinskaite/micromamba/envs/ros_env4:/Users/milenavilcinskaite/Downloads/ros2_burger_final_form_ws/install/irob_assignment_5:/Users/milenavilcinskaite/Downloads/ros2_burger_final_form_ws/install/irob_assignment_1 CONDA_PROMPT_MODIFIER=(ros_env4) SHLVL=2 _=/usr/bin/env __CF_USER_TEXT_ENCODING=0x1F5:0x0:0x2 /Users/milenavilcinskaite/micromamba/envs/ros_env4/bin/cmake --install /Users/milenavilcinskaite/Downloads/ros2_burger_final_form_ws/build/turtlebot3_simulations
[1.174s] -- Install configuration: ""
[1.174s] -- Installing: /Users/milenavilcinskaite/Downloads/ros2_burger_final_form_ws/install/turtlebot3_simulations/share/ament_index/resource_index/package_run_dependencies/turtlebot3_simulations
[1.174s] -- Installing: /Users/milenavilcinskaite/Downloads/ros2_burger_final_form_ws/install/turtlebot3_simulations/share/ament_index/resource_index/parent_prefix_path/turtlebot3_simulations
[1.174s] -- Installing: /Users/milenavilcinskaite/Downloads/ros2_burger_final_form_ws/install/turtlebot3_simulations/share/turtlebot3_simulations/environment/ament_prefix_path.sh
[1.175s] -- Installing: /Users/milenavilcinskaite/Downloads/ros2_burger_final_form_ws/install/turtlebot3_simulations/share/turtlebot3_simulations/environment/ament_prefix_path.dsv
[1.175s] -- Installing: /Users/milenavilcinskaite/Downloads/ros2_burger_final_form_ws/install/turtlebot3_simulations/share/turtlebot3_simulations/environment/path.sh
[1.175s] -- Installing: /Users/milenavilcinskaite/Downloads/ros2_burger_final_form_ws/install/turtlebot3_simulations/share/turtlebot3_simulations/environment/path.dsv
[1.175s] -- Installing: /Users/milenavilcinskaite/Downloads/ros2_burger_final_form_ws/install/turtlebot3_simulations/share/turtlebot3_simulations/local_setup.bash
[1.175s] -- Installing: /Users/milenavilcinskaite/Downloads/ros2_burger_final_form_ws/install/turtlebot3_simulations/share/turtlebot3_simulations/local_setup.sh
[1.176s] -- Installing: /Users/milenavilcinskaite/Downloads/ros2_burger_final_form_ws/install/turtlebot3_simulations/share/turtlebot3_simulations/local_setup.zsh
[1.176s] -- Installing: /Users/milenavilcinskaite/Downloads/ros2_burger_final_form_ws/install/turtlebot3_simulations/share/turtlebot3_simulations/local_setup.dsv
[1.176s] -- Installing: /Users/milenavilcinskaite/Downloads/ros2_burger_final_form_ws/install/turtlebot3_simulations/share/turtlebot3_simulations/package.dsv
[1.176s] -- Installing: /Users/milenavilcinskaite/Downloads/ros2_burger_final_form_ws/install/turtlebot3_simulations/share/ament_index/resource_index/packages/turtlebot3_simulations
[1.176s] -- Installing: /Users/milenavilcinskaite/Downloads/ros2_burger_final_form_ws/install/turtlebot3_simulations/share/turtlebot3_simulations/cmake/turtlebot3_simulationsConfig.cmake
[1.177s] -- Installing: /Users/milenavilcinskaite/Downloads/ros2_burger_final_form_ws/install/turtlebot3_simulations/share/turtlebot3_simulations/cmake/turtlebot3_simulationsConfig-version.cmake
[1.177s] -- Installing: /Users/milenavilcinskaite/Downloads/ros2_burger_final_form_ws/install/turtlebot3_simulations/share/turtlebot3_simulations/package.xml
[1.178s] Invoked command in '/Users/milenavilcinskaite/Downloads/ros2_burger_final_form_ws/build/turtlebot3_simulations' returned '0': CMAKE_PREFIX_PATH=/Users/milenavilcinskaite/Downloads/ros2_burger_final_form_ws/install/turtlebot3_manipulation_gazebo:/Users/milenavilcinskaite/Downloads/ros2_burger_final_form_ws/install/turtlebot3_gazebo:/Users/milenavilcinskaite/Downloads/ros2_burger_final_form_ws/install/turtlebot3_fake_node:/Users/milenavilcinskaite/Downloads/ros2_burger_final_form_ws/install/turtlebot3_simulations:/Users/milenavilcinskaite/Downloads/ros2_burger_final_form_ws/install/irob_interfaces:/Users/milenavilcinskaite/micromamba/envs/ros_env4:/Users/milenavilcinskaite/Downloads/ros2_burger_final_form_ws/install/irob_assignment_5:/Users/milenavilcinskaite/Downloads/ros2_burger_final_form_ws/install/irob_assignment_1 CONDA_PROMPT_MODIFIER=(ros_env4) SHLVL=2 _=/usr/bin/env __CF_USER_TEXT_ENCODING=0x1F5:0x0:0x2 /Users/milenavilcinskaite/micromamba/envs/ros_env4/bin/cmake --install /Users/milenavilcinskaite/Downloads/ros2_burger_final_form_ws/build/turtlebot3_simulations
