-- The C compiler identification is Clang 19.1.7
-- The CXX compiler identification is Clang 19.1.7
-- Detecting C compiler ABI info
-- Detecting C compiler ABI info - done
-- Check for working C compiler: /Users/milenavilcinskaite/micromamba/envs/ros_env4/bin/arm64-apple-darwin20.0.0-clang - skipped
-- Detecting C compile features
-- Detecting C compile features - done
-- Detecting CXX compiler ABI info
-- Detecting CXX compiler ABI info - done
-- Check for working CXX compiler: /Users/milenavilcinskaite/micromamba/envs/ros_env4/bin/arm64-apple-darwin20.0.0-clang++ - skipped
-- Detecting CXX compile features
-- Detecting CXX compile features - done
-- Found ament_cmake: 1.3.13 (/Users/milenavilcinskaite/micromamba/envs/ros_env4/share/ament_cmake/cmake)
-- Found Python3: /Users/milenavilcinskaite/micromamba/envs/ros_env4/bin/python3 (found version "3.12.13") found components: Interpreter
-- Found PkgConfig: /Users/milenavilcinskaite/micromamba/envs/ros_env4/bin/pkg-config (found version "0.29.2")
-- Checking for module 'bullet>=2.82'
--   Found bullet, version 3.25
-- Found assimp: /Users/milenavilcinskaite/micromamba/envs/ros_env4/include (found suitable version "6.0.2", minimum required is "5.2.0")
-- Performing Test CMAKE_HAVE_LIBC_PTHREAD
-- Performing Test CMAKE_HAVE_LIBC_PTHREAD - Success
-- Found Threads: TRUE
-- Found DART: /Users/milenavilcinskaite/micromamba/envs/ros_env4/include (Required is at least version "6.6") found components: dart
-- Found Boost: /Users/milenavilcinskaite/micromamba/envs/ros_env4/lib/cmake/Boost-1.88.0/BoostConfig.cmake (found suitable version "1.88.0", minimum required is "1.40.0") found components: thread system filesystem program_options regex iostreams date_time
-- Found ZLIB: /Users/milenavilcinskaite/micromamba/envs/ros_env4/lib/libz.dylib (found version "1.3.1")
-- Looking for ignition-math6 -- found version 6.15.1
-- Searching for dependencies of ignition-math6
-- Found OGRE
--   static     : OFF
--   components : Bites;HLMS;MeshLodGenerator;Overlay;Paging;Property;RTShaderSystem;Terrain;Volume
--   plugins    : Plugin_BSPSceneManager;Plugin_OctreeSceneManager;Plugin_PCZSceneManager;Plugin_ParticleFX;RenderSystem_GL;RenderSystem_GL3Plus
--   media      : /Users/milenavilcinskaite/micromamba/envs/ros_env4/Media
-- Looking for ignition-math6 -- found version 6.15.1
-- Looking for ignition-transport8 -- found version 8.5.1
-- Searching for dependencies of ignition-transport8
-- Found UUID: TRUE
-- Looking for ignition-msgs5 -- found version 5.11.0
-- Searching for dependencies of ignition-msgs5
-- Looking for ignition-math6 -- found version 6.15.1
-- Checking for module 'tinyxml2'
--   Found tinyxml2, version 11.0.0
-- Looking for ignition-msgs5 -- found version 5.11.0
-- Looking for ignition-common3 -- found version 3.17.1
-- Searching for dependencies of ignition-common3
-- Looking for dlfcn.h - found
-- Looking for libdl - found
-- Found DL: TRUE
-- Searching for <ignition-common3> component [graphics]
-- Looking for ignition-common3-graphics -- found version 3.17.1
-- Searching for dependencies of ignition-common3-graphics
-- Looking for ignition-math6 -- found version 6.15.1
-- Looking for ignition-fuel_tools4 -- found version 4.6.0
-- Searching for dependencies of ignition-fuel_tools4
-- Found CURL: /Users/milenavilcinskaite/micromamba/envs/ros_env4/lib/libcurl.dylib (found version "8.18.0")
-- Checking for module 'jsoncpp'
--   Found jsoncpp, version 1.9.6
-- Found JSONCPP: TRUE
-- Checking for module 'yaml-0.1'
--   Found yaml-0.1, version 0.2.5
-- Found YAML: TRUE
-- Checking for module 'libzip'
--   Found libzip, version 1.11.2
-- Found ZIP: TRUE
-- Looking for ignition-common3 -- found version 3.17.1
-- Looking for ignition-math6 -- found version 6.15.1
-- Looking for ignition-msgs5 -- found version 5.11.0
-- Found gazebo_ros_pkgs: 3.9.0 (/Users/milenavilcinskaite/micromamba/envs/ros_env4/share/gazebo_ros_pkgs/cmake)
-- Found geometry_msgs: 4.9.1 (/Users/milenavilcinskaite/micromamba/envs/ros_env4/share/geometry_msgs/cmake)
-- Found rosidl_generator_c: 3.1.8 (/Users/milenavilcinskaite/micromamba/envs/ros_env4/share/rosidl_generator_c/cmake)
-- Found rosidl_adapter: 3.1.8 (/Users/milenavilcinskaite/micromamba/envs/ros_env4/share/rosidl_adapter/cmake)
-- Found rosidl_generator_cpp: 3.1.8 (/Users/milenavilcinskaite/micromamba/envs/ros_env4/share/rosidl_generator_cpp/cmake)
-- Using all available rosidl_typesupport_c: rosidl_typesupport_fastrtps_c;rosidl_typesupport_introspection_c
-- Using all available rosidl_typesupport_cpp: rosidl_typesupport_fastrtps_cpp;rosidl_typesupport_introspection_cpp
-- Found nav_msgs: 4.9.1 (/Users/milenavilcinskaite/micromamba/envs/ros_env4/share/nav_msgs/cmake)
-- Found rclcpp: 16.0.18 (/Users/milenavilcinskaite/micromamba/envs/ros_env4/share/rclcpp/cmake)
-- Checking for module 'yaml-0.1'
--   Found yaml-0.1, version 0.2.5
-- Found rmw_implementation_cmake: 6.1.2 (/Users/milenavilcinskaite/micromamba/envs/ros_env4/share/rmw_implementation_cmake/cmake)
-- Found rmw_cyclonedds_cpp: 1.3.4 (/Users/milenavilcinskaite/micromamba/envs/ros_env4/share/rmw_cyclonedds_cpp/cmake)
-- Using RMW implementation 'rmw_cyclonedds_cpp' as default
-- Found sensor_msgs: 4.9.1 (/Users/milenavilcinskaite/micromamba/envs/ros_env4/share/sensor_msgs/cmake)
-- Found tf2: 0.25.19 (/Users/milenavilcinskaite/micromamba/envs/ros_env4/share/tf2/cmake)
-- Configuring done (6.8s)
-- Generating done (0.1s)
-- Build files have been written to: /Users/milenavilcinskaite/Downloads/ros2_burger_final_form_ws/build/turtlebot3_gazebo
[ 33%] Building CXX object CMakeFiles/obstacle1.dir/src/obstacle1.cpp.o
[ 33%] Building CXX object CMakeFiles/turtlebot3_drive.dir/src/turtlebot3_drive.cpp.o
[ 50%] Building CXX object CMakeFiles/traffic_light_plugin.dir/src/traffic_light_plugin.cpp.o
[ 50%] Building CXX object CMakeFiles/obstacles.dir/src/obstacles.cpp.o
[ 50%] Building CXX object CMakeFiles/traffic_bar_plugin.dir/src/traffic_bar_plugin.cpp.o
[ 50%] Building CXX object CMakeFiles/obstacle2.dir/src/obstacle2.cpp.o
[ 58%] Linking CXX executable turtlebot3_drive
[ 58%] Built target turtlebot3_drive
[ 66%] Linking CXX shared library libobstacles.dylib
[ 83%] Linking CXX shared library libobstacle2.dylib
[ 83%] Linking CXX shared library libobstacle1.dylib
[ 91%] Linking CXX shared library libtraffic_bar_plugin.dylib
[ 91%] Built target obstacles
[ 91%] Built target obstacle2
[ 91%] Built target obstacle1
[100%] Linking CXX shared library libtraffic_light_plugin.dylib
[100%] Built target traffic_bar_plugin
[100%] Built target traffic_light_plugin
-- Install configuration: ""
-- Installing: /Users/milenavilcinskaite/Downloads/ros2_burger_final_form_ws/install/turtlebot3_gazebo/lib/turtlebot3_gazebo/turtlebot3_drive
-- Installing: /Users/milenavilcinskaite/Downloads/ros2_burger_final_form_ws/install/turtlebot3_gazebo/share/turtlebot3_gazebo//launch
-- Installing: /Users/milenavilcinskaite/Downloads/ros2_burger_final_form_ws/install/turtlebot3_gazebo/share/turtlebot3_gazebo//launch/turtlebot3_world.launch.py
-- Installing: /Users/milenavilcinskaite/Downloads/ros2_burger_final_form_ws/install/turtlebot3_gazebo/share/turtlebot3_gazebo//launch/robot_state_publisher.launch.py
-- Installing: /Users/milenavilcinskaite/Downloads/ros2_burger_final_form_ws/install/turtlebot3_gazebo/share/turtlebot3_gazebo//launch/empty_world.launch.py
-- Installing: /Users/milenavilcinskaite/Downloads/ros2_burger_final_form_ws/install/turtlebot3_gazebo/share/turtlebot3_gazebo//launch/turtlebot3_autorace_2020.launch.py
-- Installing: /Users/milenavilcinskaite/Downloads/ros2_burger_final_form_ws/install/turtlebot3_gazebo/share/turtlebot3_gazebo//launch/turtlebot3_dqn_stage1.launch.py
-- Installing: /Users/milenavilcinskaite/Downloads/ros2_burger_final_form_ws/install/turtlebot3_gazebo/share/turtlebot3_gazebo//launch/turtlebot3_house.launch.py
-- Installing: /Users/milenavilcinskaite/Downloads/ros2_burger_final_form_ws/install/turtlebot3_gazebo/share/turtlebot3_gazebo//launch/multi_spawn_turtlebot3.launch.py
-- Installing: /Users/milenavilcinskaite/Downloads/ros2_burger_final_form_ws/install/turtlebot3_gazebo/share/turtlebot3_gazebo//launch/turtlebot3_dqn_stage4.launch.py
-- Installing: /Users/milenavilcinskaite/Downloads/ros2_burger_final_form_ws/install/turtlebot3_gazebo/share/turtlebot3_gazebo//launch/turtlebot3_dqn_stage2.launch.py
-- Installing: /Users/milenavilcinskaite/Downloads/ros2_burger_final_form_ws/install/turtlebot3_gazebo/share/turtlebot3_gazebo//launch/multi_robot.launch.py
-- Installing: /Users/milenavilcinskaite/Downloads/ros2_burger_final_form_ws/install/turtlebot3_gazebo/share/turtlebot3_gazebo//launch/spawn_turtlebot3.launch.py
-- Installing: /Users/milenavilcinskaite/Downloads/ros2_burger_final_form_ws/install/turtlebot3_gazebo/share/turtlebot3_gazebo//launch/turtlebot3_dqn_stage3.launch.py
-- Installing: /Users/milenavilcinskaite/Downloads/ros2_burger_final_form_ws/install/turtlebot3_gazebo/share/turtlebot3_gazebo//models
-- Installing: /Users/milenavilcinskaite/Downloads/ros2_burger_final_form_ws/install/turtlebot3_gazebo/share/turtlebot3_gazebo//models/turtlebot3_autorace_2020
-- Installing: /Users/milenavilcinskaite/Downloads/ros2_burger_final_form_ws/install/turtlebot3_gazebo/share/turtlebot3_gazebo//models/turtlebot3_autorace_2020/course
-- Installing: /Users/milenavilcinskaite/Downloads/ros2_burger_final_form_ws/install/turtlebot3_gazebo/share/turtlebot3_gazebo//models/turtlebot3_autorace_2020/course/materials
-- Installing: /Users/milenavilcinskaite/Downloads/ros2_burger_final_form_ws/install/turtlebot3_gazebo/share/turtlebot3_gazebo//models/turtlebot3_autorace_2020/course/materials/textures
-- Installing: /Users/milenavilcinskaite/Downloads/ros2_burger_final_form_ws/install/turtlebot3_gazebo/share/turtlebot3_gazebo//models/turtlebot3_autorace_2020/course/materials/textures/course.png
-- Installing: /Users/milenavilcinskaite/Downloads/ros2_burger_final_form_ws/install/turtlebot3_gazebo/share/turtlebot3_gazebo//models/turtlebot3_autorace_2020/course/materials/scripts
-- Installing: /Users/milenavilcinskaite/Downloads/ros2_burger_final_form_ws/install/turtlebot3_gazebo/share/turtlebot3_gazebo//models/turtlebot3_autorace_2020/course/materials/scripts/course.material
-- Installing: /Users/milenavilcinskaite/Downloads/ros2_burger_final_form_ws/install/turtlebot3_gazebo/share/turtlebot3_gazebo//models/turtlebot3_autorace_2020/course/model.sdf
-- Installing: /Users/milenavilcinskaite/Downloads/ros2_burger_final_form_ws/install/turtlebot3_gazebo/share/turtlebot3_gazebo//models/turtlebot3_autorace_2020/course/model.config
-- Installing: /Users/milenavilcinskaite/Downloads/ros2_burger_final_form_ws/install/turtlebot3_gazebo/share/turtlebot3_gazebo//models/turtlebot3_autorace_2020/traffic_noentry
-- Installing: /Users/milenavilcinskaite/Downloads/ros2_burger_final_form_ws/install/turtlebot3_gazebo/share/turtlebot3_gazebo//models/turtlebot3_autorace_2020/traffic_noentry/materials
-- Installing: /Users/milenavilcinskaite/Downloads/ros2_burger_final_form_ws/install/turtlebot3_gazebo/share/turtlebot3_gazebo//models/turtlebot3_autorace_2020/traffic_noentry/materials/textures
-- Installing: /Users/milenavilcinskaite/Downloads/ros2_burger_final_form_ws/install/turtlebot3_gazebo/share/turtlebot3_gazebo//models/turtlebot3_autorace_2020/traffic_noentry/materials/textures/traffic_noentry.png
-- Installing: /Users/milenavilcinskaite/Downloads/ros2_burger_final_form_ws/install/turtlebot3_gazebo/share/turtlebot3_gazebo//models/turtlebot3_autorace_2020/traffic_noentry/materials/scripts
-- Installing: /Users/milenavilcinskaite/Downloads/ros2_burger_final_form_ws/install/turtlebot3_gazebo/share/turtlebot3_gazebo//models/turtlebot3_autorace_2020/traffic_noentry/materials/scripts/traffic_noentry.material
-- Installing: /Users/milenavilcinskaite/Downloads/ros2_burger_final_form_ws/install/turtlebot3_gazebo/share/turtlebot3_gazebo//models/turtlebot3_autorace_2020/traffic_noentry/model.sdf
-- Installing: /Users/milenavilcinskaite/Downloads/ros2_burger_final_form_ws/install/turtlebot3_gazebo/share/turtlebot3_gazebo//models/turtlebot3_autorace_2020/traffic_noentry/model.config
-- Installing: /Users/milenavilcinskaite/Downloads/ros2_burger_final_form_ws/install/turtlebot3_gazebo/share/turtlebot3_gazebo//models/turtlebot3_autorace_2020/checker
-- Installing: /Users/milenavilcinskaite/Downloads/ros2_burger_final_form_ws/install/turtlebot3_gazebo/share/turtlebot3_gazebo//models/turtlebot3_autorace_2020/checker/materials
-- Installing: /Users/milenavilcinskaite/Downloads/ros2_burger_final_form_ws/install/turtlebot3_gazebo/share/turtlebot3_gazebo//models/turtlebot3_autorace_2020/checker/materials/textures
-- Installing: /Users/milenavilcinskaite/Downloads/ros2_burger_final_form_ws/install/turtlebot3_gazebo/share/turtlebot3_gazebo//models/turtlebot3_autorace_2020/checker/materials/textures/checker.png
-- Installing: /Users/milenavilcinskaite/Downloads/ros2_burger_final_form_ws/install/turtlebot3_gazebo/share/turtlebot3_gazebo//models/turtlebot3_autorace_2020/checker/materials/checker.png
-- Installing: /Users/milenavilcinskaite/Downloads/ros2_burger_final_form_ws/install/turtlebot3_gazebo/share/turtlebot3_gazebo//models/turtlebot3_autorace_2020/checker/materials/scripts
-- Installing: /Users/milenavilcinskaite/Downloads/ros2_burger_final_form_ws/install/turtlebot3_gazebo/share/turtlebot3_gazebo//models/turtlebot3_autorace_2020/checker/materials/scripts/checker.material
-- Installing: /Users/milenavilcinskaite/Downloads/ros2_burger_final_form_ws/install/turtlebot3_gazebo/share/turtlebot3_gazebo//models/turtlebot3_autorace_2020/checker/model.sdf
-- Installing: /Users/milenavilcinskaite/Downloads/ros2_burger_final_form_ws/install/turtlebot3_gazebo/share/turtlebot3_gazebo//models/turtlebot3_autorace_2020/checker/model.config
-- Installing: /Users/milenavilcinskaite/Downloads/ros2_burger_final_form_ws/install/turtlebot3_gazebo/share/turtlebot3_gazebo//models/turtlebot3_autorace_2020/traffic_construction
-- Installing: /Users/milenavilcinskaite/Downloads/ros2_burger_final_form_ws/install/turtlebot3_gazebo/share/turtlebot3_gazebo//models/turtlebot3_autorace_2020/traffic_construction/materials
-- Installing: /Users/milenavilcinskaite/Downloads/ros2_burger_final_form_ws/install/turtlebot3_gazebo/share/turtlebot3_gazebo//models/turtlebot3_autorace_2020/traffic_construction/materials/textures
-- Installing: /Users/milenavilcinskaite/Downloads/ros2_burger_final_form_ws/install/turtlebot3_gazebo/share/turtlebot3_gazebo//models/turtlebot3_autorace_2020/traffic_construction/materials/textures/traffic_construction.png
-- Installing: /Users/milenavilcinskaite/Downloads/ros2_burger_final_form_ws/install/turtlebot3_gazebo/share/turtlebot3_gazebo//models/turtlebot3_autorace_2020/traffic_construction/materials/scripts
-- Installing: /Users/milenavilcinskaite/Downloads/ros2_burger_final_form_ws/install/turtlebot3_gazebo/share/turtlebot3_gazebo//models/turtlebot3_autorace_2020/traffic_construction/materials/scripts/traffic_construction.material
-- Installing: /Users/milenavilcinskaite/Downloads/ros2_burger_final_form_ws/install/turtlebot3_gazebo/share/turtlebot3_gazebo//models/turtlebot3_autorace_2020/traffic_construction/model.sdf
-- Installing: /Users/milenavilcinskaite/Downloads/ros2_burger_final_form_ws/install/turtlebot3_gazebo/share/turtlebot3_gazebo//models/turtlebot3_autorace_2020/traffic_construction/model.config
-- Installing: /Users/milenavilcinskaite/Downloads/ros2_burger_final_form_ws/install/turtlebot3_gazebo/share/turtlebot3_gazebo//models/turtlebot3_autorace_2020/traffic_right
-- Installing: /Users/milenavilcinskaite/Downloads/ros2_burger_final_form_ws/install/turtlebot3_gazebo/share/turtlebot3_gazebo//models/turtlebot3_autorace_2020/traffic_right/materials
-- Installing: /Users/milenavilcinskaite/Downloads/ros2_burger_final_form_ws/install/turtlebot3_gazebo/share/turtlebot3_gazebo//models/turtlebot3_autorace_2020/traffic_right/materials/textures
-- Installing: /Users/milenavilcinskaite/Downloads/ros2_burger_final_form_ws/install/turtlebot3_gazebo/share/turtlebot3_gazebo//models/turtlebot3_autorace_2020/traffic_right/materials/textures/traffic_right.png
-- Installing: /Users/milenavilcinskaite/Downloads/ros2_burger_final_form_ws/install/turtlebot3_gazebo/share/turtlebot3_gazebo//models/turtlebot3_autorace_2020/traffic_right/materials/scripts
-- Installing: /Users/milenavilcinskaite/Downloads/ros2_burger_final_form_ws/install/turtlebot3_gazebo/share/turtlebot3_gazebo//models/turtlebot3_autorace_2020/traffic_right/materials/scripts/traffic_right.material
-- Installing: /Users/milenavilcinskaite/Downloads/ros2_burger_final_form_ws/install/turtlebot3_gazebo/share/turtlebot3_gazebo//models/turtlebot3_autorace_2020/traffic_right/model.sdf
-- Installing: /Users/milenavilcinskaite/Downloads/ros2_burger_final_form_ws/install/turtlebot3_gazebo/share/turtlebot3_gazebo//models/turtlebot3_autorace_2020/traffic_right/model.config
-- Installing: /Users/milenavilcinskaite/Downloads/ros2_burger_final_form_ws/install/turtlebot3_gazebo/share/turtlebot3_gazebo//models/turtlebot3_autorace_2020/traffic_intersection
-- Installing: /Users/milenavilcinskaite/Downloads/ros2_burger_final_form_ws/install/turtlebot3_gazebo/share/turtlebot3_gazebo//models/turtlebot3_autorace_2020/traffic_intersection/materials
-- Installing: /Users/milenavilcinskaite/Downloads/ros2_burger_final_form_ws/install/turtlebot3_gazebo/share/turtlebot3_gazebo//models/turtlebot3_autorace_2020/traffic_intersection/materials/textures
-- Installing: /Users/milenavilcinskaite/Downloads/ros2_burger_final_form_ws/install/turtlebot3_gazebo/share/turtlebot3_gazebo//models/turtlebot3_autorace_2020/traffic_intersection/materials/textures/traffic_intersection.png
-- Installing: /Users/milenavilcinskaite/Downloads/ros2_burger_final_form_ws/install/turtlebot3_gazebo/share/turtlebot3_gazebo//models/turtlebot3_autorace_2020/traffic_intersection/materials/scripts
-- Installing: /Users/milenavilcinskaite/Downloads/ros2_burger_final_form_ws/install/turtlebot3_gazebo/share/turtlebot3_gazebo//models/turtlebot3_autorace_2020/traffic_intersection/materials/scripts/traffic_intersection.material
-- Installing: /Users/milenavilcinskaite/Downloads/ros2_burger_final_form_ws/install/turtlebot3_gazebo/share/turtlebot3_gazebo//models/turtlebot3_autorace_2020/traffic_intersection/model.sdf
-- Installing: /Users/milenavilcinskaite/Downloads/ros2_burger_final_form_ws/install/turtlebot3_gazebo/share/turtlebot3_gazebo//models/turtlebot3_autorace_2020/traffic_intersection/model.config
-- Installing: /Users/milenavilcinskaite/Downloads/ros2_burger_final_form_ws/install/turtlebot3_gazebo/share/turtlebot3_gazebo//models/turtlebot3_autorace_2020/traffic_pl_left
-- Installing: /Users/milenavilcinskaite/Downloads/ros2_burger_final_form_ws/install/turtlebot3_gazebo/share/turtlebot3_gazebo//models/turtlebot3_autorace_2020/traffic_pl_left/materials
-- Installing: /Users/milenavilcinskaite/Downloads/ros2_burger_final_form_ws/install/turtlebot3_gazebo/share/turtlebot3_gazebo//models/turtlebot3_autorace_2020/traffic_pl_left/materials/textures
-- Installing: /Users/milenavilcinskaite/Downloads/ros2_burger_final_form_ws/install/turtlebot3_gazebo/share/turtlebot3_gazebo//models/turtlebot3_autorace_2020/traffic_pl_left/materials/textures/traffic_pl_left.png
-- Installing: /Users/milenavilcinskaite/Downloads/ros2_burger_final_form_ws/install/turtlebot3_gazebo/share/turtlebot3_gazebo//models/turtlebot3_autorace_2020/traffic_pl_left/materials/scripts
-- Installing: /Users/milenavilcinskaite/Downloads/ros2_burger_final_form_ws/install/turtlebot3_gazebo/share/turtlebot3_gazebo//models/turtlebot3_autorace_2020/traffic_pl_left/materials/scripts/traffic_pl_left.material
-- Installing: /Users/milenavilcinskaite/Downloads/ros2_burger_final_form_ws/install/turtlebot3_gazebo/share/turtlebot3_gazebo//models/turtlebot3_autorace_2020/traffic_pl_left/model.sdf
-- Installing: /Users/milenavilcinskaite/Downloads/ros2_burger_final_form_ws/install/turtlebot3_gazebo/share/turtlebot3_gazebo//models/turtlebot3_autorace_2020/traffic_pl_left/model.config
-- Installing: /Users/milenavilcinskaite/Downloads/ros2_burger_final_form_ws/install/turtlebot3_gazebo/share/turtlebot3_gazebo//models/turtlebot3_autorace_2020/traffic_tunnel
-- Installing: /Users/milenavilcinskaite/Downloads/ros2_burger_final_form_ws/install/turtlebot3_gazebo/share/turtlebot3_gazebo//models/turtlebot3_autorace_2020/traffic_tunnel/materials
-- Installing: /Users/milenavilcinskaite/Downloads/ros2_burger_final_form_ws/install/turtlebot3_gazebo/share/turtlebot3_gazebo//models/turtlebot3_autorace_2020/traffic_tunnel/materials/textures
-- Installing: /Users/milenavilcinskaite/Downloads/ros2_burger_final_form_ws/install/turtlebot3_gazebo/share/turtlebot3_gazebo//models/turtlebot3_autorace_2020/traffic_tunnel/materials/textures/tunnel.png
-- Installing: /Users/milenavilcinskaite/Downloads/ros2_burger_final_form_ws/install/turtlebot3_gazebo/share/turtlebot3_gazebo//models/turtlebot3_autorace_2020/traffic_tunnel/materials/scripts
-- Installing: /Users/milenavilcinskaite/Downloads/ros2_burger_final_form_ws/install/turtlebot3_gazebo/share/turtlebot3_gazebo//models/turtlebot3_autorace_2020/traffic_tunnel/materials/scripts/tunnel.material
-- Installing: /Users/milenavilcinskaite/Downloads/ros2_burger_final_form_ws/install/turtlebot3_gazebo/share/turtlebot3_gazebo//models/turtlebot3_autorace_2020/traffic_tunnel/model.sdf
-- Installing: /Users/milenavilcinskaite/Downloads/ros2_burger_final_form_ws/install/turtlebot3_gazebo/share/turtlebot3_gazebo//models/turtlebot3_autorace_2020/traffic_tunnel/model.config
-- Installing: /Users/milenavilcinskaite/Downloads/ros2_burger_final_form_ws/install/turtlebot3_gazebo/share/turtlebot3_gazebo//models/turtlebot3_autorace_2020/traffic_parking
-- Installing: /Users/milenavilcinskaite/Downloads/ros2_burger_final_form_ws/install/turtlebot3_gazebo/share/turtlebot3_gazebo//models/turtlebot3_autorace_2020/traffic_parking/materials
-- Installing: /Users/milenavilcinskaite/Downloads/ros2_burger_final_form_ws/install/turtlebot3_gazebo/share/turtlebot3_gazebo//models/turtlebot3_autorace_2020/traffic_parking/materials/textures
-- Installing: /Users/milenavilcinskaite/Downloads/ros2_burger_final_form_ws/install/turtlebot3_gazebo/share/turtlebot3_gazebo//models/turtlebot3_autorace_2020/traffic_parking/materials/textures/traffic_parking.png
-- Installing: /Users/milenavilcinskaite/Downloads/ros2_burger_final_form_ws/install/turtlebot3_gazebo/share/turtlebot3_gazebo//models/turtlebot3_autorace_2020/traffic_parking/materials/scripts
-- Installing: /Users/milenavilcinskaite/Downloads/ros2_burger_final_form_ws/install/turtlebot3_gazebo/share/turtlebot3_gazebo//models/turtlebot3_autorace_2020/traffic_parking/materials/scripts/traffic_parking.material
-- Installing: /Users/milenavilcinskaite/Downloads/ros2_burger_final_form_ws/install/turtlebot3_gazebo/share/turtlebot3_gazebo//models/turtlebot3_autorace_2020/traffic_parking/model.sdf
-- Installing: /Users/milenavilcinskaite/Downloads/ros2_burger_final_form_ws/install/turtlebot3_gazebo/share/turtlebot3_gazebo//models/turtlebot3_autorace_2020/traffic_parking/model.config
-- Installing: /Users/milenavilcinskaite/Downloads/ros2_burger_final_form_ws/install/turtlebot3_gazebo/share/turtlebot3_gazebo//models/turtlebot3_autorace_2020/traffic_light
-- Installing: /Users/milenavilcinskaite/Downloads/ros2_burger_final_form_ws/install/turtlebot3_gazebo/share/turtlebot3_gazebo//models/turtlebot3_autorace_2020/traffic_light/materials
-- Installing: /Users/milenavilcinskaite/Downloads/ros2_burger_final_form_ws/install/turtlebot3_gazebo/share/turtlebot3_gazebo//models/turtlebot3_autorace_2020/traffic_light/materials/textures
-- Installing: /Users/milenavilcinskaite/Downloads/ros2_burger_final_form_ws/install/turtlebot3_gazebo/share/turtlebot3_gazebo//models/turtlebot3_autorace_2020/traffic_light/materials/textures/traffic_light_red.png
-- Installing: /Users/milenavilcinskaite/Downloads/ros2_burger_final_form_ws/install/turtlebot3_gazebo/share/turtlebot3_gazebo//models/turtlebot3_autorace_2020/traffic_light/materials/textures/traffic_light_green.png
-- Installing: /Users/milenavilcinskaite/Downloads/ros2_burger_final_form_ws/install/turtlebot3_gazebo/share/turtlebot3_gazebo//models/turtlebot3_autorace_2020/traffic_light/materials/textures/traffic_light_yellow.png
-- Installing: /Users/milenavilcinskaite/Downloads/ros2_burger_final_form_ws/install/turtlebot3_gazebo/share/turtlebot3_gazebo//models/turtlebot3_autorace_2020/traffic_light/materials/textures/traffic_light.png
-- Installing: /Users/milenavilcinskaite/Downloads/ros2_burger_final_form_ws/install/turtlebot3_gazebo/share/turtlebot3_gazebo//models/turtlebot3_autorace_2020/traffic_light/materials/scripts
-- Installing: /Users/milenavilcinskaite/Downloads/ros2_burger_final_form_ws/install/turtlebot3_gazebo/share/turtlebot3_gazebo//models/turtlebot3_autorace_2020/traffic_light/materials/scripts/traffic_light.material
-- Installing: /Users/milenavilcinskaite/Downloads/ros2_burger_final_form_ws/install/turtlebot3_gazebo/share/turtlebot3_gazebo//models/turtlebot3_autorace_2020/traffic_light/model.sdf
-- Installing: /Users/milenavilcinskaite/Downloads/ros2_burger_final_form_ws/install/turtlebot3_gazebo/share/turtlebot3_gazebo//models/turtlebot3_autorace_2020/traffic_light/model.config
-- Installing: /Users/milenavilcinskaite/Downloads/ros2_burger_final_form_ws/install/turtlebot3_gazebo/share/turtlebot3_gazebo//models/turtlebot3_autorace_2020/traffic_left
-- Installing: /Users/milenavilcinskaite/Downloads/ros2_burger_final_form_ws/install/turtlebot3_gazebo/share/turtlebot3_gazebo//models/turtlebot3_autorace_2020/traffic_left/materials
-- Installing: /Users/milenavilcinskaite/Downloads/ros2_burger_final_form_ws/install/turtlebot3_gazebo/share/turtlebot3_gazebo//models/turtlebot3_autorace_2020/traffic_left/materials/textures
-- Installing: /Users/milenavilcinskaite/Downloads/ros2_burger_final_form_ws/install/turtlebot3_gazebo/share/turtlebot3_gazebo//models/turtlebot3_autorace_2020/traffic_left/materials/textures/traffic_left.png
-- Installing: /Users/milenavilcinskaite/Downloads/ros2_burger_final_form_ws/install/turtlebot3_gazebo/share/turtlebot3_gazebo//models/turtlebot3_autorace_2020/traffic_left/materials/scripts
-- Installing: /Users/milenavilcinskaite/Downloads/ros2_burger_final_form_ws/install/turtlebot3_gazebo/share/turtlebot3_gazebo//models/turtlebot3_autorace_2020/traffic_left/materials/scripts/traffic_is_left.material
-- Installing: /Users/milenavilcinskaite/Downloads/ros2_burger_final_form_ws/install/turtlebot3_gazebo/share/turtlebot3_gazebo//models/turtlebot3_autorace_2020/traffic_left/model.sdf
-- Installing: /Users/milenavilcinskaite/Downloads/ros2_burger_final_form_ws/install/turtlebot3_gazebo/share/turtlebot3_gazebo//models/turtlebot3_autorace_2020/traffic_left/model.config
-- Installing: /Users/milenavilcinskaite/Downloads/ros2_burger_final_form_ws/install/turtlebot3_gazebo/share/turtlebot3_gazebo//models/turtlebot3_autorace_2020/traffic_stop
-- Installing: /Users/milenavilcinskaite/Downloads/ros2_burger_final_form_ws/install/turtlebot3_gazebo/share/turtlebot3_gazebo//models/turtlebot3_autorace_2020/traffic_stop/materials
-- Installing: /Users/milenavilcinskaite/Downloads/ros2_burger_final_form_ws/install/turtlebot3_gazebo/share/turtlebot3_gazebo//models/turtlebot3_autorace_2020/traffic_stop/materials/textures
-- Installing: /Users/milenavilcinskaite/Downloads/ros2_burger_final_form_ws/install/turtlebot3_gazebo/share/turtlebot3_gazebo//models/turtlebot3_autorace_2020/traffic_stop/materials/textures/traffic_stop.png
-- Installing: /Users/milenavilcinskaite/Downloads/ros2_burger_final_form_ws/install/turtlebot3_gazebo/share/turtlebot3_gazebo//models/turtlebot3_autorace_2020/traffic_stop/materials/scripts
-- Installing: /Users/milenavilcinskaite/Downloads/ros2_burger_final_form_ws/install/turtlebot3_gazebo/share/turtlebot3_gazebo//models/turtlebot3_autorace_2020/traffic_stop/materials/scripts/traffic_stop.material
-- Installing: /Users/milenavilcinskaite/Downloads/ros2_burger_final_form_ws/install/turtlebot3_gazebo/share/turtlebot3_gazebo//models/turtlebot3_autorace_2020/traffic_stop/model.sdf
-- Installing: /Users/milenavilcinskaite/Downloads/ros2_burger_final_form_ws/install/turtlebot3_gazebo/share/turtlebot3_gazebo//models/turtlebot3_autorace_2020/traffic_stop/model.config
-- Installing: /Users/milenavilcinskaite/Downloads/ros2_burger_final_form_ws/install/turtlebot3_gazebo/share/turtlebot3_gazebo//models/turtlebot3_autorace_2020/traffic_bar
-- Installing: /Users/milenavilcinskaite/Downloads/ros2_burger_final_form_ws/install/turtlebot3_gazebo/share/turtlebot3_gazebo//models/turtlebot3_autorace_2020/traffic_bar/materials
-- Installing: /Users/milenavilcinskaite/Downloads/ros2_burger_final_form_ws/install/turtlebot3_gazebo/share/turtlebot3_gazebo//models/turtlebot3_autorace_2020/traffic_bar/materials/textures
-- Installing: /Users/milenavilcinskaite/Downloads/ros2_burger_final_form_ws/install/turtlebot3_gazebo/share/turtlebot3_gazebo//models/turtlebot3_autorace_2020/traffic_bar/materials/textures/traffic_bar.png
-- Installing: /Users/milenavilcinskaite/Downloads/ros2_burger_final_form_ws/install/turtlebot3_gazebo/share/turtlebot3_gazebo//models/turtlebot3_autorace_2020/traffic_bar/materials/scripts
-- Installing: /Users/milenavilcinskaite/Downloads/ros2_burger_final_form_ws/install/turtlebot3_gazebo/share/turtlebot3_gazebo//models/turtlebot3_autorace_2020/traffic_bar/materials/scripts/traffic_bar.material
-- Installing: /Users/milenavilcinskaite/Downloads/ros2_burger_final_form_ws/install/turtlebot3_gazebo/share/turtlebot3_gazebo//models/turtlebot3_autorace_2020/traffic_bar/model.sdf
-- Installing: /Users/milenavilcinskaite/Downloads/ros2_burger_final_form_ws/install/turtlebot3_gazebo/share/turtlebot3_gazebo//models/turtlebot3_autorace_2020/traffic_bar/model.config
-- Installing: /Users/milenavilcinskaite/Downloads/ros2_burger_final_form_ws/install/turtlebot3_gazebo/share/turtlebot3_gazebo//models/turtlebot3_waffle_pi
-- Installing: /Users/milenavilcinskaite/Downloads/ros2_burger_final_form_ws/install/turtlebot3_gazebo/share/turtlebot3_gazebo//models/turtlebot3_waffle_pi/model-1_4_.sdf
-- Installing: /Users/milenavilcinskaite/Downloads/ros2_burger_final_form_ws/install/turtlebot3_gazebo/share/turtlebot3_gazebo//models/turtlebot3_waffle_pi/model.sdf
-- Installing: /Users/milenavilcinskaite/Downloads/ros2_burger_final_form_ws/install/turtlebot3_gazebo/share/turtlebot3_gazebo//models/turtlebot3_waffle_pi/model.config
-- Installing: /Users/milenavilcinskaite/Downloads/ros2_burger_final_form_ws/install/turtlebot3_gazebo/share/turtlebot3_gazebo//models/turtlebot3_house
-- Installing: /Users/milenavilcinskaite/Downloads/ros2_burger_final_form_ws/install/turtlebot3_gazebo/share/turtlebot3_gazebo//models/turtlebot3_house/model.sdf
-- Installing: /Users/milenavilcinskaite/Downloads/ros2_burger_final_form_ws/install/turtlebot3_gazebo/share/turtlebot3_gazebo//models/turtlebot3_house/model.config
-- Installing: /Users/milenavilcinskaite/Downloads/ros2_burger_final_form_ws/install/turtlebot3_gazebo/share/turtlebot3_gazebo//models/turtlebot3_waffle
-- Installing: /Users/milenavilcinskaite/Downloads/ros2_burger_final_form_ws/install/turtlebot3_gazebo/share/turtlebot3_gazebo//models/turtlebot3_waffle/model.sdf
-- Installing: /Users/milenavilcinskaite/Downloads/ros2_burger_final_form_ws/install/turtlebot3_gazebo/share/turtlebot3_gazebo//models/turtlebot3_waffle/model.config
-- Installing: /Users/milenavilcinskaite/Downloads/ros2_burger_final_form_ws/install/turtlebot3_gazebo/share/turtlebot3_gazebo//models/turtlebot3_waffle/model-1_4.sdf
-- Installing: /Users/milenavilcinskaite/Downloads/ros2_burger_final_form_ws/install/turtlebot3_gazebo/share/turtlebot3_gazebo//models/turtlebot3_common
-- Installing: /Users/milenavilcinskaite/Downloads/ros2_burger_final_form_ws/install/turtlebot3_gazebo/share/turtlebot3_gazebo//models/turtlebot3_common/meshes
-- Installing: /Users/milenavilcinskaite/Downloads/ros2_burger_final_form_ws/install/turtlebot3_gazebo/share/turtlebot3_gazebo//models/turtlebot3_common/meshes/lds.dae
-- Installing: /Users/milenavilcinskaite/Downloads/ros2_burger_final_form_ws/install/turtlebot3_gazebo/share/turtlebot3_gazebo//models/turtlebot3_common/meshes/sensors
-- Installing: /Users/milenavilcinskaite/Downloads/ros2_burger_final_form_ws/install/turtlebot3_gazebo/share/turtlebot3_gazebo//models/turtlebot3_common/meshes/sensors/r200.jpg
-- Installing: /Users/milenavilcinskaite/Downloads/ros2_burger_final_form_ws/install/turtlebot3_gazebo/share/turtlebot3_gazebo//models/turtlebot3_common/meshes/sensors/astra.jpg
-- Installing: /Users/milenavilcinskaite/Downloads/ros2_burger_final_form_ws/install/turtlebot3_gazebo/share/turtlebot3_gazebo//models/turtlebot3_common/meshes/sensors/lds.stl
-- Installing: /Users/milenavilcinskaite/Downloads/ros2_burger_final_form_ws/install/turtlebot3_gazebo/share/turtlebot3_gazebo//models/turtlebot3_common/meshes/sensors/r200.dae
-- Installing: /Users/milenavilcinskaite/Downloads/ros2_burger_final_form_ws/install/turtlebot3_gazebo/share/turtlebot3_gazebo//models/turtlebot3_common/meshes/sensors/astra.dae
-- Installing: /Users/milenavilcinskaite/Downloads/ros2_burger_final_form_ws/install/turtlebot3_gazebo/share/turtlebot3_gazebo//models/turtlebot3_common/meshes/bases
-- Installing: /Users/milenavilcinskaite/Downloads/ros2_burger_final_form_ws/install/turtlebot3_gazebo/share/turtlebot3_gazebo//models/turtlebot3_common/meshes/bases/waffle_base.stl
-- Installing: /Users/milenavilcinskaite/Downloads/ros2_burger_final_form_ws/install/turtlebot3_gazebo/share/turtlebot3_gazebo//models/turtlebot3_common/meshes/bases/burger_base.stl
-- Installing: /Users/milenavilcinskaite/Downloads/ros2_burger_final_form_ws/install/turtlebot3_gazebo/share/turtlebot3_gazebo//models/turtlebot3_common/meshes/bases/waffle_pi_base.stl
-- Installing: /Users/milenavilcinskaite/Downloads/ros2_burger_final_form_ws/install/turtlebot3_gazebo/share/turtlebot3_gazebo//models/turtlebot3_common/meshes/waffle_pi_base.dae
-- Installing: /Users/milenavilcinskaite/Downloads/ros2_burger_final_form_ws/install/turtlebot3_gazebo/share/turtlebot3_gazebo//models/turtlebot3_common/meshes/wheels
-- Installing: /Users/milenavilcinskaite/Downloads/ros2_burger_final_form_ws/install/turtlebot3_gazebo/share/turtlebot3_gazebo//models/turtlebot3_common/meshes/wheels/right_tire.stl
-- Installing: /Users/milenavilcinskaite/Downloads/ros2_burger_final_form_ws/install/turtlebot3_gazebo/share/turtlebot3_gazebo//models/turtlebot3_common/meshes/wheels/left_tire.stl
-- Installing: /Users/milenavilcinskaite/Downloads/ros2_burger_final_form_ws/install/turtlebot3_gazebo/share/turtlebot3_gazebo//models/turtlebot3_common/meshes/r200.dae
-- Installing: /Users/milenavilcinskaite/Downloads/ros2_burger_final_form_ws/install/turtlebot3_gazebo/share/turtlebot3_gazebo//models/turtlebot3_common/meshes/burger_base.dae
-- Installing: /Users/milenavilcinskaite/Downloads/ros2_burger_final_form_ws/install/turtlebot3_gazebo/share/turtlebot3_gazebo//models/turtlebot3_common/meshes/tire.dae
-- Installing: /Users/milenavilcinskaite/Downloads/ros2_burger_final_form_ws/install/turtlebot3_gazebo/share/turtlebot3_gazebo//models/turtlebot3_common/meshes/waffle_base.dae
-- Installing: /Users/milenavilcinskaite/Downloads/ros2_burger_final_form_ws/install/turtlebot3_gazebo/share/turtlebot3_gazebo//models/turtlebot3_common/model.config
-- Installing: /Users/milenavilcinskaite/Downloads/ros2_burger_final_form_ws/install/turtlebot3_gazebo/share/turtlebot3_gazebo//models/turtlebot3_world
-- Installing: /Users/milenavilcinskaite/Downloads/ros2_burger_final_form_ws/install/turtlebot3_gazebo/share/turtlebot3_gazebo//models/turtlebot3_world/model.sdf
-- Installing: /Users/milenavilcinskaite/Downloads/ros2_burger_final_form_ws/install/turtlebot3_gazebo/share/turtlebot3_gazebo//models/turtlebot3_world/meshes
-- Installing: /Users/milenavilcinskaite/Downloads/ros2_burger_final_form_ws/install/turtlebot3_gazebo/share/turtlebot3_gazebo//models/turtlebot3_world/meshes/wall.dae
-- Installing: /Users/milenavilcinskaite/Downloads/ros2_burger_final_form_ws/install/turtlebot3_gazebo/share/turtlebot3_gazebo//models/turtlebot3_world/meshes/hexagon.dae
-- Installing: /Users/milenavilcinskaite/Downloads/ros2_burger_final_form_ws/install/turtlebot3_gazebo/share/turtlebot3_gazebo//models/turtlebot3_world/model.config
-- Installing: /Users/milenavilcinskaite/Downloads/ros2_burger_final_form_ws/install/turtlebot3_gazebo/share/turtlebot3_gazebo//models/turtlebot3_world/model-1_4.sdf
-- Installing: /Users/milenavilcinskaite/Downloads/ros2_burger_final_form_ws/install/turtlebot3_gazebo/share/turtlebot3_gazebo//models/turtlebot3_burger
-- Installing: /Users/milenavilcinskaite/Downloads/ros2_burger_final_form_ws/install/turtlebot3_gazebo/share/turtlebot3_gazebo//models/turtlebot3_burger/model.sdf
-- Installing: /Users/milenavilcinskaite/Downloads/ros2_burger_final_form_ws/install/turtlebot3_gazebo/share/turtlebot3_gazebo//models/turtlebot3_burger/model.config
-- Installing: /Users/milenavilcinskaite/Downloads/ros2_burger_final_form_ws/install/turtlebot3_gazebo/share/turtlebot3_gazebo//models/turtlebot3_burger/model-1_4.sdf
-- Installing: /Users/milenavilcinskaite/Downloads/ros2_burger_final_form_ws/install/turtlebot3_gazebo/share/turtlebot3_gazebo//models/turtlebot3_dqn_world
-- Installing: /Users/milenavilcinskaite/Downloads/ros2_burger_final_form_ws/install/turtlebot3_gazebo/share/turtlebot3_gazebo//models/turtlebot3_dqn_world/obstacles
-- Installing: /Users/milenavilcinskaite/Downloads/ros2_burger_final_form_ws/install/turtlebot3_gazebo/share/turtlebot3_gazebo//models/turtlebot3_dqn_world/obstacles/model.sdf
-- Installing: /Users/milenavilcinskaite/Downloads/ros2_burger_final_form_ws/install/turtlebot3_gazebo/share/turtlebot3_gazebo//models/turtlebot3_dqn_world/obstacles/model.config
-- Installing: /Users/milenavilcinskaite/Downloads/ros2_burger_final_form_ws/install/turtlebot3_gazebo/share/turtlebot3_gazebo//models/turtlebot3_dqn_world/obstacle1
-- Installing: /Users/milenavilcinskaite/Downloads/ros2_burger_final_form_ws/install/turtlebot3_gazebo/share/turtlebot3_gazebo//models/turtlebot3_dqn_world/obstacle1/model.sdf
-- Installing: /Users/milenavilcinskaite/Downloads/ros2_burger_final_form_ws/install/turtlebot3_gazebo/share/turtlebot3_gazebo//models/turtlebot3_dqn_world/obstacle1/model.config
-- Installing: /Users/milenavilcinskaite/Downloads/ros2_burger_final_form_ws/install/turtlebot3_gazebo/share/turtlebot3_gazebo//models/turtlebot3_dqn_world/model.sdf
-- Installing: /Users/milenavilcinskaite/Downloads/ros2_burger_final_form_ws/install/turtlebot3_gazebo/share/turtlebot3_gazebo//models/turtlebot3_dqn_world/obstacle2
-- Installing: /Users/milenavilcinskaite/Downloads/ros2_burger_final_form_ws/install/turtlebot3_gazebo/share/turtlebot3_gazebo//models/turtlebot3_dqn_world/obstacle2/model.sdf
-- Installing: /Users/milenavilcinskaite/Downloads/ros2_burger_final_form_ws/install/turtlebot3_gazebo/share/turtlebot3_gazebo//models/turtlebot3_dqn_world/obstacle2/model.config
-- Installing: /Users/milenavilcinskaite/Downloads/ros2_burger_final_form_ws/install/turtlebot3_gazebo/share/turtlebot3_gazebo//models/turtlebot3_dqn_world/inner_walls
-- Installing: /Users/milenavilcinskaite/Downloads/ros2_burger_final_form_ws/install/turtlebot3_gazebo/share/turtlebot3_gazebo//models/turtlebot3_dqn_world/inner_walls/model.sdf
-- Installing: /Users/milenavilcinskaite/Downloads/ros2_burger_final_form_ws/install/turtlebot3_gazebo/share/turtlebot3_gazebo//models/turtlebot3_dqn_world/inner_walls/model.config
-- Installing: /Users/milenavilcinskaite/Downloads/ros2_burger_final_form_ws/install/turtlebot3_gazebo/share/turtlebot3_gazebo//models/turtlebot3_dqn_world/goal_box
-- Installing: /Users/milenavilcinskaite/Downloads/ros2_burger_final_form_ws/install/turtlebot3_gazebo/share/turtlebot3_gazebo//models/turtlebot3_dqn_world/goal_box/model.sdf
-- Installing: /Users/milenavilcinskaite/Downloads/ros2_burger_final_form_ws/install/turtlebot3_gazebo/share/turtlebot3_gazebo//models/turtlebot3_dqn_world/goal_box/model.config
-- Installing: /Users/milenavilcinskaite/Downloads/ros2_burger_final_form_ws/install/turtlebot3_gazebo/share/turtlebot3_gazebo//models/turtlebot3_dqn_world/model.config
-- Installing: /Users/milenavilcinskaite/Downloads/ros2_burger_final_form_ws/install/turtlebot3_gazebo/share/turtlebot3_gazebo//models/turtlebot3_burger_cam
-- Installing: /Users/milenavilcinskaite/Downloads/ros2_burger_final_form_ws/install/turtlebot3_gazebo/share/turtlebot3_gazebo//models/turtlebot3_burger_cam/model.sdf
-- Installing: /Users/milenavilcinskaite/Downloads/ros2_burger_final_form_ws/install/turtlebot3_gazebo/share/turtlebot3_gazebo//models/turtlebot3_burger_cam/model.config
-- Installing: /Users/milenavilcinskaite/Downloads/ros2_burger_final_form_ws/install/turtlebot3_gazebo/share/turtlebot3_gazebo//models/turtlebot3_burger_cam/model-1_4.sdf
-- Installing: /Users/milenavilcinskaite/Downloads/ros2_burger_final_form_ws/install/turtlebot3_gazebo/share/turtlebot3_gazebo//rviz
-- Installing: /Users/milenavilcinskaite/Downloads/ros2_burger_final_form_ws/install/turtlebot3_gazebo/share/turtlebot3_gazebo//rviz/tb3_gazebo.rviz
-- Installing: /Users/milenavilcinskaite/Downloads/ros2_burger_final_form_ws/install/turtlebot3_gazebo/share/turtlebot3_gazebo//urdf
-- Installing: /Users/milenavilcinskaite/Downloads/ros2_burger_final_form_ws/install/turtlebot3_gazebo/share/turtlebot3_gazebo//urdf/common_properties.urdf
-- Installing: /Users/milenavilcinskaite/Downloads/ros2_burger_final_form_ws/install/turtlebot3_gazebo/share/turtlebot3_gazebo//urdf/turtlebot3_burger.urdf
-- Installing: /Users/milenavilcinskaite/Downloads/ros2_burger_final_form_ws/install/turtlebot3_gazebo/share/turtlebot3_gazebo//urdf/turtlebot3_waffle_pi.urdf
-- Installing: /Users/milenavilcinskaite/Downloads/ros2_burger_final_form_ws/install/turtlebot3_gazebo/share/turtlebot3_gazebo//urdf/turtlebot3_waffle.urdf
-- Installing: /Users/milenavilcinskaite/Downloads/ros2_burger_final_form_ws/install/turtlebot3_gazebo/share/turtlebot3_gazebo//urdf/turtlebot3_burger_cam.urdf
-- Installing: /Users/milenavilcinskaite/Downloads/ros2_burger_final_form_ws/install/turtlebot3_gazebo/share/turtlebot3_gazebo//worlds
-- Installing: /Users/milenavilcinskaite/Downloads/ros2_burger_final_form_ws/install/turtlebot3_gazebo/share/turtlebot3_gazebo//worlds/turtlebot3_dqn_stage2.world
-- Installing: /Users/milenavilcinskaite/Downloads/ros2_burger_final_form_ws/install/turtlebot3_gazebo/share/turtlebot3_gazebo//worlds/turtlebot3_autorace_2020.world
-- Installing: /Users/milenavilcinskaite/Downloads/ros2_burger_final_form_ws/install/turtlebot3_gazebo/share/turtlebot3_gazebo//worlds/turtlebot3_world.world
-- Installing: /Users/milenavilcinskaite/Downloads/ros2_burger_final_form_ws/install/turtlebot3_gazebo/share/turtlebot3_gazebo//worlds/turtlebot3_dqn_stage4.world
-- Installing: /Users/milenavilcinskaite/Downloads/ros2_burger_final_form_ws/install/turtlebot3_gazebo/share/turtlebot3_gazebo//worlds/turtlebot3_dqn_stage1.world
-- Installing: /Users/milenavilcinskaite/Downloads/ros2_burger_final_form_ws/install/turtlebot3_gazebo/share/turtlebot3_gazebo//worlds/turtlebot3_house.world
-- Installing: /Users/milenavilcinskaite/Downloads/ros2_burger_final_form_ws/install/turtlebot3_gazebo/share/turtlebot3_gazebo//worlds/turtlebot3_dqn_stage3.world
-- Installing: /Users/milenavilcinskaite/Downloads/ros2_burger_final_form_ws/install/turtlebot3_gazebo/share/turtlebot3_gazebo//worlds/empty_world.world
-- Installing: /Users/milenavilcinskaite/Downloads/ros2_burger_final_form_ws/install/turtlebot3_gazebo/include/
-- Installing: /Users/milenavilcinskaite/Downloads/ros2_burger_final_form_ws/install/turtlebot3_gazebo/include//turtlebot3_gazebo
-- Installing: /Users/milenavilcinskaite/Downloads/ros2_burger_final_form_ws/install/turtlebot3_gazebo/include//turtlebot3_gazebo/traffic_bar_plugin.hpp
-- Installing: /Users/milenavilcinskaite/Downloads/ros2_burger_final_form_ws/install/turtlebot3_gazebo/include//turtlebot3_gazebo/obstacle2.hpp
-- Installing: /Users/milenavilcinskaite/Downloads/ros2_burger_final_form_ws/install/turtlebot3_gazebo/include//turtlebot3_gazebo/obstacles.hpp
-- Installing: /Users/milenavilcinskaite/Downloads/ros2_burger_final_form_ws/install/turtlebot3_gazebo/include//turtlebot3_gazebo/obstacle1.hpp
-- Installing: /Users/milenavilcinskaite/Downloads/ros2_burger_final_form_ws/install/turtlebot3_gazebo/include//turtlebot3_gazebo/turtlebot3_drive.hpp
-- Installing: /Users/milenavilcinskaite/Downloads/ros2_burger_final_form_ws/install/turtlebot3_gazebo/include//turtlebot3_gazebo/traffic_light_plugin.hpp
-- Installing: /Users/milenavilcinskaite/Downloads/ros2_burger_final_form_ws/install/turtlebot3_gazebo/share/ament_index/resource_index/package_run_dependencies/turtlebot3_gazebo
-- Installing: /Users/milenavilcinskaite/Downloads/ros2_burger_final_form_ws/install/turtlebot3_gazebo/share/ament_index/resource_index/parent_prefix_path/turtlebot3_gazebo
-- Installing: /Users/milenavilcinskaite/Downloads/ros2_burger_final_form_ws/install/turtlebot3_gazebo/share/turtlebot3_gazebo/environment/ament_prefix_path.sh
-- Installing: /Users/milenavilcinskaite/Downloads/ros2_burger_final_form_ws/install/turtlebot3_gazebo/share/turtlebot3_gazebo/environment/ament_prefix_path.dsv
-- Installing: /Users/milenavilcinskaite/Downloads/ros2_burger_final_form_ws/install/turtlebot3_gazebo/share/turtlebot3_gazebo/environment/path.sh
-- Installing: /Users/milenavilcinskaite/Downloads/ros2_burger_final_form_ws/install/turtlebot3_gazebo/share/turtlebot3_gazebo/environment/path.dsv
-- Installing: /Users/milenavilcinskaite/Downloads/ros2_burger_final_form_ws/install/turtlebot3_gazebo/share/turtlebot3_gazebo/local_setup.bash
-- Installing: /Users/milenavilcinskaite/Downloads/ros2_burger_final_form_ws/install/turtlebot3_gazebo/share/turtlebot3_gazebo/local_setup.sh
-- Installing: /Users/milenavilcinskaite/Downloads/ros2_burger_final_form_ws/install/turtlebot3_gazebo/share/turtlebot3_gazebo/local_setup.zsh
-- Installing: /Users/milenavilcinskaite/Downloads/ros2_burger_final_form_ws/install/turtlebot3_gazebo/share/turtlebot3_gazebo/local_setup.dsv
-- Installing: /Users/milenavilcinskaite/Downloads/ros2_burger_final_form_ws/install/turtlebot3_gazebo/share/turtlebot3_gazebo/package.dsv
-- Installing: /Users/milenavilcinskaite/Downloads/ros2_burger_final_form_ws/install/turtlebot3_gazebo/share/ament_index/resource_index/packages/turtlebot3_gazebo
-- Installing: /Users/milenavilcinskaite/Downloads/ros2_burger_final_form_ws/install/turtlebot3_gazebo/share/turtlebot3_gazebo/cmake/ament_cmake_export_include_directories-extras.cmake
-- Installing: /Users/milenavilcinskaite/Downloads/ros2_burger_final_form_ws/install/turtlebot3_gazebo/share/turtlebot3_gazebo/cmake/ament_cmake_export_dependencies-extras.cmake
-- Installing: /Users/milenavilcinskaite/Downloads/ros2_burger_final_form_ws/install/turtlebot3_gazebo/share/turtlebot3_gazebo/cmake/turtlebot3_gazeboConfig.cmake
-- Installing: /Users/milenavilcinskaite/Downloads/ros2_burger_final_form_ws/install/turtlebot3_gazebo/share/turtlebot3_gazebo/cmake/turtlebot3_gazeboConfig-version.cmake
-- Installing: /Users/milenavilcinskaite/Downloads/ros2_burger_final_form_ws/install/turtlebot3_gazebo/share/turtlebot3_gazebo/package.xml
