/Users/milenavilcinskaite/Downloads/ros2_burger_final_form_ws/install/irob_assignment_5/lib/python3.12/site-packages/irob_assignment_5/goal_server.py
/Users/milenavilcinskaite/Downloads/ros2_burger_final_form_ws/install/irob_assignment_5/lib/python3.12/site-packages/irob_assignment_5/SM_students.py
/Users/milenavilcinskaite/Downloads/ros2_burger_final_form_ws/install/irob_assignment_5/lib/python3.12/site-packages/irob_assignment_5/__init__.py
/Users/milenavilcinskaite/Downloads/ros2_burger_final_form_ws/install/irob_assignment_5/lib/python3.12/site-packages/irob_assignment_5/explorer.py
/Users/milenavilcinskaite/Downloads/ros2_burger_final_form_ws/install/irob_assignment_5/lib/python3.12/site-packages/irob_assignment_5/at_goal_server.py
/Users/milenavilcinskaite/Downloads/ros2_burger_final_form_ws/install/irob_assignment_5/lib/python3.12/site-packages/irob_assignment_5/reactive_sequence.py
/Users/milenavilcinskaite/Downloads/ros2_burger_final_form_ws/install/irob_assignment_5/lib/python3.12/site-packages/irob_assignment_5/activation_server.py
/Users/milenavilcinskaite/Downloads/ros2_burger_final_form_ws/install/irob_assignment_5/lib/python3.12/site-packages/irob_assignment_5/BT_students.py
/Users/milenavilcinskaite/Downloads/ros2_burger_final_form_ws/install/irob_assignment_5/lib/python3.12/site-packages/irob_assignment_5/__pycache__/goal_server.cpython-312.pyc
/Users/milenavilcinskaite/Downloads/ros2_burger_final_form_ws/install/irob_assignment_5/lib/python3.12/site-packages/irob_assignment_5/__pycache__/SM_students.cpython-312.pyc
/Users/milenavilcinskaite/Downloads/ros2_burger_final_form_ws/install/irob_assignment_5/lib/python3.12/site-packages/irob_assignment_5/__pycache__/__init__.cpython-312.pyc
/Users/milenavilcinskaite/Downloads/ros2_burger_final_form_ws/install/irob_assignment_5/lib/python3.12/site-packages/irob_assignment_5/__pycache__/explorer.cpython-312.pyc
/Users/milenavilcinskaite/Downloads/ros2_burger_final_form_ws/install/irob_assignment_5/lib/python3.12/site-packages/irob_assignment_5/__pycache__/at_goal_server.cpython-312.pyc
/Users/milenavilcinskaite/Downloads/ros2_burger_final_form_ws/install/irob_assignment_5/lib/python3.12/site-packages/irob_assignment_5/__pycache__/reactive_sequence.cpython-312.pyc
/Users/milenavilcinskaite/Downloads/ros2_burger_final_form_ws/install/irob_assignment_5/lib/python3.12/site-packages/irob_assignment_5/__pycache__/activation_server.cpython-312.pyc
/Users/milenavilcinskaite/Downloads/ros2_burger_final_form_ws/install/irob_assignment_5/lib/python3.12/site-packages/irob_assignment_5/__pycache__/BT_students.cpython-312.pyc
/Users/milenavilcinskaite/Downloads/ros2_burger_final_form_ws/install/irob_assignment_5/share/ament_index/resource_index/packages/irob_assignment_5
/Users/milenavilcinskaite/Downloads/ros2_burger_final_form_ws/install/irob_assignment_5/share/irob_assignment_5/package.xml
/Users/milenavilcinskaite/Downloads/ros2_burger_final_form_ws/install/irob_assignment_5/share/irob_assignment_5/launch/start_navigation.launch.py
/Users/milenavilcinskaite/Downloads/ros2_burger_final_form_ws/install/irob_assignment_5/share/irob_assignment_5/launch/simulator.launch.py
/Users/milenavilcinskaite/Downloads/ros2_burger_final_form_ws/install/irob_assignment_5/share/irob_assignment_5/launch/project_launch.launch.py
/Users/milenavilcinskaite/Downloads/ros2_burger_final_form_ws/install/irob_assignment_5/share/irob_assignment_5/launch/slam.launch.py
/Users/milenavilcinskaite/Downloads/ros2_burger_final_form_ws/install/irob_assignment_5/share/irob_assignment_5/launch/start.launch.py
/Users/milenavilcinskaite/Downloads/ros2_burger_final_form_ws/install/irob_assignment_5/share/irob_assignment_5/config/goal_params_BT_level_A.yaml
/Users/milenavilcinskaite/Downloads/ros2_burger_final_form_ws/install/irob_assignment_5/share/irob_assignment_5/config/navigation.yaml
/Users/milenavilcinskaite/Downloads/ros2_burger_final_form_ws/install/irob_assignment_5/share/irob_assignment_5/config/slam_params.yaml
/Users/milenavilcinskaite/Downloads/ros2_burger_final_form_ws/install/irob_assignment_5/share/irob_assignment_5/config/goal_params_BT.yaml
/Users/milenavilcinskaite/Downloads/ros2_burger_final_form_ws/install/irob_assignment_5/share/irob_assignment_5/config/goal_params_SM.yaml
/Users/milenavilcinskaite/Downloads/ros2_burger_final_form_ws/install/irob_assignment_5/share/irob_assignment_5/srv
/Users/milenavilcinskaite/Downloads/ros2_burger_final_form_ws/install/irob_assignment_5/share/irob_assignment_5/rviz/view.rviz
/Users/milenavilcinskaite/Downloads/ros2_burger_final_form_ws/install/irob_assignment_5/share/irob_assignment_5/maps/appartment.world
/Users/milenavilcinskaite/Downloads/ros2_burger_final_form_ws/install/irob_assignment_5/share/irob_assignment_5/maps/map.pgm
/Users/milenavilcinskaite/Downloads/ros2_burger_final_form_ws/install/irob_assignment_5/share/irob_assignment_5/maps/world.yaml
/Users/milenavilcinskaite/Downloads/ros2_burger_final_form_ws/install/irob_assignment_5/lib/python3.12/site-packages/irob_assignment_5-1.0.0-py3.12.egg-info/PKG-INFO
/Users/milenavilcinskaite/Downloads/ros2_burger_final_form_ws/install/irob_assignment_5/lib/python3.12/site-packages/irob_assignment_5-1.0.0-py3.12.egg-info/zip-safe
/Users/milenavilcinskaite/Downloads/ros2_burger_final_form_ws/install/irob_assignment_5/lib/python3.12/site-packages/irob_assignment_5-1.0.0-py3.12.egg-info/SOURCES.txt
/Users/milenavilcinskaite/Downloads/ros2_burger_final_form_ws/install/irob_assignment_5/lib/python3.12/site-packages/irob_assignment_5-1.0.0-py3.12.egg-info/entry_points.txt
/Users/milenavilcinskaite/Downloads/ros2_burger_final_form_ws/install/irob_assignment_5/lib/python3.12/site-packages/irob_assignment_5-1.0.0-py3.12.egg-info/requires.txt
/Users/milenavilcinskaite/Downloads/ros2_burger_final_form_ws/install/irob_assignment_5/lib/python3.12/site-packages/irob_assignment_5-1.0.0-py3.12.egg-info/top_level.txt
/Users/milenavilcinskaite/Downloads/ros2_burger_final_form_ws/install/irob_assignment_5/lib/python3.12/site-packages/irob_assignment_5-1.0.0-py3.12.egg-info/dependency_links.txt
/Users/milenavilcinskaite/Downloads/ros2_burger_final_form_ws/install/irob_assignment_5/lib/irob_assignment_5/activation_server
/Users/milenavilcinskaite/Downloads/ros2_burger_final_form_ws/install/irob_assignment_5/lib/irob_assignment_5/at_goal_server
/Users/milenavilcinskaite/Downloads/ros2_burger_final_form_ws/install/irob_assignment_5/lib/irob_assignment_5/bt_students
/Users/milenavilcinskaite/Downloads/ros2_burger_final_form_ws/install/irob_assignment_5/lib/irob_assignment_5/explorer
/Users/milenavilcinskaite/Downloads/ros2_burger_final_form_ws/install/irob_assignment_5/lib/irob_assignment_5/goal_server
/Users/milenavilcinskaite/Downloads/ros2_burger_final_form_ws/install/irob_assignment_5/lib/irob_assignment_5/sm_students
